<?xml version="1.0" encoding="UTF-8"?>
<!-- Generated by org.testng.reporters.JUnitXMLReporter -->
<testsuite ignored="6" hostname="000D2023258" failures="0" tests="1" name="Default test" time="21.035" errors="0" timestamp="2024-02-04T00:13:59 CST">
  <testcase classname="automation.AdminTest.FilterAndSearchTest" name="filterByEncoderRole" time="11.609"/>
  <testcase classname="automation.AdminTest.FilterAndSearchTest" name="parkingAreaCodeSearch" time="0.0">
    <ignored/>
  </testcase> <!-- parkingAreaCodeSearch -->
  <testcase classname="automation.AdminTest.FilterAndSearchTest" name="userFirstNameSearch" time="0.0">
    <ignored/>
  </testcase> <!-- userFirstNameSearch -->
  <testcase classname="automation.AdminTest.FilterAndSearchTest" name="userLastNameSearch" time="0.0">
    <ignored/>
  </testcase> <!-- userLastNameSearch -->
  <testcase classname="automation.AdminTest.FilterAndSearchTest" name="userEmailSearch" time="0.0">
    <ignored/>
  </testcase> <!-- userEmailSearch -->
  <testcase classname="automation.AdminTest.FilterAndSearchTest" name="parkingNameSearch" time="0.0">
    <ignored/>
  </testcase> <!-- parkingNameSearch -->
  <testcase classname="automation.AdminTest.FilterAndSearchTest" name="filterByAdminRole" time="0.0">
    <ignored/>
  </testcase> <!-- filterByAdminRole -->
</testsuite> <!-- Default test -->
