<?xml version="1.0" encoding="UTF-8"?>
<!-- Generated by org.testng.reporters.JUnitXMLReporter -->
<testsuite ignored="0" hostname="000D2023258" failures="0" tests="14" name="Default test" time="528.354" errors="0" timestamp="2024-02-04T10:18:01 CST">
  <testcase classname="automation.AdminTest.AreaModuleTest" name="areaCodeDupValidation" time="37.443"/>
  <testcase classname="automation.AdminTest.AreaModuleTest" name="areaCreation" time="32.684"/>
  <testcase classname="automation.AdminTest.AreaModuleTest" name="areaNameDupValidation" time="25.61"/>
  <testcase classname="automation.AdminTest.AreaModuleTest" name="areaPagePagenation" time="28.587"/>
  <testcase classname="automation.AdminTest.AreaModuleTest" name="areaPageSelectRow" time="26.137"/>
  <testcase classname="automation.AdminTest.AreaModuleTest" name="carCapacityInputValidation" time="16.105"/>
  <testcase classname="automation.AdminTest.AreaModuleTest" name="exitCreationAlert" time="18.957"/>
  <testcase classname="automation.AdminTest.AreaModuleTest" name="fixedRateMaxLimit" time="25.435"/>
  <testcase classname="automation.AdminTest.AreaModuleTest" name="motorcycleCapacityInputValidation" time="16.13"/>
  <testcase classname="automation.AdminTest.AreaModuleTest" name="setCMotorcycleCapacityPlusButtonToDisable" time="24.627"/>
  <testcase classname="automation.AdminTest.AreaModuleTest" name="setCarCapacityMinusButtonToDisable" time="17.527"/>
  <testcase classname="automation.AdminTest.AreaModuleTest" name="setCarCapacityPlusButtonToDisable" time="17.632"/>
  <testcase classname="automation.AdminTest.AreaModuleTest" name="setMotorcycleCapacityPlusButtonToDisable" time="17.686"/>
  <testcase classname="automation.AdminTest.AreaModuleTest" name="validateEditParkingArea" time="22.47"/>
</testsuite> <!-- Default test -->
