<?xml version="1.0" encoding="UTF-8"?>
<!-- Generated by org.testng.reporters.JUnitXMLReporter -->
<testsuite ignored="0" hostname="000D2023258" failures="1" tests="1" name="All Login Test" time="13.281" errors="0" timestamp="2024-02-19T11:03:06 CST">
  <testcase classname="automation.AdminTest.AllLoginTest" name="loginWithInvalidUserName" time="2.919">
    <failure type="java.lang.AssertionError" message="expected [Either your username or password is incorrect, please check and try again!!] but found [Either your username or password is incorrect, please check and try again!]">
      <![CDATA[java.lang.AssertionError: expected [Either your username or password is incorrect, please check and try again!!] but found [Either your username or password is incorrect, please check and try again!]
at automation.AdminTest.AllLoginTest.loginWithInvalidUserName(AllLoginTest.java:18)
at java.base/java.util.ArrayList.forEach(ArrayList.java:1596)
... Removed 31 stack frames]]>
    </failure>
  </testcase> <!-- loginWithInvalidUserName -->
</testsuite> <!-- All Login Test -->
