<?xml version="1.0" encoding="UTF-8"?>
<!-- Generated by org.testng.reporters.JUnitXMLReporter -->
<testsuite ignored="0" hostname="000D2023258" failures="0" tests="7" name="Filter And Search Test" time="144.096" errors="0" timestamp="2024-02-19T11:50:36 CST">
  <testcase classname="automation.AdminTest.FilterAndSearchTest" name="filterByAdminRole" time="20.705"/>
  <testcase classname="automation.AdminTest.FilterAndSearchTest" name="filterByEncoderRole" time="13.265"/>
  <testcase classname="automation.AdminTest.FilterAndSearchTest" name="parkingAreaCodeSearch" time="14.404"/>
  <testcase classname="automation.AdminTest.FilterAndSearchTest" name="parkingNameSearch" time="14.42"/>
  <testcase classname="automation.AdminTest.FilterAndSearchTest" name="userFirstNameSearch" time="8.405"/>
  <testcase classname="automation.AdminTest.FilterAndSearchTest" name="userLastNameSearch" time="8.268"/>
  <testcase classname="automation.AdminTest.FilterAndSearchTest" name="userEmailSearch" time="8.199"/>
</testsuite> <!-- Filter And Search Test -->
