<?xml version="1.0" encoding="UTF-8"?>
<!-- Generated by org.testng.reporters.JUnitXMLReporter -->
<testsuite ignored="0" hostname="000D2023258" failures="1" tests="7" name="Filter And SearchTest" time="147.943" errors="0" timestamp="2024-01-30T15:24:40 CST">
  <testcase classname="automation.AdminTest.FilterAndSearchTest" name="filterByAdminRole" time="9.57"/>
  <testcase classname="automation.AdminTest.FilterAndSearchTest" name="filterByEncoderRole" time="9.754"/>
  <testcase classname="automation.AdminTest.FilterAndSearchTest" name="parkingAreaCodeSearch" time="15.594">
    <failure type="java.lang.AssertionError" message="expected [true] but found [false]">
      <![CDATA[java.lang.AssertionError: expected [true] but found [false]
at automation.AdminTest.FilterAndSearchTest.parkingAreaCodeSearch(FilterAndSearchTest.java:71)
at java.base/java.util.ArrayList.forEach(ArrayList.java:1596)
... Removed 29 stack frames]]>
    </failure>
  </testcase> <!-- parkingAreaCodeSearch -->
  <testcase classname="automation.AdminTest.FilterAndSearchTest" name="parkingNameSearch" time="16.056"/>
  <testcase classname="automation.AdminTest.FilterAndSearchTest" name="userEmailSearch" time="10.476"/>
  <testcase classname="automation.AdminTest.FilterAndSearchTest" name="userLastNameSearch" time="10.38"/>
  <testcase classname="automation.AdminTest.FilterAndSearchTest" name="userNameSearch" time="20.182"/>
</testsuite> <!-- Filter And SearchTest -->
