<?xml version="1.0" encoding="UTF-8"?>
<!-- Generated by org.testng.reporters.JUnitXMLReporter -->
<testsuite ignored="0" hostname="000D2023258" failures="0" tests="7" name="Filter And Search Test" time="118.584" errors="0" timestamp="2024-04-29T12:45:36 CST">
  <testcase classname="automation.AdminTest.FilterAndSearchTest" name="filterByAdminRole" time="20.458"/>
  <testcase classname="automation.AdminTest.FilterAndSearchTest" name="filterByEncoderRole" time="11.822"/>
  <testcase classname="automation.AdminTest.FilterAndSearchTest" name="parkingAreaCodeSearch" time="14.055"/>
  <testcase classname="automation.AdminTest.FilterAndSearchTest" name="parkingNameSearch" time="14.456"/>
  <testcase classname="automation.AdminTest.FilterAndSearchTest" name="userFirstNameSearch" time="8.311"/>
  <testcase classname="automation.AdminTest.FilterAndSearchTest" name="userLastNameSearch" time="7.967"/>
  <testcase classname="automation.AdminTest.FilterAndSearchTest" name="userEmailSearch" time="7.748"/>
</testsuite> <!-- Filter And Search Test -->
