<?xml version="1.0" encoding="UTF-8"?>
<!-- Generated by org.testng.reporters.JUnitXMLReporter -->
<testsuite ignored="0" hostname="000D2023258" failures="0" tests="6" name="Filter And SearchTest" time="131.587" errors="0" timestamp="2024-01-17T15:22:03 CST">
  <testcase classname="automation.AdminTest.FilterAndSearchTest" name="filterByAdminRole" time="24.45"/>
  <testcase classname="automation.AdminTest.FilterAndSearchTest" name="filterByEncoderRole" time="11.118"/>
  <testcase classname="automation.AdminTest.FilterAndSearchTest" name="parkingNameSearch" time="11.12"/>
  <testcase classname="automation.AdminTest.FilterAndSearchTest" name="userEmailSearch" time="9.659"/>
  <testcase classname="automation.AdminTest.FilterAndSearchTest" name="userLastNameSearch" time="8.077"/>
  <testcase classname="automation.AdminTest.FilterAndSearchTest" name="userNameSearch" time="7.96"/>
</testsuite> <!-- Filter And SearchTest -->
