<?xml version="1.0" encoding="UTF-8"?>
<!-- Generated by org.testng.reporters.JUnitXMLReporter -->
<testsuite ignored="0" hostname="000D2023258" failures="0" tests="4" name="Login Test" time="63.647" errors="0" timestamp="2024-02-19T11:33:29 CST">
  <testcase classname="automation.AdminTest.AllLoginTest" name="loginWithAccess" time="16.514"/>
  <testcase classname="automation.AdminTest.AllLoginTest" name="loginWithInvalidPassword" time="4.759"/>
  <testcase classname="automation.AdminTest.AllLoginTest" name="loginWithoutAccess" time="2.981"/>
  <testcase classname="automation.AdminTest.AllLoginTest" name="loginWithInvalidUserName" time="2.833"/>
</testsuite> <!-- Login Test -->
