<?xml version="1.0" encoding="UTF-8"?>
<!-- Generated by org.testng.reporters.JUnitXMLReporter -->
<testsuite ignored="0" hostname="000D2023258" failures="1" tests="14" name="Parking Area Module Test" time="401.478" errors="0" timestamp="2024-02-12T19:34:14 CST">
  <testcase classname="automation.AdminTest.AreaModuleTest" name="areaCodeDupValidation" time="29.426"/>
  <testcase classname="automation.AdminTest.AreaModuleTest" name="areaCreation" time="15.624">
    <failure type="java.lang.AssertionError" message="expected [true] but found [false]">
      <![CDATA[java.lang.AssertionError: expected [true] but found [false]
at automation.AdminTest.AreaModuleTest.areaCreation(AreaModuleTest.java:32)
at java.base/java.util.ArrayList.forEach(ArrayList.java:1596)
... Removed 29 stack frames]]>
    </failure>
  </testcase> <!-- areaCreation -->
  <testcase classname="automation.AdminTest.AreaModuleTest" name="areaNameDupValidation" time="25.196"/>
  <testcase classname="automation.AdminTest.AreaModuleTest" name="areaPagePagenation" time="24.188"/>
  <testcase classname="automation.AdminTest.AreaModuleTest" name="areaPageSelectRow" time="25.951"/>
  <testcase classname="automation.AdminTest.AreaModuleTest" name="carCapacityInputValidation" time="17.261"/>
  <testcase classname="automation.AdminTest.AreaModuleTest" name="exitCreationAlert" time="18.013"/>
  <testcase classname="automation.AdminTest.AreaModuleTest" name="fixedRateMaxLimit" time="24.793"/>
  <testcase classname="automation.AdminTest.AreaModuleTest" name="motorcycleCapacityInputValidation" time="15.626"/>
  <testcase classname="automation.AdminTest.AreaModuleTest" name="setCMotorcycleCapacityPlusButtonToDisable" time="16.945"/>
  <testcase classname="automation.AdminTest.AreaModuleTest" name="setCarCapacityMinusButtonToDisable" time="20.582"/>
  <testcase classname="automation.AdminTest.AreaModuleTest" name="setCarCapacityPlusButtonToDisable" time="22.854"/>
  <testcase classname="automation.AdminTest.AreaModuleTest" name="setMotorcycleCapacityPlusButtonToDisable" time="16.562"/>
  <testcase classname="automation.AdminTest.AreaModuleTest" name="validateUpdateParkingArea" time="23.278"/>
</testsuite> <!-- Parking Area Module Test -->
