<?xml version="1.0" encoding="UTF-8"?>
<!-- Generated by org.testng.reporters.JUnitXMLReporter -->
<testsuite ignored="0" hostname="000D2023258" failures="0" tests="14" name="Parking Area Module Test" time="391.191" errors="0" timestamp="2024-04-30T14:42:47 CST">
  <testcase classname="automation.AdminTest.AreaModuleTest" name="areaCodeDupValidation" time="21.524"/>
  <testcase classname="automation.AdminTest.AreaModuleTest" name="areaNameDupValidation" time="25.415"/>
  <testcase classname="automation.AdminTest.AreaModuleTest" name="areaPagePagenation" time="30.053"/>
  <testcase classname="automation.AdminTest.AreaModuleTest" name="areaPageSelectRow" time="26.196"/>
  <testcase classname="automation.AdminTest.AreaModuleTest" name="carCapacityInputValidation" time="16.372"/>
  <testcase classname="automation.AdminTest.AreaModuleTest" name="exitCreationAlert" time="18.377"/>
  <testcase classname="automation.AdminTest.AreaModuleTest" name="fixedRateMaxLimit" time="24.718"/>
  <testcase classname="automation.AdminTest.AreaModuleTest" name="motorcycleCapacityInputValidation" time="15.283"/>
  <testcase classname="automation.AdminTest.AreaModuleTest" name="setCMotorcycleCapacityPlusButtonToDisable" time="16.211"/>
  <testcase classname="automation.AdminTest.AreaModuleTest" name="setCarCapacityMinusButtonToDisable" time="17.852"/>
  <testcase classname="automation.AdminTest.AreaModuleTest" name="setCarCapacityPlusButtonToDisable" time="16.308"/>
  <testcase classname="automation.AdminTest.AreaModuleTest" name="setMotorcycleCapacityPlusButtonToDisable" time="16.779"/>
  <testcase classname="automation.AdminTest.AreaModuleTest" name="validateUpdateParkingArea" time="21.177"/>
  <testcase classname="automation.AdminTest.AreaModuleTest" name="areaCreation" time="43.429"/>
</testsuite> <!-- Parking Area Module Test -->
