<?xml version="1.0" encoding="UTF-8"?>
<!-- Generated by org.testng.reporters.JUnitXMLReporter -->
<testsuite ignored="0" hostname="000D2023258" failures="0" tests="9" name="Permission Test" time="299.111" errors="0" timestamp="2024-02-12T19:45:54 CST">
  <testcase classname="automation.AdminTest.PermissionTest" name="adminWithRestrictedStatus" time="12.443"/>
  <testcase classname="automation.AdminTest.PermissionTest" name="encoderWithActiveStatusDesktopLogin" time="44.175"/>
  <testcase classname="automation.AdminTest.PermissionTest" name="encoderWithActiveStatusMobileAppLogin" time="27.283"/>
  <testcase classname="automation.AdminTest.PermissionTest" name="encoderWithAllowExitToFalse" time="38.882"/>
  <testcase classname="automation.AdminTest.PermissionTest" name="encoderWithAllowExitToTrue" time="32.177"/>
  <testcase classname="automation.AdminTest.PermissionTest" name="encoderWithPaymentAcceptanceSetToFalse" time="16.652"/>
  <testcase classname="automation.AdminTest.PermissionTest" name="encoderWithPaymentAcceptanceSetToTrue" time="27.587"/>
  <testcase classname="automation.AdminTest.PermissionTest" name="encoderWithRestrictedStatusDesktopLogin" time="18.75"/>
  <testcase classname="automation.AdminTest.PermissionTest" name="encoderWithRestrictedStatusMobileAppLogin" time="12.521"/>
</testsuite> <!-- Permission Test -->
