<?xml version="1.0" encoding="UTF-8"?>
<!-- Generated by org.testng.reporters.JUnitXMLReporter -->
<testsuite ignored="0" hostname="000D2023258" failures="1" tests="7" name="Permission Test" time="206.174" errors="0" timestamp="2024-02-20T21:46:13 CST">
  <testcase classname="automation.AdminTest.PermissionTest" name="encoderWithActiveStatusMobileAppLogin" time="12.068">
    <failure type="org.openqa.selenium.StaleElementReferenceException" message="stale element reference: stale element not found
  (Session info: chrome=121.0.6167.185)
For documentation on this error, please visit: https://www.selenium.dev/documentation/webdriver/troubleshooting/errors#stale-element-reference-exception
Build info: version: &amp;apos;4.17.0&amp;apos;, revision: &amp;apos;e52b1be057*&amp;apos;
System info: os.name: &amp;apos;Windows 10&amp;apos;, os.arch: &amp;apos;amd64&amp;apos;, os.version: &amp;apos;10.0&amp;apos;, java.version: &amp;apos;21.0.1&amp;apos;
Driver info: org.openqa.selenium.chrome.ChromeDriver
Command: [53bf594c207fd59dc7e4902c723b7876, getElementText {id=D1B16B4A14A3CC20F7DD8D80FB0ABCC5_element_125}]
Capabilities {acceptInsecureCerts: false, browserName: chrome, browserVersion: 121.0.6167.185, chrome: {chromedriverVersion: 121.0.6167.184 (057a8ae7deb..., userDataDir: C:\Users\REN~1.CAS\AppData\...}, fedcm:accounts: true, goog:chromeOptions: {debuggerAddress: localhost:64008}, networkConnectionEnabled: false, pageLoadStrategy: normal, platformName: windows, proxy: Proxy(), se:cdp: ws://localhost:64008/devtoo..., se:cdpVersion: 121.0.6167.185, setWindowRect: true, strictFileInteractability: false, timeouts: {implicit: 0, pageLoad: 300000, script: 30000}, unhandledPromptBehavior: dismiss and notify, webauthn:extension:credBlob: true, webauthn:extension:largeBlob: true, webauthn:extension:minPinLength: true, webauthn:extension:prf: true, webauthn:virtualAuthenticators: true}
Element: [[ChromeDriver: chrome on windows (53bf594c207fd59dc7e4902c723b7876)] -&amp;gt; xpath: (//tr/td)[3]]
Session ID: 53bf594c207fd59dc7e4902c723b7876">
      <![CDATA[org.openqa.selenium.StaleElementReferenceException: stale element reference: stale element not found
  (Session info: chrome=121.0.6167.185)
For documentation on this error, please visit: https://www.selenium.dev/documentation/webdriver/troubleshooting/errors#stale-element-reference-exception
Build info: version: '4.17.0', revision: 'e52b1be057*'
System info: os.name: 'Windows 10', os.arch: 'amd64', os.version: '10.0', java.version: '21.0.1'
Driver info: org.openqa.selenium.chrome.ChromeDriver
Command: [53bf594c207fd59dc7e4902c723b7876, getElementText {id=D1B16B4A14A3CC20F7DD8D80FB0ABCC5_element_125}]
Capabilities {acceptInsecureCerts: false, browserName: chrome, browserVersion: 121.0.6167.185, chrome: {chromedriverVersion: 121.0.6167.184 (057a8ae7deb..., userDataDir: C:\Users\REN~1.CAS\AppData\...}, fedcm:accounts: true, goog:chromeOptions: {debuggerAddress: localhost:64008}, networkConnectionEnabled: false, pageLoadStrategy: normal, platformName: windows, proxy: Proxy(), se:cdp: ws://localhost:64008/devtoo..., se:cdpVersion: 121.0.6167.185, setWindowRect: true, strictFileInteractability: false, timeouts: {implicit: 0, pageLoad: 300000, script: 30000}, unhandledPromptBehavior: dismiss and notify, webauthn:extension:credBlob: true, webauthn:extension:largeBlob: true, webauthn:extension:minPinLength: true, webauthn:extension:prf: true, webauthn:virtualAuthenticators: true}
Element: [[ChromeDriver: chrome on windows (53bf594c207fd59dc7e4902c723b7876)] -> xpath: (//tr/td)[3]]
Session ID: 53bf594c207fd59dc7e4902c723b7876
at org.openqa.selenium.remote.codec.w3c.W3CHttpResponseCodec.createException(W3CHttpResponseCodec.java:185)
at org.openqa.selenium.remote.codec.w3c.W3CHttpResponseCodec.decode(W3CHttpResponseCodec.java:134)
at org.openqa.selenium.remote.codec.w3c.W3CHttpResponseCodec.decode(W3CHttpResponseCodec.java:51)
at org.openqa.selenium.remote.HttpCommandExecutor.execute(HttpCommandExecutor.java:190)
at org.openqa.selenium.remote.service.DriverCommandExecutor.invokeExecute(DriverCommandExecutor.java:216)
at org.openqa.selenium.remote.service.DriverCommandExecutor.execute(DriverCommandExecutor.java:174)
at org.openqa.selenium.remote.RemoteWebDriver.execute(RemoteWebDriver.java:519)
at org.openqa.selenium.remote.RemoteWebElement.execute(RemoteWebElement.java:223)
at org.openqa.selenium.remote.RemoteWebElement.getText(RemoteWebElement.java:191)
at org.openqa.selenium.support.pagefactory.internal.LocatingElementHandler.invoke(LocatingElementHandler.java:51)
at jdk.proxy2/jdk.proxy2.$Proxy18.getText(Unknown Source)
at automation.PageObject.Permissions.getEmailAddressAndSearch(Permissions.java:164)
at automation.PageObject.Permissions.setUserStatus(Permissions.java:205)
at automation.PageObject.Permissions.setStatusToActiveForMobile(Permissions.java:180)
at automation.AdminTest.PermissionTest.encoderWithActiveStatusMobileAppLogin(PermissionTest.java:47)
at java.base/java.util.ArrayList.forEach(ArrayList.java:1596)
... Removed 30 stack frames]]>
    </failure>
  </testcase> <!-- encoderWithActiveStatusMobileAppLogin -->
  <testcase classname="automation.AdminTest.PermissionTest" name="encoderWithAllowExitToTrue" time="36.955"/>
  <testcase classname="automation.AdminTest.PermissionTest" name="encoderWithPaymentAcceptanceSetToFalse" time="17.912"/>
  <testcase classname="automation.AdminTest.PermissionTest" name="encoderWithPaymentAcceptanceSetToTrue" time="27.813"/>
  <testcase classname="automation.AdminTest.PermissionTest" name="encoderWithRestrictedStatusDesktopLogin" time="19.828"/>
  <testcase classname="automation.AdminTest.PermissionTest" name="encoderWithRestrictedStatusMobileAppLogin" time="13.274"/>
  <testcase classname="automation.AdminTest.PermissionTest" name="adminWithRestrictedStatus" time="21.512"/>
</testsuite> <!-- Permission Test -->
