<?xml version="1.0" encoding="UTF-8"?>
<!-- Generated by org.testng.reporters.JUnitXMLReporter -->
<testsuite ignored="0" hostname="000D2023258" failures="3" tests="10" name="User Module Test" time="432.358" errors="0" timestamp="2024-03-04T19:37:59 CST">
  <testcase classname="automation.AdminTest.UserModuleTest" name="exitEnrollmentAlert" time="15.442"/>
  <testcase classname="automation.AdminTest.UserModuleTest" name="getCopyUserName" time="18.791"/>
  <testcase classname="automation.AdminTest.UserModuleTest" name="getCopyUserPassword" time="16.529"/>
  <testcase classname="automation.AdminTest.UserModuleTest" name="userEmailDupValidation" time="18.581"/>
  <testcase classname="automation.AdminTest.UserModuleTest" name="userPagePagenation" time="25.765"/>
  <testcase classname="automation.AdminTest.UserModuleTest" name="userPageSelectRow" time="34.695"/>
  <testcase classname="automation.AdminTest.UserModuleTest" name="adminEnrollment" time="55.571">
    <skipped/>
  </testcase> <!-- adminEnrollment -->
  <testcase classname="automation.AdminTest.UserModuleTest" name="adminEnrollment" time="61.203">
    <failure type="org.openqa.selenium.TimeoutException" message="Expected condition failed: waiting for visibility of Proxy element for: DefaultElementLocator &amp;apos;By.xpath: //*[@class=&amp;apos;flex-grow text-sm self-center w-3/4&amp;apos;]&amp;apos; (tried for 20 second(s) with 500 milliseconds interval)">
      <![CDATA[org.openqa.selenium.TimeoutException: Expected condition failed: waiting for visibility of Proxy element for: DefaultElementLocator 'By.xpath: //*[@class='flex-grow text-sm self-center w-3/4']' (tried for 20 second(s) with 500 milliseconds interval)
at org.openqa.selenium.support.ui.WebDriverWait.timeoutException(WebDriverWait.java:84)
at org.openqa.selenium.support.ui.FluentWait.until(FluentWait.java:228)
at automation.AbstractComponents.AbstractComponent.waitForWebElementToAppear(AbstractComponent.java:47)
at automation.PageObject.UserModule.validateBanner(UserModule.java:342)
at automation.AdminTest.UserModuleTest.adminEnrollment(UserModuleTest.java:33)
at java.base/java.util.ArrayList.forEach(ArrayList.java:1596)
Caused by: org.openqa.selenium.NoSuchElementException: no such element: Unable to locate element: {"method":"xpath","selector":"//*[@class='flex-grow text-sm self-center w-3/4']"}
  (Session info: chrome=122.0.6261.95)
For documentation on this error, please visit: https://www.selenium.dev/documentation/webdriver/troubleshooting/errors#no-such-element-exception
Build info: version: '4.17.0', revision: 'e52b1be057*'
System info: os.name: 'Windows 10', os.arch: 'amd64', os.version: '10.0', java.version: '21.0.1'
Driver info: org.openqa.selenium.chrome.ChromeDriver
Command: [36c5a66603b49215b95c199e32d99fd2, findElement {value=//*[@class='flex-grow text-sm self-center w-3/4'], using=xpath}]
Capabilities {acceptInsecureCerts: false, browserName: chrome, browserVersion: 122.0.6261.95, chrome: {chromedriverVersion: 122.0.6261.94 (880dbf29479c..., userDataDir: C:\Users\REN~1.CAS\AppData\...}, fedcm:accounts: true, goog:chromeOptions: {debuggerAddress: localhost:63846}, networkConnectionEnabled: false, pageLoadStrategy: normal, platformName: windows, proxy: Proxy(), se:cdp: ws://localhost:63846/devtoo..., se:cdpVersion: 122.0.6261.95, setWindowRect: true, strictFileInteractability: false, timeouts: {implicit: 0, pageLoad: 300000, script: 30000}, unhandledPromptBehavior: dismiss and notify, webauthn:extension:credBlob: true, webauthn:extension:largeBlob: true, webauthn:extension:minPinLength: true, webauthn:extension:prf: true, webauthn:virtualAuthenticators: true}
Session ID: 36c5a66603b49215b95c199e32d99fd2
at org.openqa.selenium.remote.codec.w3c.W3CHttpResponseCodec.createException(W3CHttpResponseCodec.java:185)
at org.openqa.selenium.remote.codec.w3c.W3CHttpResponseCodec.decode(W3CHttpResponseCodec.java:134)
at org.openqa.selenium.remote.codec.w3c.W3CHttpResponseCodec.decode(W3CHttpResponseCodec.java:51)
at org.openqa.selenium.remote.HttpCommandExecutor.execute(HttpCommandExecutor.java:190)
at org.openqa.selenium.remote.service.DriverCommandExecutor.invokeExecute(DriverCommandExecutor.java:216)
at org.openqa.selenium.remote.service.DriverCommandExecutor.execute(DriverCommandExecutor.java:174)
at org.openqa.selenium.remote.RemoteWebDriver.execute(RemoteWebDriver.java:519)
at org.openqa.selenium.remote.ElementLocation$ElementFinder$2.findElement(ElementLocation.java:165)
at org.openqa.selenium.remote.ElementLocation.findElement(ElementLocation.java:59)
at org.openqa.selenium.remote.RemoteWebDriver.findElement(RemoteWebDriver.java:356)
at org.openqa.selenium.remote.RemoteWebDriver.findElement(RemoteWebDriver.java:350)
at org.openqa.selenium.support.pagefactory.DefaultElementLocator.findElement(DefaultElementLocator.java:68)
at org.openqa.selenium.support.pagefactory.internal.LocatingElementHandler.invoke(LocatingElementHandler.java:38)
at jdk.proxy2/jdk.proxy2.$Proxy18.isDisplayed(Unknown Source)
at org.openqa.selenium.support.ui.ExpectedConditions.elementIfVisible(ExpectedConditions.java:304)
at org.openqa.selenium.support.ui.ExpectedConditions$10.apply(ExpectedConditions.java:290)
at org.openqa.selenium.support.ui.ExpectedConditions$10.apply(ExpectedConditions.java:287)
at org.openqa.selenium.support.ui.FluentWait.until(FluentWait.java:203)
... 29 more
... Removed 28 stack frames]]>
    </failure>
  </testcase> <!-- adminEnrollment -->
  <testcase classname="automation.AdminTest.UserModuleTest" name="encoderEnrollment" time="62.319">
    <failure type="org.openqa.selenium.TimeoutException" message="Expected condition failed: waiting for visibility of Proxy element for: DefaultElementLocator &amp;apos;By.xpath: //*[@class=&amp;apos;flex-grow text-sm self-center w-3/4&amp;apos;]&amp;apos; (tried for 20 second(s) with 500 milliseconds interval)">
      <![CDATA[org.openqa.selenium.TimeoutException: Expected condition failed: waiting for visibility of Proxy element for: DefaultElementLocator 'By.xpath: //*[@class='flex-grow text-sm self-center w-3/4']' (tried for 20 second(s) with 500 milliseconds interval)
at org.openqa.selenium.support.ui.WebDriverWait.timeoutException(WebDriverWait.java:84)
at org.openqa.selenium.support.ui.FluentWait.until(FluentWait.java:228)
at automation.AbstractComponents.AbstractComponent.waitForWebElementToAppear(AbstractComponent.java:47)
at automation.PageObject.UserModule.validateBanner(UserModule.java:342)
at automation.AdminTest.UserModuleTest.encoderEnrollment(UserModuleTest.java:51)
at java.base/java.util.ArrayList.forEach(ArrayList.java:1596)
Caused by: org.openqa.selenium.NoSuchElementException: no such element: Unable to locate element: {"method":"xpath","selector":"//*[@class='flex-grow text-sm self-center w-3/4']"}
  (Session info: chrome=122.0.6261.95)
For documentation on this error, please visit: https://www.selenium.dev/documentation/webdriver/troubleshooting/errors#no-such-element-exception
Build info: version: '4.17.0', revision: 'e52b1be057*'
System info: os.name: 'Windows 10', os.arch: 'amd64', os.version: '10.0', java.version: '21.0.1'
Driver info: org.openqa.selenium.chrome.ChromeDriver
Command: [9693531074e10ef45c2fd9d9122ad24b, findElement {value=//*[@class='flex-grow text-sm self-center w-3/4'], using=xpath}]
Capabilities {acceptInsecureCerts: false, browserName: chrome, browserVersion: 122.0.6261.95, chrome: {chromedriverVersion: 122.0.6261.94 (880dbf29479c..., userDataDir: C:\Users\REN~1.CAS\AppData\...}, fedcm:accounts: true, goog:chromeOptions: {debuggerAddress: localhost:63982}, networkConnectionEnabled: false, pageLoadStrategy: normal, platformName: windows, proxy: Proxy(), se:cdp: ws://localhost:63982/devtoo..., se:cdpVersion: 122.0.6261.95, setWindowRect: true, strictFileInteractability: false, timeouts: {implicit: 0, pageLoad: 300000, script: 30000}, unhandledPromptBehavior: dismiss and notify, webauthn:extension:credBlob: true, webauthn:extension:largeBlob: true, webauthn:extension:minPinLength: true, webauthn:extension:prf: true, webauthn:virtualAuthenticators: true}
Session ID: 9693531074e10ef45c2fd9d9122ad24b
at org.openqa.selenium.remote.codec.w3c.W3CHttpResponseCodec.createException(W3CHttpResponseCodec.java:185)
at org.openqa.selenium.remote.codec.w3c.W3CHttpResponseCodec.decode(W3CHttpResponseCodec.java:134)
at org.openqa.selenium.remote.codec.w3c.W3CHttpResponseCodec.decode(W3CHttpResponseCodec.java:51)
at org.openqa.selenium.remote.HttpCommandExecutor.execute(HttpCommandExecutor.java:190)
at org.openqa.selenium.remote.service.DriverCommandExecutor.invokeExecute(DriverCommandExecutor.java:216)
at org.openqa.selenium.remote.service.DriverCommandExecutor.execute(DriverCommandExecutor.java:174)
at org.openqa.selenium.remote.RemoteWebDriver.execute(RemoteWebDriver.java:519)
at org.openqa.selenium.remote.ElementLocation$ElementFinder$2.findElement(ElementLocation.java:165)
at org.openqa.selenium.remote.ElementLocation.findElement(ElementLocation.java:59)
at org.openqa.selenium.remote.RemoteWebDriver.findElement(RemoteWebDriver.java:356)
at org.openqa.selenium.remote.RemoteWebDriver.findElement(RemoteWebDriver.java:350)
at org.openqa.selenium.support.pagefactory.DefaultElementLocator.findElement(DefaultElementLocator.java:68)
at org.openqa.selenium.support.pagefactory.internal.LocatingElementHandler.invoke(LocatingElementHandler.java:38)
at jdk.proxy2/jdk.proxy2.$Proxy18.isDisplayed(Unknown Source)
at org.openqa.selenium.support.ui.ExpectedConditions.elementIfVisible(ExpectedConditions.java:304)
at org.openqa.selenium.support.ui.ExpectedConditions$10.apply(ExpectedConditions.java:290)
at org.openqa.selenium.support.ui.ExpectedConditions$10.apply(ExpectedConditions.java:287)
at org.openqa.selenium.support.ui.FluentWait.until(FluentWait.java:203)
... 29 more
... Removed 28 stack frames]]>
    </failure>
  </testcase> <!-- encoderEnrollment -->
  <testcase classname="automation.AdminTest.UserModuleTest" name="editUserAccount" time="44.707">
    <failure type="org.openqa.selenium.TimeoutException" message="Expected condition failed: waiting for visibility of Proxy element for: DefaultElementLocator &amp;apos;By.xpath: //*[@class=&amp;apos;flex-grow text-sm self-center w-3/4&amp;apos;]&amp;apos; (tried for 20 second(s) with 500 milliseconds interval)">
      <![CDATA[org.openqa.selenium.TimeoutException: Expected condition failed: waiting for visibility of Proxy element for: DefaultElementLocator 'By.xpath: //*[@class='flex-grow text-sm self-center w-3/4']' (tried for 20 second(s) with 500 milliseconds interval)
at org.openqa.selenium.support.ui.WebDriverWait.timeoutException(WebDriverWait.java:84)
at org.openqa.selenium.support.ui.FluentWait.until(FluentWait.java:228)
at automation.AbstractComponents.AbstractComponent.waitForWebElementToAppear(AbstractComponent.java:47)
at automation.PageObject.UserModule.updateUserAccount(UserModule.java:336)
at automation.AdminTest.UserModuleTest.editUserAccount(UserModuleTest.java:81)
at java.base/java.util.ArrayList.forEach(ArrayList.java:1596)
Caused by: org.openqa.selenium.NoSuchElementException: no such element: Unable to locate element: {"method":"xpath","selector":"//*[@class='flex-grow text-sm self-center w-3/4']"}
  (Session info: chrome=122.0.6261.95)
For documentation on this error, please visit: https://www.selenium.dev/documentation/webdriver/troubleshooting/errors#no-such-element-exception
Build info: version: '4.17.0', revision: 'e52b1be057*'
System info: os.name: 'Windows 10', os.arch: 'amd64', os.version: '10.0', java.version: '21.0.1'
Driver info: org.openqa.selenium.chrome.ChromeDriver
Command: [e5e868d78195e27ef3bcaa039b00a37f, findElement {value=//*[@class='flex-grow text-sm self-center w-3/4'], using=xpath}]
Capabilities {acceptInsecureCerts: false, browserName: chrome, browserVersion: 122.0.6261.95, chrome: {chromedriverVersion: 122.0.6261.94 (880dbf29479c..., userDataDir: C:\Users\REN~1.CAS\AppData\...}, fedcm:accounts: true, goog:chromeOptions: {debuggerAddress: localhost:64132}, networkConnectionEnabled: false, pageLoadStrategy: normal, platformName: windows, proxy: Proxy(), se:cdp: ws://localhost:64132/devtoo..., se:cdpVersion: 122.0.6261.95, setWindowRect: true, strictFileInteractability: false, timeouts: {implicit: 0, pageLoad: 300000, script: 30000}, unhandledPromptBehavior: dismiss and notify, webauthn:extension:credBlob: true, webauthn:extension:largeBlob: true, webauthn:extension:minPinLength: true, webauthn:extension:prf: true, webauthn:virtualAuthenticators: true}
Session ID: e5e868d78195e27ef3bcaa039b00a37f
at org.openqa.selenium.remote.codec.w3c.W3CHttpResponseCodec.createException(W3CHttpResponseCodec.java:185)
at org.openqa.selenium.remote.codec.w3c.W3CHttpResponseCodec.decode(W3CHttpResponseCodec.java:134)
at org.openqa.selenium.remote.codec.w3c.W3CHttpResponseCodec.decode(W3CHttpResponseCodec.java:51)
at org.openqa.selenium.remote.HttpCommandExecutor.execute(HttpCommandExecutor.java:190)
at org.openqa.selenium.remote.service.DriverCommandExecutor.invokeExecute(DriverCommandExecutor.java:216)
at org.openqa.selenium.remote.service.DriverCommandExecutor.execute(DriverCommandExecutor.java:174)
at org.openqa.selenium.remote.RemoteWebDriver.execute(RemoteWebDriver.java:519)
at org.openqa.selenium.remote.ElementLocation$ElementFinder$2.findElement(ElementLocation.java:165)
at org.openqa.selenium.remote.ElementLocation.findElement(ElementLocation.java:59)
at org.openqa.selenium.remote.RemoteWebDriver.findElement(RemoteWebDriver.java:356)
at org.openqa.selenium.remote.RemoteWebDriver.findElement(RemoteWebDriver.java:350)
at org.openqa.selenium.support.pagefactory.DefaultElementLocator.findElement(DefaultElementLocator.java:68)
at org.openqa.selenium.support.pagefactory.internal.LocatingElementHandler.invoke(LocatingElementHandler.java:38)
at jdk.proxy2/jdk.proxy2.$Proxy18.isDisplayed(Unknown Source)
at org.openqa.selenium.support.ui.ExpectedConditions.elementIfVisible(ExpectedConditions.java:304)
at org.openqa.selenium.support.ui.ExpectedConditions$10.apply(ExpectedConditions.java:290)
at org.openqa.selenium.support.ui.ExpectedConditions$10.apply(ExpectedConditions.java:287)
at org.openqa.selenium.support.ui.FluentWait.until(FluentWait.java:203)
... 29 more
... Removed 28 stack frames]]>
    </failure>
  </testcase> <!-- editUserAccount -->
</testsuite> <!-- User Module Test -->
