<?xml version="1.0" encoding="UTF-8"?>
<!-- Generated by org.testng.reporters.JUnitXMLReporter -->
<testsuite ignored="0" hostname="000D2023258" failures="0" tests="13" name="Configuration Module Test" time="238.493" errors="0" timestamp="2024-05-06T15:57:30 CST">
  <testcase classname="automation.AdminTest.ConfigurationModuleTest" name="parkerTypeEnrollment" time="39.405"/>
  <testcase classname="automation.AdminTest.ConfigurationModuleTest" name="editParkerType" time="7.821"/>
  <testcase classname="automation.AdminTest.ConfigurationModuleTest" name="deleteParkerType" time="7.468"/>
  <testcase classname="automation.AdminTest.ConfigurationModuleTest" name="deleteParkerTypeWithPricingPackage" time="7.221"/>
  <testcase classname="automation.AdminTest.ConfigurationModuleTest" name="assignParkerToParkingArea" time="13.309"/>
  <testcase classname="automation.AdminTest.ConfigurationModuleTest" name="assignParkerToParkingAreaWithMisMatchParkingArea" time="9.534"/>
  <testcase classname="automation.AdminTest.ConfigurationModuleTest" name="duplicateParkerTypeName" time="9.88"/>
  <testcase classname="automation.AdminTest.ConfigurationModuleTest" name="duplicateParketTypeCode" time="10.061"/>
  <testcase classname="automation.AdminTest.ConfigurationModuleTest" name="createPricingPackage" time="13.339"/>
  <testcase classname="automation.AdminTest.ConfigurationModuleTest" name="updatePricingPackageWithoutChange" time="13.66"/>
  <testcase classname="automation.AdminTest.ConfigurationModuleTest" name="updatePricingFeePackage" time="13.945"/>
  <testcase classname="automation.AdminTest.ConfigurationModuleTest" name="assignPricingFeeToParkingArea" time="9.975"/>
  <testcase classname="automation.AdminTest.ConfigurationModuleTest" name="deletePricingPackage" time="10.183"/>
</testsuite> <!-- Configuration Module Test -->
