<?xml version="1.0" encoding="UTF-8"?>
<!-- Generated by org.testng.reporters.JUnitXMLReporter -->
<testsuite ignored="0" hostname="000D2023258" failures="0" tests="13" name="Configuration Module Test" time="256.323" errors="0" timestamp="2024-05-06T19:39:02 CST">
  <testcase classname="automation.AdminTest.ConfigurationModuleTest" name="parkerTypeEnrollment" time="35.645"/>
  <testcase classname="automation.AdminTest.ConfigurationModuleTest" name="editParkerType" time="6.989"/>
  <testcase classname="automation.AdminTest.ConfigurationModuleTest" name="deleteParkerType" time="7.594"/>
  <testcase classname="automation.AdminTest.ConfigurationModuleTest" name="deleteParkerTypeWithPricingPackage" time="7.333"/>
  <testcase classname="automation.AdminTest.ConfigurationModuleTest" name="assignParkerToParkingArea" time="27.441"/>
  <testcase classname="automation.AdminTest.ConfigurationModuleTest" name="assignParkerToParkingAreaWithMisMatchParkingArea" time="9.787"/>
  <testcase classname="automation.AdminTest.ConfigurationModuleTest" name="duplicateParkerTypeName" time="13.781"/>
  <testcase classname="automation.AdminTest.ConfigurationModuleTest" name="duplicateParketTypeCode" time="13.701"/>
  <testcase classname="automation.AdminTest.ConfigurationModuleTest" name="createPricingPackage" time="18.776"/>
  <testcase classname="automation.AdminTest.ConfigurationModuleTest" name="updatePricingPackageWithoutChange" time="13.999"/>
  <testcase classname="automation.AdminTest.ConfigurationModuleTest" name="updatePricingFeePackage" time="13.718"/>
  <testcase classname="automation.AdminTest.ConfigurationModuleTest" name="assignPricingFeeToParkingArea" time="9.346"/>
  <testcase classname="automation.AdminTest.ConfigurationModuleTest" name="deletePricingPackage" time="10.458"/>
</testsuite> <!-- Configuration Module Test -->
