<?xml version="1.0" encoding="UTF-8"?>
<!-- Generated by org.testng.reporters.JUnitXMLReporter -->
<testsuite ignored="0" hostname="000D2023258" failures="0" tests="7" name="Filter And Search Test" time="145.842" errors="0" timestamp="2024-02-12T22:01:43 CST">
  <testcase classname="automation.AdminTest.FilterAndSearchTest" name="filterByAdminRole" time="13.372"/>
  <testcase classname="automation.AdminTest.FilterAndSearchTest" name="filterByEncoderRole" time="13.815"/>
  <testcase classname="automation.AdminTest.FilterAndSearchTest" name="parkingAreaCodeSearch" time="16.634"/>
  <testcase classname="automation.AdminTest.FilterAndSearchTest" name="parkingNameSearch" time="14.942"/>
  <testcase classname="automation.AdminTest.FilterAndSearchTest" name="userEmailSearch" time="8.642"/>
  <testcase classname="automation.AdminTest.FilterAndSearchTest" name="userFirstNameSearch" time="8.997"/>
  <testcase classname="automation.AdminTest.FilterAndSearchTest" name="userLastNameSearch" time="8.927"/>
</testsuite> <!-- Filter And Search Test -->
