<?xml version="1.0" encoding="UTF-8"?>
<!-- Generated by org.testng.reporters.JUnitXMLReporter -->
<testsuite ignored="0" hostname="000D2023258" failures="0" tests="7" name="Filter And SearchTest" time="113.294" errors="0" timestamp="2024-01-31T09:00:21 CST">
  <testcase classname="automation.AdminTest.FilterAndSearchTest" name="filterByAdminRole" time="12.246"/>
  <testcase classname="automation.AdminTest.FilterAndSearchTest" name="filterByEncoderRole" time="12.271"/>
  <testcase classname="automation.AdminTest.FilterAndSearchTest" name="parkingAreaCodeSearch" time="14.228"/>
  <testcase classname="automation.AdminTest.FilterAndSearchTest" name="parkingNameSearch" time="12.279"/>
  <testcase classname="automation.AdminTest.FilterAndSearchTest" name="userEmailSearch" time="11.242"/>
  <testcase classname="automation.AdminTest.FilterAndSearchTest" name="userLastNameSearch" time="11.229"/>
  <testcase classname="automation.AdminTest.FilterAndSearchTest" name="userNameSearch" time="15.58"/>
</testsuite> <!-- Filter And SearchTest -->
