<?xml version="1.0" encoding="UTF-8"?>
<!-- Generated by org.testng.reporters.JUnitXMLReporter -->
<testsuite ignored="0" hostname="000D2023258" failures="0" tests="7" name="Filter And SearchTest" time="110.645" errors="0" timestamp="2024-02-05T18:21:38 CST">
  <testcase classname="automation.AdminTest.FilterAndSearchTest" name="filterByAdminRole" time="10.705"/>
  <testcase classname="automation.AdminTest.FilterAndSearchTest" name="filterByEncoderRole" time="11.445"/>
  <testcase classname="automation.AdminTest.FilterAndSearchTest" name="parkingAreaCodeSearch" time="14.185"/>
  <testcase classname="automation.AdminTest.FilterAndSearchTest" name="parkingNameSearch" time="14.151"/>
  <testcase classname="automation.AdminTest.FilterAndSearchTest" name="userEmailSearch" time="8.622"/>
  <testcase classname="automation.AdminTest.FilterAndSearchTest" name="userFirstNameSearch" time="16.09"/>
  <testcase classname="automation.AdminTest.FilterAndSearchTest" name="userLastNameSearch" time="8.044"/>
</testsuite> <!-- Filter And SearchTest -->
