<?xml version="1.0" encoding="UTF-8"?>
<!-- Generated by org.testng.reporters.JUnitXMLReporter -->
<testsuite ignored="0" hostname="000D2023258" failures="0" tests="4" name="Login Test" time="54.384" errors="0" timestamp="2024-02-05T16:59:28 CST">
  <testcase classname="automation.AdminTest.AllLoginTest" name="loginWithAccess" time="20.29"/>
  <testcase classname="automation.AdminTest.AllLoginTest" name="loginWithInvalidPassword" time="4.669"/>
  <testcase classname="automation.AdminTest.AllLoginTest" name="loginWithInvalidUserName" time="2.709"/>
  <testcase classname="automation.AdminTest.AllLoginTest" name="loginWithoutAccess" time="2.777"/>
</testsuite> <!-- Login Test -->
