<?xml version="1.0" encoding="UTF-8"?>
<!-- Generated by org.testng.reporters.JUnitXMLReporter -->
<testsuite ignored="0" hostname="000D2023258" failures="0" tests="4" name="Login Test" time="62.715" errors="0" timestamp="2024-02-05T21:10:47 CST">
  <testcase classname="automation.AdminTest.AllLoginTest" name="loginWithAccess" time="24.561"/>
  <testcase classname="automation.AdminTest.AllLoginTest" name="loginWithInvalidPassword" time="4.806"/>
  <testcase classname="automation.AdminTest.AllLoginTest" name="loginWithInvalidUserName" time="2.866"/>
  <testcase classname="automation.AdminTest.AllLoginTest" name="loginWithoutAccess" time="2.835"/>
</testsuite> <!-- Login Test -->
