<?xml version="1.0" encoding="UTF-8"?>
<!-- Generated by org.testng.reporters.JUnitXMLReporter -->
<testsuite ignored="0" hostname="000D2023258" failures="0" tests="14" name="Parking Area Ceation Test" time="491.812" errors="0" timestamp="2024-01-31T19:26:42 CST">
  <testcase classname="automation.AdminTest.AreaCreationTest" name="areaCodeDupValidation" time="29.758"/>
  <testcase classname="automation.AdminTest.AreaCreationTest" name="areaCreation" time="34.167"/>
  <testcase classname="automation.AdminTest.AreaCreationTest" name="areaNameDupValidation" time="31.79"/>
  <testcase classname="automation.AdminTest.AreaCreationTest" name="areaPagePagenation" time="48.838"/>
  <testcase classname="automation.AdminTest.AreaCreationTest" name="areaPageSelectRow" time="26.411"/>
  <testcase classname="automation.AdminTest.AreaCreationTest" name="carCapacityInpuValidation" time="19.14"/>
  <testcase classname="automation.AdminTest.AreaCreationTest" name="editParkingArea" time="28.65"/>
  <testcase classname="automation.AdminTest.AreaCreationTest" name="exitCreationAlert" time="28.687"/>
  <testcase classname="automation.AdminTest.AreaCreationTest" name="fixedRateMaxLimit" time="27.231"/>
  <testcase classname="automation.AdminTest.AreaCreationTest" name="motorcycleCapacityInpuValidation" time="19.965"/>
  <testcase classname="automation.AdminTest.AreaCreationTest" name="setCMotorcycleCapacityPlusButtonToDisable" time="21.065"/>
  <testcase classname="automation.AdminTest.AreaCreationTest" name="setCarCapacityMinusButtonToDisable" time="20.387"/>
  <testcase classname="automation.AdminTest.AreaCreationTest" name="setCarCapacityPlusButtonToDisable" time="20.677"/>
  <testcase classname="automation.AdminTest.AreaCreationTest" name="setMotorcycleCapacityPlusButtonToDisable" time="20.922"/>
</testsuite> <!-- Parking Area Ceation Test -->
