<?xml version="1.0" encoding="UTF-8"?>
<!-- Generated by org.testng.reporters.JUnitXMLReporter -->
<testsuite ignored="0" hostname="000D2023258" failures="0" tests="14" name="Parking Area Module Test" time="355.184" errors="0" timestamp="2024-02-05T17:05:23 CST">
  <testcase classname="automation.AdminTest.AreaModuleTest" name="areaCodeDupValidation" time="21.715"/>
  <testcase classname="automation.AdminTest.AreaModuleTest" name="areaCreation" time="32.935"/>
  <testcase classname="automation.AdminTest.AreaModuleTest" name="areaNameDupValidation" time="25.763"/>
  <testcase classname="automation.AdminTest.AreaModuleTest" name="areaPagePagenation" time="23.924"/>
  <testcase classname="automation.AdminTest.AreaModuleTest" name="areaPageSelectRow" time="26.281"/>
  <testcase classname="automation.AdminTest.AreaModuleTest" name="carCapacityInputValidation" time="15.984"/>
  <testcase classname="automation.AdminTest.AreaModuleTest" name="exitCreationAlert" time="19.5"/>
  <testcase classname="automation.AdminTest.AreaModuleTest" name="fixedRateMaxLimit" time="23.552"/>
  <testcase classname="automation.AdminTest.AreaModuleTest" name="motorcycleCapacityInputValidation" time="15.625"/>
  <testcase classname="automation.AdminTest.AreaModuleTest" name="setCMotorcycleCapacityPlusButtonToDisable" time="17.507"/>
  <testcase classname="automation.AdminTest.AreaModuleTest" name="setCarCapacityMinusButtonToDisable" time="19.828"/>
  <testcase classname="automation.AdminTest.AreaModuleTest" name="setCarCapacityPlusButtonToDisable" time="22.78"/>
  <testcase classname="automation.AdminTest.AreaModuleTest" name="setMotorcycleCapacityPlusButtonToDisable" time="18.126"/>
  <testcase classname="automation.AdminTest.AreaModuleTest" name="validateEditParkingArea" time="20.999"/>
</testsuite> <!-- Parking Area Module Test -->
