<?xml version="1.0" encoding="UTF-8"?>
<!-- Generated by org.testng.reporters.JUnitXMLReporter -->
<testsuite ignored="0" hostname="000D2023258" failures="0" tests="14" name="Parking Area Module Test" time="479.048" errors="0" timestamp="2024-02-01T22:50:03 CST">
  <testcase classname="automation.AdminTest.AreaModuleTest" name="areaCodeDupValidation" time="24.049"/>
  <testcase classname="automation.AdminTest.AreaModuleTest" name="areaCreation" time="31.26"/>
  <testcase classname="automation.AdminTest.AreaModuleTest" name="areaNameDupValidation" time="22.917"/>
  <testcase classname="automation.AdminTest.AreaModuleTest" name="areaPagePagenation" time="58.174"/>
  <testcase classname="automation.AdminTest.AreaModuleTest" name="areaPageSelectRow" time="27.016"/>
  <testcase classname="automation.AdminTest.AreaModuleTest" name="carCapacityInpuValidation" time="16.291"/>
  <testcase classname="automation.AdminTest.AreaModuleTest" name="editParkingArea" time="36.797"/>
  <testcase classname="automation.AdminTest.AreaModuleTest" name="exitCreationAlert" time="16.762"/>
  <testcase classname="automation.AdminTest.AreaModuleTest" name="fixedRateMaxLimit" time="24.04"/>
  <testcase classname="automation.AdminTest.AreaModuleTest" name="motorcycleCapacityInpuValidation" time="16.779"/>
  <testcase classname="automation.AdminTest.AreaModuleTest" name="setCMotorcycleCapacityPlusButtonToDisable" time="17.401"/>
  <testcase classname="automation.AdminTest.AreaModuleTest" name="setCarCapacityMinusButtonToDisable" time="17.066"/>
  <testcase classname="automation.AdminTest.AreaModuleTest" name="setCarCapacityPlusButtonToDisable" time="17.034"/>
  <testcase classname="automation.AdminTest.AreaModuleTest" name="setMotorcycleCapacityPlusButtonToDisable" time="17.208"/>
</testsuite> <!-- Parking Area Module Test -->
