<?xml version="1.0" encoding="UTF-8"?>
<!-- Generated by org.testng.reporters.JUnitXMLReporter -->
<testsuite ignored="4" hostname="000D2023258" failures="0" tests="2" name="Parking Area Ceation Test" time="51.336" errors="0" timestamp="2024-01-17T20:11:54 CST">
  <testcase classname="automation.AdminTest.AreaCreationTest" name="areaCodeDupValidation" time="23.246"/>
  <testcase classname="automation.AdminTest.AreaCreationTest" name="areaNameDupValidation" time="21.184"/>
  <testcase classname="automation.AdminTest.AreaCreationTest" name="areaPagePagenation" time="0.0">
    <ignored/>
  </testcase> <!-- areaPagePagenation -->
  <testcase classname="automation.AdminTest.AreaCreationTest" name="areaCreation" time="0.0">
    <ignored/>
  </testcase> <!-- areaCreation -->
  <testcase classname="automation.AdminTest.AreaCreationTest" name="areaPageSelectRow" time="0.0">
    <ignored/>
  </testcase> <!-- areaPageSelectRow -->
  <testcase classname="automation.AdminTest.AreaCreationTest" name="areaCreationValidation" time="0.0">
    <ignored/>
  </testcase> <!-- areaCreationValidation -->
</testsuite> <!-- Parking Area Ceation Test -->
