<?xml version="1.0" encoding="UTF-8"?>
<!-- Generated by org.testng.reporters.JUnitXMLReporter -->
<testsuite ignored="0" hostname="000D2023258" failures="0" tests="6" name="Permission Test" time="187.612" errors="0" timestamp="2024-02-05T00:50:27 CST">
  <testcase classname="automation.AdminTest.PermissionTest" name="setAllowExitToFalse" time="55.168"/>
  <testcase classname="automation.AdminTest.PermissionTest" name="setAllowExitToTrue" time="22.983"/>
  <testcase classname="automation.AdminTest.PermissionTest" name="userWithActiveStatus" time="23.084"/>
  <testcase classname="automation.AdminTest.PermissionTest" name="userWithPaymentAcceptanceSetToFalse" time="20.491"/>
  <testcase classname="automation.AdminTest.PermissionTest" name="userWithPaymentAcceptanceSetToTrue" time="27.051"/>
  <testcase classname="automation.AdminTest.PermissionTest" name="userWithRestrictedStatus" time="19.239"/>
</testsuite> <!-- Permission Test -->
