<?xml version="1.0" encoding="UTF-8"?>
<!-- Generated by org.testng.reporters.JUnitXMLReporter -->
<testsuite ignored="0" hostname="000D2023258" failures="0" tests="9" name="User Module Test" time="292.872" errors="0" timestamp="2024-02-04T13:09:09 CST">
  <testcase classname="automation.AdminTest.UserModuleTest" name="exitEnrollmentAlert" time="15.39"/>
  <testcase classname="automation.AdminTest.UserModuleTest" name="getCopyUserName" time="18.212"/>
  <testcase classname="automation.AdminTest.UserModuleTest" name="getCopyUserPassword" time="16.556"/>
  <testcase classname="automation.AdminTest.UserModuleTest" name="userEmailDupValidation" time="18.475"/>
  <testcase classname="automation.AdminTest.UserModuleTest" name="userPagePagenation" time="36.405"/>
  <testcase classname="automation.AdminTest.UserModuleTest" name="userPageSelectRow" time="26.879"/>
  <testcase classname="automation.AdminTest.UserModuleTest" name="adminEnrollment" time="30.288"/>
  <testcase classname="automation.AdminTest.UserModuleTest" name="encoderEnrollment" time="36.411"/>
  <testcase classname="automation.AdminTest.UserModuleTest" name="editUserAccount" time="16.072"/>
</testsuite> <!-- User Module Test -->
