<?xml version="1.0" encoding="UTF-8"?>
<!-- Generated by org.testng.reporters.JUnitXMLReporter -->
<testsuite ignored="0" hostname="000D2023258" failures="0" tests="9" name="User Module Test" time="288.579" errors="0" timestamp="2024-02-03T01:27:37 CST">
  <testcase classname="automation.AdminTest.UserModuleTest" name="exitEnrollmentAlert" time="14.071"/>
  <testcase classname="automation.AdminTest.UserModuleTest" name="getCopyUserName" time="17.856"/>
  <testcase classname="automation.AdminTest.UserModuleTest" name="getCopyUserPassword" time="15.623"/>
  <testcase classname="automation.AdminTest.UserModuleTest" name="userEmailDupValidation" time="17.157"/>
  <testcase classname="automation.AdminTest.UserModuleTest" name="userPagePagenation" time="27.745"/>
  <testcase classname="automation.AdminTest.UserModuleTest" name="userPageSelectRow" time="26.275"/>
  <testcase classname="automation.AdminTest.UserModuleTest" name="adminEnrollment" time="38.786"/>
  <testcase classname="automation.AdminTest.UserModuleTest" name="encoderEnrollment" time="34.173"/>
  <testcase classname="automation.AdminTest.UserModuleTest" name="editUserAccount" time="16.148"/>
</testsuite> <!-- User Module Test -->
