<?xml version="1.0" encoding="UTF-8"?>
<!-- Generated by org.testng.reporters.JUnitXMLReporter -->
<testsuite ignored="0" hostname="000D2023258" failures="1" tests="7" name="User Module Test" time="260.153" errors="0" timestamp="2024-02-01T22:54:24 CST">
  <testcase classname="automation.AdminTest.UserModuleTest" name="exitEnrollmentAlert" time="24.516"/>
  <testcase classname="automation.AdminTest.UserModuleTest" name="userEmailDupValidation" time="17.328"/>
  <testcase classname="automation.AdminTest.UserModuleTest" name="userPagePagenation" time="34.923"/>
  <testcase classname="automation.AdminTest.UserModuleTest" name="userPageSelectRow" time="26.631"/>
  <testcase classname="automation.AdminTest.UserModuleTest" name="adminEnrollment" time="33.735"/>
  <testcase classname="automation.AdminTest.UserModuleTest" name="encoderEnrollment" time="27.917">
    <failure type="java.lang.AssertionError" message="expected [true] but found [false]">
      <![CDATA[java.lang.AssertionError: expected [true] but found [false]
at automation.AdminTest.UserModuleTest.encoderEnrollment(UserModuleTest.java:55)
at java.base/java.util.ArrayList.forEach(ArrayList.java:1596)
... Removed 33 stack frames]]>
    </failure>
  </testcase> <!-- encoderEnrollment -->
  <testcase classname="automation.AdminTest.UserModuleTest" name="editUserAccount" time="22.796"/>
</testsuite> <!-- User Module Test -->
