<?xml version="1.0" encoding="UTF-8"?>
<!-- Generated by org.testng.reporters.JUnitXMLReporter -->
<testsuite ignored="0" hostname="000D2023258" failures="0" tests="11" name="User Module Test" time="317.533" errors="0" timestamp="2024-05-08T16:23:38 CST">
  <testcase classname="automation.AdminTest.UserModuleTest" name="exitEnrollmentAlert" time="15.384"/>
  <testcase classname="automation.AdminTest.UserModuleTest" name="getCopyUserName" time="18.237"/>
  <testcase classname="automation.AdminTest.UserModuleTest" name="getCopyUserPassword" time="15.372"/>
  <testcase classname="automation.AdminTest.UserModuleTest" name="userEmailDupValidation" time="16.618"/>
  <testcase classname="automation.AdminTest.UserModuleTest" name="userPagePagenation" time="21.019"/>
  <testcase classname="automation.AdminTest.UserModuleTest" name="userPageSelectRow" time="26.678"/>
  <testcase classname="automation.AdminTest.UserModuleTest" name="adminEnrollment" time="36.163"/>
  <testcase classname="automation.AdminTest.UserModuleTest" name="cashierEnrollment" time="33.115"/>
  <testcase classname="automation.AdminTest.UserModuleTest" name="encoderEnrollment" time="32.653"/>
  <testcase classname="automation.AdminTest.UserModuleTest" name="managerEnrollment" time="33.211"/>
  <testcase classname="automation.AdminTest.UserModuleTest" name="editUserAccount" time="17.887"/>
</testsuite> <!-- User Module Test -->
