<?xml version="1.0" encoding="UTF-8"?>
<!-- Generated by org.testng.reporters.JUnitXMLReporter -->
<testsuite ignored="0" hostname="000D2023258" failures="0" tests="11" name="User Module Test" time="315.932" errors="0" timestamp="2024-05-06T19:34:46 CST">
  <testcase classname="automation.AdminTest.UserModuleTest" name="exitEnrollmentAlert" time="15.192"/>
  <testcase classname="automation.AdminTest.UserModuleTest" name="getCopyUserName" time="17.297"/>
  <testcase classname="automation.AdminTest.UserModuleTest" name="getCopyUserPassword" time="15.288"/>
  <testcase classname="automation.AdminTest.UserModuleTest" name="userEmailDupValidation" time="16.943"/>
  <testcase classname="automation.AdminTest.UserModuleTest" name="userPagePagenation" time="17.193"/>
  <testcase classname="automation.AdminTest.UserModuleTest" name="userPageSelectRow" time="26.79"/>
  <testcase classname="automation.AdminTest.UserModuleTest" name="adminEnrollment" time="28.345"/>
  <testcase classname="automation.AdminTest.UserModuleTest" name="cashierEnrollment" time="37.031"/>
  <testcase classname="automation.AdminTest.UserModuleTest" name="encoderEnrollment" time="33.629"/>
  <testcase classname="automation.AdminTest.UserModuleTest" name="managerEnrollment" time="33.562"/>
  <testcase classname="automation.AdminTest.UserModuleTest" name="editUserAccount" time="16.659"/>
</testsuite> <!-- User Module Test -->
