<?xml version="1.0" encoding="UTF-8"?>
<!-- Generated by org.testng.reporters.JUnitXMLReporter -->
<testsuite ignored="0" hostname="000D2023258" failures="0" tests="9" name="User Module Test" time="249.21" errors="0" timestamp="2024-02-05T21:21:29 CST">
  <testcase classname="automation.AdminTest.UserModuleTest" name="exitEnrollmentAlert" time="15.539"/>
  <testcase classname="automation.AdminTest.UserModuleTest" name="getCopyUserName" time="16.987"/>
  <testcase classname="automation.AdminTest.UserModuleTest" name="getCopyUserPassword" time="16.411"/>
  <testcase classname="automation.AdminTest.UserModuleTest" name="userEmailDupValidation" time="17.763"/>
  <testcase classname="automation.AdminTest.UserModuleTest" name="userPagePagenation" time="23.695"/>
  <testcase classname="automation.AdminTest.UserModuleTest" name="userPageSelectRow" time="26.412"/>
  <testcase classname="automation.AdminTest.UserModuleTest" name="adminEnrollment" time="29.911"/>
  <testcase classname="automation.AdminTest.UserModuleTest" name="encoderEnrollment" time="47.916"/>
  <testcase classname="automation.AdminTest.UserModuleTest" name="editUserAccount" time="15.316"/>
</testsuite> <!-- User Module Test -->
