<?xml version="1.0" encoding="UTF-8"?>
<!-- Generated by org.testng.reporters.JUnitXMLReporter -->
<testsuite ignored="0" hostname="000D2023258" failures="1" tests="11" name="User Module Test" time="286.989" errors="0" timestamp="2024-04-30T11:00:32 CST">
  <testcase classname="automation.AdminTest.UserModuleTest" name="exitEnrollmentAlert" time="14.236"/>
  <testcase classname="automation.AdminTest.UserModuleTest" name="getCopyUserName" time="16.379"/>
  <testcase classname="automation.AdminTest.UserModuleTest" name="getCopyUserPassword" time="14.594"/>
  <testcase classname="automation.AdminTest.UserModuleTest" name="userEmailDupValidation" time="15.826"/>
  <testcase classname="automation.AdminTest.UserModuleTest" name="userPagePagenation" time="21.46"/>
  <testcase classname="automation.AdminTest.UserModuleTest" name="userPageSelectRow" time="25.827">
    <failure type="java.lang.AssertionError" message="expected [true] but found [false]">
      <![CDATA[java.lang.AssertionError: expected [true] but found [false]
at automation.AdminTest.UserModuleTest.userPageSelectRow(UserModuleTest.java:126)
at java.base/java.util.ArrayList.forEach(ArrayList.java:1596)
... Removed 33 stack frames]]>
    </failure>
  </testcase> <!-- userPageSelectRow -->
  <testcase classname="automation.AdminTest.UserModuleTest" name="adminEnrollment" time="27.205"/>
  <testcase classname="automation.AdminTest.UserModuleTest" name="cashierEnrollment" time="31.948"/>
  <testcase classname="automation.AdminTest.UserModuleTest" name="encoderEnrollment" time="31.258"/>
  <testcase classname="automation.AdminTest.UserModuleTest" name="managerEnrollment" time="31.288"/>
  <testcase classname="automation.AdminTest.UserModuleTest" name="editUserAccount" time="15.554"/>
</testsuite> <!-- User Module Test -->
