<?xml version="1.0" encoding="UTF-8"?>
<!-- Generated by org.testng.reporters.JUnitXMLReporter -->
<testsuite ignored="0" hostname="000D2023258" failures="1" tests="11" name="User Module Test" time="322.919" errors="0" timestamp="2024-05-04T10:20:15 CST">
  <testcase classname="automation.AdminTest.UserModuleTest" name="exitEnrollmentAlert" time="14.895"/>
  <testcase classname="automation.AdminTest.UserModuleTest" name="getCopyUserName" time="17.196"/>
  <testcase classname="automation.AdminTest.UserModuleTest" name="getCopyUserPassword" time="15.046"/>
  <testcase classname="automation.AdminTest.UserModuleTest" name="userEmailDupValidation" time="15.777"/>
  <testcase classname="automation.AdminTest.UserModuleTest" name="userPagePagenation" time="16.455"/>
  <testcase classname="automation.AdminTest.UserModuleTest" name="userPageSelectRow" time="26.282">
    <failure type="java.lang.AssertionError" message="expected [true] but found [false]">
      <![CDATA[java.lang.AssertionError: expected [true] but found [false]
at automation.AdminTest.UserModuleTest.userPageSelectRow(UserModuleTest.java:126)
at java.base/java.util.ArrayList.forEach(ArrayList.java:1596)
... Removed 33 stack frames]]>
    </failure>
  </testcase> <!-- userPageSelectRow -->
  <testcase classname="automation.AdminTest.UserModuleTest" name="adminEnrollment" time="28.598"/>
  <testcase classname="automation.AdminTest.UserModuleTest" name="cashierEnrollment" time="33.489"/>
  <testcase classname="automation.AdminTest.UserModuleTest" name="encoderEnrollment" time="35.4"/>
  <testcase classname="automation.AdminTest.UserModuleTest" name="managerEnrollment" time="34.754"/>
  <testcase classname="automation.AdminTest.UserModuleTest" name="editUserAccount" time="18.314"/>
</testsuite> <!-- User Module Test -->
