<?xml version="1.0" encoding="UTF-8"?>
<!-- Generated by org.testng.reporters.JUnitXMLReporter -->
<testsuite ignored="0" hostname="000D2023258" failures="0" tests="11" name="User Module Test" time="320.629" errors="0" timestamp="2024-05-06T15:33:14 CST">
  <testcase classname="automation.AdminTest.UserModuleTest" name="exitEnrollmentAlert" time="14.994"/>
  <testcase classname="automation.AdminTest.UserModuleTest" name="getCopyUserName" time="17.857"/>
  <testcase classname="automation.AdminTest.UserModuleTest" name="getCopyUserPassword" time="20.91"/>
  <testcase classname="automation.AdminTest.UserModuleTest" name="userEmailDupValidation" time="16.249"/>
  <testcase classname="automation.AdminTest.UserModuleTest" name="userPagePagenation" time="20.666"/>
  <testcase classname="automation.AdminTest.UserModuleTest" name="userPageSelectRow" time="26.068"/>
  <testcase classname="automation.AdminTest.UserModuleTest" name="adminEnrollment" time="28.065"/>
  <testcase classname="automation.AdminTest.UserModuleTest" name="cashierEnrollment" time="32.945"/>
  <testcase classname="automation.AdminTest.UserModuleTest" name="encoderEnrollment" time="32.9"/>
  <testcase classname="automation.AdminTest.UserModuleTest" name="managerEnrollment" time="33.165"/>
  <testcase classname="automation.AdminTest.UserModuleTest" name="editUserAccount" time="17.241"/>
</testsuite> <!-- User Module Test -->
