<?xml version="1.0" encoding="UTF-8"?>
<!-- Generated by org.testng.reporters.JUnitXMLReporter -->
<testsuite ignored="0" hostname="000D2023258" failures="3" tests="9" name="User Module Test" time="257.232" errors="0" timestamp="2024-02-02T14:54:56 CST">
  <testcase classname="automation.AdminTest.UserModuleTest" name="exitEnrollmentAlert" time="15.022"/>
  <testcase classname="automation.AdminTest.UserModuleTest" name="getCopyUserName" time="16.946">
    <failure type="java.lang.AssertionError" message="expected [true] but found [false]">
      <![CDATA[java.lang.AssertionError: expected [true] but found [false]
at automation.AdminTest.UserModuleTest.getCopyUserName(UserModuleTest.java:124)
at java.base/java.util.ArrayList.forEach(ArrayList.java:1596)
... Removed 33 stack frames]]>
    </failure>
  </testcase> <!-- getCopyUserName -->
  <testcase classname="automation.AdminTest.UserModuleTest" name="getCopyUserPassword" time="17.412">
    <failure type="java.lang.AssertionError" message="expected [true] but found [false]">
      <![CDATA[java.lang.AssertionError: expected [true] but found [false]
at automation.AdminTest.UserModuleTest.getCopyUserPassword(UserModuleTest.java:135)
at java.base/java.util.ArrayList.forEach(ArrayList.java:1596)
... Removed 33 stack frames]]>
    </failure>
  </testcase> <!-- getCopyUserPassword -->
  <testcase classname="automation.AdminTest.UserModuleTest" name="userEmailDupValidation" time="18.059"/>
  <testcase classname="automation.AdminTest.UserModuleTest" name="userPagePagenation" time="23.914"/>
  <testcase classname="automation.AdminTest.UserModuleTest" name="userPageSelectRow" time="26.915"/>
  <testcase classname="automation.AdminTest.UserModuleTest" name="adminEnrollment" time="30.388"/>
  <testcase classname="automation.AdminTest.UserModuleTest" name="encoderEnrollment" time="37.514">
    <failure type="java.lang.AssertionError" message="expected [true] but found [false]">
      <![CDATA[java.lang.AssertionError: expected [true] but found [false]
at automation.AdminTest.UserModuleTest.encoderEnrollment(UserModuleTest.java:55)
at java.base/java.util.ArrayList.forEach(ArrayList.java:1596)
... Removed 33 stack frames]]>
    </failure>
  </testcase> <!-- encoderEnrollment -->
  <testcase classname="automation.AdminTest.UserModuleTest" name="editUserAccount" time="20.732"/>
</testsuite> <!-- User Module Test -->
