<?xml version="1.0" encoding="UTF-8"?>
<testng-results ignored="0" total="31" passed="31" failed="0" skipped="0">
  <reporter-output>
  </reporter-output>
  <suite started-at="2024-01-31T11:32:14 CST" name="Suite" finished-at="2024-01-31T11:47:09 CST" duration-ms="894608">
    <groups>
      <group name="ErrorHandling">
        <method signature="AllLoginTest.loginWithInvalidPassword()[pri:0, instance:automation.AdminTest.AllLoginTest@76494737]" name="loginWithInvalidPassword" class="automation.AdminTest.AllLoginTest"/>
        <method signature="AllLoginTest.loginWithInvalidUserName()[pri:0, instance:automation.AdminTest.AllLoginTest@76494737]" name="loginWithInvalidUserName" class="automation.AdminTest.AllLoginTest"/>
        <method signature="AllLoginTest.loginWithoutAccess()[pri:0, instance:automation.AdminTest.AllLoginTest@76494737]" name="loginWithoutAccess" class="automation.AdminTest.AllLoginTest"/>
        <method signature="AreaCreationTest.areaCodeDupValidation()[pri:0, instance:automation.AdminTest.AreaCreationTest@1807f5a7]" name="areaCodeDupValidation" class="automation.AdminTest.AreaCreationTest"/>
        <method signature="AreaCreationTest.areaNameDupValidation(java.util.HashMap)[pri:0, instance:automation.AdminTest.AreaCreationTest@1807f5a7]" name="areaNameDupValidation" class="automation.AdminTest.AreaCreationTest"/>
        <method signature="AreaCreationTest.fixedRateMaxLimit()[pri:0, instance:automation.AdminTest.AreaCreationTest@1807f5a7]" name="fixedRateMaxLimit" class="automation.AdminTest.AreaCreationTest"/>
        <method signature="UserEnrollmentTest.userEmailDupValidation(java.util.HashMap)[pri:0, instance:automation.AdminTest.UserEnrollmentTest@7d3e8655]" name="userEmailDupValidation" class="automation.AdminTest.UserEnrollmentTest"/>
      </group> <!-- ErrorHandling -->
      <group name="Creation">
        <method signature="AreaCreationTest.areaCreation()[pri:0, instance:automation.AdminTest.AreaCreationTest@1807f5a7]" name="areaCreation" class="automation.AdminTest.AreaCreationTest"/>
        <method signature="UserEnrollmentTest.userEnrollment()[pri:0, instance:automation.AdminTest.UserEnrollmentTest@7d3e8655]" name="userEnrollment" class="automation.AdminTest.UserEnrollmentTest"/>
      </group> <!-- Creation -->
    </groups>
    <test started-at="2024-01-31T11:32:14 CST" name="Login Test" finished-at="2024-01-31T11:33:16 CST" duration-ms="61283">
      <class name="automation.AdminTest.AllLoginTest">
        <test-method is-config="true" signature="launchApplication()[pri:0, instance:automation.AdminTest.AllLoginTest@76494737]" started-at="2024-01-31T11:32:14 CST" name="launchApplication" finished-at="2024-01-31T11:32:26 CST" duration-ms="11978" status="PASS">
          <reporter-output>
          </reporter-output>
        </test-method> <!-- launchApplication -->
        <test-method signature="loginWithAccess()[pri:0, instance:automation.AdminTest.AllLoginTest@76494737]" started-at="2024-01-31T11:32:26 CST" name="loginWithAccess" finished-at="2024-01-31T11:32:40 CST" duration-ms="13581" status="PASS">
          <reporter-output>
          </reporter-output>
        </test-method> <!-- loginWithAccess -->
        <test-method is-config="true" signature="tearDown()[pri:0, instance:automation.AdminTest.AllLoginTest@76494737]" started-at="2024-01-31T11:32:40 CST" name="tearDown" finished-at="2024-01-31T11:32:41 CST" duration-ms="1149" status="PASS">
          <reporter-output>
          </reporter-output>
        </test-method> <!-- tearDown -->
        <test-method is-config="true" signature="launchApplication()[pri:0, instance:automation.AdminTest.AllLoginTest@76494737]" started-at="2024-01-31T11:32:41 CST" name="launchApplication" finished-at="2024-01-31T11:32:48 CST" duration-ms="7006" status="PASS">
          <reporter-output>
          </reporter-output>
        </test-method> <!-- launchApplication -->
        <test-method signature="loginWithInvalidPassword()[pri:0, instance:automation.AdminTest.AllLoginTest@76494737]" started-at="2024-01-31T11:32:48 CST" name="loginWithInvalidPassword" finished-at="2024-01-31T11:32:53 CST" duration-ms="4864" status="PASS">
          <reporter-output>
          </reporter-output>
        </test-method> <!-- loginWithInvalidPassword -->
        <test-method is-config="true" signature="tearDown()[pri:0, instance:automation.AdminTest.AllLoginTest@76494737]" started-at="2024-01-31T11:32:53 CST" name="tearDown" finished-at="2024-01-31T11:32:54 CST" duration-ms="1208" status="PASS">
          <reporter-output>
          </reporter-output>
        </test-method> <!-- tearDown -->
        <test-method is-config="true" signature="launchApplication()[pri:0, instance:automation.AdminTest.AllLoginTest@76494737]" started-at="2024-01-31T11:32:54 CST" name="launchApplication" finished-at="2024-01-31T11:33:01 CST" duration-ms="6539" status="PASS">
          <reporter-output>
          </reporter-output>
        </test-method> <!-- launchApplication -->
        <test-method signature="loginWithInvalidUserName()[pri:0, instance:automation.AdminTest.AllLoginTest@76494737]" started-at="2024-01-31T11:33:01 CST" name="loginWithInvalidUserName" finished-at="2024-01-31T11:33:04 CST" duration-ms="3002" status="PASS">
          <reporter-output>
          </reporter-output>
        </test-method> <!-- loginWithInvalidUserName -->
        <test-method is-config="true" signature="tearDown()[pri:0, instance:automation.AdminTest.AllLoginTest@76494737]" started-at="2024-01-31T11:33:04 CST" name="tearDown" finished-at="2024-01-31T11:33:05 CST" duration-ms="1201" status="PASS">
          <reporter-output>
          </reporter-output>
        </test-method> <!-- tearDown -->
        <test-method is-config="true" signature="launchApplication()[pri:0, instance:automation.AdminTest.AllLoginTest@76494737]" started-at="2024-01-31T11:33:05 CST" name="launchApplication" finished-at="2024-01-31T11:33:12 CST" duration-ms="6779" status="PASS">
          <reporter-output>
          </reporter-output>
        </test-method> <!-- launchApplication -->
        <test-method signature="loginWithoutAccess()[pri:0, instance:automation.AdminTest.AllLoginTest@76494737]" started-at="2024-01-31T11:33:12 CST" name="loginWithoutAccess" finished-at="2024-01-31T11:33:15 CST" duration-ms="2785" status="PASS">
          <reporter-output>
          </reporter-output>
        </test-method> <!-- loginWithoutAccess -->
        <test-method is-config="true" signature="tearDown()[pri:0, instance:automation.AdminTest.AllLoginTest@76494737]" started-at="2024-01-31T11:33:15 CST" name="tearDown" finished-at="2024-01-31T11:33:16 CST" duration-ms="1113" status="PASS">
          <reporter-output>
          </reporter-output>
        </test-method> <!-- tearDown -->
      </class> <!-- automation.AdminTest.AllLoginTest -->
    </test> <!-- Login Test -->
    <test started-at="2024-01-31T11:33:16 CST" name="Parking Area Ceation Test" finished-at="2024-01-31T11:38:12 CST" duration-ms="295664">
      <class name="automation.AdminTest.AreaCreationTest">
        <test-method is-config="true" signature="launchApplication()[pri:0, instance:automation.AdminTest.AreaCreationTest@1807f5a7]" started-at="2024-01-31T11:33:16 CST" name="launchApplication" finished-at="2024-01-31T11:33:23 CST" duration-ms="6838" status="PASS">
          <reporter-output>
          </reporter-output>
        </test-method> <!-- launchApplication -->
        <test-method signature="areaCodeDupValidation()[pri:0, instance:automation.AdminTest.AreaCreationTest@1807f5a7]" started-at="2024-01-31T11:33:23 CST" name="areaCodeDupValidation" finished-at="2024-01-31T11:33:46 CST" duration-ms="22212" status="PASS">
          <reporter-output>
          </reporter-output>
        </test-method> <!-- areaCodeDupValidation -->
        <test-method is-config="true" signature="tearDown()[pri:0, instance:automation.AdminTest.AreaCreationTest@1807f5a7]" started-at="2024-01-31T11:33:46 CST" name="tearDown" finished-at="2024-01-31T11:33:47 CST" duration-ms="1146" status="PASS">
          <reporter-output>
          </reporter-output>
        </test-method> <!-- tearDown -->
        <test-method is-config="true" signature="launchApplication()[pri:0, instance:automation.AdminTest.AreaCreationTest@1807f5a7]" started-at="2024-01-31T11:33:47 CST" name="launchApplication" finished-at="2024-01-31T11:33:53 CST" duration-ms="6537" status="PASS">
          <reporter-output>
          </reporter-output>
        </test-method> <!-- launchApplication -->
        <test-method signature="areaCreation()[pri:0, instance:automation.AdminTest.AreaCreationTest@1807f5a7]" started-at="2024-01-31T11:33:53 CST" name="areaCreation" finished-at="2024-01-31T11:34:25 CST" duration-ms="31711" status="PASS">
          <reporter-output>
          </reporter-output>
        </test-method> <!-- areaCreation -->
        <test-method is-config="true" signature="tearDown()[pri:0, instance:automation.AdminTest.AreaCreationTest@1807f5a7]" started-at="2024-01-31T11:34:25 CST" name="tearDown" finished-at="2024-01-31T11:34:26 CST" duration-ms="1145" status="PASS">
          <reporter-output>
          </reporter-output>
        </test-method> <!-- tearDown -->
        <test-method is-config="true" signature="launchApplication()[pri:0, instance:automation.AdminTest.AreaCreationTest@1807f5a7]" started-at="2024-01-31T11:34:27 CST" name="launchApplication" finished-at="2024-01-31T11:34:33 CST" duration-ms="6671" status="PASS">
          <reporter-output>
          </reporter-output>
        </test-method> <!-- launchApplication -->
        <test-method signature="areaNameDupValidation(java.util.HashMap)[pri:0, instance:automation.AdminTest.AreaCreationTest@1807f5a7]" started-at="2024-01-31T11:34:33 CST" name="areaNameDupValidation" data-provider="getData" finished-at="2024-01-31T11:34:59 CST" duration-ms="25860" status="PASS">
          <params>
            <param index="0">
              <value>
                <![CDATA[{password=Password1!, mobileNumber=987654321, username=renAdmin}]]>
              </value>
            </param>
          </params>
          <reporter-output>
          </reporter-output>
        </test-method> <!-- areaNameDupValidation -->
        <test-method is-config="true" signature="tearDown()[pri:0, instance:automation.AdminTest.AreaCreationTest@1807f5a7]" started-at="2024-01-31T11:34:59 CST" name="tearDown" finished-at="2024-01-31T11:35:00 CST" duration-ms="1161" status="PASS">
          <reporter-output>
          </reporter-output>
        </test-method> <!-- tearDown -->
        <test-method is-config="true" signature="launchApplication()[pri:0, instance:automation.AdminTest.AreaCreationTest@1807f5a7]" started-at="2024-01-31T11:35:00 CST" name="launchApplication" finished-at="2024-01-31T11:35:07 CST" duration-ms="6753" status="PASS">
          <reporter-output>
          </reporter-output>
        </test-method> <!-- launchApplication -->
        <test-method signature="areaPagePagenation()[pri:0, instance:automation.AdminTest.AreaCreationTest@1807f5a7]" started-at="2024-01-31T11:35:07 CST" name="areaPagePagenation" finished-at="2024-01-31T11:35:53 CST" duration-ms="45567" status="PASS">
          <reporter-output>
          </reporter-output>
        </test-method> <!-- areaPagePagenation -->
        <test-method is-config="true" signature="tearDown()[pri:0, instance:automation.AdminTest.AreaCreationTest@1807f5a7]" started-at="2024-01-31T11:35:53 CST" name="tearDown" finished-at="2024-01-31T11:35:54 CST" duration-ms="1131" status="PASS">
          <reporter-output>
          </reporter-output>
        </test-method> <!-- tearDown -->
        <test-method is-config="true" signature="launchApplication()[pri:0, instance:automation.AdminTest.AreaCreationTest@1807f5a7]" started-at="2024-01-31T11:35:54 CST" name="launchApplication" finished-at="2024-01-31T11:36:01 CST" duration-ms="7672" status="PASS">
          <reporter-output>
          </reporter-output>
        </test-method> <!-- launchApplication -->
        <test-method signature="areaPageSelectRow()[pri:0, instance:automation.AdminTest.AreaCreationTest@1807f5a7]" started-at="2024-01-31T11:36:01 CST" name="areaPageSelectRow" finished-at="2024-01-31T11:36:28 CST" duration-ms="26334" status="PASS">
          <reporter-output>
          </reporter-output>
        </test-method> <!-- areaPageSelectRow -->
        <test-method is-config="true" signature="tearDown()[pri:0, instance:automation.AdminTest.AreaCreationTest@1807f5a7]" started-at="2024-01-31T11:36:28 CST" name="tearDown" finished-at="2024-01-31T11:36:29 CST" duration-ms="1142" status="PASS">
          <reporter-output>
          </reporter-output>
        </test-method> <!-- tearDown -->
        <test-method is-config="true" signature="launchApplication()[pri:0, instance:automation.AdminTest.AreaCreationTest@1807f5a7]" started-at="2024-01-31T11:36:29 CST" name="launchApplication" finished-at="2024-01-31T11:36:35 CST" duration-ms="6459" status="PASS">
          <reporter-output>
          </reporter-output>
        </test-method> <!-- launchApplication -->
        <test-method signature="editParkingArea()[pri:0, instance:automation.AdminTest.AreaCreationTest@1807f5a7]" started-at="2024-01-31T11:36:35 CST" name="editParkingArea" finished-at="2024-01-31T11:37:04 CST" duration-ms="28521" status="PASS">
          <reporter-output>
          </reporter-output>
        </test-method> <!-- editParkingArea -->
        <test-method is-config="true" signature="tearDown()[pri:0, instance:automation.AdminTest.AreaCreationTest@1807f5a7]" started-at="2024-01-31T11:37:04 CST" name="tearDown" finished-at="2024-01-31T11:37:05 CST" duration-ms="1136" status="PASS">
          <reporter-output>
          </reporter-output>
        </test-method> <!-- tearDown -->
        <test-method is-config="true" signature="launchApplication()[pri:0, instance:automation.AdminTest.AreaCreationTest@1807f5a7]" started-at="2024-01-31T11:37:05 CST" name="launchApplication" finished-at="2024-01-31T11:37:11 CST" duration-ms="6445" status="PASS">
          <reporter-output>
          </reporter-output>
        </test-method> <!-- launchApplication -->
        <test-method signature="exitCreationAlert()[pri:0, instance:automation.AdminTest.AreaCreationTest@1807f5a7]" started-at="2024-01-31T11:37:11 CST" name="exitCreationAlert" finished-at="2024-01-31T11:37:30 CST" duration-ms="18877" status="PASS">
          <reporter-output>
          </reporter-output>
        </test-method> <!-- exitCreationAlert -->
        <test-method is-config="true" signature="tearDown()[pri:0, instance:automation.AdminTest.AreaCreationTest@1807f5a7]" started-at="2024-01-31T11:37:30 CST" name="tearDown" finished-at="2024-01-31T11:37:31 CST" duration-ms="1144" status="PASS">
          <reporter-output>
          </reporter-output>
        </test-method> <!-- tearDown -->
        <test-method is-config="true" signature="launchApplication()[pri:0, instance:automation.AdminTest.AreaCreationTest@1807f5a7]" started-at="2024-01-31T11:37:31 CST" name="launchApplication" finished-at="2024-01-31T11:37:42 CST" duration-ms="10117" status="PASS">
          <reporter-output>
          </reporter-output>
        </test-method> <!-- launchApplication -->
        <test-method signature="fixedRateMaxLimit()[pri:0, instance:automation.AdminTest.AreaCreationTest@1807f5a7]" started-at="2024-01-31T11:37:42 CST" name="fixedRateMaxLimit" finished-at="2024-01-31T11:38:11 CST" duration-ms="29474" status="PASS">
          <reporter-output>
          </reporter-output>
        </test-method> <!-- fixedRateMaxLimit -->
        <test-method is-config="true" signature="tearDown()[pri:0, instance:automation.AdminTest.AreaCreationTest@1807f5a7]" started-at="2024-01-31T11:38:11 CST" name="tearDown" finished-at="2024-01-31T11:38:12 CST" duration-ms="1114" status="PASS">
          <reporter-output>
          </reporter-output>
        </test-method> <!-- tearDown -->
      </class> <!-- automation.AdminTest.AreaCreationTest -->
    </test> <!-- Parking Area Ceation Test -->
    <test started-at="2024-01-31T11:38:12 CST" name="User Enrollment Test" finished-at="2024-01-31T11:40:58 CST" duration-ms="165521">
      <class name="automation.AdminTest.UserEnrollmentTest">
        <test-method is-config="true" signature="launchApplication()[pri:0, instance:automation.AdminTest.UserEnrollmentTest@7d3e8655]" started-at="2024-01-31T11:38:12 CST" name="launchApplication" finished-at="2024-01-31T11:38:19 CST" duration-ms="6691" status="PASS">
          <reporter-output>
          </reporter-output>
        </test-method> <!-- launchApplication -->
        <test-method signature="editUserAccount()[pri:0, instance:automation.AdminTest.UserEnrollmentTest@7d3e8655]" started-at="2024-01-31T11:38:19 CST" name="editUserAccount" finished-at="2024-01-31T11:38:39 CST" duration-ms="19623" status="PASS">
          <reporter-output>
          </reporter-output>
        </test-method> <!-- editUserAccount -->
        <test-method is-config="true" signature="tearDown()[pri:0, instance:automation.AdminTest.UserEnrollmentTest@7d3e8655]" started-at="2024-01-31T11:38:39 CST" name="tearDown" finished-at="2024-01-31T11:38:40 CST" duration-ms="1143" status="PASS">
          <reporter-output>
          </reporter-output>
        </test-method> <!-- tearDown -->
        <test-method is-config="true" signature="launchApplication()[pri:0, instance:automation.AdminTest.UserEnrollmentTest@7d3e8655]" started-at="2024-01-31T11:38:40 CST" name="launchApplication" finished-at="2024-01-31T11:38:46 CST" duration-ms="6512" status="PASS">
          <reporter-output>
          </reporter-output>
        </test-method> <!-- launchApplication -->
        <test-method signature="exitEnrollmentAlert()[pri:0, instance:automation.AdminTest.UserEnrollmentTest@7d3e8655]" started-at="2024-01-31T11:38:46 CST" name="exitEnrollmentAlert" finished-at="2024-01-31T11:39:05 CST" duration-ms="18893" status="PASS">
          <reporter-output>
          </reporter-output>
        </test-method> <!-- exitEnrollmentAlert -->
        <test-method is-config="true" signature="tearDown()[pri:0, instance:automation.AdminTest.UserEnrollmentTest@7d3e8655]" started-at="2024-01-31T11:39:05 CST" name="tearDown" finished-at="2024-01-31T11:39:06 CST" duration-ms="1332" status="PASS">
          <reporter-output>
          </reporter-output>
        </test-method> <!-- tearDown -->
        <test-method is-config="true" signature="launchApplication()[pri:0, instance:automation.AdminTest.UserEnrollmentTest@7d3e8655]" started-at="2024-01-31T11:39:06 CST" name="launchApplication" finished-at="2024-01-31T11:39:13 CST" duration-ms="6774" status="PASS">
          <reporter-output>
          </reporter-output>
        </test-method> <!-- launchApplication -->
        <test-method signature="userEmailDupValidation(java.util.HashMap)[pri:0, instance:automation.AdminTest.UserEnrollmentTest@7d3e8655]" started-at="2024-01-31T11:39:13 CST" name="userEmailDupValidation" data-provider="getData" finished-at="2024-01-31T11:39:28 CST" duration-ms="14651" status="PASS">
          <params>
            <param index="0">
              <value>
                <![CDATA[{password=Password1!, mobileNumber=987654321, username=renAdmin}]]>
              </value>
            </param>
          </params>
          <reporter-output>
          </reporter-output>
        </test-method> <!-- userEmailDupValidation -->
        <test-method is-config="true" signature="tearDown()[pri:0, instance:automation.AdminTest.UserEnrollmentTest@7d3e8655]" started-at="2024-01-31T11:39:28 CST" name="tearDown" finished-at="2024-01-31T11:39:29 CST" duration-ms="1125" status="PASS">
          <reporter-output>
          </reporter-output>
        </test-method> <!-- tearDown -->
        <test-method is-config="true" signature="launchApplication()[pri:0, instance:automation.AdminTest.UserEnrollmentTest@7d3e8655]" started-at="2024-01-31T11:39:29 CST" name="launchApplication" finished-at="2024-01-31T11:39:36 CST" duration-ms="6657" status="PASS">
          <reporter-output>
          </reporter-output>
        </test-method> <!-- launchApplication -->
        <test-method signature="userEnrollment()[pri:0, instance:automation.AdminTest.UserEnrollmentTest@7d3e8655]" started-at="2024-01-31T11:39:36 CST" name="userEnrollment" finished-at="2024-01-31T11:39:52 CST" duration-ms="16652" status="PASS">
          <reporter-output>
          </reporter-output>
        </test-method> <!-- userEnrollment -->
        <test-method is-config="true" signature="tearDown()[pri:0, instance:automation.AdminTest.UserEnrollmentTest@7d3e8655]" started-at="2024-01-31T11:39:52 CST" name="tearDown" finished-at="2024-01-31T11:39:53 CST" duration-ms="1128" status="PASS">
          <reporter-output>
          </reporter-output>
        </test-method> <!-- tearDown -->
        <test-method is-config="true" signature="launchApplication()[pri:0, instance:automation.AdminTest.UserEnrollmentTest@7d3e8655]" started-at="2024-01-31T11:39:53 CST" name="launchApplication" finished-at="2024-01-31T11:40:00 CST" duration-ms="6607" status="PASS">
          <reporter-output>
          </reporter-output>
        </test-method> <!-- launchApplication -->
        <test-method signature="userPagePagenation()[pri:0, instance:automation.AdminTest.UserEnrollmentTest@7d3e8655]" started-at="2024-01-31T11:40:00 CST" name="userPagePagenation" finished-at="2024-01-31T11:40:24 CST" duration-ms="23665" status="PASS">
          <reporter-output>
          </reporter-output>
        </test-method> <!-- userPagePagenation -->
        <test-method is-config="true" signature="tearDown()[pri:0, instance:automation.AdminTest.UserEnrollmentTest@7d3e8655]" started-at="2024-01-31T11:40:24 CST" name="tearDown" finished-at="2024-01-31T11:40:25 CST" duration-ms="1141" status="PASS">
          <reporter-output>
          </reporter-output>
        </test-method> <!-- tearDown -->
        <test-method is-config="true" signature="launchApplication()[pri:0, instance:automation.AdminTest.UserEnrollmentTest@7d3e8655]" started-at="2024-01-31T11:40:25 CST" name="launchApplication" finished-at="2024-01-31T11:40:31 CST" duration-ms="6441" status="PASS">
          <reporter-output>
          </reporter-output>
        </test-method> <!-- launchApplication -->
        <test-method signature="userPageSelectRow()[pri:0, instance:automation.AdminTest.UserEnrollmentTest@7d3e8655]" started-at="2024-01-31T11:40:31 CST" name="userPageSelectRow" finished-at="2024-01-31T11:40:57 CST" duration-ms="26160" status="PASS">
          <reporter-output>
          </reporter-output>
        </test-method> <!-- userPageSelectRow -->
        <test-method is-config="true" signature="tearDown()[pri:0, instance:automation.AdminTest.UserEnrollmentTest@7d3e8655]" started-at="2024-01-31T11:40:57 CST" name="tearDown" finished-at="2024-01-31T11:40:58 CST" duration-ms="299" status="PASS">
          <reporter-output>
          </reporter-output>
        </test-method> <!-- tearDown -->
      </class> <!-- automation.AdminTest.UserEnrollmentTest -->
    </test> <!-- User Enrollment Test -->
    <test started-at="2024-01-31T11:40:58 CST" name="Filter And Search Test" finished-at="2024-01-31T11:43:29 CST" duration-ms="151506">
      <class name="automation.AdminTest.FilterAndSearchTest">
        <test-method is-config="true" signature="launchApplication()[pri:0, instance:automation.AdminTest.FilterAndSearchTest@6cd24612]" started-at="2024-01-31T11:40:58 CST" name="launchApplication" finished-at="2024-01-31T11:41:06 CST" duration-ms="7822" status="PASS">
          <reporter-output>
          </reporter-output>
        </test-method> <!-- launchApplication -->
        <test-method signature="filterByAdminRole()[pri:0, instance:automation.AdminTest.FilterAndSearchTest@6cd24612]" started-at="2024-01-31T11:41:06 CST" name="filterByAdminRole" finished-at="2024-01-31T11:41:17 CST" duration-ms="10867" status="PASS">
          <reporter-output>
          </reporter-output>
        </test-method> <!-- filterByAdminRole -->
        <test-method is-config="true" signature="tearDown()[pri:0, instance:automation.AdminTest.FilterAndSearchTest@6cd24612]" started-at="2024-01-31T11:41:17 CST" name="tearDown" finished-at="2024-01-31T11:41:18 CST" duration-ms="1129" status="PASS">
          <reporter-output>
          </reporter-output>
        </test-method> <!-- tearDown -->
        <test-method is-config="true" signature="launchApplication()[pri:0, instance:automation.AdminTest.FilterAndSearchTest@6cd24612]" started-at="2024-01-31T11:41:18 CST" name="launchApplication" finished-at="2024-01-31T11:41:24 CST" duration-ms="6535" status="PASS">
          <reporter-output>
          </reporter-output>
        </test-method> <!-- launchApplication -->
        <test-method signature="filterByEncoderRole()[pri:0, instance:automation.AdminTest.FilterAndSearchTest@6cd24612]" started-at="2024-01-31T11:41:24 CST" name="filterByEncoderRole" finished-at="2024-01-31T11:41:36 CST" duration-ms="11645" status="PASS">
          <reporter-output>
          </reporter-output>
        </test-method> <!-- filterByEncoderRole -->
        <test-method is-config="true" signature="tearDown()[pri:0, instance:automation.AdminTest.FilterAndSearchTest@6cd24612]" started-at="2024-01-31T11:41:36 CST" name="tearDown" finished-at="2024-01-31T11:41:37 CST" duration-ms="1114" status="PASS">
          <reporter-output>
          </reporter-output>
        </test-method> <!-- tearDown -->
        <test-method is-config="true" signature="launchApplication()[pri:0, instance:automation.AdminTest.FilterAndSearchTest@6cd24612]" started-at="2024-01-31T11:41:37 CST" name="launchApplication" finished-at="2024-01-31T11:41:44 CST" duration-ms="6691" status="PASS">
          <reporter-output>
          </reporter-output>
        </test-method> <!-- launchApplication -->
        <test-method signature="parkingAreaCodeSearch()[pri:0, instance:automation.AdminTest.FilterAndSearchTest@6cd24612]" started-at="2024-01-31T11:41:44 CST" name="parkingAreaCodeSearch" finished-at="2024-01-31T11:41:59 CST" duration-ms="14840" status="PASS">
          <reporter-output>
          </reporter-output>
        </test-method> <!-- parkingAreaCodeSearch -->
        <test-method is-config="true" signature="tearDown()[pri:0, instance:automation.AdminTest.FilterAndSearchTest@6cd24612]" started-at="2024-01-31T11:41:59 CST" name="tearDown" finished-at="2024-01-31T11:42:00 CST" duration-ms="1125" status="PASS">
          <reporter-output>
          </reporter-output>
        </test-method> <!-- tearDown -->
        <test-method is-config="true" signature="launchApplication()[pri:0, instance:automation.AdminTest.FilterAndSearchTest@6cd24612]" started-at="2024-01-31T11:42:00 CST" name="launchApplication" finished-at="2024-01-31T11:42:06 CST" duration-ms="6623" status="PASS">
          <reporter-output>
          </reporter-output>
        </test-method> <!-- launchApplication -->
        <test-method signature="parkingNameSearch()[pri:0, instance:automation.AdminTest.FilterAndSearchTest@6cd24612]" started-at="2024-01-31T11:42:06 CST" name="parkingNameSearch" finished-at="2024-01-31T11:42:19 CST" duration-ms="12560" status="PASS">
          <reporter-output>
          </reporter-output>
        </test-method> <!-- parkingNameSearch -->
        <test-method is-config="true" signature="tearDown()[pri:0, instance:automation.AdminTest.FilterAndSearchTest@6cd24612]" started-at="2024-01-31T11:42:19 CST" name="tearDown" finished-at="2024-01-31T11:42:20 CST" duration-ms="1130" status="PASS">
          <reporter-output>
          </reporter-output>
        </test-method> <!-- tearDown -->
        <test-method is-config="true" signature="launchApplication()[pri:0, instance:automation.AdminTest.FilterAndSearchTest@6cd24612]" started-at="2024-01-31T11:42:20 CST" name="launchApplication" finished-at="2024-01-31T11:42:26 CST" duration-ms="6491" status="PASS">
          <reporter-output>
          </reporter-output>
        </test-method> <!-- launchApplication -->
        <test-method signature="userEmailSearch()[pri:0, instance:automation.AdminTest.FilterAndSearchTest@6cd24612]" started-at="2024-01-31T11:42:26 CST" name="userEmailSearch" finished-at="2024-01-31T11:42:38 CST" duration-ms="11139" status="PASS">
          <reporter-output>
          </reporter-output>
        </test-method> <!-- userEmailSearch -->
        <test-method is-config="true" signature="tearDown()[pri:0, instance:automation.AdminTest.FilterAndSearchTest@6cd24612]" started-at="2024-01-31T11:42:38 CST" name="tearDown" finished-at="2024-01-31T11:42:39 CST" duration-ms="1134" status="PASS">
          <reporter-output>
          </reporter-output>
        </test-method> <!-- tearDown -->
        <test-method is-config="true" signature="launchApplication()[pri:0, instance:automation.AdminTest.FilterAndSearchTest@6cd24612]" started-at="2024-01-31T11:42:39 CST" name="launchApplication" finished-at="2024-01-31T11:42:49 CST" duration-ms="10281" status="PASS">
          <reporter-output>
          </reporter-output>
        </test-method> <!-- launchApplication -->
        <test-method signature="userLastNameSearch()[pri:0, instance:automation.AdminTest.FilterAndSearchTest@6cd24612]" started-at="2024-01-31T11:42:49 CST" name="userLastNameSearch" finished-at="2024-01-31T11:43:10 CST" duration-ms="20601" status="PASS">
          <reporter-output>
          </reporter-output>
        </test-method> <!-- userLastNameSearch -->
        <test-method is-config="true" signature="tearDown()[pri:0, instance:automation.AdminTest.FilterAndSearchTest@6cd24612]" started-at="2024-01-31T11:43:10 CST" name="tearDown" finished-at="2024-01-31T11:43:11 CST" duration-ms="1128" status="PASS">
          <reporter-output>
          </reporter-output>
        </test-method> <!-- tearDown -->
        <test-method is-config="true" signature="launchApplication()[pri:0, instance:automation.AdminTest.FilterAndSearchTest@6cd24612]" started-at="2024-01-31T11:43:11 CST" name="launchApplication" finished-at="2024-01-31T11:43:17 CST" duration-ms="6312" status="PASS">
          <reporter-output>
          </reporter-output>
        </test-method> <!-- launchApplication -->
        <test-method signature="userNameSearch()[pri:0, instance:automation.AdminTest.FilterAndSearchTest@6cd24612]" started-at="2024-01-31T11:43:17 CST" name="userNameSearch" finished-at="2024-01-31T11:43:28 CST" duration-ms="11191" status="PASS">
          <reporter-output>
          </reporter-output>
        </test-method> <!-- userNameSearch -->
        <test-method is-config="true" signature="tearDown()[pri:0, instance:automation.AdminTest.FilterAndSearchTest@6cd24612]" started-at="2024-01-31T11:43:28 CST" name="tearDown" finished-at="2024-01-31T11:43:29 CST" duration-ms="1131" status="PASS">
          <reporter-output>
          </reporter-output>
        </test-method> <!-- tearDown -->
      </class> <!-- automation.AdminTest.FilterAndSearchTest -->
    </test> <!-- Filter And Search Test -->
    <test started-at="2024-01-31T11:43:30 CST" name="Permission Test" finished-at="2024-01-31T11:47:09 CST" duration-ms="219540">
      <class name="automation.AdminTest.PermissionTest">
        <test-method is-config="true" signature="launchApplication()[pri:0, instance:automation.AdminTest.PermissionTest@38145825]" started-at="2024-01-31T11:43:30 CST" name="launchApplication" finished-at="2024-01-31T11:43:36 CST" duration-ms="6579" status="PASS">
          <reporter-output>
          </reporter-output>
        </test-method> <!-- launchApplication -->
        <test-method signature="setAllowExitToFalse()[pri:0, instance:automation.AdminTest.PermissionTest@38145825]" started-at="2024-01-31T11:43:36 CST" name="setAllowExitToFalse" finished-at="2024-01-31T11:44:24 CST" duration-ms="47944" status="PASS">
          <reporter-output>
          </reporter-output>
        </test-method> <!-- setAllowExitToFalse -->
        <test-method is-config="true" signature="tearDown()[pri:0, instance:automation.AdminTest.PermissionTest@38145825]" started-at="2024-01-31T11:44:24 CST" name="tearDown" finished-at="2024-01-31T11:44:25 CST" duration-ms="1136" status="PASS">
          <reporter-output>
          </reporter-output>
        </test-method> <!-- tearDown -->
        <test-method is-config="true" signature="launchApplication()[pri:0, instance:automation.AdminTest.PermissionTest@38145825]" started-at="2024-01-31T11:44:25 CST" name="launchApplication" finished-at="2024-01-31T11:44:32 CST" duration-ms="6627" status="PASS">
          <reporter-output>
          </reporter-output>
        </test-method> <!-- launchApplication -->
        <test-method signature="setAllowExitToTrue()[pri:0, instance:automation.AdminTest.PermissionTest@38145825]" started-at="2024-01-31T11:44:32 CST" name="setAllowExitToTrue" finished-at="2024-01-31T11:45:00 CST" duration-ms="28466" status="PASS">
          <reporter-output>
          </reporter-output>
        </test-method> <!-- setAllowExitToTrue -->
        <test-method is-config="true" signature="tearDown()[pri:0, instance:automation.AdminTest.PermissionTest@38145825]" started-at="2024-01-31T11:45:00 CST" name="tearDown" finished-at="2024-01-31T11:45:01 CST" duration-ms="1131" status="PASS">
          <reporter-output>
          </reporter-output>
        </test-method> <!-- tearDown -->
        <test-method is-config="true" signature="launchApplication()[pri:0, instance:automation.AdminTest.PermissionTest@38145825]" started-at="2024-01-31T11:45:01 CST" name="launchApplication" finished-at="2024-01-31T11:45:08 CST" duration-ms="6618" status="PASS">
          <reporter-output>
          </reporter-output>
        </test-method> <!-- launchApplication -->
        <test-method signature="userWithActiveStatus()[pri:0, instance:automation.AdminTest.PermissionTest@38145825]" started-at="2024-01-31T11:45:08 CST" name="userWithActiveStatus" finished-at="2024-01-31T11:45:32 CST" duration-ms="23615" status="PASS">
          <reporter-output>
          </reporter-output>
        </test-method> <!-- userWithActiveStatus -->
        <test-method is-config="true" signature="tearDown()[pri:0, instance:automation.AdminTest.PermissionTest@38145825]" started-at="2024-01-31T11:45:32 CST" name="tearDown" finished-at="2024-01-31T11:45:33 CST" duration-ms="1129" status="PASS">
          <reporter-output>
          </reporter-output>
        </test-method> <!-- tearDown -->
        <test-method is-config="true" signature="launchApplication()[pri:0, instance:automation.AdminTest.PermissionTest@38145825]" started-at="2024-01-31T11:45:33 CST" name="launchApplication" finished-at="2024-01-31T11:45:40 CST" duration-ms="6746" status="PASS">
          <reporter-output>
          </reporter-output>
        </test-method> <!-- launchApplication -->
        <test-method signature="userWithPaymentAcceptanceSetToFalse()[pri:0, instance:automation.AdminTest.PermissionTest@38145825]" started-at="2024-01-31T11:45:40 CST" name="userWithPaymentAcceptanceSetToFalse" finished-at="2024-01-31T11:46:05 CST" duration-ms="25264" status="PASS">
          <reporter-output>
          </reporter-output>
        </test-method> <!-- userWithPaymentAcceptanceSetToFalse -->
        <test-method is-config="true" signature="tearDown()[pri:0, instance:automation.AdminTest.PermissionTest@38145825]" started-at="2024-01-31T11:46:05 CST" name="tearDown" finished-at="2024-01-31T11:46:06 CST" duration-ms="1300" status="PASS">
          <reporter-output>
          </reporter-output>
        </test-method> <!-- tearDown -->
        <test-method is-config="true" signature="launchApplication()[pri:0, instance:automation.AdminTest.PermissionTest@38145825]" started-at="2024-01-31T11:46:06 CST" name="launchApplication" finished-at="2024-01-31T11:46:14 CST" duration-ms="7936" status="PASS">
          <reporter-output>
          </reporter-output>
        </test-method> <!-- launchApplication -->
        <test-method signature="userWithPaymentAcceptanceSetToTrue()[pri:0, instance:automation.AdminTest.PermissionTest@38145825]" started-at="2024-01-31T11:46:14 CST" name="userWithPaymentAcceptanceSetToTrue" finished-at="2024-01-31T11:46:41 CST" duration-ms="27119" status="PASS">
          <reporter-output>
          </reporter-output>
        </test-method> <!-- userWithPaymentAcceptanceSetToTrue -->
        <test-method is-config="true" signature="tearDown()[pri:0, instance:automation.AdminTest.PermissionTest@38145825]" started-at="2024-01-31T11:46:41 CST" name="tearDown" finished-at="2024-01-31T11:46:42 CST" duration-ms="1168" status="PASS">
          <reporter-output>
          </reporter-output>
        </test-method> <!-- tearDown -->
        <test-method is-config="true" signature="launchApplication()[pri:0, instance:automation.AdminTest.PermissionTest@38145825]" started-at="2024-01-31T11:46:42 CST" name="launchApplication" finished-at="2024-01-31T11:46:49 CST" duration-ms="6657" status="PASS">
          <reporter-output>
          </reporter-output>
        </test-method> <!-- launchApplication -->
        <test-method signature="userWithRestrictedStatus()[pri:0, instance:automation.AdminTest.PermissionTest@38145825]" started-at="2024-01-31T11:46:49 CST" name="userWithRestrictedStatus" finished-at="2024-01-31T11:47:08 CST" duration-ms="18937" status="PASS">
          <reporter-output>
          </reporter-output>
        </test-method> <!-- userWithRestrictedStatus -->
        <test-method is-config="true" signature="tearDown()[pri:0, instance:automation.AdminTest.PermissionTest@38145825]" started-at="2024-01-31T11:47:08 CST" name="tearDown" finished-at="2024-01-31T11:47:09 CST" duration-ms="1156" status="PASS">
          <reporter-output>
          </reporter-output>
        </test-method> <!-- tearDown -->
      </class> <!-- automation.AdminTest.PermissionTest -->
    </test> <!-- Permission Test -->
  </suite> <!-- Suite -->
</testng-results>
