<?xml version="1.0" encoding="UTF-8"?>
<testng-results ignored="0" total="25" passed="23" failed="2" skipped="0">
  <reporter-output>
  </reporter-output>
  <suite started-at="2024-01-31T08:50:15 CST" name="Suite" finished-at="2024-01-31T09:00:21 CST" duration-ms="606130">
    <groups>
      <group name="ErrorHandling">
        <method signature="AllLoginTest.loginWithInvalidPassword()[pri:0, instance:automation.AdminTest.AllLoginTest@76494737]" name="loginWithInvalidPassword" class="automation.AdminTest.AllLoginTest"/>
        <method signature="AllLoginTest.loginWithInvalidUserName()[pri:0, instance:automation.AdminTest.AllLoginTest@76494737]" name="loginWithInvalidUserName" class="automation.AdminTest.AllLoginTest"/>
        <method signature="AllLoginTest.loginWithoutAccess()[pri:0, instance:automation.AdminTest.AllLoginTest@76494737]" name="loginWithoutAccess" class="automation.AdminTest.AllLoginTest"/>
        <method signature="AreaCreationTest.areaCodeDupValidation()[pri:0, instance:automation.AdminTest.AreaCreationTest@1807f5a7]" name="areaCodeDupValidation" class="automation.AdminTest.AreaCreationTest"/>
        <method signature="AreaCreationTest.areaNameDupValidation(java.util.HashMap)[pri:0, instance:automation.AdminTest.AreaCreationTest@1807f5a7]" name="areaNameDupValidation" class="automation.AdminTest.AreaCreationTest"/>
        <method signature="AreaCreationTest.fixedRateMaxLimit()[pri:0, instance:automation.AdminTest.AreaCreationTest@1807f5a7]" name="fixedRateMaxLimit" class="automation.AdminTest.AreaCreationTest"/>
        <method signature="UserEnrollmentTest.userEmailDupValidation(java.util.HashMap)[pri:0, instance:automation.AdminTest.UserEnrollmentTest@7d3e8655]" name="userEmailDupValidation" class="automation.AdminTest.UserEnrollmentTest"/>
      </group> <!-- ErrorHandling -->
      <group name="Creation">
        <method signature="AreaCreationTest.areaCreation()[pri:0, instance:automation.AdminTest.AreaCreationTest@1807f5a7]" name="areaCreation" class="automation.AdminTest.AreaCreationTest"/>
        <method signature="UserEnrollmentTest.userEnrollment()[pri:0, instance:automation.AdminTest.UserEnrollmentTest@7d3e8655]" name="userEnrollment" class="automation.AdminTest.UserEnrollmentTest"/>
      </group> <!-- Creation -->
    </groups>
    <test started-at="2024-01-31T08:50:15 CST" name="Login Test" finished-at="2024-01-31T08:51:06 CST" duration-ms="51100">
      <class name="automation.AdminTest.AllLoginTest">
        <test-method is-config="true" signature="launchApplication()[pri:0, instance:automation.AdminTest.AllLoginTest@76494737]" started-at="2024-01-31T08:50:15 CST" name="launchApplication" finished-at="2024-01-31T08:50:29 CST" duration-ms="13827" status="PASS">
          <reporter-output>
          </reporter-output>
        </test-method> <!-- launchApplication -->
        <test-method signature="loginWithAccess()[pri:0, instance:automation.AdminTest.AllLoginTest@76494737]" started-at="2024-01-31T08:50:29 CST" name="loginWithAccess" finished-at="2024-01-31T08:50:44 CST" duration-ms="15680" status="PASS">
          <reporter-output>
          </reporter-output>
        </test-method> <!-- loginWithAccess -->
        <test-method is-config="true" signature="tearDown()[pri:0, instance:automation.AdminTest.AllLoginTest@76494737]" started-at="2024-01-31T08:50:44 CST" name="tearDown" finished-at="2024-01-31T08:50:45 CST" duration-ms="872" status="PASS">
          <reporter-output>
          </reporter-output>
        </test-method> <!-- tearDown -->
        <test-method is-config="true" signature="launchApplication()[pri:0, instance:automation.AdminTest.AllLoginTest@76494737]" started-at="2024-01-31T08:50:45 CST" name="launchApplication" finished-at="2024-01-31T08:50:48 CST" duration-ms="2555" status="PASS">
          <reporter-output>
          </reporter-output>
        </test-method> <!-- launchApplication -->
        <test-method signature="loginWithInvalidPassword()[pri:0, instance:automation.AdminTest.AllLoginTest@76494737]" started-at="2024-01-31T08:50:48 CST" name="loginWithInvalidPassword" finished-at="2024-01-31T08:50:52 CST" duration-ms="4760" status="PASS">
          <reporter-output>
          </reporter-output>
        </test-method> <!-- loginWithInvalidPassword -->
        <test-method is-config="true" signature="tearDown()[pri:0, instance:automation.AdminTest.AllLoginTest@76494737]" started-at="2024-01-31T08:50:52 CST" name="tearDown" finished-at="2024-01-31T08:50:53 CST" duration-ms="736" status="PASS">
          <reporter-output>
          </reporter-output>
        </test-method> <!-- tearDown -->
        <test-method is-config="true" signature="launchApplication()[pri:0, instance:automation.AdminTest.AllLoginTest@76494737]" started-at="2024-01-31T08:50:53 CST" name="launchApplication" finished-at="2024-01-31T08:50:56 CST" duration-ms="2579" status="PASS">
          <reporter-output>
          </reporter-output>
        </test-method> <!-- launchApplication -->
        <test-method signature="loginWithInvalidUserName()[pri:0, instance:automation.AdminTest.AllLoginTest@76494737]" started-at="2024-01-31T08:50:56 CST" name="loginWithInvalidUserName" finished-at="2024-01-31T08:50:58 CST" duration-ms="2703" status="PASS">
          <reporter-output>
          </reporter-output>
        </test-method> <!-- loginWithInvalidUserName -->
        <test-method is-config="true" signature="tearDown()[pri:0, instance:automation.AdminTest.AllLoginTest@76494737]" started-at="2024-01-31T08:50:58 CST" name="tearDown" finished-at="2024-01-31T08:50:59 CST" duration-ms="660" status="PASS">
          <reporter-output>
          </reporter-output>
        </test-method> <!-- tearDown -->
        <test-method is-config="true" signature="launchApplication()[pri:0, instance:automation.AdminTest.AllLoginTest@76494737]" started-at="2024-01-31T08:50:59 CST" name="launchApplication" finished-at="2024-01-31T08:51:02 CST" duration-ms="3168" status="PASS">
          <reporter-output>
          </reporter-output>
        </test-method> <!-- launchApplication -->
        <test-method signature="loginWithoutAccess()[pri:0, instance:automation.AdminTest.AllLoginTest@76494737]" started-at="2024-01-31T08:51:02 CST" name="loginWithoutAccess" finished-at="2024-01-31T08:51:05 CST" duration-ms="2678" status="PASS">
          <reporter-output>
          </reporter-output>
        </test-method> <!-- loginWithoutAccess -->
        <test-method is-config="true" signature="tearDown()[pri:0, instance:automation.AdminTest.AllLoginTest@76494737]" started-at="2024-01-31T08:51:05 CST" name="tearDown" finished-at="2024-01-31T08:51:06 CST" duration-ms="812" status="PASS">
          <reporter-output>
          </reporter-output>
        </test-method> <!-- tearDown -->
      </class> <!-- automation.AdminTest.AllLoginTest -->
    </test> <!-- Login Test -->
    <test started-at="2024-01-31T08:51:07 CST" name="Parking Area Ceation Test" finished-at="2024-01-31T08:55:53 CST" duration-ms="286612">
      <class name="automation.AdminTest.AreaCreationTest">
        <test-method is-config="true" signature="launchApplication()[pri:0, instance:automation.AdminTest.AreaCreationTest@1807f5a7]" started-at="2024-01-31T08:51:07 CST" name="launchApplication" finished-at="2024-01-31T08:51:10 CST" duration-ms="2726" status="PASS">
          <reporter-output>
          </reporter-output>
        </test-method> <!-- launchApplication -->
        <test-method signature="areaCodeDupValidation()[pri:0, instance:automation.AdminTest.AreaCreationTest@1807f5a7]" started-at="2024-01-31T08:51:10 CST" name="areaCodeDupValidation" finished-at="2024-01-31T08:51:52 CST" duration-ms="42191" status="FAIL">
          <exception class="org.openqa.selenium.TimeoutException">
            <message>
              <![CDATA[Expected condition failed: waiting for element to be clickable: [[ChromeDriver: chrome-headless-shell on windows (7d24f8e4618561832c6573827494e963)] -> xpath: //*[text()='SAVE']] (tried for 20 second(s) with 500 milliseconds interval)
Build info: version: '4.16.1', revision: '9b4c83354e'
System info: os.name: 'Windows 10', os.arch: 'amd64', os.version: '10.0', java.version: '21.0.1'
Driver info: org.openqa.selenium.chrome.ChromeDriver
Capabilities {acceptInsecureCerts: false, browserName: chrome-headless-shell, browserVersion: 121.0.6167.86, chrome: {chromedriverVersion: 121.0.6167.85 (3f98d690ad7e..., userDataDir: C:\Users\REN~1.CAS\AppData\...}, fedcm:accounts: true, goog:chromeOptions: {debuggerAddress: localhost:52799}, networkConnectionEnabled: false, pageLoadStrategy: normal, platformName: windows, proxy: Proxy(), se:cdp: ws://localhost:52799/devtoo..., se:cdpVersion: 121.0.6167.86, setWindowRect: true, strictFileInteractability: false, timeouts: {implicit: 0, pageLoad: 300000, script: 30000}, unhandledPromptBehavior: dismiss and notify, webauthn:extension:credBlob: true, webauthn:extension:largeBlob: true, webauthn:extension:minPinLength: true, webauthn:extension:prf: true, webauthn:virtualAuthenticators: true}
Session ID: 7d24f8e4618561832c6573827494e963]]>
            </message>
            <full-stacktrace>
              <![CDATA[org.openqa.selenium.TimeoutException: Expected condition failed: waiting for element to be clickable: [[ChromeDriver: chrome-headless-shell on windows (7d24f8e4618561832c6573827494e963)] -> xpath: //*[text()='SAVE']] (tried for 20 second(s) with 500 milliseconds interval)
Build info: version: '4.16.1', revision: '9b4c83354e'
System info: os.name: 'Windows 10', os.arch: 'amd64', os.version: '10.0', java.version: '21.0.1'
Driver info: org.openqa.selenium.chrome.ChromeDriver
Capabilities {acceptInsecureCerts: false, browserName: chrome-headless-shell, browserVersion: 121.0.6167.86, chrome: {chromedriverVersion: 121.0.6167.85 (3f98d690ad7e..., userDataDir: C:\Users\REN~1.CAS\AppData\...}, fedcm:accounts: true, goog:chromeOptions: {debuggerAddress: localhost:52799}, networkConnectionEnabled: false, pageLoadStrategy: normal, platformName: windows, proxy: Proxy(), se:cdp: ws://localhost:52799/devtoo..., se:cdpVersion: 121.0.6167.86, setWindowRect: true, strictFileInteractability: false, timeouts: {implicit: 0, pageLoad: 300000, script: 30000}, unhandledPromptBehavior: dismiss and notify, webauthn:extension:credBlob: true, webauthn:extension:largeBlob: true, webauthn:extension:minPinLength: true, webauthn:extension:prf: true, webauthn:virtualAuthenticators: true}
Session ID: 7d24f8e4618561832c6573827494e963
at org.openqa.selenium.support.ui.WebDriverWait.timeoutException(WebDriverWait.java:84)
at org.openqa.selenium.support.ui.FluentWait.until(FluentWait.java:229)
at automation.AbstractComponents.AbstractComponent.waitForWebElementToBeClickable(AbstractComponent.java:53)
at automation.PageObject.AreaCreation.clickSave(AreaCreation.java:188)
at automation.AdminTest.AreaCreationTest.areaCodeDupValidation(AreaCreationTest.java:77)
at java.base/jdk.internal.reflect.DirectMethodHandleAccessor.invoke(DirectMethodHandleAccessor.java:103)
at java.base/java.lang.reflect.Method.invoke(Method.java:580)
at org.testng.internal.invokers.MethodInvocationHelper.invokeMethod(MethodInvocationHelper.java:139)
at org.testng.internal.invokers.TestInvoker.invokeMethod(TestInvoker.java:664)
at org.testng.internal.invokers.TestInvoker.invokeTestMethod(TestInvoker.java:228)
at org.testng.internal.invokers.MethodRunner.runInSequence(MethodRunner.java:63)
at org.testng.internal.invokers.TestInvoker$MethodInvocationAgent.invoke(TestInvoker.java:961)
at org.testng.internal.invokers.TestInvoker.invokeTestMethods(TestInvoker.java:201)
at org.testng.internal.invokers.TestMethodWorker.invokeTestMethods(TestMethodWorker.java:148)
at org.testng.internal.invokers.TestMethodWorker.run(TestMethodWorker.java:128)
at java.base/java.util.ArrayList.forEach(ArrayList.java:1596)
at org.testng.TestRunner.privateRun(TestRunner.java:819)
at org.testng.TestRunner.run(TestRunner.java:619)
at org.testng.SuiteRunner.runTest(SuiteRunner.java:443)
at org.testng.SuiteRunner.runSequentially(SuiteRunner.java:437)
at org.testng.SuiteRunner.privateRun(SuiteRunner.java:397)
at org.testng.SuiteRunner.run(SuiteRunner.java:336)
at org.testng.SuiteRunnerWorker.runSuite(SuiteRunnerWorker.java:52)
at org.testng.SuiteRunnerWorker.run(SuiteRunnerWorker.java:95)
at org.testng.TestNG.runSuitesSequentially(TestNG.java:1301)
at org.testng.TestNG.runSuitesLocally(TestNG.java:1228)
at org.testng.TestNG.runSuites(TestNG.java:1134)
at org.testng.TestNG.run(TestNG.java:1101)
at org.apache.maven.surefire.testng.TestNGExecutor.run(TestNGExecutor.java:308)
at org.apache.maven.surefire.testng.TestNGXmlTestSuite.execute(TestNGXmlTestSuite.java:71)
at org.apache.maven.surefire.testng.TestNGProvider.invoke(TestNGProvider.java:113)
at org.apache.maven.surefire.booter.ForkedBooter.runSuitesInProcess(ForkedBooter.java:385)
at org.apache.maven.surefire.booter.ForkedBooter.execute(ForkedBooter.java:162)
at org.apache.maven.surefire.booter.ForkedBooter.run(ForkedBooter.java:507)
at org.apache.maven.surefire.booter.ForkedBooter.main(ForkedBooter.java:495)
]]>
            </full-stacktrace>
          </exception> <!-- org.openqa.selenium.TimeoutException -->
          <reporter-output>
          </reporter-output>
        </test-method> <!-- areaCodeDupValidation -->
        <test-method is-config="true" signature="tearDown()[pri:0, instance:automation.AdminTest.AreaCreationTest@1807f5a7]" started-at="2024-01-31T08:51:52 CST" name="tearDown" finished-at="2024-01-31T08:51:53 CST" duration-ms="841" status="PASS">
          <reporter-output>
          </reporter-output>
        </test-method> <!-- tearDown -->
        <test-method is-config="true" signature="launchApplication()[pri:0, instance:automation.AdminTest.AreaCreationTest@1807f5a7]" started-at="2024-01-31T08:51:53 CST" name="launchApplication" finished-at="2024-01-31T08:51:55 CST" duration-ms="2312" status="PASS">
          <reporter-output>
          </reporter-output>
        </test-method> <!-- launchApplication -->
        <test-method signature="areaCreation()[pri:0, instance:automation.AdminTest.AreaCreationTest@1807f5a7]" started-at="2024-01-31T08:51:55 CST" name="areaCreation" finished-at="2024-01-31T08:52:24 CST" duration-ms="28741" status="PASS">
          <reporter-output>
          </reporter-output>
        </test-method> <!-- areaCreation -->
        <test-method is-config="true" signature="tearDown()[pri:0, instance:automation.AdminTest.AreaCreationTest@1807f5a7]" started-at="2024-01-31T08:52:24 CST" name="tearDown" finished-at="2024-01-31T08:52:25 CST" duration-ms="922" status="PASS">
          <reporter-output>
          </reporter-output>
        </test-method> <!-- tearDown -->
        <test-method is-config="true" signature="launchApplication()[pri:0, instance:automation.AdminTest.AreaCreationTest@1807f5a7]" started-at="2024-01-31T08:52:25 CST" name="launchApplication" finished-at="2024-01-31T08:52:27 CST" duration-ms="2390" status="PASS">
          <reporter-output>
          </reporter-output>
        </test-method> <!-- launchApplication -->
        <test-method signature="areaNameDupValidation(java.util.HashMap)[pri:0, instance:automation.AdminTest.AreaCreationTest@1807f5a7]" started-at="2024-01-31T08:52:27 CST" name="areaNameDupValidation" data-provider="getData" finished-at="2024-01-31T08:53:11 CST" duration-ms="44058" status="FAIL">
          <params>
            <param index="0">
              <value>
                <![CDATA[{password=Password1!, mobileNumber=987654321, username=renAdmin}]]>
              </value>
            </param>
          </params>
          <exception class="org.openqa.selenium.TimeoutException">
            <message>
              <![CDATA[Expected condition failed: waiting for element to be clickable: [[ChromeDriver: chrome-headless-shell on windows (c4b87358baa62ff2a99fd34b4668904f)] -> xpath: //*[text()='SAVE']] (tried for 20 second(s) with 500 milliseconds interval)
Build info: version: '4.16.1', revision: '9b4c83354e'
System info: os.name: 'Windows 10', os.arch: 'amd64', os.version: '10.0', java.version: '21.0.1'
Driver info: org.openqa.selenium.chrome.ChromeDriver
Capabilities {acceptInsecureCerts: false, browserName: chrome-headless-shell, browserVersion: 121.0.6167.86, chrome: {chromedriverVersion: 121.0.6167.85 (3f98d690ad7e..., userDataDir: C:\Users\REN~1.CAS\AppData\...}, fedcm:accounts: true, goog:chromeOptions: {debuggerAddress: localhost:52894}, networkConnectionEnabled: false, pageLoadStrategy: normal, platformName: windows, proxy: Proxy(), se:cdp: ws://localhost:52894/devtoo..., se:cdpVersion: 121.0.6167.86, setWindowRect: true, strictFileInteractability: false, timeouts: {implicit: 0, pageLoad: 300000, script: 30000}, unhandledPromptBehavior: dismiss and notify, webauthn:extension:credBlob: true, webauthn:extension:largeBlob: true, webauthn:extension:minPinLength: true, webauthn:extension:prf: true, webauthn:virtualAuthenticators: true}
Session ID: c4b87358baa62ff2a99fd34b4668904f]]>
            </message>
            <full-stacktrace>
              <![CDATA[org.openqa.selenium.TimeoutException: Expected condition failed: waiting for element to be clickable: [[ChromeDriver: chrome-headless-shell on windows (c4b87358baa62ff2a99fd34b4668904f)] -> xpath: //*[text()='SAVE']] (tried for 20 second(s) with 500 milliseconds interval)
Build info: version: '4.16.1', revision: '9b4c83354e'
System info: os.name: 'Windows 10', os.arch: 'amd64', os.version: '10.0', java.version: '21.0.1'
Driver info: org.openqa.selenium.chrome.ChromeDriver
Capabilities {acceptInsecureCerts: false, browserName: chrome-headless-shell, browserVersion: 121.0.6167.86, chrome: {chromedriverVersion: 121.0.6167.85 (3f98d690ad7e..., userDataDir: C:\Users\REN~1.CAS\AppData\...}, fedcm:accounts: true, goog:chromeOptions: {debuggerAddress: localhost:52894}, networkConnectionEnabled: false, pageLoadStrategy: normal, platformName: windows, proxy: Proxy(), se:cdp: ws://localhost:52894/devtoo..., se:cdpVersion: 121.0.6167.86, setWindowRect: true, strictFileInteractability: false, timeouts: {implicit: 0, pageLoad: 300000, script: 30000}, unhandledPromptBehavior: dismiss and notify, webauthn:extension:credBlob: true, webauthn:extension:largeBlob: true, webauthn:extension:minPinLength: true, webauthn:extension:prf: true, webauthn:virtualAuthenticators: true}
Session ID: c4b87358baa62ff2a99fd34b4668904f
at org.openqa.selenium.support.ui.WebDriverWait.timeoutException(WebDriverWait.java:84)
at org.openqa.selenium.support.ui.FluentWait.until(FluentWait.java:229)
at automation.AbstractComponents.AbstractComponent.waitForWebElementToBeClickable(AbstractComponent.java:53)
at automation.PageObject.AreaCreation.clickSave(AreaCreation.java:188)
at automation.AdminTest.AreaCreationTest.areaNameDupValidation(AreaCreationTest.java:55)
at java.base/jdk.internal.reflect.DirectMethodHandleAccessor.invoke(DirectMethodHandleAccessor.java:103)
at java.base/java.lang.reflect.Method.invoke(Method.java:580)
at org.testng.internal.invokers.MethodInvocationHelper.invokeMethod(MethodInvocationHelper.java:139)
at org.testng.internal.invokers.TestInvoker.invokeMethod(TestInvoker.java:664)
at org.testng.internal.invokers.TestInvoker.invokeTestMethod(TestInvoker.java:228)
at org.testng.internal.invokers.MethodRunner.runInSequence(MethodRunner.java:63)
at org.testng.internal.invokers.TestInvoker$MethodInvocationAgent.invoke(TestInvoker.java:961)
at org.testng.internal.invokers.TestInvoker.invokeTestMethods(TestInvoker.java:201)
at org.testng.internal.invokers.TestMethodWorker.invokeTestMethods(TestMethodWorker.java:148)
at org.testng.internal.invokers.TestMethodWorker.run(TestMethodWorker.java:128)
at java.base/java.util.ArrayList.forEach(ArrayList.java:1596)
at org.testng.TestRunner.privateRun(TestRunner.java:819)
at org.testng.TestRunner.run(TestRunner.java:619)
at org.testng.SuiteRunner.runTest(SuiteRunner.java:443)
at org.testng.SuiteRunner.runSequentially(SuiteRunner.java:437)
at org.testng.SuiteRunner.privateRun(SuiteRunner.java:397)
at org.testng.SuiteRunner.run(SuiteRunner.java:336)
at org.testng.SuiteRunnerWorker.runSuite(SuiteRunnerWorker.java:52)
at org.testng.SuiteRunnerWorker.run(SuiteRunnerWorker.java:95)
at org.testng.TestNG.runSuitesSequentially(TestNG.java:1301)
at org.testng.TestNG.runSuitesLocally(TestNG.java:1228)
at org.testng.TestNG.runSuites(TestNG.java:1134)
at org.testng.TestNG.run(TestNG.java:1101)
at org.apache.maven.surefire.testng.TestNGExecutor.run(TestNGExecutor.java:308)
at org.apache.maven.surefire.testng.TestNGXmlTestSuite.execute(TestNGXmlTestSuite.java:71)
at org.apache.maven.surefire.testng.TestNGProvider.invoke(TestNGProvider.java:113)
at org.apache.maven.surefire.booter.ForkedBooter.runSuitesInProcess(ForkedBooter.java:385)
at org.apache.maven.surefire.booter.ForkedBooter.execute(ForkedBooter.java:162)
at org.apache.maven.surefire.booter.ForkedBooter.run(ForkedBooter.java:507)
at org.apache.maven.surefire.booter.ForkedBooter.main(ForkedBooter.java:495)
]]>
            </full-stacktrace>
          </exception> <!-- org.openqa.selenium.TimeoutException -->
          <reporter-output>
          </reporter-output>
        </test-method> <!-- areaNameDupValidation -->
        <test-method is-config="true" signature="tearDown()[pri:0, instance:automation.AdminTest.AreaCreationTest@1807f5a7]" started-at="2024-01-31T08:53:11 CST" name="tearDown" finished-at="2024-01-31T08:53:12 CST" duration-ms="744" status="PASS">
          <reporter-output>
          </reporter-output>
        </test-method> <!-- tearDown -->
        <test-method is-config="true" signature="launchApplication()[pri:0, instance:automation.AdminTest.AreaCreationTest@1807f5a7]" started-at="2024-01-31T08:53:12 CST" name="launchApplication" finished-at="2024-01-31T08:53:15 CST" duration-ms="2408" status="PASS">
          <reporter-output>
          </reporter-output>
        </test-method> <!-- launchApplication -->
        <test-method signature="areaPagePagenation()[pri:0, instance:automation.AdminTest.AreaCreationTest@1807f5a7]" started-at="2024-01-31T08:53:15 CST" name="areaPagePagenation" finished-at="2024-01-31T08:54:03 CST" duration-ms="48025" status="PASS">
          <reporter-output>
          </reporter-output>
        </test-method> <!-- areaPagePagenation -->
        <test-method is-config="true" signature="tearDown()[pri:0, instance:automation.AdminTest.AreaCreationTest@1807f5a7]" started-at="2024-01-31T08:54:03 CST" name="tearDown" finished-at="2024-01-31T08:54:03 CST" duration-ms="697" status="PASS">
          <reporter-output>
          </reporter-output>
        </test-method> <!-- tearDown -->
        <test-method is-config="true" signature="launchApplication()[pri:0, instance:automation.AdminTest.AreaCreationTest@1807f5a7]" started-at="2024-01-31T08:54:03 CST" name="launchApplication" finished-at="2024-01-31T08:54:06 CST" duration-ms="2486" status="PASS">
          <reporter-output>
          </reporter-output>
        </test-method> <!-- launchApplication -->
        <test-method signature="areaPageSelectRow()[pri:0, instance:automation.AdminTest.AreaCreationTest@1807f5a7]" started-at="2024-01-31T08:54:06 CST" name="areaPageSelectRow" finished-at="2024-01-31T08:54:32 CST" duration-ms="25903" status="PASS">
          <reporter-output>
          </reporter-output>
        </test-method> <!-- areaPageSelectRow -->
        <test-method is-config="true" signature="tearDown()[pri:0, instance:automation.AdminTest.AreaCreationTest@1807f5a7]" started-at="2024-01-31T08:54:32 CST" name="tearDown" finished-at="2024-01-31T08:54:33 CST" duration-ms="828" status="PASS">
          <reporter-output>
          </reporter-output>
        </test-method> <!-- tearDown -->
        <test-method is-config="true" signature="launchApplication()[pri:0, instance:automation.AdminTest.AreaCreationTest@1807f5a7]" started-at="2024-01-31T08:54:33 CST" name="launchApplication" finished-at="2024-01-31T08:54:35 CST" duration-ms="2460" status="PASS">
          <reporter-output>
          </reporter-output>
        </test-method> <!-- launchApplication -->
        <test-method signature="editParkingArea()[pri:0, instance:automation.AdminTest.AreaCreationTest@1807f5a7]" started-at="2024-01-31T08:54:35 CST" name="editParkingArea" finished-at="2024-01-31T08:55:02 CST" duration-ms="26813" status="PASS">
          <reporter-output>
          </reporter-output>
        </test-method> <!-- editParkingArea -->
        <test-method is-config="true" signature="tearDown()[pri:0, instance:automation.AdminTest.AreaCreationTest@1807f5a7]" started-at="2024-01-31T08:55:02 CST" name="tearDown" finished-at="2024-01-31T08:55:03 CST" duration-ms="750" status="PASS">
          <reporter-output>
          </reporter-output>
        </test-method> <!-- tearDown -->
        <test-method is-config="true" signature="launchApplication()[pri:0, instance:automation.AdminTest.AreaCreationTest@1807f5a7]" started-at="2024-01-31T08:55:03 CST" name="launchApplication" finished-at="2024-01-31T08:55:05 CST" duration-ms="2251" status="PASS">
          <reporter-output>
          </reporter-output>
        </test-method> <!-- launchApplication -->
        <test-method signature="exitCreationAlert()[pri:0, instance:automation.AdminTest.AreaCreationTest@1807f5a7]" started-at="2024-01-31T08:55:05 CST" name="exitCreationAlert" finished-at="2024-01-31T08:55:22 CST" duration-ms="16967" status="PASS">
          <reporter-output>
          </reporter-output>
        </test-method> <!-- exitCreationAlert -->
        <test-method is-config="true" signature="tearDown()[pri:0, instance:automation.AdminTest.AreaCreationTest@1807f5a7]" started-at="2024-01-31T08:55:22 CST" name="tearDown" finished-at="2024-01-31T08:55:23 CST" duration-ms="806" status="PASS">
          <reporter-output>
          </reporter-output>
        </test-method> <!-- tearDown -->
        <test-method is-config="true" signature="launchApplication()[pri:0, instance:automation.AdminTest.AreaCreationTest@1807f5a7]" started-at="2024-01-31T08:55:23 CST" name="launchApplication" finished-at="2024-01-31T08:55:30 CST" duration-ms="7857" status="PASS">
          <reporter-output>
          </reporter-output>
        </test-method> <!-- launchApplication -->
        <test-method signature="fixedRateMaxLimit()[pri:0, instance:automation.AdminTest.AreaCreationTest@1807f5a7]" started-at="2024-01-31T08:55:30 CST" name="fixedRateMaxLimit" finished-at="2024-01-31T08:55:53 CST" duration-ms="22079" status="PASS">
          <reporter-output>
          </reporter-output>
        </test-method> <!-- fixedRateMaxLimit -->
        <test-method is-config="true" signature="tearDown()[pri:0, instance:automation.AdminTest.AreaCreationTest@1807f5a7]" started-at="2024-01-31T08:55:53 CST" name="tearDown" finished-at="2024-01-31T08:55:53 CST" duration-ms="853" status="PASS">
          <reporter-output>
          </reporter-output>
        </test-method> <!-- tearDown -->
      </class> <!-- automation.AdminTest.AreaCreationTest -->
    </test> <!-- Parking Area Ceation Test -->
    <test started-at="2024-01-31T08:55:53 CST" name="User Enrollment Test" finished-at="2024-01-31T08:58:27 CST" duration-ms="153875">
      <class name="automation.AdminTest.UserEnrollmentTest">
        <test-method is-config="true" signature="launchApplication()[pri:0, instance:automation.AdminTest.UserEnrollmentTest@7d3e8655]" started-at="2024-01-31T08:55:53 CST" name="launchApplication" finished-at="2024-01-31T08:55:56 CST" duration-ms="3004" status="PASS">
          <reporter-output>
          </reporter-output>
        </test-method> <!-- launchApplication -->
        <test-method signature="editUserAccount()[pri:0, instance:automation.AdminTest.UserEnrollmentTest@7d3e8655]" started-at="2024-01-31T08:55:56 CST" name="editUserAccount" finished-at="2024-01-31T08:56:25 CST" duration-ms="28649" status="PASS">
          <reporter-output>
          </reporter-output>
        </test-method> <!-- editUserAccount -->
        <test-method is-config="true" signature="tearDown()[pri:0, instance:automation.AdminTest.UserEnrollmentTest@7d3e8655]" started-at="2024-01-31T08:56:25 CST" name="tearDown" finished-at="2024-01-31T08:56:26 CST" duration-ms="701" status="PASS">
          <reporter-output>
          </reporter-output>
        </test-method> <!-- tearDown -->
        <test-method is-config="true" signature="launchApplication()[pri:0, instance:automation.AdminTest.UserEnrollmentTest@7d3e8655]" started-at="2024-01-31T08:56:26 CST" name="launchApplication" finished-at="2024-01-31T08:56:28 CST" duration-ms="2479" status="PASS">
          <reporter-output>
          </reporter-output>
        </test-method> <!-- launchApplication -->
        <test-method signature="exitEnrollmentAlert()[pri:0, instance:automation.AdminTest.UserEnrollmentTest@7d3e8655]" started-at="2024-01-31T08:56:28 CST" name="exitEnrollmentAlert" finished-at="2024-01-31T08:56:50 CST" duration-ms="21779" status="PASS">
          <reporter-output>
          </reporter-output>
        </test-method> <!-- exitEnrollmentAlert -->
        <test-method is-config="true" signature="tearDown()[pri:0, instance:automation.AdminTest.UserEnrollmentTest@7d3e8655]" started-at="2024-01-31T08:56:50 CST" name="tearDown" finished-at="2024-01-31T08:56:51 CST" duration-ms="750" status="PASS">
          <reporter-output>
          </reporter-output>
        </test-method> <!-- tearDown -->
        <test-method is-config="true" signature="launchApplication()[pri:0, instance:automation.AdminTest.UserEnrollmentTest@7d3e8655]" started-at="2024-01-31T08:56:51 CST" name="launchApplication" finished-at="2024-01-31T08:56:53 CST" duration-ms="2608" status="PASS">
          <reporter-output>
          </reporter-output>
        </test-method> <!-- launchApplication -->
        <test-method signature="userEmailDupValidation(java.util.HashMap)[pri:0, instance:automation.AdminTest.UserEnrollmentTest@7d3e8655]" started-at="2024-01-31T08:56:53 CST" name="userEmailDupValidation" data-provider="getData" finished-at="2024-01-31T08:57:08 CST" duration-ms="15006" status="PASS">
          <params>
            <param index="0">
              <value>
                <![CDATA[{password=Password1!, mobileNumber=987654321, username=renAdmin}]]>
              </value>
            </param>
          </params>
          <reporter-output>
          </reporter-output>
        </test-method> <!-- userEmailDupValidation -->
        <test-method is-config="true" signature="tearDown()[pri:0, instance:automation.AdminTest.UserEnrollmentTest@7d3e8655]" started-at="2024-01-31T08:57:08 CST" name="tearDown" finished-at="2024-01-31T08:57:09 CST" duration-ms="709" status="PASS">
          <reporter-output>
          </reporter-output>
        </test-method> <!-- tearDown -->
        <test-method is-config="true" signature="launchApplication()[pri:0, instance:automation.AdminTest.UserEnrollmentTest@7d3e8655]" started-at="2024-01-31T08:57:09 CST" name="launchApplication" finished-at="2024-01-31T08:57:12 CST" duration-ms="2557" status="PASS">
          <reporter-output>
          </reporter-output>
        </test-method> <!-- launchApplication -->
        <test-method signature="userEnrollment()[pri:0, instance:automation.AdminTest.UserEnrollmentTest@7d3e8655]" started-at="2024-01-31T08:57:12 CST" name="userEnrollment" finished-at="2024-01-31T08:57:29 CST" duration-ms="17236" status="PASS">
          <reporter-output>
          </reporter-output>
        </test-method> <!-- userEnrollment -->
        <test-method is-config="true" signature="tearDown()[pri:0, instance:automation.AdminTest.UserEnrollmentTest@7d3e8655]" started-at="2024-01-31T08:57:29 CST" name="tearDown" finished-at="2024-01-31T08:57:30 CST" duration-ms="763" status="PASS">
          <reporter-output>
          </reporter-output>
        </test-method> <!-- tearDown -->
        <test-method is-config="true" signature="launchApplication()[pri:0, instance:automation.AdminTest.UserEnrollmentTest@7d3e8655]" started-at="2024-01-31T08:57:30 CST" name="launchApplication" finished-at="2024-01-31T08:57:32 CST" duration-ms="2410" status="PASS">
          <reporter-output>
          </reporter-output>
        </test-method> <!-- launchApplication -->
        <test-method signature="userPagePagenation()[pri:0, instance:automation.AdminTest.UserEnrollmentTest@7d3e8655]" started-at="2024-01-31T08:57:32 CST" name="userPagePagenation" finished-at="2024-01-31T08:57:56 CST" duration-ms="24115" status="PASS">
          <reporter-output>
          </reporter-output>
        </test-method> <!-- userPagePagenation -->
        <test-method is-config="true" signature="tearDown()[pri:0, instance:automation.AdminTest.UserEnrollmentTest@7d3e8655]" started-at="2024-01-31T08:57:56 CST" name="tearDown" finished-at="2024-01-31T08:57:57 CST" duration-ms="917" status="PASS">
          <reporter-output>
          </reporter-output>
        </test-method> <!-- tearDown -->
        <test-method is-config="true" signature="launchApplication()[pri:0, instance:automation.AdminTest.UserEnrollmentTest@7d3e8655]" started-at="2024-01-31T08:57:57 CST" name="launchApplication" finished-at="2024-01-31T08:58:00 CST" duration-ms="2728" status="PASS">
          <reporter-output>
          </reporter-output>
        </test-method> <!-- launchApplication -->
        <test-method signature="userPageSelectRow()[pri:0, instance:automation.AdminTest.UserEnrollmentTest@7d3e8655]" started-at="2024-01-31T08:58:00 CST" name="userPageSelectRow" finished-at="2024-01-31T08:58:26 CST" duration-ms="26399" status="PASS">
          <reporter-output>
          </reporter-output>
        </test-method> <!-- userPageSelectRow -->
        <test-method is-config="true" signature="tearDown()[pri:0, instance:automation.AdminTest.UserEnrollmentTest@7d3e8655]" started-at="2024-01-31T08:58:26 CST" name="tearDown" finished-at="2024-01-31T08:58:27 CST" duration-ms="1045" status="PASS">
          <reporter-output>
          </reporter-output>
        </test-method> <!-- tearDown -->
      </class> <!-- automation.AdminTest.UserEnrollmentTest -->
    </test> <!-- User Enrollment Test -->
    <test started-at="2024-01-31T08:58:28 CST" name="Filter And SearchTest" finished-at="2024-01-31T09:00:21 CST" duration-ms="113294">
      <class name="automation.AdminTest.FilterAndSearchTest">
        <test-method is-config="true" signature="launchApplication()[pri:0, instance:automation.AdminTest.FilterAndSearchTest@6cd24612]" started-at="2024-01-31T08:58:28 CST" name="launchApplication" finished-at="2024-01-31T08:58:30 CST" duration-ms="2903" status="PASS">
          <reporter-output>
          </reporter-output>
        </test-method> <!-- launchApplication -->
        <test-method signature="filterByAdminRole()[pri:0, instance:automation.AdminTest.FilterAndSearchTest@6cd24612]" started-at="2024-01-31T08:58:30 CST" name="filterByAdminRole" finished-at="2024-01-31T08:58:43 CST" duration-ms="12246" status="PASS">
          <reporter-output>
          </reporter-output>
        </test-method> <!-- filterByAdminRole -->
        <test-method is-config="true" signature="tearDown()[pri:0, instance:automation.AdminTest.FilterAndSearchTest@6cd24612]" started-at="2024-01-31T08:58:43 CST" name="tearDown" finished-at="2024-01-31T08:58:44 CST" duration-ms="879" status="PASS">
          <reporter-output>
          </reporter-output>
        </test-method> <!-- tearDown -->
        <test-method is-config="true" signature="launchApplication()[pri:0, instance:automation.AdminTest.FilterAndSearchTest@6cd24612]" started-at="2024-01-31T08:58:44 CST" name="launchApplication" finished-at="2024-01-31T08:58:46 CST" duration-ms="2377" status="PASS">
          <reporter-output>
          </reporter-output>
        </test-method> <!-- launchApplication -->
        <test-method signature="filterByEncoderRole()[pri:0, instance:automation.AdminTest.FilterAndSearchTest@6cd24612]" started-at="2024-01-31T08:58:46 CST" name="filterByEncoderRole" finished-at="2024-01-31T08:58:58 CST" duration-ms="12271" status="PASS">
          <reporter-output>
          </reporter-output>
        </test-method> <!-- filterByEncoderRole -->
        <test-method is-config="true" signature="tearDown()[pri:0, instance:automation.AdminTest.FilterAndSearchTest@6cd24612]" started-at="2024-01-31T08:58:58 CST" name="tearDown" finished-at="2024-01-31T08:58:59 CST" duration-ms="845" status="PASS">
          <reporter-output>
          </reporter-output>
        </test-method> <!-- tearDown -->
        <test-method is-config="true" signature="launchApplication()[pri:0, instance:automation.AdminTest.FilterAndSearchTest@6cd24612]" started-at="2024-01-31T08:58:59 CST" name="launchApplication" finished-at="2024-01-31T08:59:02 CST" duration-ms="2465" status="PASS">
          <reporter-output>
          </reporter-output>
        </test-method> <!-- launchApplication -->
        <test-method signature="parkingAreaCodeSearch()[pri:0, instance:automation.AdminTest.FilterAndSearchTest@6cd24612]" started-at="2024-01-31T08:59:02 CST" name="parkingAreaCodeSearch" finished-at="2024-01-31T08:59:16 CST" duration-ms="14228" status="PASS">
          <reporter-output>
          </reporter-output>
        </test-method> <!-- parkingAreaCodeSearch -->
        <test-method is-config="true" signature="tearDown()[pri:0, instance:automation.AdminTest.FilterAndSearchTest@6cd24612]" started-at="2024-01-31T08:59:16 CST" name="tearDown" finished-at="2024-01-31T08:59:17 CST" duration-ms="917" status="PASS">
          <reporter-output>
          </reporter-output>
        </test-method> <!-- tearDown -->
        <test-method is-config="true" signature="launchApplication()[pri:0, instance:automation.AdminTest.FilterAndSearchTest@6cd24612]" started-at="2024-01-31T08:59:17 CST" name="launchApplication" finished-at="2024-01-31T08:59:19 CST" duration-ms="2553" status="PASS">
          <reporter-output>
          </reporter-output>
        </test-method> <!-- launchApplication -->
        <test-method signature="parkingNameSearch()[pri:0, instance:automation.AdminTest.FilterAndSearchTest@6cd24612]" started-at="2024-01-31T08:59:19 CST" name="parkingNameSearch" finished-at="2024-01-31T08:59:31 CST" duration-ms="12279" status="PASS">
          <reporter-output>
          </reporter-output>
        </test-method> <!-- parkingNameSearch -->
        <test-method is-config="true" signature="tearDown()[pri:0, instance:automation.AdminTest.FilterAndSearchTest@6cd24612]" started-at="2024-01-31T08:59:31 CST" name="tearDown" finished-at="2024-01-31T08:59:32 CST" duration-ms="769" status="PASS">
          <reporter-output>
          </reporter-output>
        </test-method> <!-- tearDown -->
        <test-method is-config="true" signature="launchApplication()[pri:0, instance:automation.AdminTest.FilterAndSearchTest@6cd24612]" started-at="2024-01-31T08:59:32 CST" name="launchApplication" finished-at="2024-01-31T08:59:35 CST" duration-ms="2673" status="PASS">
          <reporter-output>
          </reporter-output>
        </test-method> <!-- launchApplication -->
        <test-method signature="userEmailSearch()[pri:0, instance:automation.AdminTest.FilterAndSearchTest@6cd24612]" started-at="2024-01-31T08:59:35 CST" name="userEmailSearch" finished-at="2024-01-31T08:59:46 CST" duration-ms="11242" status="PASS">
          <reporter-output>
          </reporter-output>
        </test-method> <!-- userEmailSearch -->
        <test-method is-config="true" signature="tearDown()[pri:0, instance:automation.AdminTest.FilterAndSearchTest@6cd24612]" started-at="2024-01-31T08:59:46 CST" name="tearDown" finished-at="2024-01-31T08:59:47 CST" duration-ms="754" status="PASS">
          <reporter-output>
          </reporter-output>
        </test-method> <!-- tearDown -->
        <test-method is-config="true" signature="launchApplication()[pri:0, instance:automation.AdminTest.FilterAndSearchTest@6cd24612]" started-at="2024-01-31T08:59:47 CST" name="launchApplication" finished-at="2024-01-31T08:59:50 CST" duration-ms="2614" status="PASS">
          <reporter-output>
          </reporter-output>
        </test-method> <!-- launchApplication -->
        <test-method signature="userLastNameSearch()[pri:0, instance:automation.AdminTest.FilterAndSearchTest@6cd24612]" started-at="2024-01-31T08:59:50 CST" name="userLastNameSearch" finished-at="2024-01-31T09:00:01 CST" duration-ms="11229" status="PASS">
          <reporter-output>
          </reporter-output>
        </test-method> <!-- userLastNameSearch -->
        <test-method is-config="true" signature="tearDown()[pri:0, instance:automation.AdminTest.FilterAndSearchTest@6cd24612]" started-at="2024-01-31T09:00:01 CST" name="tearDown" finished-at="2024-01-31T09:00:02 CST" duration-ms="871" status="PASS">
          <reporter-output>
          </reporter-output>
        </test-method> <!-- tearDown -->
        <test-method is-config="true" signature="launchApplication()[pri:0, instance:automation.AdminTest.FilterAndSearchTest@6cd24612]" started-at="2024-01-31T09:00:02 CST" name="launchApplication" finished-at="2024-01-31T09:00:04 CST" duration-ms="2659" status="PASS">
          <reporter-output>
          </reporter-output>
        </test-method> <!-- launchApplication -->
        <test-method signature="userNameSearch()[pri:0, instance:automation.AdminTest.FilterAndSearchTest@6cd24612]" started-at="2024-01-31T09:00:04 CST" name="userNameSearch" finished-at="2024-01-31T09:00:20 CST" duration-ms="15580" status="PASS">
          <reporter-output>
          </reporter-output>
        </test-method> <!-- userNameSearch -->
        <test-method is-config="true" signature="tearDown()[pri:0, instance:automation.AdminTest.FilterAndSearchTest@6cd24612]" started-at="2024-01-31T09:00:20 CST" name="tearDown" finished-at="2024-01-31T09:00:21 CST" duration-ms="925" status="PASS">
          <reporter-output>
          </reporter-output>
        </test-method> <!-- tearDown -->
      </class> <!-- automation.AdminTest.FilterAndSearchTest -->
    </test> <!-- Filter And SearchTest -->
  </suite> <!-- Suite -->
</testng-results>
