<?xml version="1.0" encoding="UTF-8"?>
<testng-results ignored="0" total="17" passed="17" failed="0" skipped="0">
  <reporter-output>
  </reporter-output>
  <suite started-at="2024-02-05T15:20:44 CST" name="Suite" finished-at="2024-02-05T15:27:26 CST" duration-ms="401628">
    <groups>
      <group name="ErrorHandling">
        <method signature="AllLoginTest.loginWithInvalidPassword()[pri:0, instance:automation.AdminTest.AllLoginTest@4082ba93]" name="loginWithInvalidPassword" class="automation.AdminTest.AllLoginTest"/>
        <method signature="AllLoginTest.loginWithInvalidUserName()[pri:0, instance:automation.AdminTest.AllLoginTest@4082ba93]" name="loginWithInvalidUserName" class="automation.AdminTest.AllLoginTest"/>
        <method signature="AllLoginTest.loginWithoutAccess()[pri:0, instance:automation.AdminTest.AllLoginTest@4082ba93]" name="loginWithoutAccess" class="automation.AdminTest.AllLoginTest"/>
      </group> <!-- ErrorHandling -->
    </groups>
    <test started-at="2024-02-05T15:20:44 CST" name="Login Test" finished-at="2024-02-05T15:22:03 CST" duration-ms="78667">
      <class name="automation.AdminTest.AllLoginTest">
        <test-method is-config="true" signature="launchApplication()[pri:0, instance:automation.AdminTest.AllLoginTest@4082ba93]" started-at="2024-02-05T15:20:44 CST" name="launchApplication" finished-at="2024-02-05T15:21:22 CST" duration-ms="37980" status="PASS">
          <reporter-output>
          </reporter-output>
        </test-method> <!-- launchApplication -->
        <test-method signature="loginWithAccess()[pri:0, instance:automation.AdminTest.AllLoginTest@4082ba93]" started-at="2024-02-05T15:21:22 CST" name="loginWithAccess" finished-at="2024-02-05T15:21:43 CST" duration-ms="20313" status="PASS">
          <reporter-output>
          </reporter-output>
        </test-method> <!-- loginWithAccess -->
        <test-method is-config="true" signature="tearDown()[pri:0, instance:automation.AdminTest.AllLoginTest@4082ba93]" started-at="2024-02-05T15:21:43 CST" name="tearDown" finished-at="2024-02-05T15:21:44 CST" duration-ms="860" status="PASS">
          <reporter-output>
          </reporter-output>
        </test-method> <!-- tearDown -->
        <test-method is-config="true" signature="launchApplication()[pri:0, instance:automation.AdminTest.AllLoginTest@4082ba93]" started-at="2024-02-05T15:21:44 CST" name="launchApplication" finished-at="2024-02-05T15:21:46 CST" duration-ms="2544" status="PASS">
          <reporter-output>
          </reporter-output>
        </test-method> <!-- launchApplication -->
        <test-method signature="loginWithInvalidPassword()[pri:0, instance:automation.AdminTest.AllLoginTest@4082ba93]" started-at="2024-02-05T15:21:46 CST" name="loginWithInvalidPassword" finished-at="2024-02-05T15:21:51 CST" duration-ms="4665" status="PASS">
          <reporter-output>
          </reporter-output>
        </test-method> <!-- loginWithInvalidPassword -->
        <test-method is-config="true" signature="tearDown()[pri:0, instance:automation.AdminTest.AllLoginTest@4082ba93]" started-at="2024-02-05T15:21:51 CST" name="tearDown" finished-at="2024-02-05T15:21:52 CST" duration-ms="714" status="PASS">
          <reporter-output>
          </reporter-output>
        </test-method> <!-- tearDown -->
        <test-method is-config="true" signature="launchApplication()[pri:0, instance:automation.AdminTest.AllLoginTest@4082ba93]" started-at="2024-02-05T15:21:52 CST" name="launchApplication" finished-at="2024-02-05T15:21:54 CST" duration-ms="2091" status="PASS">
          <reporter-output>
          </reporter-output>
        </test-method> <!-- launchApplication -->
        <test-method signature="loginWithInvalidUserName()[pri:0, instance:automation.AdminTest.AllLoginTest@4082ba93]" started-at="2024-02-05T15:21:54 CST" name="loginWithInvalidUserName" finished-at="2024-02-05T15:21:56 CST" duration-ms="2693" status="PASS">
          <reporter-output>
          </reporter-output>
        </test-method> <!-- loginWithInvalidUserName -->
        <test-method is-config="true" signature="tearDown()[pri:0, instance:automation.AdminTest.AllLoginTest@4082ba93]" started-at="2024-02-05T15:21:56 CST" name="tearDown" finished-at="2024-02-05T15:21:57 CST" duration-ms="773" status="PASS">
          <reporter-output>
          </reporter-output>
        </test-method> <!-- tearDown -->
        <test-method is-config="true" signature="launchApplication()[pri:0, instance:automation.AdminTest.AllLoginTest@4082ba93]" started-at="2024-02-05T15:21:57 CST" name="launchApplication" finished-at="2024-02-05T15:22:00 CST" duration-ms="2432" status="PASS">
          <reporter-output>
          </reporter-output>
        </test-method> <!-- launchApplication -->
        <test-method signature="loginWithoutAccess()[pri:0, instance:automation.AdminTest.AllLoginTest@4082ba93]" started-at="2024-02-05T15:22:00 CST" name="loginWithoutAccess" finished-at="2024-02-05T15:22:02 CST" duration-ms="2773" status="PASS">
          <reporter-output>
          </reporter-output>
        </test-method> <!-- loginWithoutAccess -->
        <test-method is-config="true" signature="tearDown()[pri:0, instance:automation.AdminTest.AllLoginTest@4082ba93]" started-at="2024-02-05T15:22:02 CST" name="tearDown" finished-at="2024-02-05T15:22:03 CST" duration-ms="753" status="PASS">
          <reporter-output>
          </reporter-output>
        </test-method> <!-- tearDown -->
      </class> <!-- automation.AdminTest.AllLoginTest -->
    </test> <!-- Login Test -->
    <test started-at="2024-02-05T15:22:03 CST" name="Permission Test" finished-at="2024-02-05T15:25:25 CST" duration-ms="201643">
      <class name="automation.AdminTest.PermissionTest">
        <test-method is-config="true" signature="launchApplication()[pri:0, instance:automation.AdminTest.PermissionTest@6b09fb41]" started-at="2024-02-05T15:22:03 CST" name="launchApplication" finished-at="2024-02-05T15:22:06 CST" duration-ms="2559" status="PASS">
          <reporter-output>
          </reporter-output>
        </test-method> <!-- launchApplication -->
        <test-method signature="setAllowExitToFalse()[pri:0, instance:automation.AdminTest.PermissionTest@6b09fb41]" started-at="2024-02-05T15:22:06 CST" name="setAllowExitToFalse" finished-at="2024-02-05T15:23:08 CST" duration-ms="62403" status="PASS">
          <reporter-output>
          </reporter-output>
        </test-method> <!-- setAllowExitToFalse -->
        <test-method is-config="true" signature="tearDown()[pri:0, instance:automation.AdminTest.PermissionTest@6b09fb41]" started-at="2024-02-05T15:23:08 CST" name="tearDown" finished-at="2024-02-05T15:23:09 CST" duration-ms="1080" status="PASS">
          <reporter-output>
          </reporter-output>
        </test-method> <!-- tearDown -->
        <test-method is-config="true" signature="launchApplication()[pri:0, instance:automation.AdminTest.PermissionTest@6b09fb41]" started-at="2024-02-05T15:23:09 CST" name="launchApplication" finished-at="2024-02-05T15:23:12 CST" duration-ms="2470" status="PASS">
          <reporter-output>
          </reporter-output>
        </test-method> <!-- launchApplication -->
        <test-method signature="setAllowExitToTrue()[pri:0, instance:automation.AdminTest.PermissionTest@6b09fb41]" started-at="2024-02-05T15:23:12 CST" name="setAllowExitToTrue" finished-at="2024-02-05T15:23:35 CST" duration-ms="23079" status="PASS">
          <reporter-output>
          </reporter-output>
        </test-method> <!-- setAllowExitToTrue -->
        <test-method is-config="true" signature="tearDown()[pri:0, instance:automation.AdminTest.PermissionTest@6b09fb41]" started-at="2024-02-05T15:23:35 CST" name="tearDown" finished-at="2024-02-05T15:23:36 CST" duration-ms="1053" status="PASS">
          <reporter-output>
          </reporter-output>
        </test-method> <!-- tearDown -->
        <test-method is-config="true" signature="launchApplication()[pri:0, instance:automation.AdminTest.PermissionTest@6b09fb41]" started-at="2024-02-05T15:23:36 CST" name="launchApplication" finished-at="2024-02-05T15:23:38 CST" duration-ms="2278" status="PASS">
          <reporter-output>
          </reporter-output>
        </test-method> <!-- launchApplication -->
        <test-method signature="userWithActiveStatus()[pri:0, instance:automation.AdminTest.PermissionTest@6b09fb41]" started-at="2024-02-05T15:23:38 CST" name="userWithActiveStatus" finished-at="2024-02-05T15:24:01 CST" duration-ms="23346" status="PASS">
          <reporter-output>
          </reporter-output>
        </test-method> <!-- userWithActiveStatus -->
        <test-method is-config="true" signature="tearDown()[pri:0, instance:automation.AdminTest.PermissionTest@6b09fb41]" started-at="2024-02-05T15:24:01 CST" name="tearDown" finished-at="2024-02-05T15:24:03 CST" duration-ms="1052" status="PASS">
          <reporter-output>
          </reporter-output>
        </test-method> <!-- tearDown -->
        <test-method is-config="true" signature="launchApplication()[pri:0, instance:automation.AdminTest.PermissionTest@6b09fb41]" started-at="2024-02-05T15:24:03 CST" name="launchApplication" finished-at="2024-02-05T15:24:05 CST" duration-ms="2189" status="PASS">
          <reporter-output>
          </reporter-output>
        </test-method> <!-- launchApplication -->
        <test-method signature="userWithPaymentAcceptanceSetToFalse()[pri:0, instance:automation.AdminTest.PermissionTest@6b09fb41]" started-at="2024-02-05T15:24:05 CST" name="userWithPaymentAcceptanceSetToFalse" finished-at="2024-02-05T15:24:26 CST" duration-ms="21388" status="PASS">
          <reporter-output>
          </reporter-output>
        </test-method> <!-- userWithPaymentAcceptanceSetToFalse -->
        <test-method is-config="true" signature="tearDown()[pri:0, instance:automation.AdminTest.PermissionTest@6b09fb41]" started-at="2024-02-05T15:24:26 CST" name="tearDown" finished-at="2024-02-05T15:24:27 CST" duration-ms="1062" status="PASS">
          <reporter-output>
          </reporter-output>
        </test-method> <!-- tearDown -->
        <test-method is-config="true" signature="launchApplication()[pri:0, instance:automation.AdminTest.PermissionTest@6b09fb41]" started-at="2024-02-05T15:24:27 CST" name="launchApplication" finished-at="2024-02-05T15:24:29 CST" duration-ms="2237" status="PASS">
          <reporter-output>
          </reporter-output>
        </test-method> <!-- launchApplication -->
        <test-method signature="userWithPaymentAcceptanceSetToTrue()[pri:0, instance:automation.AdminTest.PermissionTest@6b09fb41]" started-at="2024-02-05T15:24:29 CST" name="userWithPaymentAcceptanceSetToTrue" finished-at="2024-02-05T15:24:58 CST" duration-ms="28481" status="PASS">
          <reporter-output>
          </reporter-output>
        </test-method> <!-- userWithPaymentAcceptanceSetToTrue -->
        <test-method is-config="true" signature="tearDown()[pri:0, instance:automation.AdminTest.PermissionTest@6b09fb41]" started-at="2024-02-05T15:24:58 CST" name="tearDown" finished-at="2024-02-05T15:24:59 CST" duration-ms="1053" status="PASS">
          <reporter-output>
          </reporter-output>
        </test-method> <!-- tearDown -->
        <test-method is-config="true" signature="launchApplication()[pri:0, instance:automation.AdminTest.PermissionTest@6b09fb41]" started-at="2024-02-05T15:24:59 CST" name="launchApplication" finished-at="2024-02-05T15:25:01 CST" duration-ms="2342" status="PASS">
          <reporter-output>
          </reporter-output>
        </test-method> <!-- launchApplication -->
        <test-method signature="userWithRestrictedStatus()[pri:0, instance:automation.AdminTest.PermissionTest@6b09fb41]" started-at="2024-02-05T15:25:01 CST" name="userWithRestrictedStatus" finished-at="2024-02-05T15:25:24 CST" duration-ms="22421" status="PASS">
          <reporter-output>
          </reporter-output>
        </test-method> <!-- userWithRestrictedStatus -->
        <test-method is-config="true" signature="tearDown()[pri:0, instance:automation.AdminTest.PermissionTest@6b09fb41]" started-at="2024-02-05T15:25:24 CST" name="tearDown" finished-at="2024-02-05T15:25:25 CST" duration-ms="1132" status="PASS">
          <reporter-output>
          </reporter-output>
        </test-method> <!-- tearDown -->
      </class> <!-- automation.AdminTest.PermissionTest -->
    </test> <!-- Permission Test -->
    <test started-at="2024-02-05T15:25:25 CST" name="Filter And SearchTest" finished-at="2024-02-05T15:27:26 CST" duration-ms="121102">
      <class name="automation.AdminTest.FilterAndSearchTest">
        <test-method is-config="true" signature="launchApplication()[pri:0, instance:automation.AdminTest.FilterAndSearchTest@5c7bfdc1]" started-at="2024-02-05T15:25:25 CST" name="launchApplication" finished-at="2024-02-05T15:25:27 CST" duration-ms="2367" status="PASS">
          <reporter-output>
          </reporter-output>
        </test-method> <!-- launchApplication -->
        <test-method signature="filterByAdminRole()[pri:0, instance:automation.AdminTest.FilterAndSearchTest@5c7bfdc1]" started-at="2024-02-05T15:25:27 CST" name="filterByAdminRole" finished-at="2024-02-05T15:25:43 CST" duration-ms="16185" status="PASS">
          <reporter-output>
          </reporter-output>
        </test-method> <!-- filterByAdminRole -->
        <test-method is-config="true" signature="tearDown()[pri:0, instance:automation.AdminTest.FilterAndSearchTest@5c7bfdc1]" started-at="2024-02-05T15:25:43 CST" name="tearDown" finished-at="2024-02-05T15:25:44 CST" duration-ms="813" status="PASS">
          <reporter-output>
          </reporter-output>
        </test-method> <!-- tearDown -->
        <test-method is-config="true" signature="launchApplication()[pri:0, instance:automation.AdminTest.FilterAndSearchTest@5c7bfdc1]" started-at="2024-02-05T15:25:44 CST" name="launchApplication" finished-at="2024-02-05T15:25:47 CST" duration-ms="2845" status="PASS">
          <reporter-output>
          </reporter-output>
        </test-method> <!-- launchApplication -->
        <test-method signature="filterByEncoderRole()[pri:0, instance:automation.AdminTest.FilterAndSearchTest@5c7bfdc1]" started-at="2024-02-05T15:25:47 CST" name="filterByEncoderRole" finished-at="2024-02-05T15:25:59 CST" duration-ms="11841" status="PASS">
          <reporter-output>
          </reporter-output>
        </test-method> <!-- filterByEncoderRole -->
        <test-method is-config="true" signature="tearDown()[pri:0, instance:automation.AdminTest.FilterAndSearchTest@5c7bfdc1]" started-at="2024-02-05T15:25:59 CST" name="tearDown" finished-at="2024-02-05T15:26:00 CST" duration-ms="766" status="PASS">
          <reporter-output>
          </reporter-output>
        </test-method> <!-- tearDown -->
        <test-method is-config="true" signature="launchApplication()[pri:0, instance:automation.AdminTest.FilterAndSearchTest@5c7bfdc1]" started-at="2024-02-05T15:26:00 CST" name="launchApplication" finished-at="2024-02-05T15:26:03 CST" duration-ms="2874" status="PASS">
          <reporter-output>
          </reporter-output>
        </test-method> <!-- launchApplication -->
        <test-method signature="parkingAreaCodeSearch(java.util.HashMap)[pri:0, instance:automation.AdminTest.FilterAndSearchTest@5c7bfdc1]" started-at="2024-02-05T15:26:03 CST" name="parkingAreaCodeSearch" data-provider="getData" finished-at="2024-02-05T15:26:19 CST" duration-ms="15551" status="PASS">
          <params>
            <param index="0">
              <value>
                <![CDATA[{password=Password1!, mobileNumber=987654321, username=renAdmin}]]>
              </value>
            </param>
          </params>
          <reporter-output>
          </reporter-output>
        </test-method> <!-- parkingAreaCodeSearch -->
        <test-method is-config="true" signature="tearDown()[pri:0, instance:automation.AdminTest.FilterAndSearchTest@5c7bfdc1]" started-at="2024-02-05T15:26:19 CST" name="tearDown" finished-at="2024-02-05T15:26:19 CST" duration-ms="795" status="PASS">
          <reporter-output>
          </reporter-output>
        </test-method> <!-- tearDown -->
        <test-method is-config="true" signature="launchApplication()[pri:0, instance:automation.AdminTest.FilterAndSearchTest@5c7bfdc1]" started-at="2024-02-05T15:26:19 CST" name="launchApplication" finished-at="2024-02-05T15:26:26 CST" duration-ms="6817" status="PASS">
          <reporter-output>
          </reporter-output>
        </test-method> <!-- launchApplication -->
        <test-method signature="parkingNameSearch(java.util.HashMap)[pri:0, instance:automation.AdminTest.FilterAndSearchTest@5c7bfdc1]" started-at="2024-02-05T15:26:26 CST" name="parkingNameSearch" data-provider="getData" finished-at="2024-02-05T15:26:43 CST" duration-ms="16857" status="PASS">
          <params>
            <param index="0">
              <value>
                <![CDATA[{password=Password1!, mobileNumber=987654321, username=renAdmin}]]>
              </value>
            </param>
          </params>
          <reporter-output>
          </reporter-output>
        </test-method> <!-- parkingNameSearch -->
        <test-method is-config="true" signature="tearDown()[pri:0, instance:automation.AdminTest.FilterAndSearchTest@5c7bfdc1]" started-at="2024-02-05T15:26:43 CST" name="tearDown" finished-at="2024-02-05T15:26:44 CST" duration-ms="1028" status="PASS">
          <reporter-output>
          </reporter-output>
        </test-method> <!-- tearDown -->
        <test-method is-config="true" signature="launchApplication()[pri:0, instance:automation.AdminTest.FilterAndSearchTest@5c7bfdc1]" started-at="2024-02-05T15:26:44 CST" name="launchApplication" finished-at="2024-02-05T15:26:47 CST" duration-ms="2402" status="PASS">
          <reporter-output>
          </reporter-output>
        </test-method> <!-- launchApplication -->
        <test-method signature="userEmailSearch()[pri:0, instance:automation.AdminTest.FilterAndSearchTest@5c7bfdc1]" started-at="2024-02-05T15:26:47 CST" name="userEmailSearch" finished-at="2024-02-05T15:27:01 CST" duration-ms="14282" status="PASS">
          <reporter-output>
          </reporter-output>
        </test-method> <!-- userEmailSearch -->
        <test-method is-config="true" signature="tearDown()[pri:0, instance:automation.AdminTest.FilterAndSearchTest@5c7bfdc1]" started-at="2024-02-05T15:27:01 CST" name="tearDown" finished-at="2024-02-05T15:27:02 CST" duration-ms="958" status="PASS">
          <reporter-output>
          </reporter-output>
        </test-method> <!-- tearDown -->
        <test-method is-config="true" signature="launchApplication()[pri:0, instance:automation.AdminTest.FilterAndSearchTest@5c7bfdc1]" started-at="2024-02-05T15:27:02 CST" name="launchApplication" finished-at="2024-02-05T15:27:04 CST" duration-ms="2501" status="PASS">
          <reporter-output>
          </reporter-output>
        </test-method> <!-- launchApplication -->
        <test-method signature="userFirstNameSearch()[pri:0, instance:automation.AdminTest.FilterAndSearchTest@5c7bfdc1]" started-at="2024-02-05T15:27:04 CST" name="userFirstNameSearch" finished-at="2024-02-05T15:27:13 CST" duration-ms="8629" status="PASS">
          <reporter-output>
          </reporter-output>
        </test-method> <!-- userFirstNameSearch -->
        <test-method is-config="true" signature="tearDown()[pri:0, instance:automation.AdminTest.FilterAndSearchTest@5c7bfdc1]" started-at="2024-02-05T15:27:13 CST" name="tearDown" finished-at="2024-02-05T15:27:13 CST" duration-ms="561" status="PASS">
          <reporter-output>
          </reporter-output>
        </test-method> <!-- tearDown -->
        <test-method is-config="true" signature="launchApplication()[pri:0, instance:automation.AdminTest.FilterAndSearchTest@5c7bfdc1]" started-at="2024-02-05T15:27:13 CST" name="launchApplication" finished-at="2024-02-05T15:27:16 CST" duration-ms="2507" status="PASS">
          <reporter-output>
          </reporter-output>
        </test-method> <!-- launchApplication -->
        <test-method signature="userLastNameSearch()[pri:0, instance:automation.AdminTest.FilterAndSearchTest@5c7bfdc1]" started-at="2024-02-05T15:27:16 CST" name="userLastNameSearch" finished-at="2024-02-05T15:27:25 CST" duration-ms="9091" status="PASS">
          <reporter-output>
          </reporter-output>
        </test-method> <!-- userLastNameSearch -->
        <test-method is-config="true" signature="tearDown()[pri:0, instance:automation.AdminTest.FilterAndSearchTest@5c7bfdc1]" started-at="2024-02-05T15:27:25 CST" name="tearDown" finished-at="2024-02-05T15:27:26 CST" duration-ms="927" status="PASS">
          <reporter-output>
          </reporter-output>
        </test-method> <!-- tearDown -->
      </class> <!-- automation.AdminTest.FilterAndSearchTest -->
    </test> <!-- Filter And SearchTest -->
  </suite> <!-- Suite -->
</testng-results>
