<?xml version="1.0" encoding="UTF-8"?>
<testng-results ignored="0" total="25" passed="25" failed="0" skipped="0">
  <reporter-output>
  </reporter-output>
  <suite started-at="2024-01-30T17:22:54 CST" name="Suite" finished-at="2024-01-30T17:32:20 CST" duration-ms="566309">
    <groups>
      <group name="ErrorHandling">
        <method signature="AllLoginTest.loginWithInvalidPassword()[pri:0, instance:automation.AdminTest.AllLoginTest@76494737]" name="loginWithInvalidPassword" class="automation.AdminTest.AllLoginTest"/>
        <method signature="AllLoginTest.loginWithInvalidUserName()[pri:0, instance:automation.AdminTest.AllLoginTest@76494737]" name="loginWithInvalidUserName" class="automation.AdminTest.AllLoginTest"/>
        <method signature="AllLoginTest.loginWithoutAccess()[pri:0, instance:automation.AdminTest.AllLoginTest@76494737]" name="loginWithoutAccess" class="automation.AdminTest.AllLoginTest"/>
        <method signature="AreaCreationTest.areaCodeDupValidation()[pri:0, instance:automation.AdminTest.AreaCreationTest@1807f5a7]" name="areaCodeDupValidation" class="automation.AdminTest.AreaCreationTest"/>
        <method signature="AreaCreationTest.areaNameDupValidation(java.util.HashMap)[pri:0, instance:automation.AdminTest.AreaCreationTest@1807f5a7]" name="areaNameDupValidation" class="automation.AdminTest.AreaCreationTest"/>
        <method signature="AreaCreationTest.fixedRateMaxLimit()[pri:0, instance:automation.AdminTest.AreaCreationTest@1807f5a7]" name="fixedRateMaxLimit" class="automation.AdminTest.AreaCreationTest"/>
        <method signature="UserEnrollmentTest.userEmailDupValidation(java.util.HashMap)[pri:0, instance:automation.AdminTest.UserEnrollmentTest@7d3e8655]" name="userEmailDupValidation" class="automation.AdminTest.UserEnrollmentTest"/>
      </group> <!-- ErrorHandling -->
      <group name="Creation">
        <method signature="AreaCreationTest.areaCreation()[pri:0, instance:automation.AdminTest.AreaCreationTest@1807f5a7]" name="areaCreation" class="automation.AdminTest.AreaCreationTest"/>
        <method signature="UserEnrollmentTest.userEnrollment()[pri:0, instance:automation.AdminTest.UserEnrollmentTest@7d3e8655]" name="userEnrollment" class="automation.AdminTest.UserEnrollmentTest"/>
      </group> <!-- Creation -->
    </groups>
    <test started-at="2024-01-30T17:22:54 CST" name="Login Test" finished-at="2024-01-30T17:24:47 CST" duration-ms="113314">
      <class name="automation.AdminTest.AllLoginTest">
        <test-method is-config="true" signature="launchApplication()[pri:0, instance:automation.AdminTest.AllLoginTest@76494737]" started-at="2024-01-30T17:22:54 CST" name="launchApplication" finished-at="2024-01-30T17:24:08 CST" duration-ms="74154" status="PASS">
          <reporter-output>
          </reporter-output>
        </test-method> <!-- launchApplication -->
        <test-method signature="loginWithAccess()[pri:0, instance:automation.AdminTest.AllLoginTest@76494737]" started-at="2024-01-30T17:24:08 CST" name="loginWithAccess" finished-at="2024-01-30T17:24:33 CST" duration-ms="24380" status="PASS">
          <reporter-output>
          </reporter-output>
        </test-method> <!-- loginWithAccess -->
        <test-method is-config="true" signature="tearDown()[pri:0, instance:automation.AdminTest.AllLoginTest@76494737]" started-at="2024-01-30T17:24:33 CST" name="tearDown" finished-at="2024-01-30T17:24:33 CST" duration-ms="789" status="PASS">
          <reporter-output>
          </reporter-output>
        </test-method> <!-- tearDown -->
        <test-method is-config="true" signature="launchApplication()[pri:0, instance:automation.AdminTest.AllLoginTest@76494737]" started-at="2024-01-30T17:24:33 CST" name="launchApplication" finished-at="2024-01-30T17:24:36 CST" duration-ms="2694" status="PASS">
          <reporter-output>
          </reporter-output>
        </test-method> <!-- launchApplication -->
        <test-method signature="loginWithInvalidPassword()[pri:0, instance:automation.AdminTest.AllLoginTest@76494737]" started-at="2024-01-30T17:24:36 CST" name="loginWithInvalidPassword" finished-at="2024-01-30T17:24:39 CST" duration-ms="2821" status="PASS">
          <reporter-output>
          </reporter-output>
        </test-method> <!-- loginWithInvalidPassword -->
        <test-method is-config="true" signature="tearDown()[pri:0, instance:automation.AdminTest.AllLoginTest@76494737]" started-at="2024-01-30T17:24:39 CST" name="tearDown" finished-at="2024-01-30T17:24:39 CST" duration-ms="580" status="PASS">
          <reporter-output>
          </reporter-output>
        </test-method> <!-- tearDown -->
        <test-method is-config="true" signature="launchApplication()[pri:0, instance:automation.AdminTest.AllLoginTest@76494737]" started-at="2024-01-30T17:24:39 CST" name="launchApplication" finished-at="2024-01-30T17:24:42 CST" duration-ms="2453" status="PASS">
          <reporter-output>
          </reporter-output>
        </test-method> <!-- launchApplication -->
        <test-method signature="loginWithInvalidUserName()[pri:0, instance:automation.AdminTest.AllLoginTest@76494737]" started-at="2024-01-30T17:24:42 CST" name="loginWithInvalidUserName" finished-at="2024-01-30T17:24:43 CST" duration-ms="935" status="PASS">
          <reporter-output>
          </reporter-output>
        </test-method> <!-- loginWithInvalidUserName -->
        <test-method is-config="true" signature="tearDown()[pri:0, instance:automation.AdminTest.AllLoginTest@76494737]" started-at="2024-01-30T17:24:43 CST" name="tearDown" finished-at="2024-01-30T17:24:43 CST" duration-ms="630" status="PASS">
          <reporter-output>
          </reporter-output>
        </test-method> <!-- tearDown -->
        <test-method is-config="true" signature="launchApplication()[pri:0, instance:automation.AdminTest.AllLoginTest@76494737]" started-at="2024-01-30T17:24:43 CST" name="launchApplication" finished-at="2024-01-30T17:24:46 CST" duration-ms="2293" status="PASS">
          <reporter-output>
          </reporter-output>
        </test-method> <!-- launchApplication -->
        <test-method signature="loginWithoutAccess()[pri:0, instance:automation.AdminTest.AllLoginTest@76494737]" started-at="2024-01-30T17:24:46 CST" name="loginWithoutAccess" finished-at="2024-01-30T17:24:47 CST" duration-ms="880" status="PASS">
          <reporter-output>
          </reporter-output>
        </test-method> <!-- loginWithoutAccess -->
        <test-method is-config="true" signature="tearDown()[pri:0, instance:automation.AdminTest.AllLoginTest@76494737]" started-at="2024-01-30T17:24:47 CST" name="tearDown" finished-at="2024-01-30T17:24:47 CST" duration-ms="601" status="PASS">
          <reporter-output>
          </reporter-output>
        </test-method> <!-- tearDown -->
      </class> <!-- automation.AdminTest.AllLoginTest -->
    </test> <!-- Login Test -->
    <test started-at="2024-01-30T17:24:48 CST" name="Parking Area Ceation Test" finished-at="2024-01-30T17:28:17 CST" duration-ms="209370">
      <class name="automation.AdminTest.AreaCreationTest">
        <test-method is-config="true" signature="launchApplication()[pri:0, instance:automation.AdminTest.AreaCreationTest@1807f5a7]" started-at="2024-01-30T17:24:48 CST" name="launchApplication" finished-at="2024-01-30T17:24:50 CST" duration-ms="2476" status="PASS">
          <reporter-output>
          </reporter-output>
        </test-method> <!-- launchApplication -->
        <test-method signature="areaCodeDupValidation()[pri:0, instance:automation.AdminTest.AreaCreationTest@1807f5a7]" started-at="2024-01-30T17:24:50 CST" name="areaCodeDupValidation" finished-at="2024-01-30T17:25:08 CST" duration-ms="17851" status="PASS">
          <reporter-output>
          </reporter-output>
        </test-method> <!-- areaCodeDupValidation -->
        <test-method is-config="true" signature="tearDown()[pri:0, instance:automation.AdminTest.AreaCreationTest@1807f5a7]" started-at="2024-01-30T17:25:08 CST" name="tearDown" finished-at="2024-01-30T17:25:09 CST" duration-ms="674" status="PASS">
          <reporter-output>
          </reporter-output>
        </test-method> <!-- tearDown -->
        <test-method is-config="true" signature="launchApplication()[pri:0, instance:automation.AdminTest.AreaCreationTest@1807f5a7]" started-at="2024-01-30T17:25:09 CST" name="launchApplication" finished-at="2024-01-30T17:25:11 CST" duration-ms="2164" status="PASS">
          <reporter-output>
          </reporter-output>
        </test-method> <!-- launchApplication -->
        <test-method signature="areaCreation()[pri:0, instance:automation.AdminTest.AreaCreationTest@1807f5a7]" started-at="2024-01-30T17:25:11 CST" name="areaCreation" finished-at="2024-01-30T17:25:37 CST" duration-ms="26310" status="PASS">
          <reporter-output>
          </reporter-output>
        </test-method> <!-- areaCreation -->
        <test-method is-config="true" signature="tearDown()[pri:0, instance:automation.AdminTest.AreaCreationTest@1807f5a7]" started-at="2024-01-30T17:25:37 CST" name="tearDown" finished-at="2024-01-30T17:25:38 CST" duration-ms="798" status="PASS">
          <reporter-output>
          </reporter-output>
        </test-method> <!-- tearDown -->
        <test-method is-config="true" signature="launchApplication()[pri:0, instance:automation.AdminTest.AreaCreationTest@1807f5a7]" started-at="2024-01-30T17:25:39 CST" name="launchApplication" finished-at="2024-01-30T17:25:41 CST" duration-ms="2006" status="PASS">
          <reporter-output>
          </reporter-output>
        </test-method> <!-- launchApplication -->
        <test-method signature="areaNameDupValidation(java.util.HashMap)[pri:0, instance:automation.AdminTest.AreaCreationTest@1807f5a7]" started-at="2024-01-30T17:25:41 CST" name="areaNameDupValidation" data-provider="getData" finished-at="2024-01-30T17:26:03 CST" duration-ms="22010" status="PASS">
          <params>
            <param index="0">
              <value>
                <![CDATA[{password=Password1!, mobileNumber=987654321, username=renAdmin}]]>
              </value>
            </param>
          </params>
          <reporter-output>
          </reporter-output>
        </test-method> <!-- areaNameDupValidation -->
        <test-method is-config="true" signature="tearDown()[pri:0, instance:automation.AdminTest.AreaCreationTest@1807f5a7]" started-at="2024-01-30T17:26:03 CST" name="tearDown" finished-at="2024-01-30T17:26:04 CST" duration-ms="837" status="PASS">
          <reporter-output>
          </reporter-output>
        </test-method> <!-- tearDown -->
        <test-method is-config="true" signature="launchApplication()[pri:0, instance:automation.AdminTest.AreaCreationTest@1807f5a7]" started-at="2024-01-30T17:26:04 CST" name="launchApplication" finished-at="2024-01-30T17:26:06 CST" duration-ms="2172" status="PASS">
          <reporter-output>
          </reporter-output>
        </test-method> <!-- launchApplication -->
        <test-method signature="areaPagePagenation()[pri:0, instance:automation.AdminTest.AreaCreationTest@1807f5a7]" started-at="2024-01-30T17:26:06 CST" name="areaPagePagenation" finished-at="2024-01-30T17:26:40 CST" duration-ms="34378" status="PASS">
          <reporter-output>
          </reporter-output>
        </test-method> <!-- areaPagePagenation -->
        <test-method is-config="true" signature="tearDown()[pri:0, instance:automation.AdminTest.AreaCreationTest@1807f5a7]" started-at="2024-01-30T17:26:40 CST" name="tearDown" finished-at="2024-01-30T17:26:41 CST" duration-ms="818" status="PASS">
          <reporter-output>
          </reporter-output>
        </test-method> <!-- tearDown -->
        <test-method is-config="true" signature="launchApplication()[pri:0, instance:automation.AdminTest.AreaCreationTest@1807f5a7]" started-at="2024-01-30T17:26:41 CST" name="launchApplication" finished-at="2024-01-30T17:26:43 CST" duration-ms="2387" status="PASS">
          <reporter-output>
          </reporter-output>
        </test-method> <!-- launchApplication -->
        <test-method signature="areaPageSelectRow()[pri:0, instance:automation.AdminTest.AreaCreationTest@1807f5a7]" started-at="2024-01-30T17:26:43 CST" name="areaPageSelectRow" finished-at="2024-01-30T17:27:08 CST" duration-ms="24932" status="PASS">
          <reporter-output>
          </reporter-output>
        </test-method> <!-- areaPageSelectRow -->
        <test-method is-config="true" signature="tearDown()[pri:0, instance:automation.AdminTest.AreaCreationTest@1807f5a7]" started-at="2024-01-30T17:27:08 CST" name="tearDown" finished-at="2024-01-30T17:27:09 CST" duration-ms="793" status="PASS">
          <reporter-output>
          </reporter-output>
        </test-method> <!-- tearDown -->
        <test-method is-config="true" signature="launchApplication()[pri:0, instance:automation.AdminTest.AreaCreationTest@1807f5a7]" started-at="2024-01-30T17:27:09 CST" name="launchApplication" finished-at="2024-01-30T17:27:11 CST" duration-ms="2189" status="PASS">
          <reporter-output>
          </reporter-output>
        </test-method> <!-- launchApplication -->
        <test-method signature="editParkingArea()[pri:0, instance:automation.AdminTest.AreaCreationTest@1807f5a7]" started-at="2024-01-30T17:27:11 CST" name="editParkingArea" finished-at="2024-01-30T17:27:37 CST" duration-ms="25848" status="PASS">
          <reporter-output>
          </reporter-output>
        </test-method> <!-- editParkingArea -->
        <test-method is-config="true" signature="tearDown()[pri:0, instance:automation.AdminTest.AreaCreationTest@1807f5a7]" started-at="2024-01-30T17:27:37 CST" name="tearDown" finished-at="2024-01-30T17:27:38 CST" duration-ms="784" status="PASS">
          <reporter-output>
          </reporter-output>
        </test-method> <!-- tearDown -->
        <test-method is-config="true" signature="launchApplication()[pri:0, instance:automation.AdminTest.AreaCreationTest@1807f5a7]" started-at="2024-01-30T17:27:38 CST" name="launchApplication" finished-at="2024-01-30T17:27:40 CST" duration-ms="2220" status="PASS">
          <reporter-output>
          </reporter-output>
        </test-method> <!-- launchApplication -->
        <test-method signature="exitCreationAlert()[pri:0, instance:automation.AdminTest.AreaCreationTest@1807f5a7]" started-at="2024-01-30T17:27:40 CST" name="exitCreationAlert" finished-at="2024-01-30T17:27:55 CST" duration-ms="14672" status="PASS">
          <reporter-output>
          </reporter-output>
        </test-method> <!-- exitCreationAlert -->
        <test-method is-config="true" signature="tearDown()[pri:0, instance:automation.AdminTest.AreaCreationTest@1807f5a7]" started-at="2024-01-30T17:27:55 CST" name="tearDown" finished-at="2024-01-30T17:27:56 CST" duration-ms="844" status="PASS">
          <reporter-output>
          </reporter-output>
        </test-method> <!-- tearDown -->
        <test-method is-config="true" signature="launchApplication()[pri:0, instance:automation.AdminTest.AreaCreationTest@1807f5a7]" started-at="2024-01-30T17:27:56 CST" name="launchApplication" finished-at="2024-01-30T17:27:58 CST" duration-ms="2031" status="PASS">
          <reporter-output>
          </reporter-output>
        </test-method> <!-- launchApplication -->
        <test-method signature="fixedRateMaxLimit()[pri:0, instance:automation.AdminTest.AreaCreationTest@1807f5a7]" started-at="2024-01-30T17:27:58 CST" name="fixedRateMaxLimit" finished-at="2024-01-30T17:28:16 CST" duration-ms="18881" status="PASS">
          <reporter-output>
          </reporter-output>
        </test-method> <!-- fixedRateMaxLimit -->
        <test-method is-config="true" signature="tearDown()[pri:0, instance:automation.AdminTest.AreaCreationTest@1807f5a7]" started-at="2024-01-30T17:28:16 CST" name="tearDown" finished-at="2024-01-30T17:28:17 CST" duration-ms="802" status="PASS">
          <reporter-output>
          </reporter-output>
        </test-method> <!-- tearDown -->
      </class> <!-- automation.AdminTest.AreaCreationTest -->
    </test> <!-- Parking Area Ceation Test -->
    <test started-at="2024-01-30T17:28:17 CST" name="User Enrollment Test" finished-at="2024-01-30T17:30:41 CST" duration-ms="143312">
      <class name="automation.AdminTest.UserEnrollmentTest">
        <test-method is-config="true" signature="launchApplication()[pri:0, instance:automation.AdminTest.UserEnrollmentTest@7d3e8655]" started-at="2024-01-30T17:28:17 CST" name="launchApplication" finished-at="2024-01-30T17:28:21 CST" duration-ms="3287" status="PASS">
          <reporter-output>
          </reporter-output>
        </test-method> <!-- launchApplication -->
        <test-method signature="editUserAccount()[pri:0, instance:automation.AdminTest.UserEnrollmentTest@7d3e8655]" started-at="2024-01-30T17:28:21 CST" name="editUserAccount" finished-at="2024-01-30T17:28:38 CST" duration-ms="17176" status="PASS">
          <reporter-output>
          </reporter-output>
        </test-method> <!-- editUserAccount -->
        <test-method is-config="true" signature="tearDown()[pri:0, instance:automation.AdminTest.UserEnrollmentTest@7d3e8655]" started-at="2024-01-30T17:28:38 CST" name="tearDown" finished-at="2024-01-30T17:28:39 CST" duration-ms="692" status="PASS">
          <reporter-output>
          </reporter-output>
        </test-method> <!-- tearDown -->
        <test-method is-config="true" signature="launchApplication()[pri:0, instance:automation.AdminTest.UserEnrollmentTest@7d3e8655]" started-at="2024-01-30T17:28:39 CST" name="launchApplication" finished-at="2024-01-30T17:28:41 CST" duration-ms="2484" status="PASS">
          <reporter-output>
          </reporter-output>
        </test-method> <!-- launchApplication -->
        <test-method signature="exitEnrollmentAlert()[pri:0, instance:automation.AdminTest.UserEnrollmentTest@7d3e8655]" started-at="2024-01-30T17:28:41 CST" name="exitEnrollmentAlert" finished-at="2024-01-30T17:28:54 CST" duration-ms="12684" status="PASS">
          <reporter-output>
          </reporter-output>
        </test-method> <!-- exitEnrollmentAlert -->
        <test-method is-config="true" signature="tearDown()[pri:0, instance:automation.AdminTest.UserEnrollmentTest@7d3e8655]" started-at="2024-01-30T17:28:54 CST" name="tearDown" finished-at="2024-01-30T17:28:54 CST" duration-ms="683" status="PASS">
          <reporter-output>
          </reporter-output>
        </test-method> <!-- tearDown -->
        <test-method is-config="true" signature="launchApplication()[pri:0, instance:automation.AdminTest.UserEnrollmentTest@7d3e8655]" started-at="2024-01-30T17:28:54 CST" name="launchApplication" finished-at="2024-01-30T17:28:58 CST" duration-ms="3229" status="PASS">
          <reporter-output>
          </reporter-output>
        </test-method> <!-- launchApplication -->
        <test-method signature="userEmailDupValidation(java.util.HashMap)[pri:0, instance:automation.AdminTest.UserEnrollmentTest@7d3e8655]" started-at="2024-01-30T17:28:58 CST" name="userEmailDupValidation" data-provider="getData" finished-at="2024-01-30T17:29:11 CST" duration-ms="12857" status="PASS">
          <params>
            <param index="0">
              <value>
                <![CDATA[{password=Password1!, mobileNumber=987654321, username=renAdmin}]]>
              </value>
            </param>
          </params>
          <reporter-output>
          </reporter-output>
        </test-method> <!-- userEmailDupValidation -->
        <test-method is-config="true" signature="tearDown()[pri:0, instance:automation.AdminTest.UserEnrollmentTest@7d3e8655]" started-at="2024-01-30T17:29:11 CST" name="tearDown" finished-at="2024-01-30T17:29:11 CST" duration-ms="686" status="PASS">
          <reporter-output>
          </reporter-output>
        </test-method> <!-- tearDown -->
        <test-method is-config="true" signature="launchApplication()[pri:0, instance:automation.AdminTest.UserEnrollmentTest@7d3e8655]" started-at="2024-01-30T17:29:11 CST" name="launchApplication" finished-at="2024-01-30T17:29:15 CST" duration-ms="4121" status="PASS">
          <reporter-output>
          </reporter-output>
        </test-method> <!-- launchApplication -->
        <test-method signature="userEnrollment()[pri:0, instance:automation.AdminTest.UserEnrollmentTest@7d3e8655]" started-at="2024-01-30T17:29:15 CST" name="userEnrollment" finished-at="2024-01-30T17:29:48 CST" duration-ms="32607" status="PASS">
          <reporter-output>
          </reporter-output>
        </test-method> <!-- userEnrollment -->
        <test-method is-config="true" signature="tearDown()[pri:0, instance:automation.AdminTest.UserEnrollmentTest@7d3e8655]" started-at="2024-01-30T17:29:48 CST" name="tearDown" finished-at="2024-01-30T17:29:49 CST" duration-ms="860" status="PASS">
          <reporter-output>
          </reporter-output>
        </test-method> <!-- tearDown -->
        <test-method is-config="true" signature="launchApplication()[pri:0, instance:automation.AdminTest.UserEnrollmentTest@7d3e8655]" started-at="2024-01-30T17:29:49 CST" name="launchApplication" finished-at="2024-01-30T17:29:51 CST" duration-ms="2209" status="PASS">
          <reporter-output>
          </reporter-output>
        </test-method> <!-- launchApplication -->
        <test-method signature="userPagePagenation()[pri:0, instance:automation.AdminTest.UserEnrollmentTest@7d3e8655]" started-at="2024-01-30T17:29:51 CST" name="userPagePagenation" finished-at="2024-01-30T17:30:13 CST" duration-ms="21602" status="PASS">
          <reporter-output>
          </reporter-output>
        </test-method> <!-- userPagePagenation -->
        <test-method is-config="true" signature="tearDown()[pri:0, instance:automation.AdminTest.UserEnrollmentTest@7d3e8655]" started-at="2024-01-30T17:30:13 CST" name="tearDown" finished-at="2024-01-30T17:30:13 CST" duration-ms="698" status="PASS">
          <reporter-output>
          </reporter-output>
        </test-method> <!-- tearDown -->
        <test-method is-config="true" signature="launchApplication()[pri:0, instance:automation.AdminTest.UserEnrollmentTest@7d3e8655]" started-at="2024-01-30T17:30:13 CST" name="launchApplication" finished-at="2024-01-30T17:30:15 CST" duration-ms="1954" status="PASS">
          <reporter-output>
          </reporter-output>
        </test-method> <!-- launchApplication -->
        <test-method signature="userPageSelectRow()[pri:0, instance:automation.AdminTest.UserEnrollmentTest@7d3e8655]" started-at="2024-01-30T17:30:15 CST" name="userPageSelectRow" finished-at="2024-01-30T17:30:40 CST" duration-ms="24460" status="PASS">
          <reporter-output>
          </reporter-output>
        </test-method> <!-- userPageSelectRow -->
        <test-method is-config="true" signature="tearDown()[pri:0, instance:automation.AdminTest.UserEnrollmentTest@7d3e8655]" started-at="2024-01-30T17:30:40 CST" name="tearDown" finished-at="2024-01-30T17:30:41 CST" duration-ms="1000" status="PASS">
          <reporter-output>
          </reporter-output>
        </test-method> <!-- tearDown -->
      </class> <!-- automation.AdminTest.UserEnrollmentTest -->
    </test> <!-- User Enrollment Test -->
    <test started-at="2024-01-30T17:30:41 CST" name="Filter And SearchTest" finished-at="2024-01-30T17:32:20 CST" duration-ms="99404">
      <class name="automation.AdminTest.FilterAndSearchTest">
        <test-method is-config="true" signature="launchApplication()[pri:0, instance:automation.AdminTest.FilterAndSearchTest@6cd24612]" started-at="2024-01-30T17:30:41 CST" name="launchApplication" finished-at="2024-01-30T17:30:43 CST" duration-ms="2187" status="PASS">
          <reporter-output>
          </reporter-output>
        </test-method> <!-- launchApplication -->
        <test-method signature="filterByAdminRole()[pri:0, instance:automation.AdminTest.FilterAndSearchTest@6cd24612]" started-at="2024-01-30T17:30:43 CST" name="filterByAdminRole" finished-at="2024-01-30T17:30:52 CST" duration-ms="9437" status="PASS">
          <reporter-output>
          </reporter-output>
        </test-method> <!-- filterByAdminRole -->
        <test-method is-config="true" signature="tearDown()[pri:0, instance:automation.AdminTest.FilterAndSearchTest@6cd24612]" started-at="2024-01-30T17:30:52 CST" name="tearDown" finished-at="2024-01-30T17:30:53 CST" duration-ms="841" status="PASS">
          <reporter-output>
          </reporter-output>
        </test-method> <!-- tearDown -->
        <test-method is-config="true" signature="launchApplication()[pri:0, instance:automation.AdminTest.FilterAndSearchTest@6cd24612]" started-at="2024-01-30T17:30:53 CST" name="launchApplication" finished-at="2024-01-30T17:30:56 CST" duration-ms="2273" status="PASS">
          <reporter-output>
          </reporter-output>
        </test-method> <!-- launchApplication -->
        <test-method signature="filterByEncoderRole()[pri:0, instance:automation.AdminTest.FilterAndSearchTest@6cd24612]" started-at="2024-01-30T17:30:56 CST" name="filterByEncoderRole" finished-at="2024-01-30T17:31:06 CST" duration-ms="10089" status="PASS">
          <reporter-output>
          </reporter-output>
        </test-method> <!-- filterByEncoderRole -->
        <test-method is-config="true" signature="tearDown()[pri:0, instance:automation.AdminTest.FilterAndSearchTest@6cd24612]" started-at="2024-01-30T17:31:06 CST" name="tearDown" finished-at="2024-01-30T17:31:06 CST" duration-ms="764" status="PASS">
          <reporter-output>
          </reporter-output>
        </test-method> <!-- tearDown -->
        <test-method is-config="true" signature="launchApplication()[pri:0, instance:automation.AdminTest.FilterAndSearchTest@6cd24612]" started-at="2024-01-30T17:31:06 CST" name="launchApplication" finished-at="2024-01-30T17:31:09 CST" duration-ms="2127" status="PASS">
          <reporter-output>
          </reporter-output>
        </test-method> <!-- launchApplication -->
        <test-method signature="parkingAreaCodeSearch()[pri:0, instance:automation.AdminTest.FilterAndSearchTest@6cd24612]" started-at="2024-01-30T17:31:09 CST" name="parkingAreaCodeSearch" finished-at="2024-01-30T17:31:22 CST" duration-ms="13086" status="PASS">
          <reporter-output>
          </reporter-output>
        </test-method> <!-- parkingAreaCodeSearch -->
        <test-method is-config="true" signature="tearDown()[pri:0, instance:automation.AdminTest.FilterAndSearchTest@6cd24612]" started-at="2024-01-30T17:31:22 CST" name="tearDown" finished-at="2024-01-30T17:31:22 CST" duration-ms="747" status="PASS">
          <reporter-output>
          </reporter-output>
        </test-method> <!-- tearDown -->
        <test-method is-config="true" signature="launchApplication()[pri:0, instance:automation.AdminTest.FilterAndSearchTest@6cd24612]" started-at="2024-01-30T17:31:22 CST" name="launchApplication" finished-at="2024-01-30T17:31:25 CST" duration-ms="2317" status="PASS">
          <reporter-output>
          </reporter-output>
        </test-method> <!-- launchApplication -->
        <test-method signature="parkingNameSearch()[pri:0, instance:automation.AdminTest.FilterAndSearchTest@6cd24612]" started-at="2024-01-30T17:31:25 CST" name="parkingNameSearch" finished-at="2024-01-30T17:31:40 CST" duration-ms="15155" status="PASS">
          <reporter-output>
          </reporter-output>
        </test-method> <!-- parkingNameSearch -->
        <test-method is-config="true" signature="tearDown()[pri:0, instance:automation.AdminTest.FilterAndSearchTest@6cd24612]" started-at="2024-01-30T17:31:40 CST" name="tearDown" finished-at="2024-01-30T17:31:41 CST" duration-ms="888" status="PASS">
          <reporter-output>
          </reporter-output>
        </test-method> <!-- tearDown -->
        <test-method is-config="true" signature="launchApplication()[pri:0, instance:automation.AdminTest.FilterAndSearchTest@6cd24612]" started-at="2024-01-30T17:31:41 CST" name="launchApplication" finished-at="2024-01-30T17:31:43 CST" duration-ms="2369" status="PASS">
          <reporter-output>
          </reporter-output>
        </test-method> <!-- launchApplication -->
        <test-method signature="userEmailSearch()[pri:0, instance:automation.AdminTest.FilterAndSearchTest@6cd24612]" started-at="2024-01-30T17:31:43 CST" name="userEmailSearch" finished-at="2024-01-30T17:31:53 CST" duration-ms="10370" status="PASS">
          <reporter-output>
          </reporter-output>
        </test-method> <!-- userEmailSearch -->
        <test-method is-config="true" signature="tearDown()[pri:0, instance:automation.AdminTest.FilterAndSearchTest@6cd24612]" started-at="2024-01-30T17:31:53 CST" name="tearDown" finished-at="2024-01-30T17:31:54 CST" duration-ms="819" status="PASS">
          <reporter-output>
          </reporter-output>
        </test-method> <!-- tearDown -->
        <test-method is-config="true" signature="launchApplication()[pri:0, instance:automation.AdminTest.FilterAndSearchTest@6cd24612]" started-at="2024-01-30T17:31:54 CST" name="launchApplication" finished-at="2024-01-30T17:31:57 CST" duration-ms="2319" status="PASS">
          <reporter-output>
          </reporter-output>
        </test-method> <!-- launchApplication -->
        <test-method signature="userLastNameSearch()[pri:0, instance:automation.AdminTest.FilterAndSearchTest@6cd24612]" started-at="2024-01-30T17:31:57 CST" name="userLastNameSearch" finished-at="2024-01-30T17:32:07 CST" duration-ms="9981" status="PASS">
          <reporter-output>
          </reporter-output>
        </test-method> <!-- userLastNameSearch -->
        <test-method is-config="true" signature="tearDown()[pri:0, instance:automation.AdminTest.FilterAndSearchTest@6cd24612]" started-at="2024-01-30T17:32:07 CST" name="tearDown" finished-at="2024-01-30T17:32:07 CST" duration-ms="649" status="PASS">
          <reporter-output>
          </reporter-output>
        </test-method> <!-- tearDown -->
        <test-method is-config="true" signature="launchApplication()[pri:0, instance:automation.AdminTest.FilterAndSearchTest@6cd24612]" started-at="2024-01-30T17:32:07 CST" name="launchApplication" finished-at="2024-01-30T17:32:09 CST" duration-ms="2166" status="PASS">
          <reporter-output>
          </reporter-output>
        </test-method> <!-- launchApplication -->
        <test-method signature="userNameSearch()[pri:0, instance:automation.AdminTest.FilterAndSearchTest@6cd24612]" started-at="2024-01-30T17:32:09 CST" name="userNameSearch" finished-at="2024-01-30T17:32:19 CST" duration-ms="10017" status="PASS">
          <reporter-output>
          </reporter-output>
        </test-method> <!-- userNameSearch -->
        <test-method is-config="true" signature="tearDown()[pri:0, instance:automation.AdminTest.FilterAndSearchTest@6cd24612]" started-at="2024-01-30T17:32:19 CST" name="tearDown" finished-at="2024-01-30T17:32:20 CST" duration-ms="788" status="PASS">
          <reporter-output>
          </reporter-output>
        </test-method> <!-- tearDown -->
      </class> <!-- automation.AdminTest.FilterAndSearchTest -->
    </test> <!-- Filter And SearchTest -->
  </suite> <!-- Suite -->
</testng-results>
