<?xml version="1.0" encoding="UTF-8"?>
<testsuite xmlns:xsi="http://www.w3.org/2001/XMLSchema-instance" xsi:noNamespaceSchemaLocation="https://maven.apache.org/surefire/maven-surefire-plugin/xsd/surefire-test-report-3.0.xsd" version="3.0" name="TestSuite" time="1003.18" tests="37" errors="0" skipped="0" failures="0">
  <properties>
[...]
</properties>
  <testcase name="loginWithAccess" classname="automation.AdminTest.AllLoginTest" time="12.575">
    <system-err><![CDATA[SLF4J: Failed to load class "org.slf4j.impl.StaticLoggerBinder".
SLF4J: Defaulting to no-operation (NOP) logger implementation
SLF4J: See http://www.slf4j.org/codes.html#StaticLoggerBinder for further details.
Jan 31, 2024 11:11:27 PM org.openqa.selenium.devtools.CdpVersionFinder findNearestMatch
WARNING: Unable to find an exact match for CDP version 121, returning the closest version; found: 120; Please update to a Selenium version that supports CDP version 121
]]></system-err>
  </testcase>
  <testcase name="loginWithInvalidPassword" classname="automation.AdminTest.AllLoginTest" time="4.851">
    <system-err><![CDATA[Jan 31, 2024 11:11:44 PM org.openqa.selenium.devtools.CdpVersionFinder findNearestMatch
WARNING: Unable to find an exact match for CDP version 121, returning the closest version; found: 120; Please update to a Selenium version that supports CDP version 121
]]></system-err>
  </testcase>
  <testcase name="loginWithInvalidUserName" classname="automation.AdminTest.AllLoginTest" time="2.719">
    <system-err><![CDATA[Jan 31, 2024 11:11:53 PM org.openqa.selenium.devtools.CdpVersionFinder findNearestMatch
WARNING: Unable to find an exact match for CDP version 121, returning the closest version; found: 120; Please update to a Selenium version that supports CDP version 121
]]></system-err>
  </testcase>
  <testcase name="loginWithoutAccess" classname="automation.AdminTest.AllLoginTest" time="3.0">
    <system-err><![CDATA[Jan 31, 2024 11:11:59 PM org.openqa.selenium.devtools.CdpVersionFinder findNearestMatch
WARNING: Unable to find an exact match for CDP version 121, returning the closest version; found: 120; Please update to a Selenium version that supports CDP version 121
]]></system-err>
  </testcase>
  <testcase name="areaCodeDupValidation" classname="automation.AdminTest.AreaCreationTest" time="25.793">
    <system-out><![CDATA[Test Execution Ended
]]></system-out>
    <system-err><![CDATA[Jan 31, 2024 11:12:06 PM org.openqa.selenium.devtools.CdpVersionFinder findNearestMatch
WARNING: Unable to find an exact match for CDP version 121, returning the closest version; found: 120; Please update to a Selenium version that supports CDP version 121
]]></system-err>
  </testcase>
  <testcase name="areaCreation" classname="automation.AdminTest.AreaCreationTest" time="35.329">
    <system-out><![CDATA[Area_PATI039
]]></system-out>
    <system-err><![CDATA[Jan 31, 2024 11:12:35 PM org.openqa.selenium.devtools.CdpVersionFinder findNearestMatch
WARNING: Unable to find an exact match for CDP version 121, returning the closest version; found: 120; Please update to a Selenium version that supports CDP version 121
org.openqa.selenium.NoSuchElementException: no such element: Unable to locate element: {"method":"css selector","selector":".text-red-500.text-xs.mt-1"}
  (Session info: chrome-headless-shell=121.0.6167.86)
For documentation on this error, please visit: https://www.selenium.dev/documentation/webdriver/troubleshooting/errors#no-such-element-exception
Build info: version: '4.16.1', revision: '9b4c83354e'
System info: os.name: 'Windows 10', os.arch: 'amd64', os.version: '10.0', java.version: '21.0.1'
Driver info: org.openqa.selenium.chrome.ChromeDriver
Command: [c4364eb75f8fa22926847f6e52489205, findElement {using=css selector, value=.text-red-500.text-xs.mt-1}]
Capabilities {acceptInsecureCerts: false, browserName: chrome-headless-shell, browserVersion: 121.0.6167.86, chrome: {chromedriverVersion: 121.0.6167.85 (3f98d690ad7e..., userDataDir: C:\Users\REN~1.CAS\AppData\...}, fedcm:accounts: true, goog:chromeOptions: {debuggerAddress: localhost:58201}, networkConnectionEnabled: false, pageLoadStrategy: normal, platformName: windows, proxy: Proxy(), se:cdp: ws://localhost:58201/devtoo..., se:cdpVersion: 121.0.6167.86, setWindowRect: true, strictFileInteractability: false, timeouts: {implicit: 0, pageLoad: 300000, script: 30000}, unhandledPromptBehavior: dismiss and notify, webauthn:extension:credBlob: true, webauthn:extension:largeBlob: true, webauthn:extension:minPinLength: true, webauthn:extension:prf: true, webauthn:virtualAuthenticators: true}
Session ID: c4364eb75f8fa22926847f6e52489205
	at java.base/jdk.internal.reflect.DirectConstructorHandleAccessor.newInstance(DirectConstructorHandleAccessor.java:62)
	at java.base/java.lang.reflect.Constructor.newInstanceWithCaller(Constructor.java:502)
	at java.base/java.lang.reflect.Constructor.newInstance(Constructor.java:486)
	at org.openqa.selenium.remote.codec.w3c.W3CHttpResponseCodec.createException(W3CHttpResponseCodec.java:200)
	at org.openqa.selenium.remote.codec.w3c.W3CHttpResponseCodec.decode(W3CHttpResponseCodec.java:133)
	at org.openqa.selenium.remote.codec.w3c.W3CHttpResponseCodec.decode(W3CHttpResponseCodec.java:52)
	at org.openqa.selenium.remote.HttpCommandExecutor.execute(HttpCommandExecutor.java:191)
	at org.openqa.selenium.remote.service.DriverCommandExecutor.invokeExecute(DriverCommandExecutor.java:200)
	at org.openqa.selenium.remote.service.DriverCommandExecutor.execute(DriverCommandExecutor.java:175)
	at org.openqa.selenium.remote.RemoteWebDriver.execute(RemoteWebDriver.java:523)
	at org.openqa.selenium.remote.ElementLocation$ElementFinder$2.findElement(ElementLocation.java:165)
	at org.openqa.selenium.remote.ElementLocation.findElement(ElementLocation.java:59)
	at org.openqa.selenium.remote.RemoteWebDriver.findElement(RemoteWebDriver.java:360)
	at org.openqa.selenium.remote.RemoteWebDriver.findElement(RemoteWebDriver.java:354)
	at org.openqa.selenium.support.pagefactory.DefaultElementLocator.findElement(DefaultElementLocator.java:68)
	at org.openqa.selenium.support.pagefactory.internal.LocatingElementHandler.invoke(LocatingElementHandler.java:38)
	at jdk.proxy2/jdk.proxy2.$Proxy12.isDisplayed(Unknown Source)
	at automation.PageObject.AreaCreation.handlingDupAndValidation(AreaCreation.java:221)
	at automation.AdminTest.AreaCreationTest.areaCreation(AreaCreationTest.java:38)
	at java.base/jdk.internal.reflect.DirectMethodHandleAccessor.invoke(DirectMethodHandleAccessor.java:103)
	at java.base/java.lang.reflect.Method.invoke(Method.java:580)
	at org.testng.internal.invokers.MethodInvocationHelper.invokeMethod(MethodInvocationHelper.java:139)
	at org.testng.internal.invokers.TestInvoker.invokeMethod(TestInvoker.java:664)
	at org.testng.internal.invokers.TestInvoker.invokeTestMethod(TestInvoker.java:228)
	at org.testng.internal.invokers.MethodRunner.runInSequence(MethodRunner.java:63)
	at org.testng.internal.invokers.TestInvoker$MethodInvocationAgent.invoke(TestInvoker.java:961)
	at org.testng.internal.invokers.TestInvoker.invokeTestMethods(TestInvoker.java:201)
	at org.testng.internal.invokers.TestMethodWorker.invokeTestMethods(TestMethodWorker.java:148)
	at org.testng.internal.invokers.TestMethodWorker.run(TestMethodWorker.java:128)
	at java.base/java.util.ArrayList.forEach(ArrayList.java:1596)
	at org.testng.TestRunner.privateRun(TestRunner.java:819)
	at org.testng.TestRunner.run(TestRunner.java:619)
	at org.testng.SuiteRunner.runTest(SuiteRunner.java:443)
	at org.testng.SuiteRunner.runSequentially(SuiteRunner.java:437)
	at org.testng.SuiteRunner.privateRun(SuiteRunner.java:397)
	at org.testng.SuiteRunner.run(SuiteRunner.java:336)
	at org.testng.SuiteRunnerWorker.runSuite(SuiteRunnerWorker.java:52)
	at org.testng.SuiteRunnerWorker.run(SuiteRunnerWorker.java:95)
	at org.testng.TestNG.runSuitesSequentially(TestNG.java:1301)
	at org.testng.TestNG.runSuitesLocally(TestNG.java:1228)
	at org.testng.TestNG.runSuites(TestNG.java:1134)
	at org.testng.TestNG.run(TestNG.java:1101)
	at org.apache.maven.surefire.testng.TestNGExecutor.run(TestNGExecutor.java:308)
	at org.apache.maven.surefire.testng.TestNGXmlTestSuite.execute(TestNGXmlTestSuite.java:71)
	at org.apache.maven.surefire.testng.TestNGProvider.invoke(TestNGProvider.java:113)
	at org.apache.maven.surefire.booter.ForkedBooter.runSuitesInProcess(ForkedBooter.java:385)
	at org.apache.maven.surefire.booter.ForkedBooter.execute(ForkedBooter.java:162)
	at org.apache.maven.surefire.booter.ForkedBooter.run(ForkedBooter.java:507)
	at org.apache.maven.surefire.booter.ForkedBooter.main(ForkedBooter.java:495)
]]></system-err>
  </testcase>
  <testcase name="areaNameDupValidation[{password=Password1!, mobileNumber=987654321, username=renAdmin}](1)" classname="automation.AdminTest.AreaCreationTest" time="31.462">
    <system-err><![CDATA[Jan 31, 2024 11:13:15 PM org.openqa.selenium.devtools.CdpVersionFinder findNearestMatch
WARNING: Unable to find an exact match for CDP version 121, returning the closest version; found: 120; Please update to a Selenium version that supports CDP version 121
]]></system-err>
  </testcase>
  <testcase name="areaPagePagenation" classname="automation.AdminTest.AreaCreationTest" time="69.047">
    <system-err><![CDATA[Jan 31, 2024 11:13:50 PM org.openqa.selenium.devtools.CdpVersionFinder findNearestMatch
WARNING: Unable to find an exact match for CDP version 121, returning the closest version; found: 120; Please update to a Selenium version that supports CDP version 121
]]></system-err>
  </testcase>
  <testcase name="areaPageSelectRow" classname="automation.AdminTest.AreaCreationTest" time="26.899">
    <system-out><![CDATA[Iteration is complete:50
]]></system-out>
    <system-err><![CDATA[Jan 31, 2024 11:15:08 PM org.openqa.selenium.devtools.CdpVersionFinder findNearestMatch
WARNING: Unable to find an exact match for CDP version 121, returning the closest version; found: 120; Please update to a Selenium version that supports CDP version 121
]]></system-err>
  </testcase>
  <testcase name="carCapacityInpuValidation" classname="automation.AdminTest.AreaCreationTest" time="21.171">
    <system-err><![CDATA[Jan 31, 2024 11:15:38 PM org.openqa.selenium.devtools.CdpVersionFinder findNearestMatch
WARNING: Unable to find an exact match for CDP version 121, returning the closest version; found: 120; Please update to a Selenium version that supports CDP version 121
]]></system-err>
  </testcase>
  <testcase name="editParkingArea" classname="automation.AdminTest.AreaCreationTest" time="28.465">
    <system-out><![CDATA[QA_Automation is successfully updated!
]]></system-out>
    <system-err><![CDATA[Jan 31, 2024 11:16:03 PM org.openqa.selenium.devtools.CdpVersionFinder findNearestMatch
WARNING: Unable to find an exact match for CDP version 121, returning the closest version; found: 120; Please update to a Selenium version that supports CDP version 121
]]></system-err>
  </testcase>
  <testcase name="exitCreationAlert" classname="automation.AdminTest.AreaCreationTest" time="21.082">
    <system-err><![CDATA[Jan 31, 2024 11:16:35 PM org.openqa.selenium.devtools.CdpVersionFinder findNearestMatch
WARNING: Unable to find an exact match for CDP version 121, returning the closest version; found: 120; Please update to a Selenium version that supports CDP version 121
]]></system-err>
  </testcase>
  <testcase name="fixedRateMaxLimit" classname="automation.AdminTest.AreaCreationTest" time="27.333">
    <system-err><![CDATA[Jan 31, 2024 11:16:59 PM org.openqa.selenium.devtools.CdpVersionFinder findNearestMatch
WARNING: Unable to find an exact match for CDP version 121, returning the closest version; found: 120; Please update to a Selenium version that supports CDP version 121
]]></system-err>
  </testcase>
  <testcase name="motorcycleCapacityInpuValidation" classname="automation.AdminTest.AreaCreationTest" time="20.55">
    <system-err><![CDATA[Jan 31, 2024 11:17:31 PM org.openqa.selenium.devtools.CdpVersionFinder findNearestMatch
WARNING: Unable to find an exact match for CDP version 121, returning the closest version; found: 120; Please update to a Selenium version that supports CDP version 121
]]></system-err>
  </testcase>
  <testcase name="setCMotorcycleCapacityPlusButtonToDisable" classname="automation.AdminTest.AreaCreationTest" time="21.391">
    <system-err><![CDATA[Jan 31, 2024 11:17:55 PM org.openqa.selenium.devtools.CdpVersionFinder findNearestMatch
WARNING: Unable to find an exact match for CDP version 121, returning the closest version; found: 120; Please update to a Selenium version that supports CDP version 121
]]></system-err>
  </testcase>
  <testcase name="setCarCapacityMinusButtonToDisable" classname="automation.AdminTest.AreaCreationTest" time="21.15">
    <system-err><![CDATA[Jan 31, 2024 11:18:20 PM org.openqa.selenium.devtools.CdpVersionFinder findNearestMatch
WARNING: Unable to find an exact match for CDP version 121, returning the closest version; found: 120; Please update to a Selenium version that supports CDP version 121
]]></system-err>
  </testcase>
  <testcase name="setCarCapacityPlusButtonToDisable" classname="automation.AdminTest.AreaCreationTest" time="21.108">
    <system-err><![CDATA[Jan 31, 2024 11:18:45 PM org.openqa.selenium.devtools.CdpVersionFinder findNearestMatch
WARNING: Unable to find an exact match for CDP version 121, returning the closest version; found: 120; Please update to a Selenium version that supports CDP version 121
]]></system-err>
  </testcase>
  <testcase name="setMotorcycleCapacityPlusButtonToDisable" classname="automation.AdminTest.AreaCreationTest" time="30.96">
    <system-err><![CDATA[Jan 31, 2024 11:19:10 PM org.openqa.selenium.devtools.CdpVersionFinder findNearestMatch
WARNING: Unable to find an exact match for CDP version 121, returning the closest version; found: 120; Please update to a Selenium version that supports CDP version 121
]]></system-err>
  </testcase>
  <testcase name="exitEnrollmentAlert" classname="automation.AdminTest.UserEnrollmentTest" time="23.234">
    <system-out><![CDATA[Test Execution Ended
]]></system-out>
    <system-err><![CDATA[Jan 31, 2024 11:19:50 PM org.openqa.selenium.devtools.CdpVersionFinder findNearestMatch
WARNING: Unable to find an exact match for CDP version 121, returning the closest version; found: 120; Please update to a Selenium version that supports CDP version 121
]]></system-err>
  </testcase>
  <testcase name="userEmailDupValidation[{password=Password1!, mobileNumber=987654321, username=renAdmin}](1)" classname="automation.AdminTest.UserEnrollmentTest" time="16.516">
    <system-err><![CDATA[Jan 31, 2024 11:20:17 PM org.openqa.selenium.devtools.CdpVersionFinder findNearestMatch
WARNING: Unable to find an exact match for CDP version 121, returning the closest version; found: 120; Please update to a Selenium version that supports CDP version 121
]]></system-err>
  </testcase>
  <testcase name="userPagePagenation" classname="automation.AdminTest.UserEnrollmentTest" time="25.035">
    <system-err><![CDATA[Jan 31, 2024 11:20:37 PM org.openqa.selenium.devtools.CdpVersionFinder findNearestMatch
WARNING: Unable to find an exact match for CDP version 121, returning the closest version; found: 120; Please update to a Selenium version that supports CDP version 121
]]></system-err>
  </testcase>
  <testcase name="userPageSelectRow" classname="automation.AdminTest.UserEnrollmentTest" time="26.63">
    <system-out><![CDATA[Iteration is complete:50
]]></system-out>
    <system-err><![CDATA[Jan 31, 2024 11:21:06 PM org.openqa.selenium.devtools.CdpVersionFinder findNearestMatch
WARNING: Unable to find an exact match for CDP version 121, returning the closest version; found: 120; Please update to a Selenium version that supports CDP version 121
]]></system-err>
  </testcase>
  <testcase name="userEnrollment" classname="automation.AdminTest.UserEnrollmentTest" time="18.669">
    <system-out><![CDATA[Admin successfully created!
]]></system-out>
    <system-err><![CDATA[Jan 31, 2024 11:21:36 PM org.openqa.selenium.devtools.CdpVersionFinder findNearestMatch
WARNING: Unable to find an exact match for CDP version 121, returning the closest version; found: 120; Please update to a Selenium version that supports CDP version 121
]]></system-err>
  </testcase>
  <testcase name="editUserAccount" classname="automation.AdminTest.UserEnrollmentTest" time="22.617">
    <system-err><![CDATA[Jan 31, 2024 11:21:59 PM org.openqa.selenium.devtools.CdpVersionFinder findNearestMatch
WARNING: Unable to find an exact match for CDP version 121, returning the closest version; found: 120; Please update to a Selenium version that supports CDP version 121
]]></system-err>
  </testcase>
  <testcase name="filterByAdminRole" classname="automation.AdminTest.FilterAndSearchTest" time="12.644">
    <system-out><![CDATA[Test Execution Ended
]]></system-out>
    <system-err><![CDATA[Jan 31, 2024 11:22:26 PM org.openqa.selenium.devtools.CdpVersionFinder findNearestMatch
WARNING: Unable to find an exact match for CDP version 121, returning the closest version; found: 120; Please update to a Selenium version that supports CDP version 121
]]></system-err>
  </testcase>
  <testcase name="filterByEncoderRole" classname="automation.AdminTest.FilterAndSearchTest" time="12.137">
    <system-err><![CDATA[Jan 31, 2024 11:22:42 PM org.openqa.selenium.devtools.CdpVersionFinder findNearestMatch
WARNING: Unable to find an exact match for CDP version 121, returning the closest version; found: 120; Please update to a Selenium version that supports CDP version 121
]]></system-err>
  </testcase>
  <testcase name="parkingAreaCodeSearch" classname="automation.AdminTest.FilterAndSearchTest" time="14.566">
    <system-err><![CDATA[Jan 31, 2024 11:22:57 PM org.openqa.selenium.devtools.CdpVersionFinder findNearestMatch
WARNING: Unable to find an exact match for CDP version 121, returning the closest version; found: 120; Please update to a Selenium version that supports CDP version 121
]]></system-err>
  </testcase>
  <testcase name="parkingNameSearch" classname="automation.AdminTest.FilterAndSearchTest" time="14.459">
    <system-err><![CDATA[Jan 31, 2024 11:23:15 PM org.openqa.selenium.devtools.CdpVersionFinder findNearestMatch
WARNING: Unable to find an exact match for CDP version 121, returning the closest version; found: 120; Please update to a Selenium version that supports CDP version 121
]]></system-err>
  </testcase>
  <testcase name="userEmailSearch" classname="automation.AdminTest.FilterAndSearchTest" time="11.267">
    <system-err><![CDATA[Jan 31, 2024 11:23:34 PM org.openqa.selenium.devtools.CdpVersionFinder findNearestMatch
WARNING: Unable to find an exact match for CDP version 121, returning the closest version; found: 120; Please update to a Selenium version that supports CDP version 121
]]></system-err>
  </testcase>
  <testcase name="userLastNameSearch" classname="automation.AdminTest.FilterAndSearchTest" time="11.188">
    <system-err><![CDATA[Jan 31, 2024 11:23:49 PM org.openqa.selenium.devtools.CdpVersionFinder findNearestMatch
WARNING: Unable to find an exact match for CDP version 121, returning the closest version; found: 120; Please update to a Selenium version that supports CDP version 121
]]></system-err>
  </testcase>
  <testcase name="userNameSearch" classname="automation.AdminTest.FilterAndSearchTest" time="11.344">
    <system-err><![CDATA[Jan 31, 2024 11:24:08 PM org.openqa.selenium.devtools.CdpVersionFinder findNearestMatch
WARNING: Unable to find an exact match for CDP version 121, returning the closest version; found: 120; Please update to a Selenium version that supports CDP version 121
]]></system-err>
  </testcase>
  <testcase name="setAllowExitToFalse" classname="automation.AdminTest.PermissionTest" time="67.794">
    <system-out><![CDATA[Test Execution Ended
true
]]></system-out>
    <system-err><![CDATA[Jan 31, 2024 11:24:23 PM org.openqa.selenium.devtools.CdpVersionFinder findNearestMatch
WARNING: Unable to find an exact match for CDP version 121, returning the closest version; found: 120; Please update to a Selenium version that supports CDP version 121
Button is not displayed: no such element: Unable to locate element: {"method":"xpath","selector":"//div[2]/section/button"}
  (Session info: chrome-headless-shell=121.0.6167.86)
For documentation on this error, please visit: https://www.selenium.dev/documentation/webdriver/troubleshooting/errors#no-such-element-exception
Build info: version: '4.16.1', revision: '9b4c83354e'
System info: os.name: 'Windows 10', os.arch: 'amd64', os.version: '10.0', java.version: '21.0.1'
Driver info: org.openqa.selenium.chrome.ChromeDriver
Command: [c323a521fadeb5a0405bcbfa9b439d2d, findElement {using=xpath, value=//div[2]/section/button}]
Capabilities {acceptInsecureCerts: false, browserName: chrome-headless-shell, browserVersion: 121.0.6167.86, chrome: {chromedriverVersion: 121.0.6167.85 (3f98d690ad7e..., userDataDir: C:\Users\REN~1.CAS\AppData\...}, fedcm:accounts: true, goog:chromeOptions: {debuggerAddress: localhost:59599}, networkConnectionEnabled: false, pageLoadStrategy: normal, platformName: windows, proxy: Proxy(), se:cdp: ws://localhost:59599/devtoo..., se:cdpVersion: 121.0.6167.86, setWindowRect: true, strictFileInteractability: false, timeouts: {implicit: 0, pageLoad: 300000, script: 30000}, unhandledPromptBehavior: dismiss and notify, webauthn:extension:credBlob: true, webauthn:extension:largeBlob: true, webauthn:extension:minPinLength: true, webauthn:extension:prf: true, webauthn:virtualAuthenticators: true}
Session ID: c323a521fadeb5a0405bcbfa9b439d2d
]]></system-err>
  </testcase>
  <testcase name="setAllowExitToTrue" classname="automation.AdminTest.PermissionTest" time="27.811">
    <system-out><![CDATA[Active
true
]]></system-out>
    <system-err><![CDATA[Jan 31, 2024 11:25:41 PM org.openqa.selenium.devtools.CdpVersionFinder findNearestMatch
WARNING: Unable to find an exact match for CDP version 121, returning the closest version; found: 120; Please update to a Selenium version that supports CDP version 121
]]></system-err>
  </testcase>
  <testcase name="userWithActiveStatus" classname="automation.AdminTest.PermissionTest" time="24.696">
    <system-out><![CDATA[Active
]]></system-out>
    <system-err><![CDATA[Jan 31, 2024 11:26:12 PM org.openqa.selenium.devtools.CdpVersionFinder findNearestMatch
WARNING: Unable to find an exact match for CDP version 121, returning the closest version; found: 120; Please update to a Selenium version that supports CDP version 121
Button is not displayed: no such element: Unable to locate element: {"method":"xpath","selector":"//*[@class='text-base mb-6 text-sm-error']"}
  (Session info: chrome-headless-shell=121.0.6167.86)
For documentation on this error, please visit: https://www.selenium.dev/documentation/webdriver/troubleshooting/errors#no-such-element-exception
Build info: version: '4.16.1', revision: '9b4c83354e'
System info: os.name: 'Windows 10', os.arch: 'amd64', os.version: '10.0', java.version: '21.0.1'
Driver info: org.openqa.selenium.chrome.ChromeDriver
Command: [62742a145c2735d58d78828c22453675, findElement {using=xpath, value=//*[@class='text-base mb-6 text-sm-error']}]
Capabilities {acceptInsecureCerts: false, browserName: chrome-headless-shell, browserVersion: 121.0.6167.86, chrome: {chromedriverVersion: 121.0.6167.85 (3f98d690ad7e..., userDataDir: C:\Users\REN~1.CAS\AppData\...}, fedcm:accounts: true, goog:chromeOptions: {debuggerAddress: localhost:59832}, networkConnectionEnabled: false, pageLoadStrategy: normal, platformName: windows, proxy: Proxy(), se:cdp: ws://localhost:59832/devtoo..., se:cdpVersion: 121.0.6167.86, setWindowRect: true, strictFileInteractability: false, timeouts: {implicit: 0, pageLoad: 300000, script: 30000}, unhandledPromptBehavior: dismiss and notify, webauthn:extension:credBlob: true, webauthn:extension:largeBlob: true, webauthn:extension:minPinLength: true, webauthn:extension:prf: true, webauthn:virtualAuthenticators: true}
Session ID: 62742a145c2735d58d78828c22453675
]]></system-err>
  </testcase>
  <testcase name="userWithPaymentAcceptanceSetToFalse" classname="automation.AdminTest.PermissionTest" time="23.102">
    <system-out><![CDATA[Active
]]></system-out>
    <system-err><![CDATA[Jan 31, 2024 11:26:41 PM org.openqa.selenium.devtools.CdpVersionFinder findNearestMatch
WARNING: Unable to find an exact match for CDP version 121, returning the closest version; found: 120; Please update to a Selenium version that supports CDP version 121
]]></system-err>
  </testcase>
  <testcase name="userWithPaymentAcceptanceSetToTrue" classname="automation.AdminTest.PermissionTest" time="28.967">
    <system-out><![CDATA[Active
]]></system-out>
    <system-err><![CDATA[Jan 31, 2024 11:27:08 PM org.openqa.selenium.devtools.CdpVersionFinder findNearestMatch
WARNING: Unable to find an exact match for CDP version 121, returning the closest version; found: 120; Please update to a Selenium version that supports CDP version 121
]]></system-err>
  </testcase>
  <testcase name="userWithRestrictedStatus" classname="automation.AdminTest.PermissionTest" time="20.917">
    <system-err><![CDATA[Jan 31, 2024 11:27:42 PM org.openqa.selenium.devtools.CdpVersionFinder findNearestMatch
WARNING: Unable to find an exact match for CDP version 121, returning the closest version; found: 120; Please update to a Selenium version that supports CDP version 121
]]></system-err>
  </testcase>
</testsuite>