<?xml version="1.0" encoding="UTF-8"?>
<testng-results ignored="0" total="57" passed="57" failed="0" skipped="0">
  <reporter-output>
  </reporter-output>
  <suite started-at="2024-05-06T19:16:57 CST" name="Suite" finished-at="2024-05-06T19:39:38 CST" duration-ms="1360583">
    <groups>
      <group name="ErrorHandling">
        <method signature="AreaModuleTest.areaCodeDupValidation()[pri:0, instance:automation.AdminTest.AreaModuleTest@7859e786]" name="areaCodeDupValidation" class="automation.AdminTest.AreaModuleTest"/>
        <method signature="AreaModuleTest.areaNameDupValidation()[pri:0, instance:automation.AdminTest.AreaModuleTest@7859e786]" name="areaNameDupValidation" class="automation.AdminTest.AreaModuleTest"/>
        <method signature="AreaModuleTest.fixedRateMaxLimit()[pri:0, instance:automation.AdminTest.AreaModuleTest@7859e786]" name="fixedRateMaxLimit" class="automation.AdminTest.AreaModuleTest"/>
        <method signature="UserModuleTest.userEmailDupValidation(java.util.HashMap)[pri:0, instance:automation.AdminTest.UserModuleTest@54361a9]" name="userEmailDupValidation" class="automation.AdminTest.UserModuleTest"/>
        <method signature="AllLoginTest.loginWithInvalidPassword()[pri:0, instance:automation.AdminTest.AllLoginTest@192f2f27]" name="loginWithInvalidPassword" class="automation.AdminTest.AllLoginTest"/>
        <method signature="AllLoginTest.loginWithoutAccess()[pri:0, instance:automation.AdminTest.AllLoginTest@192f2f27]" name="loginWithoutAccess" class="automation.AdminTest.AllLoginTest"/>
        <method signature="AllLoginTest.loginWithInvalidUserName()[pri:1, instance:automation.AdminTest.AllLoginTest@192f2f27]" name="loginWithInvalidUserName" class="automation.AdminTest.AllLoginTest"/>
      </group> <!-- ErrorHandling -->
      <group name="Creation">
        <method signature="AreaModuleTest.areaCreation()[pri:1, instance:automation.AdminTest.AreaModuleTest@7859e786]" name="areaCreation" class="automation.AdminTest.AreaModuleTest"/>
        <method signature="UserModuleTest.adminEnrollment(java.util.HashMap)[pri:1, instance:automation.AdminTest.UserModuleTest@54361a9]" name="adminEnrollment" class="automation.AdminTest.UserModuleTest"/>
        <method signature="UserModuleTest.cashierEnrollment(java.util.HashMap)[pri:2, instance:automation.AdminTest.UserModuleTest@54361a9]" name="cashierEnrollment" class="automation.AdminTest.UserModuleTest"/>
        <method signature="UserModuleTest.encoderEnrollment(java.util.HashMap)[pri:2, instance:automation.AdminTest.UserModuleTest@54361a9]" name="encoderEnrollment" class="automation.AdminTest.UserModuleTest"/>
        <method signature="UserModuleTest.managerEnrollment(java.util.HashMap)[pri:2, instance:automation.AdminTest.UserModuleTest@54361a9]" name="managerEnrollment" class="automation.AdminTest.UserModuleTest"/>
      </group> <!-- Creation -->
    </groups>
    <test started-at="2024-05-06T19:16:57 CST" name="Permission Test" finished-at="2024-05-06T19:21:17 CST" duration-ms="260087">
      <class name="automation.AdminTest.PermissionTest">
        <test-method is-config="true" signature="launchApplication()[pri:0, instance:automation.AdminTest.PermissionTest@3d08f3f5]" started-at="2024-05-06T19:16:57 CST" name="launchApplication" finished-at="2024-05-06T19:17:11 CST" duration-ms="13355" status="PASS">
          <reporter-output>
          </reporter-output>
        </test-method> <!-- launchApplication -->
        <test-method signature="encoderWithActiveStatus(java.util.HashMap)[pri:0, instance:automation.AdminTest.PermissionTest@3d08f3f5]" started-at="2024-05-06T19:17:11 CST" name="encoderWithActiveStatus" data-provider="getData" finished-at="2024-05-06T19:17:35 CST" duration-ms="24491" status="PASS">
          <params>
            <param index="0">
              <value>
                <![CDATA[{password=SuperUser123!?, username=superuser}]]>
              </value>
            </param>
          </params>
          <reporter-output>
          </reporter-output>
        </test-method> <!-- encoderWithActiveStatus -->
        <test-method is-config="true" signature="tearDown()[pri:0, instance:automation.AdminTest.PermissionTest@3d08f3f5]" started-at="2024-05-06T19:17:35 CST" name="tearDown" finished-at="2024-05-06T19:17:37 CST" duration-ms="1241" status="PASS">
          <reporter-output>
          </reporter-output>
        </test-method> <!-- tearDown -->
        <test-method is-config="true" signature="launchApplication()[pri:0, instance:automation.AdminTest.PermissionTest@3d08f3f5]" started-at="2024-05-06T19:17:37 CST" name="launchApplication" finished-at="2024-05-06T19:17:40 CST" duration-ms="3021" status="PASS">
          <reporter-output>
          </reporter-output>
        </test-method> <!-- launchApplication -->
        <test-method signature="encoderWithAllowExitToTrue(java.util.HashMap)[pri:0, instance:automation.AdminTest.PermissionTest@3d08f3f5]" started-at="2024-05-06T19:17:40 CST" name="encoderWithAllowExitToTrue" data-provider="getData" finished-at="2024-05-06T19:18:28 CST" duration-ms="48075" status="PASS">
          <params>
            <param index="0">
              <value>
                <![CDATA[{password=SuperUser123!?, username=superuser}]]>
              </value>
            </param>
          </params>
          <reporter-output>
          </reporter-output>
        </test-method> <!-- encoderWithAllowExitToTrue -->
        <test-method is-config="true" signature="tearDown()[pri:0, instance:automation.AdminTest.PermissionTest@3d08f3f5]" started-at="2024-05-06T19:18:28 CST" name="tearDown" finished-at="2024-05-06T19:18:29 CST" duration-ms="1109" status="PASS">
          <reporter-output>
          </reporter-output>
        </test-method> <!-- tearDown -->
        <test-method is-config="true" signature="launchApplication()[pri:0, instance:automation.AdminTest.PermissionTest@3d08f3f5]" started-at="2024-05-06T19:18:29 CST" name="launchApplication" finished-at="2024-05-06T19:18:32 CST" duration-ms="2872" status="PASS">
          <reporter-output>
          </reporter-output>
        </test-method> <!-- launchApplication -->
        <test-method signature="encoderWithCaptureVehicleSetToTrue(java.util.HashMap)[pri:0, instance:automation.AdminTest.PermissionTest@3d08f3f5]" started-at="2024-05-06T19:18:32 CST" name="encoderWithCaptureVehicleSetToTrue" data-provider="getData" finished-at="2024-05-06T19:19:06 CST" duration-ms="34738" status="PASS">
          <params>
            <param index="0">
              <value>
                <![CDATA[{password=SuperUser123!?, username=superuser}]]>
              </value>
            </param>
          </params>
          <reporter-output>
          </reporter-output>
        </test-method> <!-- encoderWithCaptureVehicleSetToTrue -->
        <test-method is-config="true" signature="tearDown()[pri:0, instance:automation.AdminTest.PermissionTest@3d08f3f5]" started-at="2024-05-06T19:19:06 CST" name="tearDown" finished-at="2024-05-06T19:19:08 CST" duration-ms="1247" status="PASS">
          <reporter-output>
          </reporter-output>
        </test-method> <!-- tearDown -->
        <test-method is-config="true" signature="launchApplication()[pri:0, instance:automation.AdminTest.PermissionTest@3d08f3f5]" started-at="2024-05-06T19:19:08 CST" name="launchApplication" finished-at="2024-05-06T19:19:11 CST" duration-ms="3305" status="PASS">
          <reporter-output>
          </reporter-output>
        </test-method> <!-- launchApplication -->
        <test-method signature="encoderWithNoRole(java.util.HashMap)[pri:0, instance:automation.AdminTest.PermissionTest@3d08f3f5]" started-at="2024-05-06T19:19:11 CST" name="encoderWithNoRole" data-provider="getData" finished-at="2024-05-06T19:19:35 CST" duration-ms="24088" status="PASS">
          <params>
            <param index="0">
              <value>
                <![CDATA[{password=SuperUser123!?, username=superuser}]]>
              </value>
            </param>
          </params>
          <reporter-output>
          </reporter-output>
        </test-method> <!-- encoderWithNoRole -->
        <test-method is-config="true" signature="tearDown()[pri:0, instance:automation.AdminTest.PermissionTest@3d08f3f5]" started-at="2024-05-06T19:19:35 CST" name="tearDown" finished-at="2024-05-06T19:19:36 CST" duration-ms="1270" status="PASS">
          <reporter-output>
          </reporter-output>
        </test-method> <!-- tearDown -->
        <test-method is-config="true" signature="launchApplication()[pri:0, instance:automation.AdminTest.PermissionTest@3d08f3f5]" started-at="2024-05-06T19:19:36 CST" name="launchApplication" finished-at="2024-05-06T19:19:39 CST" duration-ms="3146" status="PASS">
          <reporter-output>
          </reporter-output>
        </test-method> <!-- launchApplication -->
        <test-method signature="encoderWithPaymentAcceptanceSetToTrue(java.util.HashMap)[pri:0, instance:automation.AdminTest.PermissionTest@3d08f3f5]" started-at="2024-05-06T19:19:39 CST" name="encoderWithPaymentAcceptanceSetToTrue" data-provider="getData" finished-at="2024-05-06T19:20:05 CST" duration-ms="25361" status="PASS">
          <params>
            <param index="0">
              <value>
                <![CDATA[{password=SuperUser123!?, username=superuser}]]>
              </value>
            </param>
          </params>
          <reporter-output>
          </reporter-output>
        </test-method> <!-- encoderWithPaymentAcceptanceSetToTrue -->
        <test-method is-config="true" signature="tearDown()[pri:0, instance:automation.AdminTest.PermissionTest@3d08f3f5]" started-at="2024-05-06T19:20:05 CST" name="tearDown" finished-at="2024-05-06T19:20:06 CST" duration-ms="1263" status="PASS">
          <reporter-output>
          </reporter-output>
        </test-method> <!-- tearDown -->
        <test-method is-config="true" signature="launchApplication()[pri:0, instance:automation.AdminTest.PermissionTest@3d08f3f5]" started-at="2024-05-06T19:20:06 CST" name="launchApplication" finished-at="2024-05-06T19:20:09 CST" duration-ms="3351" status="PASS">
          <reporter-output>
          </reporter-output>
        </test-method> <!-- launchApplication -->
        <test-method signature="encoderWithRestrictedStatusDesktopLogin(java.util.HashMap)[pri:0, instance:automation.AdminTest.PermissionTest@3d08f3f5]" started-at="2024-05-06T19:20:09 CST" name="encoderWithRestrictedStatusDesktopLogin" data-provider="getData" finished-at="2024-05-06T19:20:34 CST" duration-ms="24899" status="PASS">
          <params>
            <param index="0">
              <value>
                <![CDATA[{password=SuperUser123!?, username=superuser}]]>
              </value>
            </param>
          </params>
          <reporter-output>
          </reporter-output>
        </test-method> <!-- encoderWithRestrictedStatusDesktopLogin -->
        <test-method is-config="true" signature="tearDown()[pri:0, instance:automation.AdminTest.PermissionTest@3d08f3f5]" started-at="2024-05-06T19:20:34 CST" name="tearDown" finished-at="2024-05-06T19:20:36 CST" duration-ms="1296" status="PASS">
          <reporter-output>
          </reporter-output>
        </test-method> <!-- tearDown -->
        <test-method is-config="true" signature="launchApplication()[pri:0, instance:automation.AdminTest.PermissionTest@3d08f3f5]" started-at="2024-05-06T19:20:36 CST" name="launchApplication" finished-at="2024-05-06T19:20:39 CST" duration-ms="3203" status="PASS">
          <reporter-output>
          </reporter-output>
        </test-method> <!-- launchApplication -->
        <test-method signature="encoderWithRestrictedStatusMobileAppLogin(java.util.HashMap)[pri:0, instance:automation.AdminTest.PermissionTest@3d08f3f5]" started-at="2024-05-06T19:20:39 CST" name="encoderWithRestrictedStatusMobileAppLogin" data-provider="getData" finished-at="2024-05-06T19:20:59 CST" duration-ms="19890" status="PASS">
          <params>
            <param index="0">
              <value>
                <![CDATA[{password=SuperUser123!?, username=superuser}]]>
              </value>
            </param>
          </params>
          <reporter-output>
          </reporter-output>
        </test-method> <!-- encoderWithRestrictedStatusMobileAppLogin -->
        <test-method is-config="true" signature="tearDown()[pri:0, instance:automation.AdminTest.PermissionTest@3d08f3f5]" started-at="2024-05-06T19:20:59 CST" name="tearDown" finished-at="2024-05-06T19:21:00 CST" duration-ms="1264" status="PASS">
          <reporter-output>
          </reporter-output>
        </test-method> <!-- tearDown -->
        <test-method is-config="true" signature="launchApplication()[pri:0, instance:automation.AdminTest.PermissionTest@3d08f3f5]" started-at="2024-05-06T19:21:00 CST" name="launchApplication" finished-at="2024-05-06T19:21:03 CST" duration-ms="3492" status="PASS">
          <reporter-output>
          </reporter-output>
        </test-method> <!-- launchApplication -->
        <test-method signature="adminWithRestrictedStatus(java.util.HashMap)[pri:1, instance:automation.AdminTest.PermissionTest@3d08f3f5]" started-at="2024-05-06T19:21:03 CST" name="adminWithRestrictedStatus" data-provider="getData" finished-at="2024-05-06T19:21:16 CST" duration-ms="12584" status="PASS">
          <params>
            <param index="0">
              <value>
                <![CDATA[{password=SuperUser123!?, username=superuser}]]>
              </value>
            </param>
          </params>
          <reporter-output>
          </reporter-output>
        </test-method> <!-- adminWithRestrictedStatus -->
        <test-method is-config="true" signature="tearDown()[pri:0, instance:automation.AdminTest.PermissionTest@3d08f3f5]" started-at="2024-05-06T19:21:16 CST" name="tearDown" finished-at="2024-05-06T19:21:17 CST" duration-ms="1252" status="PASS">
          <reporter-output>
          </reporter-output>
        </test-method> <!-- tearDown -->
      </class> <!-- automation.AdminTest.PermissionTest -->
    </test> <!-- Permission Test -->
    <test started-at="2024-05-06T19:21:17 CST" name="Filter And Search Test" finished-at="2024-05-06T19:23:17 CST" duration-ms="119189">
      <class name="automation.AdminTest.FilterAndSearchTest">
        <test-method is-config="true" signature="launchApplication()[pri:0, instance:automation.AdminTest.FilterAndSearchTest@4b6579e8]" started-at="2024-05-06T19:21:17 CST" name="launchApplication" finished-at="2024-05-06T19:21:21 CST" duration-ms="3255" status="PASS">
          <reporter-output>
          </reporter-output>
        </test-method> <!-- launchApplication -->
        <test-method signature="filterByAdminRole()[pri:0, instance:automation.AdminTest.FilterAndSearchTest@4b6579e8]" started-at="2024-05-06T19:21:21 CST" name="filterByAdminRole" finished-at="2024-05-06T19:21:32 CST" duration-ms="11841" status="PASS">
          <reporter-output>
          </reporter-output>
        </test-method> <!-- filterByAdminRole -->
        <test-method is-config="true" signature="tearDown()[pri:0, instance:automation.AdminTest.FilterAndSearchTest@4b6579e8]" started-at="2024-05-06T19:21:32 CST" name="tearDown" finished-at="2024-05-06T19:21:34 CST" duration-ms="1264" status="PASS">
          <reporter-output>
          </reporter-output>
        </test-method> <!-- tearDown -->
        <test-method is-config="true" signature="launchApplication()[pri:0, instance:automation.AdminTest.FilterAndSearchTest@4b6579e8]" started-at="2024-05-06T19:21:34 CST" name="launchApplication" finished-at="2024-05-06T19:21:37 CST" duration-ms="2990" status="PASS">
          <reporter-output>
          </reporter-output>
        </test-method> <!-- launchApplication -->
        <test-method signature="filterByEncoderRole()[pri:0, instance:automation.AdminTest.FilterAndSearchTest@4b6579e8]" started-at="2024-05-06T19:21:37 CST" name="filterByEncoderRole" finished-at="2024-05-06T19:21:49 CST" duration-ms="11802" status="PASS">
          <reporter-output>
          </reporter-output>
        </test-method> <!-- filterByEncoderRole -->
        <test-method is-config="true" signature="tearDown()[pri:0, instance:automation.AdminTest.FilterAndSearchTest@4b6579e8]" started-at="2024-05-06T19:21:49 CST" name="tearDown" finished-at="2024-05-06T19:21:50 CST" duration-ms="1136" status="PASS">
          <reporter-output>
          </reporter-output>
        </test-method> <!-- tearDown -->
        <test-method is-config="true" signature="launchApplication()[pri:0, instance:automation.AdminTest.FilterAndSearchTest@4b6579e8]" started-at="2024-05-06T19:21:50 CST" name="launchApplication" finished-at="2024-05-06T19:21:53 CST" duration-ms="2983" status="PASS">
          <reporter-output>
          </reporter-output>
        </test-method> <!-- launchApplication -->
        <test-method signature="parkingAreaCodeSearch()[pri:0, instance:automation.AdminTest.FilterAndSearchTest@4b6579e8]" started-at="2024-05-06T19:21:53 CST" name="parkingAreaCodeSearch" finished-at="2024-05-06T19:22:07 CST" duration-ms="14052" status="PASS">
          <reporter-output>
          </reporter-output>
        </test-method> <!-- parkingAreaCodeSearch -->
        <test-method is-config="true" signature="tearDown()[pri:0, instance:automation.AdminTest.FilterAndSearchTest@4b6579e8]" started-at="2024-05-06T19:22:07 CST" name="tearDown" finished-at="2024-05-06T19:22:08 CST" duration-ms="1233" status="PASS">
          <reporter-output>
          </reporter-output>
        </test-method> <!-- tearDown -->
        <test-method is-config="true" signature="launchApplication()[pri:0, instance:automation.AdminTest.FilterAndSearchTest@4b6579e8]" started-at="2024-05-06T19:22:08 CST" name="launchApplication" finished-at="2024-05-06T19:22:19 CST" duration-ms="11260" status="PASS">
          <reporter-output>
          </reporter-output>
        </test-method> <!-- launchApplication -->
        <test-method signature="parkingNameSearch()[pri:0, instance:automation.AdminTest.FilterAndSearchTest@4b6579e8]" started-at="2024-05-06T19:22:19 CST" name="parkingNameSearch" finished-at="2024-05-06T19:22:38 CST" duration-ms="18839" status="PASS">
          <reporter-output>
          </reporter-output>
        </test-method> <!-- parkingNameSearch -->
        <test-method is-config="true" signature="tearDown()[pri:0, instance:automation.AdminTest.FilterAndSearchTest@4b6579e8]" started-at="2024-05-06T19:22:38 CST" name="tearDown" finished-at="2024-05-06T19:22:39 CST" duration-ms="1213" status="PASS">
          <reporter-output>
          </reporter-output>
        </test-method> <!-- tearDown -->
        <test-method is-config="true" signature="launchApplication()[pri:0, instance:automation.AdminTest.FilterAndSearchTest@4b6579e8]" started-at="2024-05-06T19:22:39 CST" name="launchApplication" finished-at="2024-05-06T19:22:42 CST" duration-ms="2974" status="PASS">
          <reporter-output>
          </reporter-output>
        </test-method> <!-- launchApplication -->
        <test-method signature="userEmailSearch()[pri:1, instance:automation.AdminTest.FilterAndSearchTest@4b6579e8]" started-at="2024-05-06T19:22:42 CST" name="userEmailSearch" finished-at="2024-05-06T19:22:50 CST" duration-ms="7883" status="PASS">
          <reporter-output>
          </reporter-output>
        </test-method> <!-- userEmailSearch -->
        <test-method is-config="true" signature="tearDown()[pri:0, instance:automation.AdminTest.FilterAndSearchTest@4b6579e8]" started-at="2024-05-06T19:22:50 CST" name="tearDown" finished-at="2024-05-06T19:22:51 CST" duration-ms="1219" status="PASS">
          <reporter-output>
          </reporter-output>
        </test-method> <!-- tearDown -->
        <test-method is-config="true" signature="launchApplication()[pri:0, instance:automation.AdminTest.FilterAndSearchTest@4b6579e8]" started-at="2024-05-06T19:22:51 CST" name="launchApplication" finished-at="2024-05-06T19:22:54 CST" duration-ms="3103" status="PASS">
          <reporter-output>
          </reporter-output>
        </test-method> <!-- launchApplication -->
        <test-method signature="userFirstNameSearch()[pri:2, instance:automation.AdminTest.FilterAndSearchTest@4b6579e8]" started-at="2024-05-06T19:22:54 CST" name="userFirstNameSearch" finished-at="2024-05-06T19:23:03 CST" duration-ms="8287" status="PASS">
          <reporter-output>
          </reporter-output>
        </test-method> <!-- userFirstNameSearch -->
        <test-method is-config="true" signature="tearDown()[pri:0, instance:automation.AdminTest.FilterAndSearchTest@4b6579e8]" started-at="2024-05-06T19:23:03 CST" name="tearDown" finished-at="2024-05-06T19:23:04 CST" duration-ms="1235" status="PASS">
          <reporter-output>
          </reporter-output>
        </test-method> <!-- tearDown -->
        <test-method is-config="true" signature="launchApplication()[pri:0, instance:automation.AdminTest.FilterAndSearchTest@4b6579e8]" started-at="2024-05-06T19:23:04 CST" name="launchApplication" finished-at="2024-05-06T19:23:07 CST" duration-ms="3143" status="PASS">
          <reporter-output>
          </reporter-output>
        </test-method> <!-- launchApplication -->
        <test-method signature="userLastNameSearch()[pri:3, instance:automation.AdminTest.FilterAndSearchTest@4b6579e8]" started-at="2024-05-06T19:23:07 CST" name="userLastNameSearch" finished-at="2024-05-06T19:23:15 CST" duration-ms="8226" status="PASS">
          <reporter-output>
          </reporter-output>
        </test-method> <!-- userLastNameSearch -->
        <test-method is-config="true" signature="tearDown()[pri:0, instance:automation.AdminTest.FilterAndSearchTest@4b6579e8]" started-at="2024-05-06T19:23:15 CST" name="tearDown" finished-at="2024-05-06T19:23:17 CST" duration-ms="1236" status="PASS">
          <reporter-output>
          </reporter-output>
        </test-method> <!-- tearDown -->
      </class> <!-- automation.AdminTest.FilterAndSearchTest -->
    </test> <!-- Filter And Search Test -->
    <test started-at="2024-05-06T19:23:17 CST" name="Parking Area Module Test" finished-at="2024-05-06T19:29:30 CST" duration-ms="373133">
      <class name="automation.AdminTest.AreaModuleTest">
        <test-method is-config="true" signature="launchApplication()[pri:0, instance:automation.AdminTest.AreaModuleTest@7859e786]" started-at="2024-05-06T19:23:17 CST" name="launchApplication" finished-at="2024-05-06T19:23:20 CST" duration-ms="3272" status="PASS">
          <reporter-output>
          </reporter-output>
        </test-method> <!-- launchApplication -->
        <test-method signature="areaCodeDupValidation()[pri:0, instance:automation.AdminTest.AreaModuleTest@7859e786]" started-at="2024-05-06T19:23:20 CST" name="areaCodeDupValidation" finished-at="2024-05-06T19:23:39 CST" duration-ms="19165" status="PASS">
          <reporter-output>
          </reporter-output>
        </test-method> <!-- areaCodeDupValidation -->
        <test-method is-config="true" signature="tearDown()[pri:0, instance:automation.AdminTest.AreaModuleTest@7859e786]" started-at="2024-05-06T19:23:39 CST" name="tearDown" finished-at="2024-05-06T19:23:40 CST" duration-ms="1230" status="PASS">
          <reporter-output>
          </reporter-output>
        </test-method> <!-- tearDown -->
        <test-method is-config="true" signature="launchApplication()[pri:0, instance:automation.AdminTest.AreaModuleTest@7859e786]" started-at="2024-05-06T19:23:40 CST" name="launchApplication" finished-at="2024-05-06T19:23:43 CST" duration-ms="3031" status="PASS">
          <reporter-output>
          </reporter-output>
        </test-method> <!-- launchApplication -->
        <test-method signature="areaNameDupValidation()[pri:0, instance:automation.AdminTest.AreaModuleTest@7859e786]" started-at="2024-05-06T19:23:43 CST" name="areaNameDupValidation" finished-at="2024-05-06T19:24:08 CST" duration-ms="24674" status="PASS">
          <reporter-output>
          </reporter-output>
        </test-method> <!-- areaNameDupValidation -->
        <test-method is-config="true" signature="tearDown()[pri:0, instance:automation.AdminTest.AreaModuleTest@7859e786]" started-at="2024-05-06T19:24:08 CST" name="tearDown" finished-at="2024-05-06T19:24:09 CST" duration-ms="1101" status="PASS">
          <reporter-output>
          </reporter-output>
        </test-method> <!-- tearDown -->
        <test-method is-config="true" signature="launchApplication()[pri:0, instance:automation.AdminTest.AreaModuleTest@7859e786]" started-at="2024-05-06T19:24:09 CST" name="launchApplication" finished-at="2024-05-06T19:24:12 CST" duration-ms="3059" status="PASS">
          <reporter-output>
          </reporter-output>
        </test-method> <!-- launchApplication -->
        <test-method signature="areaPagePagenation()[pri:0, instance:automation.AdminTest.AreaModuleTest@7859e786]" started-at="2024-05-06T19:24:12 CST" name="areaPagePagenation" finished-at="2024-05-06T19:24:29 CST" duration-ms="17021" status="PASS">
          <reporter-output>
          </reporter-output>
        </test-method> <!-- areaPagePagenation -->
        <test-method is-config="true" signature="tearDown()[pri:0, instance:automation.AdminTest.AreaModuleTest@7859e786]" started-at="2024-05-06T19:24:29 CST" name="tearDown" finished-at="2024-05-06T19:24:30 CST" duration-ms="1154" status="PASS">
          <reporter-output>
          </reporter-output>
        </test-method> <!-- tearDown -->
        <test-method is-config="true" signature="launchApplication()[pri:0, instance:automation.AdminTest.AreaModuleTest@7859e786]" started-at="2024-05-06T19:24:30 CST" name="launchApplication" finished-at="2024-05-06T19:24:33 CST" duration-ms="3170" status="PASS">
          <reporter-output>
          </reporter-output>
        </test-method> <!-- launchApplication -->
        <test-method signature="areaPageSelectRow()[pri:0, instance:automation.AdminTest.AreaModuleTest@7859e786]" started-at="2024-05-06T19:24:33 CST" name="areaPageSelectRow" finished-at="2024-05-06T19:25:00 CST" duration-ms="26891" status="PASS">
          <reporter-output>
          </reporter-output>
        </test-method> <!-- areaPageSelectRow -->
        <test-method is-config="true" signature="tearDown()[pri:0, instance:automation.AdminTest.AreaModuleTest@7859e786]" started-at="2024-05-06T19:25:00 CST" name="tearDown" finished-at="2024-05-06T19:25:02 CST" duration-ms="1134" status="PASS">
          <reporter-output>
          </reporter-output>
        </test-method> <!-- tearDown -->
        <test-method is-config="true" signature="launchApplication()[pri:0, instance:automation.AdminTest.AreaModuleTest@7859e786]" started-at="2024-05-06T19:25:02 CST" name="launchApplication" finished-at="2024-05-06T19:25:04 CST" duration-ms="2921" status="PASS">
          <reporter-output>
          </reporter-output>
        </test-method> <!-- launchApplication -->
        <test-method signature="carCapacityInputValidation()[pri:0, instance:automation.AdminTest.AreaModuleTest@7859e786]" started-at="2024-05-06T19:25:04 CST" name="carCapacityInputValidation" finished-at="2024-05-06T19:25:21 CST" duration-ms="16293" status="PASS">
          <reporter-output>
          </reporter-output>
        </test-method> <!-- carCapacityInputValidation -->
        <test-method is-config="true" signature="tearDown()[pri:0, instance:automation.AdminTest.AreaModuleTest@7859e786]" started-at="2024-05-06T19:25:21 CST" name="tearDown" finished-at="2024-05-06T19:25:22 CST" duration-ms="1231" status="PASS">
          <reporter-output>
          </reporter-output>
        </test-method> <!-- tearDown -->
        <test-method is-config="true" signature="launchApplication()[pri:0, instance:automation.AdminTest.AreaModuleTest@7859e786]" started-at="2024-05-06T19:25:22 CST" name="launchApplication" finished-at="2024-05-06T19:25:25 CST" duration-ms="3314" status="PASS">
          <reporter-output>
          </reporter-output>
        </test-method> <!-- launchApplication -->
        <test-method signature="exitCreationAlert()[pri:0, instance:automation.AdminTest.AreaModuleTest@7859e786]" started-at="2024-05-06T19:25:25 CST" name="exitCreationAlert" finished-at="2024-05-06T19:25:45 CST" duration-ms="19281" status="PASS">
          <reporter-output>
          </reporter-output>
        </test-method> <!-- exitCreationAlert -->
        <test-method is-config="true" signature="tearDown()[pri:0, instance:automation.AdminTest.AreaModuleTest@7859e786]" started-at="2024-05-06T19:25:45 CST" name="tearDown" finished-at="2024-05-06T19:25:46 CST" duration-ms="1245" status="PASS">
          <reporter-output>
          </reporter-output>
        </test-method> <!-- tearDown -->
        <test-method is-config="true" signature="launchApplication()[pri:0, instance:automation.AdminTest.AreaModuleTest@7859e786]" started-at="2024-05-06T19:25:46 CST" name="launchApplication" finished-at="2024-05-06T19:25:49 CST" duration-ms="3282" status="PASS">
          <reporter-output>
          </reporter-output>
        </test-method> <!-- launchApplication -->
        <test-method signature="fixedRateMaxLimit()[pri:0, instance:automation.AdminTest.AreaModuleTest@7859e786]" started-at="2024-05-06T19:25:49 CST" name="fixedRateMaxLimit" finished-at="2024-05-06T19:26:12 CST" duration-ms="23031" status="PASS">
          <reporter-output>
          </reporter-output>
        </test-method> <!-- fixedRateMaxLimit -->
        <test-method is-config="true" signature="tearDown()[pri:0, instance:automation.AdminTest.AreaModuleTest@7859e786]" started-at="2024-05-06T19:26:12 CST" name="tearDown" finished-at="2024-05-06T19:26:13 CST" duration-ms="1148" status="PASS">
          <reporter-output>
          </reporter-output>
        </test-method> <!-- tearDown -->
        <test-method is-config="true" signature="launchApplication()[pri:0, instance:automation.AdminTest.AreaModuleTest@7859e786]" started-at="2024-05-06T19:26:13 CST" name="launchApplication" finished-at="2024-05-06T19:26:16 CST" duration-ms="3081" status="PASS">
          <reporter-output>
          </reporter-output>
        </test-method> <!-- launchApplication -->
        <test-method signature="motorcycleCapacityInputValidation()[pri:0, instance:automation.AdminTest.AreaModuleTest@7859e786]" started-at="2024-05-06T19:26:16 CST" name="motorcycleCapacityInputValidation" finished-at="2024-05-06T19:26:32 CST" duration-ms="15338" status="PASS">
          <reporter-output>
          </reporter-output>
        </test-method> <!-- motorcycleCapacityInputValidation -->
        <test-method is-config="true" signature="tearDown()[pri:0, instance:automation.AdminTest.AreaModuleTest@7859e786]" started-at="2024-05-06T19:26:32 CST" name="tearDown" finished-at="2024-05-06T19:26:33 CST" duration-ms="1215" status="PASS">
          <reporter-output>
          </reporter-output>
        </test-method> <!-- tearDown -->
        <test-method is-config="true" signature="launchApplication()[pri:0, instance:automation.AdminTest.AreaModuleTest@7859e786]" started-at="2024-05-06T19:26:33 CST" name="launchApplication" finished-at="2024-05-06T19:26:36 CST" duration-ms="3202" status="PASS">
          <reporter-output>
          </reporter-output>
        </test-method> <!-- launchApplication -->
        <test-method signature="setCMotorcycleCapacityPlusButtonToDisable()[pri:0, instance:automation.AdminTest.AreaModuleTest@7859e786]" started-at="2024-05-06T19:26:36 CST" name="setCMotorcycleCapacityPlusButtonToDisable" finished-at="2024-05-06T19:26:53 CST" duration-ms="16922" status="PASS">
          <reporter-output>
          </reporter-output>
        </test-method> <!-- setCMotorcycleCapacityPlusButtonToDisable -->
        <test-method is-config="true" signature="tearDown()[pri:0, instance:automation.AdminTest.AreaModuleTest@7859e786]" started-at="2024-05-06T19:26:53 CST" name="tearDown" finished-at="2024-05-06T19:26:54 CST" duration-ms="1217" status="PASS">
          <reporter-output>
          </reporter-output>
        </test-method> <!-- tearDown -->
        <test-method is-config="true" signature="launchApplication()[pri:0, instance:automation.AdminTest.AreaModuleTest@7859e786]" started-at="2024-05-06T19:26:54 CST" name="launchApplication" finished-at="2024-05-06T19:26:57 CST" duration-ms="3136" status="PASS">
          <reporter-output>
          </reporter-output>
        </test-method> <!-- launchApplication -->
        <test-method signature="setCarCapacityMinusButtonToDisable()[pri:0, instance:automation.AdminTest.AreaModuleTest@7859e786]" started-at="2024-05-06T19:26:57 CST" name="setCarCapacityMinusButtonToDisable" finished-at="2024-05-06T19:27:15 CST" duration-ms="17343" status="PASS">
          <reporter-output>
          </reporter-output>
        </test-method> <!-- setCarCapacityMinusButtonToDisable -->
        <test-method is-config="true" signature="tearDown()[pri:0, instance:automation.AdminTest.AreaModuleTest@7859e786]" started-at="2024-05-06T19:27:15 CST" name="tearDown" finished-at="2024-05-06T19:27:16 CST" duration-ms="1216" status="PASS">
          <reporter-output>
          </reporter-output>
        </test-method> <!-- tearDown -->
        <test-method is-config="true" signature="launchApplication()[pri:0, instance:automation.AdminTest.AreaModuleTest@7859e786]" started-at="2024-05-06T19:27:16 CST" name="launchApplication" finished-at="2024-05-06T19:27:27 CST" duration-ms="11284" status="PASS">
          <reporter-output>
          </reporter-output>
        </test-method> <!-- launchApplication -->
        <test-method signature="setCarCapacityPlusButtonToDisable()[pri:0, instance:automation.AdminTest.AreaModuleTest@7859e786]" started-at="2024-05-06T19:27:27 CST" name="setCarCapacityPlusButtonToDisable" finished-at="2024-05-06T19:27:47 CST" duration-ms="20065" status="PASS">
          <reporter-output>
          </reporter-output>
        </test-method> <!-- setCarCapacityPlusButtonToDisable -->
        <test-method is-config="true" signature="tearDown()[pri:0, instance:automation.AdminTest.AreaModuleTest@7859e786]" started-at="2024-05-06T19:27:47 CST" name="tearDown" finished-at="2024-05-06T19:27:49 CST" duration-ms="1245" status="PASS">
          <reporter-output>
          </reporter-output>
        </test-method> <!-- tearDown -->
        <test-method is-config="true" signature="launchApplication()[pri:0, instance:automation.AdminTest.AreaModuleTest@7859e786]" started-at="2024-05-06T19:27:49 CST" name="launchApplication" finished-at="2024-05-06T19:27:52 CST" duration-ms="3215" status="PASS">
          <reporter-output>
          </reporter-output>
        </test-method> <!-- launchApplication -->
        <test-method signature="setMotorcycleCapacityPlusButtonToDisable()[pri:0, instance:automation.AdminTest.AreaModuleTest@7859e786]" started-at="2024-05-06T19:27:52 CST" name="setMotorcycleCapacityPlusButtonToDisable" finished-at="2024-05-06T19:28:09 CST" duration-ms="17323" status="PASS">
          <reporter-output>
          </reporter-output>
        </test-method> <!-- setMotorcycleCapacityPlusButtonToDisable -->
        <test-method is-config="true" signature="tearDown()[pri:0, instance:automation.AdminTest.AreaModuleTest@7859e786]" started-at="2024-05-06T19:28:09 CST" name="tearDown" finished-at="2024-05-06T19:28:10 CST" duration-ms="1230" status="PASS">
          <reporter-output>
          </reporter-output>
        </test-method> <!-- tearDown -->
        <test-method is-config="true" signature="launchApplication()[pri:0, instance:automation.AdminTest.AreaModuleTest@7859e786]" started-at="2024-05-06T19:28:10 CST" name="launchApplication" finished-at="2024-05-06T19:28:14 CST" duration-ms="3551" status="PASS">
          <reporter-output>
          </reporter-output>
        </test-method> <!-- launchApplication -->
        <test-method signature="validateUpdateParkingArea()[pri:0, instance:automation.AdminTest.AreaModuleTest@7859e786]" started-at="2024-05-06T19:28:14 CST" name="validateUpdateParkingArea" finished-at="2024-05-06T19:28:35 CST" duration-ms="20685" status="PASS">
          <reporter-output>
          </reporter-output>
        </test-method> <!-- validateUpdateParkingArea -->
        <test-method is-config="true" signature="tearDown()[pri:0, instance:automation.AdminTest.AreaModuleTest@7859e786]" started-at="2024-05-06T19:28:35 CST" name="tearDown" finished-at="2024-05-06T19:28:36 CST" duration-ms="1240" status="PASS">
          <reporter-output>
          </reporter-output>
        </test-method> <!-- tearDown -->
        <test-method is-config="true" signature="launchApplication()[pri:0, instance:automation.AdminTest.AreaModuleTest@7859e786]" started-at="2024-05-06T19:28:36 CST" name="launchApplication" finished-at="2024-05-06T19:28:39 CST" duration-ms="3138" status="PASS">
          <reporter-output>
          </reporter-output>
        </test-method> <!-- launchApplication -->
        <test-method signature="areaCreation()[pri:1, instance:automation.AdminTest.AreaModuleTest@7859e786]" started-at="2024-05-06T19:28:39 CST" name="areaCreation" finished-at="2024-05-06T19:29:29 CST" duration-ms="49686" status="PASS">
          <reporter-output>
          </reporter-output>
        </test-method> <!-- areaCreation -->
        <test-method is-config="true" signature="tearDown()[pri:0, instance:automation.AdminTest.AreaModuleTest@7859e786]" started-at="2024-05-06T19:29:29 CST" name="tearDown" finished-at="2024-05-06T19:29:30 CST" duration-ms="1125" status="PASS">
          <reporter-output>
          </reporter-output>
        </test-method> <!-- tearDown -->
      </class> <!-- automation.AdminTest.AreaModuleTest -->
    </test> <!-- Parking Area Module Test -->
    <test started-at="2024-05-06T19:29:30 CST" name="User Module Test" finished-at="2024-05-06T19:34:46 CST" duration-ms="315932">
      <class name="automation.AdminTest.UserModuleTest">
        <test-method is-config="true" signature="launchApplication()[pri:0, instance:automation.AdminTest.UserModuleTest@54361a9]" started-at="2024-05-06T19:29:30 CST" name="launchApplication" finished-at="2024-05-06T19:29:33 CST" duration-ms="3498" status="PASS">
          <reporter-output>
          </reporter-output>
        </test-method> <!-- launchApplication -->
        <test-method signature="exitEnrollmentAlert(java.util.HashMap)[pri:0, instance:automation.AdminTest.UserModuleTest@54361a9]" started-at="2024-05-06T19:29:33 CST" name="exitEnrollmentAlert" data-provider="getData" finished-at="2024-05-06T19:29:48 CST" duration-ms="15192" status="PASS">
          <params>
            <param index="0">
              <value>
                <![CDATA[{password=SuperUser123!?, username=superuser}]]>
              </value>
            </param>
          </params>
          <reporter-output>
          </reporter-output>
        </test-method> <!-- exitEnrollmentAlert -->
        <test-method is-config="true" signature="tearDown()[pri:0, instance:automation.AdminTest.UserModuleTest@54361a9]" started-at="2024-05-06T19:29:48 CST" name="tearDown" finished-at="2024-05-06T19:29:50 CST" duration-ms="1262" status="PASS">
          <reporter-output>
          </reporter-output>
        </test-method> <!-- tearDown -->
        <test-method is-config="true" signature="launchApplication()[pri:0, instance:automation.AdminTest.UserModuleTest@54361a9]" started-at="2024-05-06T19:29:50 CST" name="launchApplication" finished-at="2024-05-06T19:29:53 CST" duration-ms="3119" status="PASS">
          <reporter-output>
          </reporter-output>
        </test-method> <!-- launchApplication -->
        <test-method signature="getCopyUserName(java.util.HashMap)[pri:0, instance:automation.AdminTest.UserModuleTest@54361a9]" started-at="2024-05-06T19:29:53 CST" name="getCopyUserName" data-provider="getData" finished-at="2024-05-06T19:30:10 CST" duration-ms="17297" status="PASS">
          <params>
            <param index="0">
              <value>
                <![CDATA[{password=SuperUser123!?, username=superuser}]]>
              </value>
            </param>
          </params>
          <reporter-output>
          </reporter-output>
        </test-method> <!-- getCopyUserName -->
        <test-method is-config="true" signature="tearDown()[pri:0, instance:automation.AdminTest.UserModuleTest@54361a9]" started-at="2024-05-06T19:30:10 CST" name="tearDown" finished-at="2024-05-06T19:30:11 CST" duration-ms="1267" status="PASS">
          <reporter-output>
          </reporter-output>
        </test-method> <!-- tearDown -->
        <test-method is-config="true" signature="launchApplication()[pri:0, instance:automation.AdminTest.UserModuleTest@54361a9]" started-at="2024-05-06T19:30:11 CST" name="launchApplication" finished-at="2024-05-06T19:30:15 CST" duration-ms="3141" status="PASS">
          <reporter-output>
          </reporter-output>
        </test-method> <!-- launchApplication -->
        <test-method signature="getCopyUserPassword(java.util.HashMap)[pri:0, instance:automation.AdminTest.UserModuleTest@54361a9]" started-at="2024-05-06T19:30:15 CST" name="getCopyUserPassword" data-provider="getData" finished-at="2024-05-06T19:30:30 CST" duration-ms="15288" status="PASS">
          <params>
            <param index="0">
              <value>
                <![CDATA[{password=SuperUser123!?, username=superuser}]]>
              </value>
            </param>
          </params>
          <reporter-output>
          </reporter-output>
        </test-method> <!-- getCopyUserPassword -->
        <test-method is-config="true" signature="tearDown()[pri:0, instance:automation.AdminTest.UserModuleTest@54361a9]" started-at="2024-05-06T19:30:30 CST" name="tearDown" finished-at="2024-05-06T19:30:31 CST" duration-ms="1230" status="PASS">
          <reporter-output>
          </reporter-output>
        </test-method> <!-- tearDown -->
        <test-method is-config="true" signature="launchApplication()[pri:0, instance:automation.AdminTest.UserModuleTest@54361a9]" started-at="2024-05-06T19:30:31 CST" name="launchApplication" finished-at="2024-05-06T19:30:34 CST" duration-ms="3265" status="PASS">
          <reporter-output>
          </reporter-output>
        </test-method> <!-- launchApplication -->
        <test-method signature="userEmailDupValidation(java.util.HashMap)[pri:0, instance:automation.AdminTest.UserModuleTest@54361a9]" started-at="2024-05-06T19:30:34 CST" name="userEmailDupValidation" data-provider="getData" finished-at="2024-05-06T19:30:51 CST" duration-ms="16943" status="PASS">
          <params>
            <param index="0">
              <value>
                <![CDATA[{password=SuperUser123!?, username=superuser}]]>
              </value>
            </param>
          </params>
          <reporter-output>
          </reporter-output>
        </test-method> <!-- userEmailDupValidation -->
        <test-method is-config="true" signature="tearDown()[pri:0, instance:automation.AdminTest.UserModuleTest@54361a9]" started-at="2024-05-06T19:30:51 CST" name="tearDown" finished-at="2024-05-06T19:30:53 CST" duration-ms="1254" status="PASS">
          <reporter-output>
          </reporter-output>
        </test-method> <!-- tearDown -->
        <test-method is-config="true" signature="launchApplication()[pri:0, instance:automation.AdminTest.UserModuleTest@54361a9]" started-at="2024-05-06T19:30:53 CST" name="launchApplication" finished-at="2024-05-06T19:30:56 CST" duration-ms="3163" status="PASS">
          <reporter-output>
          </reporter-output>
        </test-method> <!-- launchApplication -->
        <test-method signature="userPagePagenation()[pri:0, instance:automation.AdminTest.UserModuleTest@54361a9]" started-at="2024-05-06T19:30:56 CST" name="userPagePagenation" finished-at="2024-05-06T19:31:13 CST" duration-ms="17193" status="PASS">
          <reporter-output>
          </reporter-output>
        </test-method> <!-- userPagePagenation -->
        <test-method is-config="true" signature="tearDown()[pri:0, instance:automation.AdminTest.UserModuleTest@54361a9]" started-at="2024-05-06T19:31:13 CST" name="tearDown" finished-at="2024-05-06T19:31:14 CST" duration-ms="1217" status="PASS">
          <reporter-output>
          </reporter-output>
        </test-method> <!-- tearDown -->
        <test-method is-config="true" signature="launchApplication()[pri:0, instance:automation.AdminTest.UserModuleTest@54361a9]" started-at="2024-05-06T19:31:14 CST" name="launchApplication" finished-at="2024-05-06T19:31:17 CST" duration-ms="3175" status="PASS">
          <reporter-output>
          </reporter-output>
        </test-method> <!-- launchApplication -->
        <test-method signature="userPageSelectRow()[pri:0, instance:automation.AdminTest.UserModuleTest@54361a9]" started-at="2024-05-06T19:31:17 CST" name="userPageSelectRow" finished-at="2024-05-06T19:31:44 CST" duration-ms="26790" status="PASS">
          <reporter-output>
          </reporter-output>
        </test-method> <!-- userPageSelectRow -->
        <test-method is-config="true" signature="tearDown()[pri:0, instance:automation.AdminTest.UserModuleTest@54361a9]" started-at="2024-05-06T19:31:44 CST" name="tearDown" finished-at="2024-05-06T19:31:45 CST" duration-ms="1246" status="PASS">
          <reporter-output>
          </reporter-output>
        </test-method> <!-- tearDown -->
        <test-method is-config="true" signature="launchApplication()[pri:0, instance:automation.AdminTest.UserModuleTest@54361a9]" started-at="2024-05-06T19:31:45 CST" name="launchApplication" finished-at="2024-05-06T19:31:49 CST" duration-ms="3182" status="PASS">
          <reporter-output>
          </reporter-output>
        </test-method> <!-- launchApplication -->
        <test-method signature="adminEnrollment(java.util.HashMap)[pri:1, instance:automation.AdminTest.UserModuleTest@54361a9]" started-at="2024-05-06T19:31:49 CST" name="adminEnrollment" data-provider="getData" finished-at="2024-05-06T19:32:17 CST" duration-ms="28345" status="PASS">
          <params>
            <param index="0">
              <value>
                <![CDATA[{password=SuperUser123!?, username=superuser}]]>
              </value>
            </param>
          </params>
          <reporter-output>
          </reporter-output>
        </test-method> <!-- adminEnrollment -->
        <test-method is-config="true" signature="tearDown()[pri:0, instance:automation.AdminTest.UserModuleTest@54361a9]" started-at="2024-05-06T19:32:17 CST" name="tearDown" finished-at="2024-05-06T19:32:18 CST" duration-ms="1126" status="PASS">
          <reporter-output>
          </reporter-output>
        </test-method> <!-- tearDown -->
        <test-method is-config="true" signature="launchApplication()[pri:0, instance:automation.AdminTest.UserModuleTest@54361a9]" started-at="2024-05-06T19:32:18 CST" name="launchApplication" finished-at="2024-05-06T19:32:30 CST" duration-ms="12503" status="PASS">
          <reporter-output>
          </reporter-output>
        </test-method> <!-- launchApplication -->
        <test-method signature="cashierEnrollment(java.util.HashMap)[pri:2, instance:automation.AdminTest.UserModuleTest@54361a9]" started-at="2024-05-06T19:32:30 CST" name="cashierEnrollment" data-provider="getData" finished-at="2024-05-06T19:33:08 CST" duration-ms="37031" status="PASS">
          <params>
            <param index="0">
              <value>
                <![CDATA[{password=SuperUser123!?, username=superuser}]]>
              </value>
            </param>
          </params>
          <reporter-output>
          </reporter-output>
        </test-method> <!-- cashierEnrollment -->
        <test-method is-config="true" signature="tearDown()[pri:0, instance:automation.AdminTest.UserModuleTest@54361a9]" started-at="2024-05-06T19:33:08 CST" name="tearDown" finished-at="2024-05-06T19:33:09 CST" duration-ms="1232" status="PASS">
          <reporter-output>
          </reporter-output>
        </test-method> <!-- tearDown -->
        <test-method is-config="true" signature="launchApplication()[pri:0, instance:automation.AdminTest.UserModuleTest@54361a9]" started-at="2024-05-06T19:33:09 CST" name="launchApplication" finished-at="2024-05-06T19:33:12 CST" duration-ms="3280" status="PASS">
          <reporter-output>
          </reporter-output>
        </test-method> <!-- launchApplication -->
        <test-method signature="encoderEnrollment(java.util.HashMap)[pri:2, instance:automation.AdminTest.UserModuleTest@54361a9]" started-at="2024-05-06T19:33:12 CST" name="encoderEnrollment" data-provider="getData" finished-at="2024-05-06T19:33:46 CST" duration-ms="33629" status="PASS">
          <params>
            <param index="0">
              <value>
                <![CDATA[{password=SuperUser123!?, username=superuser}]]>
              </value>
            </param>
          </params>
          <reporter-output>
          </reporter-output>
        </test-method> <!-- encoderEnrollment -->
        <test-method is-config="true" signature="tearDown()[pri:0, instance:automation.AdminTest.UserModuleTest@54361a9]" started-at="2024-05-06T19:33:46 CST" name="tearDown" finished-at="2024-05-06T19:33:47 CST" duration-ms="1223" status="PASS">
          <reporter-output>
          </reporter-output>
        </test-method> <!-- tearDown -->
        <test-method is-config="true" signature="launchApplication()[pri:0, instance:automation.AdminTest.UserModuleTest@54361a9]" started-at="2024-05-06T19:33:47 CST" name="launchApplication" finished-at="2024-05-06T19:33:50 CST" duration-ms="2984" status="PASS">
          <reporter-output>
          </reporter-output>
        </test-method> <!-- launchApplication -->
        <test-method signature="managerEnrollment(java.util.HashMap)[pri:2, instance:automation.AdminTest.UserModuleTest@54361a9]" started-at="2024-05-06T19:33:50 CST" name="managerEnrollment" data-provider="getData" finished-at="2024-05-06T19:34:23 CST" duration-ms="33562" status="PASS">
          <params>
            <param index="0">
              <value>
                <![CDATA[{password=SuperUser123!?, username=superuser}]]>
              </value>
            </param>
          </params>
          <reporter-output>
          </reporter-output>
        </test-method> <!-- managerEnrollment -->
        <test-method is-config="true" signature="tearDown()[pri:0, instance:automation.AdminTest.UserModuleTest@54361a9]" started-at="2024-05-06T19:34:23 CST" name="tearDown" finished-at="2024-05-06T19:34:25 CST" duration-ms="1144" status="PASS">
          <reporter-output>
          </reporter-output>
        </test-method> <!-- tearDown -->
        <test-method is-config="true" signature="launchApplication()[pri:0, instance:automation.AdminTest.UserModuleTest@54361a9]" started-at="2024-05-06T19:34:25 CST" name="launchApplication" finished-at="2024-05-06T19:34:28 CST" duration-ms="3234" status="PASS">
          <reporter-output>
          </reporter-output>
        </test-method> <!-- launchApplication -->
        <test-method signature="editUserAccount(java.util.HashMap)[pri:3, instance:automation.AdminTest.UserModuleTest@54361a9]" started-at="2024-05-06T19:34:28 CST" name="editUserAccount" data-provider="getData" finished-at="2024-05-06T19:34:44 CST" duration-ms="16659" status="PASS">
          <params>
            <param index="0">
              <value>
                <![CDATA[{password=SuperUser123!?, username=superuser}]]>
              </value>
            </param>
          </params>
          <reporter-output>
          </reporter-output>
        </test-method> <!-- editUserAccount -->
        <test-method is-config="true" signature="tearDown()[pri:0, instance:automation.AdminTest.UserModuleTest@54361a9]" started-at="2024-05-06T19:34:44 CST" name="tearDown" finished-at="2024-05-06T19:34:46 CST" duration-ms="1215" status="PASS">
          <reporter-output>
          </reporter-output>
        </test-method> <!-- tearDown -->
      </class> <!-- automation.AdminTest.UserModuleTest -->
    </test> <!-- User Module Test -->
    <test started-at="2024-05-06T19:34:46 CST" name="Configuration Module Test" finished-at="2024-05-06T19:39:02 CST" duration-ms="256323">
      <class name="automation.AdminTest.ConfigurationModuleTest">
        <test-method is-config="true" signature="launchApplication()[pri:0, instance:automation.AdminTest.ConfigurationModuleTest@5db4c359]" started-at="2024-05-06T19:34:46 CST" name="launchApplication" finished-at="2024-05-06T19:34:49 CST" duration-ms="3138" status="PASS">
          <reporter-output>
          </reporter-output>
        </test-method> <!-- launchApplication -->
        <test-method signature="parkerTypeEnrollment(java.util.HashMap)[pri:1, instance:automation.AdminTest.ConfigurationModuleTest@5db4c359]" started-at="2024-05-06T19:34:49 CST" name="parkerTypeEnrollment" data-provider="getData" finished-at="2024-05-06T19:35:25 CST" duration-ms="35645" status="PASS">
          <params>
            <param index="0">
              <value>
                <![CDATA[{password=SuperUser123!?, username=superuser}]]>
              </value>
            </param>
          </params>
          <reporter-output>
          </reporter-output>
        </test-method> <!-- parkerTypeEnrollment -->
        <test-method is-config="true" signature="tearDown()[pri:0, instance:automation.AdminTest.ConfigurationModuleTest@5db4c359]" started-at="2024-05-06T19:35:25 CST" name="tearDown" finished-at="2024-05-06T19:35:26 CST" duration-ms="1263" status="PASS">
          <reporter-output>
          </reporter-output>
        </test-method> <!-- tearDown -->
        <test-method is-config="true" signature="launchApplication()[pri:0, instance:automation.AdminTest.ConfigurationModuleTest@5db4c359]" started-at="2024-05-06T19:35:26 CST" name="launchApplication" finished-at="2024-05-06T19:35:29 CST" duration-ms="3097" status="PASS">
          <reporter-output>
          </reporter-output>
        </test-method> <!-- launchApplication -->
        <test-method signature="editParkerType(java.util.HashMap)[pri:2, instance:automation.AdminTest.ConfigurationModuleTest@5db4c359]" started-at="2024-05-06T19:35:29 CST" name="editParkerType" data-provider="getData" finished-at="2024-05-06T19:35:36 CST" duration-ms="6989" status="PASS">
          <params>
            <param index="0">
              <value>
                <![CDATA[{password=SuperUser123!?, username=superuser}]]>
              </value>
            </param>
          </params>
          <reporter-output>
          </reporter-output>
        </test-method> <!-- editParkerType -->
        <test-method is-config="true" signature="tearDown()[pri:0, instance:automation.AdminTest.ConfigurationModuleTest@5db4c359]" started-at="2024-05-06T19:35:36 CST" name="tearDown" finished-at="2024-05-06T19:35:37 CST" duration-ms="1119" status="PASS">
          <reporter-output>
          </reporter-output>
        </test-method> <!-- tearDown -->
        <test-method is-config="true" signature="launchApplication()[pri:0, instance:automation.AdminTest.ConfigurationModuleTest@5db4c359]" started-at="2024-05-06T19:35:37 CST" name="launchApplication" finished-at="2024-05-06T19:35:40 CST" duration-ms="3165" status="PASS">
          <reporter-output>
          </reporter-output>
        </test-method> <!-- launchApplication -->
        <test-method signature="deleteParkerType(java.util.HashMap)[pri:3, instance:automation.AdminTest.ConfigurationModuleTest@5db4c359]" started-at="2024-05-06T19:35:40 CST" name="deleteParkerType" data-provider="getData" finished-at="2024-05-06T19:35:48 CST" duration-ms="7594" status="PASS">
          <params>
            <param index="0">
              <value>
                <![CDATA[{password=SuperUser123!?, username=superuser}]]>
              </value>
            </param>
          </params>
          <reporter-output>
          </reporter-output>
        </test-method> <!-- deleteParkerType -->
        <test-method is-config="true" signature="tearDown()[pri:0, instance:automation.AdminTest.ConfigurationModuleTest@5db4c359]" started-at="2024-05-06T19:35:48 CST" name="tearDown" finished-at="2024-05-06T19:35:49 CST" duration-ms="1254" status="PASS">
          <reporter-output>
          </reporter-output>
        </test-method> <!-- tearDown -->
        <test-method is-config="true" signature="launchApplication()[pri:0, instance:automation.AdminTest.ConfigurationModuleTest@5db4c359]" started-at="2024-05-06T19:35:49 CST" name="launchApplication" finished-at="2024-05-06T19:35:52 CST" duration-ms="3149" status="PASS">
          <reporter-output>
          </reporter-output>
        </test-method> <!-- launchApplication -->
        <test-method signature="deleteParkerTypeWithPricingPackage(java.util.HashMap)[pri:4, instance:automation.AdminTest.ConfigurationModuleTest@5db4c359]" started-at="2024-05-06T19:35:52 CST" name="deleteParkerTypeWithPricingPackage" data-provider="getData" finished-at="2024-05-06T19:36:00 CST" duration-ms="7333" status="PASS">
          <params>
            <param index="0">
              <value>
                <![CDATA[{password=SuperUser123!?, username=superuser}]]>
              </value>
            </param>
          </params>
          <reporter-output>
          </reporter-output>
        </test-method> <!-- deleteParkerTypeWithPricingPackage -->
        <test-method is-config="true" signature="tearDown()[pri:0, instance:automation.AdminTest.ConfigurationModuleTest@5db4c359]" started-at="2024-05-06T19:36:00 CST" name="tearDown" finished-at="2024-05-06T19:36:01 CST" duration-ms="1230" status="PASS">
          <reporter-output>
          </reporter-output>
        </test-method> <!-- tearDown -->
        <test-method is-config="true" signature="launchApplication()[pri:0, instance:automation.AdminTest.ConfigurationModuleTest@5db4c359]" started-at="2024-05-06T19:36:01 CST" name="launchApplication" finished-at="2024-05-06T19:36:04 CST" duration-ms="3025" status="PASS">
          <reporter-output>
          </reporter-output>
        </test-method> <!-- launchApplication -->
        <test-method signature="assignParkerToParkingArea(java.util.HashMap)[pri:5, instance:automation.AdminTest.ConfigurationModuleTest@5db4c359]" started-at="2024-05-06T19:36:04 CST" name="assignParkerToParkingArea" data-provider="getData" finished-at="2024-05-06T19:36:31 CST" duration-ms="27441" status="PASS">
          <params>
            <param index="0">
              <value>
                <![CDATA[{password=SuperUser123!?, username=superuser}]]>
              </value>
            </param>
          </params>
          <reporter-output>
          </reporter-output>
        </test-method> <!-- assignParkerToParkingArea -->
        <test-method is-config="true" signature="tearDown()[pri:0, instance:automation.AdminTest.ConfigurationModuleTest@5db4c359]" started-at="2024-05-06T19:36:31 CST" name="tearDown" finished-at="2024-05-06T19:36:32 CST" duration-ms="1256" status="PASS">
          <reporter-output>
          </reporter-output>
        </test-method> <!-- tearDown -->
        <test-method is-config="true" signature="launchApplication()[pri:0, instance:automation.AdminTest.ConfigurationModuleTest@5db4c359]" started-at="2024-05-06T19:36:32 CST" name="launchApplication" finished-at="2024-05-06T19:36:35 CST" duration-ms="2846" status="PASS">
          <reporter-output>
          </reporter-output>
        </test-method> <!-- launchApplication -->
        <test-method signature="assignParkerToParkingAreaWithMisMatchParkingArea(java.util.HashMap)[pri:6, instance:automation.AdminTest.ConfigurationModuleTest@5db4c359]" started-at="2024-05-06T19:36:35 CST" name="assignParkerToParkingAreaWithMisMatchParkingArea" data-provider="getData" finished-at="2024-05-06T19:36:45 CST" duration-ms="9787" status="PASS">
          <params>
            <param index="0">
              <value>
                <![CDATA[{password=SuperUser123!?, username=superuser}]]>
              </value>
            </param>
          </params>
          <reporter-output>
          </reporter-output>
        </test-method> <!-- assignParkerToParkingAreaWithMisMatchParkingArea -->
        <test-method is-config="true" signature="tearDown()[pri:0, instance:automation.AdminTest.ConfigurationModuleTest@5db4c359]" started-at="2024-05-06T19:36:45 CST" name="tearDown" finished-at="2024-05-06T19:36:46 CST" duration-ms="1284" status="PASS">
          <reporter-output>
          </reporter-output>
        </test-method> <!-- tearDown -->
        <test-method is-config="true" signature="launchApplication()[pri:0, instance:automation.AdminTest.ConfigurationModuleTest@5db4c359]" started-at="2024-05-06T19:36:46 CST" name="launchApplication" finished-at="2024-05-06T19:36:49 CST" duration-ms="3029" status="PASS">
          <reporter-output>
          </reporter-output>
        </test-method> <!-- launchApplication -->
        <test-method signature="duplicateParkerTypeName(java.util.HashMap)[pri:7, instance:automation.AdminTest.ConfigurationModuleTest@5db4c359]" started-at="2024-05-06T19:36:49 CST" name="duplicateParkerTypeName" data-provider="getData" finished-at="2024-05-06T19:37:03 CST" duration-ms="13781" status="PASS">
          <params>
            <param index="0">
              <value>
                <![CDATA[{password=SuperUser123!?, username=superuser}]]>
              </value>
            </param>
          </params>
          <reporter-output>
          </reporter-output>
        </test-method> <!-- duplicateParkerTypeName -->
        <test-method is-config="true" signature="tearDown()[pri:0, instance:automation.AdminTest.ConfigurationModuleTest@5db4c359]" started-at="2024-05-06T19:37:03 CST" name="tearDown" finished-at="2024-05-06T19:37:04 CST" duration-ms="1095" status="PASS">
          <reporter-output>
          </reporter-output>
        </test-method> <!-- tearDown -->
        <test-method is-config="true" signature="launchApplication()[pri:0, instance:automation.AdminTest.ConfigurationModuleTest@5db4c359]" started-at="2024-05-06T19:37:04 CST" name="launchApplication" finished-at="2024-05-06T19:37:07 CST" duration-ms="3150" status="PASS">
          <reporter-output>
          </reporter-output>
        </test-method> <!-- launchApplication -->
        <test-method signature="duplicateParketTypeCode(java.util.HashMap)[pri:8, instance:automation.AdminTest.ConfigurationModuleTest@5db4c359]" started-at="2024-05-06T19:37:07 CST" name="duplicateParketTypeCode" data-provider="getData" finished-at="2024-05-06T19:37:21 CST" duration-ms="13701" status="PASS">
          <params>
            <param index="0">
              <value>
                <![CDATA[{password=SuperUser123!?, username=superuser}]]>
              </value>
            </param>
          </params>
          <reporter-output>
          </reporter-output>
        </test-method> <!-- duplicateParketTypeCode -->
        <test-method is-config="true" signature="tearDown()[pri:0, instance:automation.AdminTest.ConfigurationModuleTest@5db4c359]" started-at="2024-05-06T19:37:21 CST" name="tearDown" finished-at="2024-05-06T19:37:22 CST" duration-ms="1208" status="PASS">
          <reporter-output>
          </reporter-output>
        </test-method> <!-- tearDown -->
        <test-method is-config="true" signature="launchApplication()[pri:0, instance:automation.AdminTest.ConfigurationModuleTest@5db4c359]" started-at="2024-05-06T19:37:22 CST" name="launchApplication" finished-at="2024-05-06T19:37:35 CST" duration-ms="12242" status="PASS">
          <reporter-output>
          </reporter-output>
        </test-method> <!-- launchApplication -->
        <test-method signature="createPricingPackage(java.util.HashMap)[pri:9, instance:automation.AdminTest.ConfigurationModuleTest@5db4c359]" started-at="2024-05-06T19:37:35 CST" name="createPricingPackage" data-provider="getData" finished-at="2024-05-06T19:37:53 CST" duration-ms="18776" status="PASS">
          <params>
            <param index="0">
              <value>
                <![CDATA[{password=SuperUser123!?, username=superuser}]]>
              </value>
            </param>
          </params>
          <reporter-output>
          </reporter-output>
        </test-method> <!-- createPricingPackage -->
        <test-method is-config="true" signature="tearDown()[pri:0, instance:automation.AdminTest.ConfigurationModuleTest@5db4c359]" started-at="2024-05-06T19:37:53 CST" name="tearDown" finished-at="2024-05-06T19:37:55 CST" duration-ms="1357" status="PASS">
          <reporter-output>
          </reporter-output>
        </test-method> <!-- tearDown -->
        <test-method is-config="true" signature="launchApplication()[pri:0, instance:automation.AdminTest.ConfigurationModuleTest@5db4c359]" started-at="2024-05-06T19:37:55 CST" name="launchApplication" finished-at="2024-05-06T19:38:00 CST" duration-ms="5311" status="PASS">
          <reporter-output>
          </reporter-output>
        </test-method> <!-- launchApplication -->
        <test-method signature="updatePricingPackageWithoutChange(java.util.HashMap)[pri:10, instance:automation.AdminTest.ConfigurationModuleTest@5db4c359]" started-at="2024-05-06T19:38:00 CST" name="updatePricingPackageWithoutChange" data-provider="getData" finished-at="2024-05-06T19:38:14 CST" duration-ms="13999" status="PASS">
          <params>
            <param index="0">
              <value>
                <![CDATA[{password=SuperUser123!?, username=superuser}]]>
              </value>
            </param>
          </params>
          <reporter-output>
          </reporter-output>
        </test-method> <!-- updatePricingPackageWithoutChange -->
        <test-method is-config="true" signature="tearDown()[pri:0, instance:automation.AdminTest.ConfigurationModuleTest@5db4c359]" started-at="2024-05-06T19:38:14 CST" name="tearDown" finished-at="2024-05-06T19:38:15 CST" duration-ms="1243" status="PASS">
          <reporter-output>
          </reporter-output>
        </test-method> <!-- tearDown -->
        <test-method is-config="true" signature="launchApplication()[pri:0, instance:automation.AdminTest.ConfigurationModuleTest@5db4c359]" started-at="2024-05-06T19:38:15 CST" name="launchApplication" finished-at="2024-05-06T19:38:18 CST" duration-ms="2985" status="PASS">
          <reporter-output>
          </reporter-output>
        </test-method> <!-- launchApplication -->
        <test-method signature="updatePricingFeePackage(java.util.HashMap)[pri:11, instance:automation.AdminTest.ConfigurationModuleTest@5db4c359]" started-at="2024-05-06T19:38:18 CST" name="updatePricingFeePackage" data-provider="getData" finished-at="2024-05-06T19:38:32 CST" duration-ms="13718" status="PASS">
          <params>
            <param index="0">
              <value>
                <![CDATA[{password=SuperUser123!?, username=superuser}]]>
              </value>
            </param>
          </params>
          <reporter-output>
          </reporter-output>
        </test-method> <!-- updatePricingFeePackage -->
        <test-method is-config="true" signature="tearDown()[pri:0, instance:automation.AdminTest.ConfigurationModuleTest@5db4c359]" started-at="2024-05-06T19:38:32 CST" name="tearDown" finished-at="2024-05-06T19:38:33 CST" duration-ms="1303" status="PASS">
          <reporter-output>
          </reporter-output>
        </test-method> <!-- tearDown -->
        <test-method is-config="true" signature="launchApplication()[pri:0, instance:automation.AdminTest.ConfigurationModuleTest@5db4c359]" started-at="2024-05-06T19:38:33 CST" name="launchApplication" finished-at="2024-05-06T19:38:36 CST" duration-ms="3181" status="PASS">
          <reporter-output>
          </reporter-output>
        </test-method> <!-- launchApplication -->
        <test-method signature="assignPricingFeeToParkingArea(java.util.HashMap)[pri:12, instance:automation.AdminTest.ConfigurationModuleTest@5db4c359]" started-at="2024-05-06T19:38:36 CST" name="assignPricingFeeToParkingArea" data-provider="getData" finished-at="2024-05-06T19:38:46 CST" duration-ms="9346" status="PASS">
          <params>
            <param index="0">
              <value>
                <![CDATA[{password=SuperUser123!?, username=superuser}]]>
              </value>
            </param>
          </params>
          <reporter-output>
          </reporter-output>
        </test-method> <!-- assignPricingFeeToParkingArea -->
        <test-method is-config="true" signature="tearDown()[pri:0, instance:automation.AdminTest.ConfigurationModuleTest@5db4c359]" started-at="2024-05-06T19:38:46 CST" name="tearDown" finished-at="2024-05-06T19:38:47 CST" duration-ms="1335" status="PASS">
          <reporter-output>
          </reporter-output>
        </test-method> <!-- tearDown -->
        <test-method is-config="true" signature="launchApplication()[pri:0, instance:automation.AdminTest.ConfigurationModuleTest@5db4c359]" started-at="2024-05-06T19:38:47 CST" name="launchApplication" finished-at="2024-05-06T19:38:50 CST" duration-ms="3066" status="PASS">
          <reporter-output>
          </reporter-output>
        </test-method> <!-- launchApplication -->
        <test-method signature="deletePricingPackage(java.util.HashMap)[pri:13, instance:automation.AdminTest.ConfigurationModuleTest@5db4c359]" started-at="2024-05-06T19:38:50 CST" name="deletePricingPackage" data-provider="getData" finished-at="2024-05-06T19:39:01 CST" duration-ms="10458" status="PASS">
          <params>
            <param index="0">
              <value>
                <![CDATA[{password=SuperUser123!?, username=superuser}]]>
              </value>
            </param>
          </params>
          <reporter-output>
          </reporter-output>
        </test-method> <!-- deletePricingPackage -->
        <test-method is-config="true" signature="tearDown()[pri:0, instance:automation.AdminTest.ConfigurationModuleTest@5db4c359]" started-at="2024-05-06T19:39:01 CST" name="tearDown" finished-at="2024-05-06T19:39:02 CST" duration-ms="1363" status="PASS">
          <reporter-output>
          </reporter-output>
        </test-method> <!-- tearDown -->
      </class> <!-- automation.AdminTest.ConfigurationModuleTest -->
    </test> <!-- Configuration Module Test -->
    <test started-at="2024-05-06T19:39:02 CST" name="Login Test" finished-at="2024-05-06T19:39:38 CST" duration-ms="35695">
      <class name="automation.AdminTest.AllLoginTest">
        <test-method is-config="true" signature="launchApplication()[pri:0, instance:automation.AdminTest.AllLoginTest@192f2f27]" started-at="2024-05-06T19:39:02 CST" name="launchApplication" finished-at="2024-05-06T19:39:05 CST" duration-ms="2830" status="PASS">
          <reporter-output>
          </reporter-output>
        </test-method> <!-- launchApplication -->
        <test-method signature="loginWithAccess()[pri:0, instance:automation.AdminTest.AllLoginTest@192f2f27]" started-at="2024-05-06T19:39:05 CST" name="loginWithAccess" finished-at="2024-05-06T19:39:12 CST" duration-ms="7199" status="PASS">
          <reporter-output>
          </reporter-output>
        </test-method> <!-- loginWithAccess -->
        <test-method is-config="true" signature="tearDown()[pri:0, instance:automation.AdminTest.AllLoginTest@192f2f27]" started-at="2024-05-06T19:39:12 CST" name="tearDown" finished-at="2024-05-06T19:39:13 CST" duration-ms="1253" status="PASS">
          <reporter-output>
          </reporter-output>
        </test-method> <!-- tearDown -->
        <test-method is-config="true" signature="launchApplication()[pri:0, instance:automation.AdminTest.AllLoginTest@192f2f27]" started-at="2024-05-06T19:39:13 CST" name="launchApplication" finished-at="2024-05-06T19:39:16 CST" duration-ms="3082" status="PASS">
          <reporter-output>
          </reporter-output>
        </test-method> <!-- launchApplication -->
        <test-method signature="loginWithInvalidPassword()[pri:0, instance:automation.AdminTest.AllLoginTest@192f2f27]" started-at="2024-05-06T19:39:16 CST" name="loginWithInvalidPassword" finished-at="2024-05-06T19:39:22 CST" duration-ms="5078" status="PASS">
          <reporter-output>
          </reporter-output>
        </test-method> <!-- loginWithInvalidPassword -->
        <test-method is-config="true" signature="tearDown()[pri:0, instance:automation.AdminTest.AllLoginTest@192f2f27]" started-at="2024-05-06T19:39:22 CST" name="tearDown" finished-at="2024-05-06T19:39:23 CST" duration-ms="1212" status="PASS">
          <reporter-output>
          </reporter-output>
        </test-method> <!-- tearDown -->
        <test-method is-config="true" signature="launchApplication()[pri:0, instance:automation.AdminTest.AllLoginTest@192f2f27]" started-at="2024-05-06T19:39:23 CST" name="launchApplication" finished-at="2024-05-06T19:39:26 CST" duration-ms="2992" status="PASS">
          <reporter-output>
          </reporter-output>
        </test-method> <!-- launchApplication -->
        <test-method signature="loginWithoutAccess()[pri:0, instance:automation.AdminTest.AllLoginTest@192f2f27]" started-at="2024-05-06T19:39:26 CST" name="loginWithoutAccess" finished-at="2024-05-06T19:39:29 CST" duration-ms="3185" status="PASS">
          <reporter-output>
          </reporter-output>
        </test-method> <!-- loginWithoutAccess -->
        <test-method is-config="true" signature="tearDown()[pri:0, instance:automation.AdminTest.AllLoginTest@192f2f27]" started-at="2024-05-06T19:39:29 CST" name="tearDown" finished-at="2024-05-06T19:39:30 CST" duration-ms="1251" status="PASS">
          <reporter-output>
          </reporter-output>
        </test-method> <!-- tearDown -->
        <test-method is-config="true" signature="launchApplication()[pri:0, instance:automation.AdminTest.AllLoginTest@192f2f27]" started-at="2024-05-06T19:39:30 CST" name="launchApplication" finished-at="2024-05-06T19:39:33 CST" duration-ms="3162" status="PASS">
          <reporter-output>
          </reporter-output>
        </test-method> <!-- launchApplication -->
        <test-method signature="loginWithInvalidUserName()[pri:1, instance:automation.AdminTest.AllLoginTest@192f2f27]" started-at="2024-05-06T19:39:33 CST" name="loginWithInvalidUserName" finished-at="2024-05-06T19:39:37 CST" duration-ms="3179" status="PASS">
          <reporter-output>
          </reporter-output>
        </test-method> <!-- loginWithInvalidUserName -->
        <test-method is-config="true" signature="tearDown()[pri:0, instance:automation.AdminTest.AllLoginTest@192f2f27]" started-at="2024-05-06T19:39:37 CST" name="tearDown" finished-at="2024-05-06T19:39:38 CST" duration-ms="1265" status="PASS">
          <reporter-output>
          </reporter-output>
        </test-method> <!-- tearDown -->
      </class> <!-- automation.AdminTest.AllLoginTest -->
    </test> <!-- Login Test -->
  </suite> <!-- Suite -->
</testng-results>
