<?xml version="1.0" encoding="UTF-8"?>
<testng-results ignored="0" total="6" passed="5" failed="1" skipped="0">
  <reporter-output>
  </reporter-output>
  <suite started-at="2024-01-17T20:09:52 CST" name="Suite" finished-at="2024-01-17T20:11:54 CST" duration-ms="121872">
    <groups>
      <group name="ErrorHandling">
        <method signature="AllLoginTest.loginWithInvalidPassword()[pri:0, instance:automation.AdminTest.AllLoginTest@55b7a4e0]" name="loginWithInvalidPassword" class="automation.AdminTest.AllLoginTest"/>
        <method signature="AllLoginTest.loginWithInvalidUserName()[pri:0, instance:automation.AdminTest.AllLoginTest@55b7a4e0]" name="loginWithInvalidUserName" class="automation.AdminTest.AllLoginTest"/>
        <method signature="AllLoginTest.loginWithoutAccess()[pri:0, instance:automation.AdminTest.AllLoginTest@55b7a4e0]" name="loginWithoutAccess" class="automation.AdminTest.AllLoginTest"/>
        <method signature="AreaCreationTest.areaCodeDupValidation()[pri:0, instance:automation.AdminTest.AreaCreationTest@5c6648b0]" name="areaCodeDupValidation" class="automation.AdminTest.AreaCreationTest"/>
        <method signature="AreaCreationTest.areaNameDupValidation(java.util.HashMap)[pri:0, instance:automation.AdminTest.AreaCreationTest@5c6648b0]" name="areaNameDupValidation" class="automation.AdminTest.AreaCreationTest"/>
        <method signature="UserEnrollmentTest.userEmailDupValidation(java.util.HashMap)[pri:0, instance:automation.AdminTest.UserEnrollmentTest@692f203f]" name="userEmailDupValidation" class="automation.AdminTest.UserEnrollmentTest"/>
      </group> <!-- ErrorHandling -->
    </groups>
    <test started-at="2024-01-17T20:09:52 CST" name="Login Test" finished-at="2024-01-17T20:11:02 CST" duration-ms="70256">
      <class name="automation.AdminTest.AllLoginTest">
        <test-method is-config="true" signature="launchApplication()[pri:0, instance:automation.AdminTest.AllLoginTest@55b7a4e0]" started-at="2024-01-17T20:09:52 CST" name="launchApplication" finished-at="2024-01-17T20:10:39 CST" duration-ms="46933" status="PASS">
          <reporter-output>
          </reporter-output>
        </test-method> <!-- launchApplication -->
        <test-method signature="loginWithInvalidPassword()[pri:0, instance:automation.AdminTest.AllLoginTest@55b7a4e0]" started-at="2024-01-17T20:10:39 CST" name="loginWithInvalidPassword" finished-at="2024-01-17T20:10:53 CST" duration-ms="14046" status="PASS">
          <reporter-output>
          </reporter-output>
        </test-method> <!-- loginWithInvalidPassword -->
        <test-method is-config="true" signature="tearDown()[pri:0, instance:automation.AdminTest.AllLoginTest@55b7a4e0]" started-at="2024-01-17T20:10:53 CST" name="tearDown" finished-at="2024-01-17T20:10:54 CST" duration-ms="759" status="PASS">
          <reporter-output>
          </reporter-output>
        </test-method> <!-- tearDown -->
        <test-method is-config="true" signature="launchApplication()[pri:0, instance:automation.AdminTest.AllLoginTest@55b7a4e0]" started-at="2024-01-17T20:10:54 CST" name="launchApplication" finished-at="2024-01-17T20:10:56 CST" duration-ms="2312" status="PASS">
          <reporter-output>
          </reporter-output>
        </test-method> <!-- launchApplication -->
        <test-method signature="loginWithInvalidUserName()[pri:0, instance:automation.AdminTest.AllLoginTest@55b7a4e0]" started-at="2024-01-17T20:10:56 CST" name="loginWithInvalidUserName" finished-at="2024-01-17T20:10:57 CST" duration-ms="1068" status="PASS">
          <reporter-output>
          </reporter-output>
        </test-method> <!-- loginWithInvalidUserName -->
        <test-method is-config="true" signature="tearDown()[pri:0, instance:automation.AdminTest.AllLoginTest@55b7a4e0]" started-at="2024-01-17T20:10:57 CST" name="tearDown" finished-at="2024-01-17T20:10:58 CST" duration-ms="723" status="PASS">
          <reporter-output>
          </reporter-output>
        </test-method> <!-- tearDown -->
        <test-method is-config="true" signature="launchApplication()[pri:0, instance:automation.AdminTest.AllLoginTest@55b7a4e0]" started-at="2024-01-17T20:10:58 CST" name="launchApplication" finished-at="2024-01-17T20:11:00 CST" duration-ms="2495" status="PASS">
          <reporter-output>
          </reporter-output>
        </test-method> <!-- launchApplication -->
        <test-method signature="loginWithoutAccess()[pri:0, instance:automation.AdminTest.AllLoginTest@55b7a4e0]" started-at="2024-01-17T20:11:00 CST" name="loginWithoutAccess" finished-at="2024-01-17T20:11:02 CST" duration-ms="1182" status="PASS">
          <reporter-output>
          </reporter-output>
        </test-method> <!-- loginWithoutAccess -->
        <test-method is-config="true" signature="tearDown()[pri:0, instance:automation.AdminTest.AllLoginTest@55b7a4e0]" started-at="2024-01-17T20:11:02 CST" name="tearDown" finished-at="2024-01-17T20:11:02 CST" duration-ms="677" status="PASS">
          <reporter-output>
          </reporter-output>
        </test-method> <!-- tearDown -->
      </class> <!-- automation.AdminTest.AllLoginTest -->
    </test> <!-- Login Test -->
    <test started-at="2024-01-17T20:11:02 CST" name="Parking Area Ceation Test" finished-at="2024-01-17T20:11:54 CST" duration-ms="51336">
      <class name="automation.AdminTest.AreaCreationTest">
        <test-method is-config="true" signature="launchApplication()[pri:0, instance:automation.AdminTest.AreaCreationTest@5c6648b0]" started-at="2024-01-17T20:11:02 CST" name="launchApplication" finished-at="2024-01-17T20:11:05 CST" duration-ms="2724" status="PASS">
          <reporter-output>
          </reporter-output>
        </test-method> <!-- launchApplication -->
        <test-method signature="areaCodeDupValidation()[pri:0, instance:automation.AdminTest.AreaCreationTest@5c6648b0]" started-at="2024-01-17T20:11:05 CST" name="areaCodeDupValidation" finished-at="2024-01-17T20:11:28 CST" duration-ms="23246" status="PASS">
          <reporter-output>
          </reporter-output>
        </test-method> <!-- areaCodeDupValidation -->
        <test-method is-config="true" signature="tearDown()[pri:0, instance:automation.AdminTest.AreaCreationTest@5c6648b0]" started-at="2024-01-17T20:11:28 CST" name="tearDown" finished-at="2024-01-17T20:11:29 CST" duration-ms="937" status="PASS">
          <reporter-output>
          </reporter-output>
        </test-method> <!-- tearDown -->
        <test-method is-config="true" signature="launchApplication()[pri:0, instance:automation.AdminTest.AreaCreationTest@5c6648b0]" started-at="2024-01-17T20:11:30 CST" name="launchApplication" finished-at="2024-01-17T20:11:32 CST" duration-ms="2238" status="PASS">
          <reporter-output>
          </reporter-output>
        </test-method> <!-- launchApplication -->
        <test-method signature="areaNameDupValidation(java.util.HashMap)[pri:0, instance:automation.AdminTest.AreaCreationTest@5c6648b0]" started-at="2024-01-17T20:11:32 CST" name="areaNameDupValidation" data-provider="getData" finished-at="2024-01-17T20:11:53 CST" duration-ms="21184" status="PASS">
          <params>
            <param index="0">
              <value>
                <![CDATA[{password=Password1!, mobileNumber=987654321, username=renAdmin}]]>
              </value>
            </param>
          </params>
          <reporter-output>
          </reporter-output>
        </test-method> <!-- areaNameDupValidation -->
        <test-method is-config="true" signature="tearDown()[pri:0, instance:automation.AdminTest.AreaCreationTest@5c6648b0]" started-at="2024-01-17T20:11:53 CST" name="tearDown" finished-at="2024-01-17T20:11:54 CST" duration-ms="732" status="PASS">
          <reporter-output>
          </reporter-output>
        </test-method> <!-- tearDown -->
      </class> <!-- automation.AdminTest.AreaCreationTest -->
    </test> <!-- Parking Area Ceation Test -->
    <test started-at="2024-01-17T20:11:54 CST" name="User Enrollment Test" finished-at="2024-01-17T20:11:54 CST" duration-ms="11">
      <class name="automation.AdminTest.UserEnrollmentTest">
        <test-method signature="userEmailDupValidation(java.util.HashMap)[pri:0, instance:automation.AdminTest.UserEnrollmentTest@692f203f]" started-at="2024-01-17T20:11:54 CST" name="userEmailDupValidation" data-provider="getData" finished-at="2024-01-17T20:11:54 CST" duration-ms="0" status="FAIL">
          <exception class="java.lang.RuntimeException">
            <message>
              <![CDATA[java.nio.file.NoSuchFileException: C:\Users\ren.castillano\eclipse-workspace\ParkmateAdmin\src\test\java\com\ParkmateData\ParkingData.json]]>
            </message>
            <full-stacktrace>
              <![CDATA[java.lang.RuntimeException: java.nio.file.NoSuchFileException: C:\Users\ren.castillano\eclipse-workspace\ParkmateAdmin\src\test\java\com\ParkmateData\ParkingData.json
at org.testng.internal.invokers.MethodInvocationHelper.invokeMethodNoCheckedException(MethodInvocationHelper.java:57)
at org.testng.internal.invokers.MethodInvocationHelper.invokeDataProvider(MethodInvocationHelper.java:157)
at org.testng.internal.Parameters.handleParameters(Parameters.java:812)
at org.testng.internal.Parameters.handleParameters(Parameters.java:737)
at org.testng.internal.invokers.ParameterHandler.handleParameters(ParameterHandler.java:72)
at org.testng.internal.invokers.ParameterHandler.createParameters(ParameterHandler.java:51)
at org.testng.internal.invokers.TestInvoker$MethodInvocationAgent.invoke(TestInvoker.java:915)
at org.testng.internal.invokers.TestInvoker.invokeTestMethods(TestInvoker.java:201)
at org.testng.internal.invokers.TestMethodWorker.invokeTestMethods(TestMethodWorker.java:148)
at org.testng.internal.invokers.TestMethodWorker.run(TestMethodWorker.java:128)
at java.base/java.util.ArrayList.forEach(ArrayList.java:1596)
at org.testng.TestRunner.privateRun(TestRunner.java:819)
at org.testng.TestRunner.run(TestRunner.java:619)
at org.testng.SuiteRunner.runTest(SuiteRunner.java:443)
at org.testng.SuiteRunner.runSequentially(SuiteRunner.java:437)
at org.testng.SuiteRunner.privateRun(SuiteRunner.java:397)
at org.testng.SuiteRunner.run(SuiteRunner.java:336)
at org.testng.SuiteRunnerWorker.runSuite(SuiteRunnerWorker.java:52)
at org.testng.SuiteRunnerWorker.run(SuiteRunnerWorker.java:95)
at org.testng.TestNG.runSuitesSequentially(TestNG.java:1301)
at org.testng.TestNG.runSuitesLocally(TestNG.java:1228)
at org.testng.TestNG.runSuites(TestNG.java:1134)
at org.testng.TestNG.run(TestNG.java:1101)
at org.apache.maven.surefire.testng.TestNGExecutor.run(TestNGExecutor.java:308)
at org.apache.maven.surefire.testng.TestNGXmlTestSuite.execute(TestNGXmlTestSuite.java:71)
at org.apache.maven.surefire.testng.TestNGProvider.invoke(TestNGProvider.java:113)
at org.apache.maven.surefire.booter.ForkedBooter.runSuitesInProcess(ForkedBooter.java:385)
at org.apache.maven.surefire.booter.ForkedBooter.execute(ForkedBooter.java:162)
at org.apache.maven.surefire.booter.ForkedBooter.run(ForkedBooter.java:507)
at org.apache.maven.surefire.booter.ForkedBooter.main(ForkedBooter.java:495)
Caused by: java.nio.file.NoSuchFileException: C:\Users\ren.castillano\eclipse-workspace\ParkmateAdmin\src\test\java\com\ParkmateData\ParkingData.json
at java.base/sun.nio.fs.WindowsException.translateToIOException(WindowsException.java:85)
at java.base/sun.nio.fs.WindowsException.rethrowAsIOException(WindowsException.java:103)
at java.base/sun.nio.fs.WindowsException.rethrowAsIOException(WindowsException.java:108)
at java.base/sun.nio.fs.WindowsFileSystemProvider.newByteChannel(WindowsFileSystemProvider.java:234)
at java.base/java.nio.file.Files.newByteChannel(Files.java:379)
at java.base/java.nio.file.Files.newByteChannel(Files.java:431)
at java.base/java.nio.file.spi.FileSystemProvider.newInputStream(FileSystemProvider.java:420)
at java.base/java.nio.file.Files.newInputStream(Files.java:159)
at org.apache.commons.io.FileUtils.lambda$readFileToString$12(FileUtils.java:2615)
at org.apache.commons.io.IOUtils.toString(IOUtils.java:3239)
at org.apache.commons.io.IOUtils.toString(IOUtils.java:3214)
at org.apache.commons.io.FileUtils.readFileToString(FileUtils.java:2615)
at automation.AdminTestComponents.BaseTest.getJsonDataToMap(BaseTest.java:120)
at automation.AdminTest.UserEnrollmentTest.getData(UserEnrollmentTest.java:96)
at java.base/jdk.internal.reflect.DirectMethodHandleAccessor.invoke(DirectMethodHandleAccessor.java:103)
at java.base/java.lang.reflect.Method.invoke(Method.java:580)
at org.testng.internal.invokers.MethodInvocationHelper.invokeMethod(MethodInvocationHelper.java:139)
at org.testng.internal.invokers.MethodInvocationHelper.invokeMethod(MethodInvocationHelper.java:84)
at org.testng.internal.invokers.MethodInvocationHelper.invokeMethodNoCheckedException(MethodInvocationHelper.java:53)
... 29 more
]]>
            </full-stacktrace>
          </exception> <!-- java.lang.RuntimeException -->
          <reporter-output>
          </reporter-output>
        </test-method> <!-- userEmailDupValidation -->
      </class> <!-- automation.AdminTest.UserEnrollmentTest -->
    </test> <!-- User Enrollment Test -->
    <test started-at="2024-01-17T20:11:54 CST" name="Filter And SearchTest" finished-at="2024-01-17T20:11:54 CST" duration-ms="0">
    </test> <!-- Filter And SearchTest -->
  </suite> <!-- Suite -->
</testng-results>
