<?xml version="1.0" encoding="UTF-8"?>
<testng-results ignored="0" total="40" passed="39" failed="1" skipped="0">
  <reporter-output>
  </reporter-output>
  <suite started-at="2024-02-03T01:14:02 CST" name="Suite" finished-at="2024-02-03T01:34:04 CST" duration-ms="1202176">
    <groups>
      <group name="ErrorHandling">
        <method signature="AllLoginTest.loginWithInvalidPassword()[pri:0, instance:automation.AdminTest.AllLoginTest@76494737]" name="loginWithInvalidPassword" class="automation.AdminTest.AllLoginTest"/>
        <method signature="AllLoginTest.loginWithInvalidUserName()[pri:0, instance:automation.AdminTest.AllLoginTest@76494737]" name="loginWithInvalidUserName" class="automation.AdminTest.AllLoginTest"/>
        <method signature="AllLoginTest.loginWithoutAccess()[pri:0, instance:automation.AdminTest.AllLoginTest@76494737]" name="loginWithoutAccess" class="automation.AdminTest.AllLoginTest"/>
        <method signature="AreaModuleTest.areaCodeDupValidation()[pri:0, instance:automation.AdminTest.AreaModuleTest@2584b82d]" name="areaCodeDupValidation" class="automation.AdminTest.AreaModuleTest"/>
        <method signature="AreaModuleTest.areaNameDupValidation(java.util.HashMap)[pri:0, instance:automation.AdminTest.AreaModuleTest@2584b82d]" name="areaNameDupValidation" class="automation.AdminTest.AreaModuleTest"/>
        <method signature="AreaModuleTest.fixedRateMaxLimit()[pri:0, instance:automation.AdminTest.AreaModuleTest@2584b82d]" name="fixedRateMaxLimit" class="automation.AdminTest.AreaModuleTest"/>
        <method signature="UserModuleTest.userEmailDupValidation(java.util.HashMap)[pri:0, instance:automation.AdminTest.UserModuleTest@14dd7b39]" name="userEmailDupValidation" class="automation.AdminTest.UserModuleTest"/>
      </group> <!-- ErrorHandling -->
      <group name="Creation">
        <method signature="AreaModuleTest.areaCreation()[pri:0, instance:automation.AdminTest.AreaModuleTest@2584b82d]" name="areaCreation" class="automation.AdminTest.AreaModuleTest"/>
        <method signature="UserModuleTest.adminEnrollment()[pri:1, instance:automation.AdminTest.UserModuleTest@14dd7b39]" name="adminEnrollment" class="automation.AdminTest.UserModuleTest"/>
        <method signature="UserModuleTest.encoderEnrollment()[pri:2, instance:automation.AdminTest.UserModuleTest@14dd7b39]" name="encoderEnrollment" class="automation.AdminTest.UserModuleTest"/>
      </group> <!-- Creation -->
    </groups>
    <test started-at="2024-02-03T01:14:02 CST" name="Login Test" finished-at="2024-02-03T01:15:24 CST" duration-ms="82728">
      <class name="automation.AdminTest.AllLoginTest">
        <test-method is-config="true" signature="launchApplication()[pri:0, instance:automation.AdminTest.AllLoginTest@76494737]" started-at="2024-02-03T01:14:02 CST" name="launchApplication" finished-at="2024-02-03T01:14:11 CST" duration-ms="8997" status="PASS">
          <reporter-output>
          </reporter-output>
        </test-method> <!-- launchApplication -->
        <test-method signature="loginWithAccess()[pri:0, instance:automation.AdminTest.AllLoginTest@76494737]" started-at="2024-02-03T01:14:11 CST" name="loginWithAccess" finished-at="2024-02-03T01:14:17 CST" duration-ms="6530" status="PASS">
          <reporter-output>
          </reporter-output>
        </test-method> <!-- loginWithAccess -->
        <test-method is-config="true" signature="tearDown()[pri:0, instance:automation.AdminTest.AllLoginTest@76494737]" started-at="2024-02-03T01:14:17 CST" name="tearDown" finished-at="2024-02-03T01:14:18 CST" duration-ms="1162" status="PASS">
          <reporter-output>
          </reporter-output>
        </test-method> <!-- tearDown -->
        <test-method is-config="true" signature="launchApplication()[pri:0, instance:automation.AdminTest.AllLoginTest@76494737]" started-at="2024-02-03T01:14:18 CST" name="launchApplication" finished-at="2024-02-03T01:14:26 CST" duration-ms="7693" status="PASS">
          <reporter-output>
          </reporter-output>
        </test-method> <!-- launchApplication -->
        <test-method signature="loginWithInvalidPassword()[pri:0, instance:automation.AdminTest.AllLoginTest@76494737]" started-at="2024-02-03T01:14:26 CST" name="loginWithInvalidPassword" finished-at="2024-02-03T01:14:31 CST" duration-ms="4825" status="PASS">
          <reporter-output>
          </reporter-output>
        </test-method> <!-- loginWithInvalidPassword -->
        <test-method is-config="true" signature="tearDown()[pri:0, instance:automation.AdminTest.AllLoginTest@76494737]" started-at="2024-02-03T01:14:31 CST" name="tearDown" finished-at="2024-02-03T01:14:32 CST" duration-ms="1173" status="PASS">
          <reporter-output>
          </reporter-output>
        </test-method> <!-- tearDown -->
        <test-method is-config="true" signature="launchApplication()[pri:0, instance:automation.AdminTest.AllLoginTest@76494737]" started-at="2024-02-03T01:14:32 CST" name="launchApplication" finished-at="2024-02-03T01:15:06 CST" duration-ms="33660" status="PASS">
          <reporter-output>
          </reporter-output>
        </test-method> <!-- launchApplication -->
        <test-method signature="loginWithInvalidUserName()[pri:0, instance:automation.AdminTest.AllLoginTest@76494737]" started-at="2024-02-03T01:15:06 CST" name="loginWithInvalidUserName" finished-at="2024-02-03T01:15:12 CST" duration-ms="5863" status="PASS">
          <reporter-output>
          </reporter-output>
        </test-method> <!-- loginWithInvalidUserName -->
        <test-method is-config="true" signature="tearDown()[pri:0, instance:automation.AdminTest.AllLoginTest@76494737]" started-at="2024-02-03T01:15:12 CST" name="tearDown" finished-at="2024-02-03T01:15:13 CST" duration-ms="1147" status="PASS">
          <reporter-output>
          </reporter-output>
        </test-method> <!-- tearDown -->
        <test-method is-config="true" signature="launchApplication()[pri:0, instance:automation.AdminTest.AllLoginTest@76494737]" started-at="2024-02-03T01:15:13 CST" name="launchApplication" finished-at="2024-02-03T01:15:20 CST" duration-ms="7347" status="PASS">
          <reporter-output>
          </reporter-output>
        </test-method> <!-- launchApplication -->
        <test-method signature="loginWithoutAccess()[pri:0, instance:automation.AdminTest.AllLoginTest@76494737]" started-at="2024-02-03T01:15:20 CST" name="loginWithoutAccess" finished-at="2024-02-03T01:15:23 CST" duration-ms="3050" status="PASS">
          <reporter-output>
          </reporter-output>
        </test-method> <!-- loginWithoutAccess -->
        <test-method is-config="true" signature="tearDown()[pri:0, instance:automation.AdminTest.AllLoginTest@76494737]" started-at="2024-02-03T01:15:23 CST" name="tearDown" finished-at="2024-02-03T01:15:24 CST" duration-ms="1193" status="PASS">
          <reporter-output>
          </reporter-output>
        </test-method> <!-- tearDown -->
      </class> <!-- automation.AdminTest.AllLoginTest -->
    </test> <!-- Login Test -->
    <test started-at="2024-02-03T01:15:25 CST" name="Parking Area Module Test" finished-at="2024-02-03T01:22:49 CST" duration-ms="443259">
      <class name="automation.AdminTest.AreaModuleTest">
        <test-method is-config="true" signature="launchApplication()[pri:0, instance:automation.AdminTest.AreaModuleTest@2584b82d]" started-at="2024-02-03T01:15:25 CST" name="launchApplication" finished-at="2024-02-03T01:15:33 CST" duration-ms="7263" status="PASS">
          <reporter-output>
          </reporter-output>
        </test-method> <!-- launchApplication -->
        <test-method signature="areaCodeDupValidation()[pri:0, instance:automation.AdminTest.AreaModuleTest@2584b82d]" started-at="2024-02-03T01:15:33 CST" name="areaCodeDupValidation" finished-at="2024-02-03T01:15:55 CST" duration-ms="22940" status="FAIL">
          <exception class="org.openqa.selenium.TimeoutException">
            <message>
              <![CDATA[Expected condition failed: waiting for visibility of [[ChromeDriver: chrome on windows (3e4793120f93296e17c624afa8e92632)] -> css selector: img[alt='SM Logo']] (tried for 20 second(s) with 500 milliseconds interval)
Build info: version: '4.17.0', revision: 'e52b1be057*'
System info: os.name: 'Windows 10', os.arch: 'amd64', os.version: '10.0', java.version: '21.0.1'
Driver info: org.openqa.selenium.chrome.ChromeDriver
Capabilities {acceptInsecureCerts: false, browserName: chrome, browserVersion: 121.0.6167.86, chrome: {chromedriverVersion: 121.0.6167.85 (3f98d690ad7e..., userDataDir: C:\Users\REN~1.CAS\AppData\...}, fedcm:accounts: true, goog:chromeOptions: {debuggerAddress: localhost:50098}, networkConnectionEnabled: false, pageLoadStrategy: normal, platformName: windows, proxy: Proxy(), se:cdp: ws://localhost:50098/devtoo..., se:cdpVersion: 121.0.6167.86, setWindowRect: true, strictFileInteractability: false, timeouts: {implicit: 0, pageLoad: 300000, script: 30000}, unhandledPromptBehavior: dismiss and notify, webauthn:extension:credBlob: true, webauthn:extension:largeBlob: true, webauthn:extension:minPinLength: true, webauthn:extension:prf: true, webauthn:virtualAuthenticators: true}
Session ID: 3e4793120f93296e17c624afa8e92632]]>
            </message>
            <full-stacktrace>
              <![CDATA[org.openqa.selenium.TimeoutException: Expected condition failed: waiting for visibility of [[ChromeDriver: chrome on windows (3e4793120f93296e17c624afa8e92632)] -> css selector: img[alt='SM Logo']] (tried for 20 second(s) with 500 milliseconds interval)
Build info: version: '4.17.0', revision: 'e52b1be057*'
System info: os.name: 'Windows 10', os.arch: 'amd64', os.version: '10.0', java.version: '21.0.1'
Driver info: org.openqa.selenium.chrome.ChromeDriver
Capabilities {acceptInsecureCerts: false, browserName: chrome, browserVersion: 121.0.6167.86, chrome: {chromedriverVersion: 121.0.6167.85 (3f98d690ad7e..., userDataDir: C:\Users\REN~1.CAS\AppData\...}, fedcm:accounts: true, goog:chromeOptions: {debuggerAddress: localhost:50098}, networkConnectionEnabled: false, pageLoadStrategy: normal, platformName: windows, proxy: Proxy(), se:cdp: ws://localhost:50098/devtoo..., se:cdpVersion: 121.0.6167.86, setWindowRect: true, strictFileInteractability: false, timeouts: {implicit: 0, pageLoad: 300000, script: 30000}, unhandledPromptBehavior: dismiss and notify, webauthn:extension:credBlob: true, webauthn:extension:largeBlob: true, webauthn:extension:minPinLength: true, webauthn:extension:prf: true, webauthn:virtualAuthenticators: true}
Session ID: 3e4793120f93296e17c624afa8e92632
at org.openqa.selenium.support.ui.WebDriverWait.timeoutException(WebDriverWait.java:84)
at org.openqa.selenium.support.ui.FluentWait.until(FluentWait.java:228)
at automation.AbstractComponents.AbstractComponent.waitForWebElementToAppear(AbstractComponent.java:44)
at automation.PageObject.AreaModule.goToAreaPage(AreaModule.java:125)
at automation.AdminTest.AreaModuleTest.areaCodeDupValidation(AreaModuleTest.java:70)
at java.base/jdk.internal.reflect.DirectMethodHandleAccessor.invoke(DirectMethodHandleAccessor.java:103)
at java.base/java.lang.reflect.Method.invoke(Method.java:580)
at org.testng.internal.invokers.MethodInvocationHelper.invokeMethod(MethodInvocationHelper.java:139)
at org.testng.internal.invokers.TestInvoker.invokeMethod(TestInvoker.java:664)
at org.testng.internal.invokers.TestInvoker.invokeTestMethod(TestInvoker.java:228)
at org.testng.internal.invokers.MethodRunner.runInSequence(MethodRunner.java:63)
at org.testng.internal.invokers.TestInvoker$MethodInvocationAgent.invoke(TestInvoker.java:961)
at org.testng.internal.invokers.TestInvoker.invokeTestMethods(TestInvoker.java:201)
at org.testng.internal.invokers.TestMethodWorker.invokeTestMethods(TestMethodWorker.java:148)
at org.testng.internal.invokers.TestMethodWorker.run(TestMethodWorker.java:128)
at java.base/java.util.ArrayList.forEach(ArrayList.java:1596)
at org.testng.TestRunner.privateRun(TestRunner.java:819)
at org.testng.TestRunner.run(TestRunner.java:619)
at org.testng.SuiteRunner.runTest(SuiteRunner.java:443)
at org.testng.SuiteRunner.runSequentially(SuiteRunner.java:437)
at org.testng.SuiteRunner.privateRun(SuiteRunner.java:397)
at org.testng.SuiteRunner.run(SuiteRunner.java:336)
at org.testng.SuiteRunnerWorker.runSuite(SuiteRunnerWorker.java:52)
at org.testng.SuiteRunnerWorker.run(SuiteRunnerWorker.java:95)
at org.testng.TestNG.runSuitesSequentially(TestNG.java:1301)
at org.testng.TestNG.runSuitesLocally(TestNG.java:1228)
at org.testng.TestNG.runSuites(TestNG.java:1134)
at org.testng.TestNG.run(TestNG.java:1101)
at org.apache.maven.surefire.testng.TestNGExecutor.run(TestNGExecutor.java:308)
at org.apache.maven.surefire.testng.TestNGXmlTestSuite.execute(TestNGXmlTestSuite.java:71)
at org.apache.maven.surefire.testng.TestNGProvider.invoke(TestNGProvider.java:113)
at org.apache.maven.surefire.booter.ForkedBooter.runSuitesInProcess(ForkedBooter.java:385)
at org.apache.maven.surefire.booter.ForkedBooter.execute(ForkedBooter.java:162)
at org.apache.maven.surefire.booter.ForkedBooter.run(ForkedBooter.java:507)
at org.apache.maven.surefire.booter.ForkedBooter.main(ForkedBooter.java:495)
]]>
            </full-stacktrace>
          </exception> <!-- org.openqa.selenium.TimeoutException -->
          <reporter-output>
          </reporter-output>
        </test-method> <!-- areaCodeDupValidation -->
        <test-method is-config="true" signature="tearDown()[pri:0, instance:automation.AdminTest.AreaModuleTest@2584b82d]" started-at="2024-02-03T01:15:56 CST" name="tearDown" finished-at="2024-02-03T01:15:57 CST" duration-ms="1179" status="PASS">
          <reporter-output>
          </reporter-output>
        </test-method> <!-- tearDown -->
        <test-method is-config="true" signature="launchApplication()[pri:0, instance:automation.AdminTest.AreaModuleTest@2584b82d]" started-at="2024-02-03T01:15:57 CST" name="launchApplication" finished-at="2024-02-03T01:16:04 CST" duration-ms="7197" status="PASS">
          <reporter-output>
          </reporter-output>
        </test-method> <!-- launchApplication -->
        <test-method signature="areaCreation()[pri:0, instance:automation.AdminTest.AreaModuleTest@2584b82d]" started-at="2024-02-03T01:16:04 CST" name="areaCreation" finished-at="2024-02-03T01:16:37 CST" duration-ms="32756" status="PASS">
          <reporter-output>
          </reporter-output>
        </test-method> <!-- areaCreation -->
        <test-method is-config="true" signature="tearDown()[pri:0, instance:automation.AdminTest.AreaModuleTest@2584b82d]" started-at="2024-02-03T01:16:37 CST" name="tearDown" finished-at="2024-02-03T01:16:38 CST" duration-ms="1094" status="PASS">
          <reporter-output>
          </reporter-output>
        </test-method> <!-- tearDown -->
        <test-method is-config="true" signature="launchApplication()[pri:0, instance:automation.AdminTest.AreaModuleTest@2584b82d]" started-at="2024-02-03T01:16:38 CST" name="launchApplication" finished-at="2024-02-03T01:16:46 CST" duration-ms="7353" status="PASS">
          <reporter-output>
          </reporter-output>
        </test-method> <!-- launchApplication -->
        <test-method signature="areaNameDupValidation(java.util.HashMap)[pri:0, instance:automation.AdminTest.AreaModuleTest@2584b82d]" started-at="2024-02-03T01:16:46 CST" name="areaNameDupValidation" data-provider="getData" finished-at="2024-02-03T01:17:11 CST" duration-ms="25428" status="PASS">
          <params>
            <param index="0">
              <value>
                <![CDATA[{password=Password1!, mobileNumber=987654321, username=renAdmin}]]>
              </value>
            </param>
          </params>
          <reporter-output>
          </reporter-output>
        </test-method> <!-- areaNameDupValidation -->
        <test-method is-config="true" signature="tearDown()[pri:0, instance:automation.AdminTest.AreaModuleTest@2584b82d]" started-at="2024-02-03T01:17:11 CST" name="tearDown" finished-at="2024-02-03T01:17:12 CST" duration-ms="1123" status="PASS">
          <reporter-output>
          </reporter-output>
        </test-method> <!-- tearDown -->
        <test-method is-config="true" signature="launchApplication()[pri:0, instance:automation.AdminTest.AreaModuleTest@2584b82d]" started-at="2024-02-03T01:17:12 CST" name="launchApplication" finished-at="2024-02-03T01:17:20 CST" duration-ms="7339" status="PASS">
          <reporter-output>
          </reporter-output>
        </test-method> <!-- launchApplication -->
        <test-method signature="areaPagePagenation()[pri:0, instance:automation.AdminTest.AreaModuleTest@2584b82d]" started-at="2024-02-03T01:17:20 CST" name="areaPagePagenation" finished-at="2024-02-03T01:17:47 CST" duration-ms="27851" status="PASS">
          <reporter-output>
          </reporter-output>
        </test-method> <!-- areaPagePagenation -->
        <test-method is-config="true" signature="tearDown()[pri:0, instance:automation.AdminTest.AreaModuleTest@2584b82d]" started-at="2024-02-03T01:17:48 CST" name="tearDown" finished-at="2024-02-03T01:17:49 CST" duration-ms="1190" status="PASS">
          <reporter-output>
          </reporter-output>
        </test-method> <!-- tearDown -->
        <test-method is-config="true" signature="launchApplication()[pri:0, instance:automation.AdminTest.AreaModuleTest@2584b82d]" started-at="2024-02-03T01:17:49 CST" name="launchApplication" finished-at="2024-02-03T01:17:56 CST" duration-ms="7265" status="PASS">
          <reporter-output>
          </reporter-output>
        </test-method> <!-- launchApplication -->
        <test-method signature="areaPageSelectRow()[pri:0, instance:automation.AdminTest.AreaModuleTest@2584b82d]" started-at="2024-02-03T01:17:56 CST" name="areaPageSelectRow" finished-at="2024-02-03T01:18:23 CST" duration-ms="26782" status="PASS">
          <reporter-output>
          </reporter-output>
        </test-method> <!-- areaPageSelectRow -->
        <test-method is-config="true" signature="tearDown()[pri:0, instance:automation.AdminTest.AreaModuleTest@2584b82d]" started-at="2024-02-03T01:18:23 CST" name="tearDown" finished-at="2024-02-03T01:18:24 CST" duration-ms="1140" status="PASS">
          <reporter-output>
          </reporter-output>
        </test-method> <!-- tearDown -->
        <test-method is-config="true" signature="launchApplication()[pri:0, instance:automation.AdminTest.AreaModuleTest@2584b82d]" started-at="2024-02-03T01:18:24 CST" name="launchApplication" finished-at="2024-02-03T01:18:31 CST" duration-ms="7393" status="PASS">
          <reporter-output>
          </reporter-output>
        </test-method> <!-- launchApplication -->
        <test-method signature="carCapacityInpuValidation()[pri:0, instance:automation.AdminTest.AreaModuleTest@2584b82d]" started-at="2024-02-03T01:18:31 CST" name="carCapacityInpuValidation" finished-at="2024-02-03T01:18:49 CST" duration-ms="17302" status="PASS">
          <reporter-output>
          </reporter-output>
        </test-method> <!-- carCapacityInpuValidation -->
        <test-method is-config="true" signature="tearDown()[pri:0, instance:automation.AdminTest.AreaModuleTest@2584b82d]" started-at="2024-02-03T01:18:49 CST" name="tearDown" finished-at="2024-02-03T01:18:50 CST" duration-ms="1119" status="PASS">
          <reporter-output>
          </reporter-output>
        </test-method> <!-- tearDown -->
        <test-method is-config="true" signature="launchApplication()[pri:0, instance:automation.AdminTest.AreaModuleTest@2584b82d]" started-at="2024-02-03T01:18:50 CST" name="launchApplication" finished-at="2024-02-03T01:18:57 CST" duration-ms="7170" status="PASS">
          <reporter-output>
          </reporter-output>
        </test-method> <!-- launchApplication -->
        <test-method signature="editParkingArea()[pri:0, instance:automation.AdminTest.AreaModuleTest@2584b82d]" started-at="2024-02-03T01:18:57 CST" name="editParkingArea" finished-at="2024-02-03T01:19:21 CST" duration-ms="24234" status="PASS">
          <reporter-output>
          </reporter-output>
        </test-method> <!-- editParkingArea -->
        <test-method is-config="true" signature="tearDown()[pri:0, instance:automation.AdminTest.AreaModuleTest@2584b82d]" started-at="2024-02-03T01:19:21 CST" name="tearDown" finished-at="2024-02-03T01:19:22 CST" duration-ms="1163" status="PASS">
          <reporter-output>
          </reporter-output>
        </test-method> <!-- tearDown -->
        <test-method is-config="true" signature="launchApplication()[pri:0, instance:automation.AdminTest.AreaModuleTest@2584b82d]" started-at="2024-02-03T01:19:22 CST" name="launchApplication" finished-at="2024-02-03T01:19:30 CST" duration-ms="7249" status="PASS">
          <reporter-output>
          </reporter-output>
        </test-method> <!-- launchApplication -->
        <test-method signature="exitCreationAlert()[pri:0, instance:automation.AdminTest.AreaModuleTest@2584b82d]" started-at="2024-02-03T01:19:30 CST" name="exitCreationAlert" finished-at="2024-02-03T01:19:48 CST" duration-ms="18350" status="PASS">
          <reporter-output>
          </reporter-output>
        </test-method> <!-- exitCreationAlert -->
        <test-method is-config="true" signature="tearDown()[pri:0, instance:automation.AdminTest.AreaModuleTest@2584b82d]" started-at="2024-02-03T01:19:48 CST" name="tearDown" finished-at="2024-02-03T01:19:49 CST" duration-ms="1335" status="PASS">
          <reporter-output>
          </reporter-output>
        </test-method> <!-- tearDown -->
        <test-method is-config="true" signature="launchApplication()[pri:0, instance:automation.AdminTest.AreaModuleTest@2584b82d]" started-at="2024-02-03T01:19:49 CST" name="launchApplication" finished-at="2024-02-03T01:19:58 CST" duration-ms="8874" status="PASS">
          <reporter-output>
          </reporter-output>
        </test-method> <!-- launchApplication -->
        <test-method signature="fixedRateMaxLimit()[pri:0, instance:automation.AdminTest.AreaModuleTest@2584b82d]" started-at="2024-02-03T01:19:58 CST" name="fixedRateMaxLimit" finished-at="2024-02-03T01:20:22 CST" duration-ms="24419" status="PASS">
          <reporter-output>
          </reporter-output>
        </test-method> <!-- fixedRateMaxLimit -->
        <test-method is-config="true" signature="tearDown()[pri:0, instance:automation.AdminTest.AreaModuleTest@2584b82d]" started-at="2024-02-03T01:20:22 CST" name="tearDown" finished-at="2024-02-03T01:20:24 CST" duration-ms="1184" status="PASS">
          <reporter-output>
          </reporter-output>
        </test-method> <!-- tearDown -->
        <test-method is-config="true" signature="launchApplication()[pri:0, instance:automation.AdminTest.AreaModuleTest@2584b82d]" started-at="2024-02-03T01:20:24 CST" name="launchApplication" finished-at="2024-02-03T01:20:35 CST" duration-ms="11185" status="PASS">
          <reporter-output>
          </reporter-output>
        </test-method> <!-- launchApplication -->
        <test-method signature="motorcycleCapacityInpuValidation()[pri:0, instance:automation.AdminTest.AreaModuleTest@2584b82d]" started-at="2024-02-03T01:20:35 CST" name="motorcycleCapacityInpuValidation" finished-at="2024-02-03T01:21:01 CST" duration-ms="25760" status="PASS">
          <reporter-output>
          </reporter-output>
        </test-method> <!-- motorcycleCapacityInpuValidation -->
        <test-method is-config="true" signature="tearDown()[pri:0, instance:automation.AdminTest.AreaModuleTest@2584b82d]" started-at="2024-02-03T01:21:01 CST" name="tearDown" finished-at="2024-02-03T01:21:02 CST" duration-ms="1116" status="PASS">
          <reporter-output>
          </reporter-output>
        </test-method> <!-- tearDown -->
        <test-method is-config="true" signature="launchApplication()[pri:0, instance:automation.AdminTest.AreaModuleTest@2584b82d]" started-at="2024-02-03T01:21:02 CST" name="launchApplication" finished-at="2024-02-03T01:21:09 CST" duration-ms="7489" status="PASS">
          <reporter-output>
          </reporter-output>
        </test-method> <!-- launchApplication -->
        <test-method signature="setCMotorcycleCapacityPlusButtonToDisable()[pri:0, instance:automation.AdminTest.AreaModuleTest@2584b82d]" started-at="2024-02-03T01:21:09 CST" name="setCMotorcycleCapacityPlusButtonToDisable" finished-at="2024-02-03T01:21:28 CST" duration-ms="18464" status="PASS">
          <reporter-output>
          </reporter-output>
        </test-method> <!-- setCMotorcycleCapacityPlusButtonToDisable -->
        <test-method is-config="true" signature="tearDown()[pri:0, instance:automation.AdminTest.AreaModuleTest@2584b82d]" started-at="2024-02-03T01:21:28 CST" name="tearDown" finished-at="2024-02-03T01:21:29 CST" duration-ms="1139" status="PASS">
          <reporter-output>
          </reporter-output>
        </test-method> <!-- tearDown -->
        <test-method is-config="true" signature="launchApplication()[pri:0, instance:automation.AdminTest.AreaModuleTest@2584b82d]" started-at="2024-02-03T01:21:29 CST" name="launchApplication" finished-at="2024-02-03T01:21:37 CST" duration-ms="8357" status="PASS">
          <reporter-output>
          </reporter-output>
        </test-method> <!-- launchApplication -->
        <test-method signature="setCarCapacityMinusButtonToDisable()[pri:0, instance:automation.AdminTest.AreaModuleTest@2584b82d]" started-at="2024-02-03T01:21:37 CST" name="setCarCapacityMinusButtonToDisable" finished-at="2024-02-03T01:21:55 CST" duration-ms="17627" status="PASS">
          <reporter-output>
          </reporter-output>
        </test-method> <!-- setCarCapacityMinusButtonToDisable -->
        <test-method is-config="true" signature="tearDown()[pri:0, instance:automation.AdminTest.AreaModuleTest@2584b82d]" started-at="2024-02-03T01:21:55 CST" name="tearDown" finished-at="2024-02-03T01:21:56 CST" duration-ms="1236" status="PASS">
          <reporter-output>
          </reporter-output>
        </test-method> <!-- tearDown -->
        <test-method is-config="true" signature="launchApplication()[pri:0, instance:automation.AdminTest.AreaModuleTest@2584b82d]" started-at="2024-02-03T01:21:56 CST" name="launchApplication" finished-at="2024-02-03T01:22:03 CST" duration-ms="7113" status="PASS">
          <reporter-output>
          </reporter-output>
        </test-method> <!-- launchApplication -->
        <test-method signature="setCarCapacityPlusButtonToDisable()[pri:0, instance:automation.AdminTest.AreaModuleTest@2584b82d]" started-at="2024-02-03T01:22:03 CST" name="setCarCapacityPlusButtonToDisable" finished-at="2024-02-03T01:22:21 CST" duration-ms="17586" status="PASS">
          <reporter-output>
          </reporter-output>
        </test-method> <!-- setCarCapacityPlusButtonToDisable -->
        <test-method is-config="true" signature="tearDown()[pri:0, instance:automation.AdminTest.AreaModuleTest@2584b82d]" started-at="2024-02-03T01:22:21 CST" name="tearDown" finished-at="2024-02-03T01:22:22 CST" duration-ms="1235" status="PASS">
          <reporter-output>
          </reporter-output>
        </test-method> <!-- tearDown -->
        <test-method is-config="true" signature="launchApplication()[pri:0, instance:automation.AdminTest.AreaModuleTest@2584b82d]" started-at="2024-02-03T01:22:22 CST" name="launchApplication" finished-at="2024-02-03T01:22:29 CST" duration-ms="7164" status="PASS">
          <reporter-output>
          </reporter-output>
        </test-method> <!-- launchApplication -->
        <test-method signature="setMotorcycleCapacityPlusButtonToDisable()[pri:0, instance:automation.AdminTest.AreaModuleTest@2584b82d]" started-at="2024-02-03T01:22:29 CST" name="setMotorcycleCapacityPlusButtonToDisable" finished-at="2024-02-03T01:22:47 CST" duration-ms="18220" status="PASS">
          <reporter-output>
          </reporter-output>
        </test-method> <!-- setMotorcycleCapacityPlusButtonToDisable -->
        <test-method is-config="true" signature="tearDown()[pri:0, instance:automation.AdminTest.AreaModuleTest@2584b82d]" started-at="2024-02-03T01:22:47 CST" name="tearDown" finished-at="2024-02-03T01:22:49 CST" duration-ms="1139" status="PASS">
          <reporter-output>
          </reporter-output>
        </test-method> <!-- tearDown -->
      </class> <!-- automation.AdminTest.AreaModuleTest -->
    </test> <!-- Parking Area Module Test -->
    <test started-at="2024-02-03T01:22:49 CST" name="User Module Test" finished-at="2024-02-03T01:27:37 CST" duration-ms="288579">
      <class name="automation.AdminTest.UserModuleTest">
        <test-method is-config="true" signature="launchApplication()[pri:0, instance:automation.AdminTest.UserModuleTest@14dd7b39]" started-at="2024-02-03T01:22:49 CST" name="launchApplication" finished-at="2024-02-03T01:22:56 CST" duration-ms="7325" status="PASS">
          <reporter-output>
          </reporter-output>
        </test-method> <!-- launchApplication -->
        <test-method signature="exitEnrollmentAlert()[pri:0, instance:automation.AdminTest.UserModuleTest@14dd7b39]" started-at="2024-02-03T01:22:56 CST" name="exitEnrollmentAlert" finished-at="2024-02-03T01:23:10 CST" duration-ms="14071" status="PASS">
          <reporter-output>
          </reporter-output>
        </test-method> <!-- exitEnrollmentAlert -->
        <test-method is-config="true" signature="tearDown()[pri:0, instance:automation.AdminTest.UserModuleTest@14dd7b39]" started-at="2024-02-03T01:23:10 CST" name="tearDown" finished-at="2024-02-03T01:23:11 CST" duration-ms="1234" status="PASS">
          <reporter-output>
          </reporter-output>
        </test-method> <!-- tearDown -->
        <test-method is-config="true" signature="launchApplication()[pri:0, instance:automation.AdminTest.UserModuleTest@14dd7b39]" started-at="2024-02-03T01:23:11 CST" name="launchApplication" finished-at="2024-02-03T01:23:18 CST" duration-ms="7179" status="PASS">
          <reporter-output>
          </reporter-output>
        </test-method> <!-- launchApplication -->
        <test-method signature="getCopyUserName()[pri:0, instance:automation.AdminTest.UserModuleTest@14dd7b39]" started-at="2024-02-03T01:23:18 CST" name="getCopyUserName" finished-at="2024-02-03T01:23:36 CST" duration-ms="17856" status="PASS">
          <reporter-output>
          </reporter-output>
        </test-method> <!-- getCopyUserName -->
        <test-method is-config="true" signature="tearDown()[pri:0, instance:automation.AdminTest.UserModuleTest@14dd7b39]" started-at="2024-02-03T01:23:36 CST" name="tearDown" finished-at="2024-02-03T01:23:37 CST" duration-ms="1186" status="PASS">
          <reporter-output>
          </reporter-output>
        </test-method> <!-- tearDown -->
        <test-method is-config="true" signature="launchApplication()[pri:0, instance:automation.AdminTest.UserModuleTest@14dd7b39]" started-at="2024-02-03T01:23:37 CST" name="launchApplication" finished-at="2024-02-03T01:23:45 CST" duration-ms="7320" status="PASS">
          <reporter-output>
          </reporter-output>
        </test-method> <!-- launchApplication -->
        <test-method signature="getCopyUserPassword()[pri:0, instance:automation.AdminTest.UserModuleTest@14dd7b39]" started-at="2024-02-03T01:23:45 CST" name="getCopyUserPassword" finished-at="2024-02-03T01:24:00 CST" duration-ms="15623" status="PASS">
          <reporter-output>
          </reporter-output>
        </test-method> <!-- getCopyUserPassword -->
        <test-method is-config="true" signature="tearDown()[pri:0, instance:automation.AdminTest.UserModuleTest@14dd7b39]" started-at="2024-02-03T01:24:00 CST" name="tearDown" finished-at="2024-02-03T01:24:02 CST" duration-ms="1099" status="PASS">
          <reporter-output>
          </reporter-output>
        </test-method> <!-- tearDown -->
        <test-method is-config="true" signature="launchApplication()[pri:0, instance:automation.AdminTest.UserModuleTest@14dd7b39]" started-at="2024-02-03T01:24:02 CST" name="launchApplication" finished-at="2024-02-03T01:24:09 CST" duration-ms="7286" status="PASS">
          <reporter-output>
          </reporter-output>
        </test-method> <!-- launchApplication -->
        <test-method signature="userEmailDupValidation(java.util.HashMap)[pri:0, instance:automation.AdminTest.UserModuleTest@14dd7b39]" started-at="2024-02-03T01:24:09 CST" name="userEmailDupValidation" data-provider="getData" finished-at="2024-02-03T01:24:26 CST" duration-ms="17157" status="PASS">
          <params>
            <param index="0">
              <value>
                <![CDATA[{password=Password1!, mobileNumber=987654321, username=renAdmin}]]>
              </value>
            </param>
          </params>
          <reporter-output>
          </reporter-output>
        </test-method> <!-- userEmailDupValidation -->
        <test-method is-config="true" signature="tearDown()[pri:0, instance:automation.AdminTest.UserModuleTest@14dd7b39]" started-at="2024-02-03T01:24:26 CST" name="tearDown" finished-at="2024-02-03T01:24:27 CST" duration-ms="1105" status="PASS">
          <reporter-output>
          </reporter-output>
        </test-method> <!-- tearDown -->
        <test-method is-config="true" signature="launchApplication()[pri:0, instance:automation.AdminTest.UserModuleTest@14dd7b39]" started-at="2024-02-03T01:24:27 CST" name="launchApplication" finished-at="2024-02-03T01:24:34 CST" duration-ms="7141" status="PASS">
          <reporter-output>
          </reporter-output>
        </test-method> <!-- launchApplication -->
        <test-method signature="userPagePagenation()[pri:0, instance:automation.AdminTest.UserModuleTest@14dd7b39]" started-at="2024-02-03T01:24:34 CST" name="userPagePagenation" finished-at="2024-02-03T01:25:02 CST" duration-ms="27745" status="PASS">
          <reporter-output>
          </reporter-output>
        </test-method> <!-- userPagePagenation -->
        <test-method is-config="true" signature="tearDown()[pri:0, instance:automation.AdminTest.UserModuleTest@14dd7b39]" started-at="2024-02-03T01:25:02 CST" name="tearDown" finished-at="2024-02-03T01:25:03 CST" duration-ms="1153" status="PASS">
          <reporter-output>
          </reporter-output>
        </test-method> <!-- tearDown -->
        <test-method is-config="true" signature="launchApplication()[pri:0, instance:automation.AdminTest.UserModuleTest@14dd7b39]" started-at="2024-02-03T01:25:03 CST" name="launchApplication" finished-at="2024-02-03T01:25:12 CST" duration-ms="9047" status="PASS">
          <reporter-output>
          </reporter-output>
        </test-method> <!-- launchApplication -->
        <test-method signature="userPageSelectRow()[pri:0, instance:automation.AdminTest.UserModuleTest@14dd7b39]" started-at="2024-02-03T01:25:12 CST" name="userPageSelectRow" finished-at="2024-02-03T01:25:38 CST" duration-ms="26275" status="PASS">
          <reporter-output>
          </reporter-output>
        </test-method> <!-- userPageSelectRow -->
        <test-method is-config="true" signature="tearDown()[pri:0, instance:automation.AdminTest.UserModuleTest@14dd7b39]" started-at="2024-02-03T01:25:38 CST" name="tearDown" finished-at="2024-02-03T01:25:40 CST" duration-ms="1221" status="PASS">
          <reporter-output>
          </reporter-output>
        </test-method> <!-- tearDown -->
        <test-method is-config="true" signature="launchApplication()[pri:0, instance:automation.AdminTest.UserModuleTest@14dd7b39]" started-at="2024-02-03T01:25:40 CST" name="launchApplication" finished-at="2024-02-03T01:25:50 CST" duration-ms="10397" status="PASS">
          <reporter-output>
          </reporter-output>
        </test-method> <!-- launchApplication -->
        <test-method signature="adminEnrollment()[pri:1, instance:automation.AdminTest.UserModuleTest@14dd7b39]" started-at="2024-02-03T01:25:50 CST" name="adminEnrollment" finished-at="2024-02-03T01:26:29 CST" duration-ms="38786" status="PASS">
          <reporter-output>
          </reporter-output>
        </test-method> <!-- adminEnrollment -->
        <test-method is-config="true" signature="tearDown()[pri:0, instance:automation.AdminTest.UserModuleTest@14dd7b39]" started-at="2024-02-03T01:26:29 CST" name="tearDown" finished-at="2024-02-03T01:26:30 CST" duration-ms="1122" status="PASS">
          <reporter-output>
          </reporter-output>
        </test-method> <!-- tearDown -->
        <test-method is-config="true" signature="launchApplication()[pri:0, instance:automation.AdminTest.UserModuleTest@14dd7b39]" started-at="2024-02-03T01:26:30 CST" name="launchApplication" finished-at="2024-02-03T01:26:37 CST" duration-ms="7317" status="PASS">
          <reporter-output>
          </reporter-output>
        </test-method> <!-- launchApplication -->
        <test-method signature="encoderEnrollment()[pri:2, instance:automation.AdminTest.UserModuleTest@14dd7b39]" started-at="2024-02-03T01:26:37 CST" name="encoderEnrollment" finished-at="2024-02-03T01:27:11 CST" duration-ms="34173" status="PASS">
          <reporter-output>
          </reporter-output>
        </test-method> <!-- encoderEnrollment -->
        <test-method is-config="true" signature="tearDown()[pri:0, instance:automation.AdminTest.UserModuleTest@14dd7b39]" started-at="2024-02-03T01:27:11 CST" name="tearDown" finished-at="2024-02-03T01:27:13 CST" duration-ms="1178" status="PASS">
          <reporter-output>
          </reporter-output>
        </test-method> <!-- tearDown -->
        <test-method is-config="true" signature="launchApplication()[pri:0, instance:automation.AdminTest.UserModuleTest@14dd7b39]" started-at="2024-02-03T01:27:13 CST" name="launchApplication" finished-at="2024-02-03T01:27:20 CST" duration-ms="7241" status="PASS">
          <reporter-output>
          </reporter-output>
        </test-method> <!-- launchApplication -->
        <test-method signature="editUserAccount()[pri:3, instance:automation.AdminTest.UserModuleTest@14dd7b39]" started-at="2024-02-03T01:27:20 CST" name="editUserAccount" finished-at="2024-02-03T01:27:36 CST" duration-ms="16148" status="PASS">
          <reporter-output>
          </reporter-output>
        </test-method> <!-- editUserAccount -->
        <test-method is-config="true" signature="tearDown()[pri:0, instance:automation.AdminTest.UserModuleTest@14dd7b39]" started-at="2024-02-03T01:27:36 CST" name="tearDown" finished-at="2024-02-03T01:27:37 CST" duration-ms="1165" status="PASS">
          <reporter-output>
          </reporter-output>
        </test-method> <!-- tearDown -->
      </class> <!-- automation.AdminTest.UserModuleTest -->
    </test> <!-- User Module Test -->
    <test started-at="2024-02-03T01:27:37 CST" name="Filter And Search Test" finished-at="2024-02-03T01:30:01 CST" duration-ms="143440">
      <class name="automation.AdminTest.FilterAndSearchTest">
        <test-method is-config="true" signature="launchApplication()[pri:0, instance:automation.AdminTest.FilterAndSearchTest@5a7fe64f]" started-at="2024-02-03T01:27:37 CST" name="launchApplication" finished-at="2024-02-03T01:27:45 CST" duration-ms="7255" status="PASS">
          <reporter-output>
          </reporter-output>
        </test-method> <!-- launchApplication -->
        <test-method signature="filterByAdminRole()[pri:0, instance:automation.AdminTest.FilterAndSearchTest@5a7fe64f]" started-at="2024-02-03T01:27:45 CST" name="filterByAdminRole" finished-at="2024-02-03T01:27:57 CST" duration-ms="11951" status="PASS">
          <reporter-output>
          </reporter-output>
        </test-method> <!-- filterByAdminRole -->
        <test-method is-config="true" signature="tearDown()[pri:0, instance:automation.AdminTest.FilterAndSearchTest@5a7fe64f]" started-at="2024-02-03T01:27:57 CST" name="tearDown" finished-at="2024-02-03T01:27:58 CST" duration-ms="1198" status="PASS">
          <reporter-output>
          </reporter-output>
        </test-method> <!-- tearDown -->
        <test-method is-config="true" signature="launchApplication()[pri:0, instance:automation.AdminTest.FilterAndSearchTest@5a7fe64f]" started-at="2024-02-03T01:27:58 CST" name="launchApplication" finished-at="2024-02-03T01:28:05 CST" duration-ms="7084" status="PASS">
          <reporter-output>
          </reporter-output>
        </test-method> <!-- launchApplication -->
        <test-method signature="filterByEncoderRole()[pri:0, instance:automation.AdminTest.FilterAndSearchTest@5a7fe64f]" started-at="2024-02-03T01:28:05 CST" name="filterByEncoderRole" finished-at="2024-02-03T01:28:17 CST" duration-ms="11796" status="PASS">
          <reporter-output>
          </reporter-output>
        </test-method> <!-- filterByEncoderRole -->
        <test-method is-config="true" signature="tearDown()[pri:0, instance:automation.AdminTest.FilterAndSearchTest@5a7fe64f]" started-at="2024-02-03T01:28:17 CST" name="tearDown" finished-at="2024-02-03T01:28:18 CST" duration-ms="1206" status="PASS">
          <reporter-output>
          </reporter-output>
        </test-method> <!-- tearDown -->
        <test-method is-config="true" signature="launchApplication()[pri:0, instance:automation.AdminTest.FilterAndSearchTest@5a7fe64f]" started-at="2024-02-03T01:28:18 CST" name="launchApplication" finished-at="2024-02-03T01:28:25 CST" duration-ms="7145" status="PASS">
          <reporter-output>
          </reporter-output>
        </test-method> <!-- launchApplication -->
        <test-method signature="parkingAreaCodeSearch()[pri:0, instance:automation.AdminTest.FilterAndSearchTest@5a7fe64f]" started-at="2024-02-03T01:28:25 CST" name="parkingAreaCodeSearch" finished-at="2024-02-03T01:28:39 CST" duration-ms="14250" status="PASS">
          <reporter-output>
          </reporter-output>
        </test-method> <!-- parkingAreaCodeSearch -->
        <test-method is-config="true" signature="tearDown()[pri:0, instance:automation.AdminTest.FilterAndSearchTest@5a7fe64f]" started-at="2024-02-03T01:28:39 CST" name="tearDown" finished-at="2024-02-03T01:28:40 CST" duration-ms="1224" status="PASS">
          <reporter-output>
          </reporter-output>
        </test-method> <!-- tearDown -->
        <test-method is-config="true" signature="launchApplication()[pri:0, instance:automation.AdminTest.FilterAndSearchTest@5a7fe64f]" started-at="2024-02-03T01:28:40 CST" name="launchApplication" finished-at="2024-02-03T01:28:48 CST" duration-ms="7309" status="PASS">
          <reporter-output>
          </reporter-output>
        </test-method> <!-- launchApplication -->
        <test-method signature="parkingNameSearch()[pri:0, instance:automation.AdminTest.FilterAndSearchTest@5a7fe64f]" started-at="2024-02-03T01:28:48 CST" name="parkingNameSearch" finished-at="2024-02-03T01:29:00 CST" duration-ms="12721" status="PASS">
          <reporter-output>
          </reporter-output>
        </test-method> <!-- parkingNameSearch -->
        <test-method is-config="true" signature="tearDown()[pri:0, instance:automation.AdminTest.FilterAndSearchTest@5a7fe64f]" started-at="2024-02-03T01:29:00 CST" name="tearDown" finished-at="2024-02-03T01:29:02 CST" duration-ms="1195" status="PASS">
          <reporter-output>
          </reporter-output>
        </test-method> <!-- tearDown -->
        <test-method is-config="true" signature="launchApplication()[pri:0, instance:automation.AdminTest.FilterAndSearchTest@5a7fe64f]" started-at="2024-02-03T01:29:02 CST" name="launchApplication" finished-at="2024-02-03T01:29:09 CST" duration-ms="7228" status="PASS">
          <reporter-output>
          </reporter-output>
        </test-method> <!-- launchApplication -->
        <test-method signature="userEmailSearch()[pri:0, instance:automation.AdminTest.FilterAndSearchTest@5a7fe64f]" started-at="2024-02-03T01:29:09 CST" name="userEmailSearch" finished-at="2024-02-03T01:29:20 CST" duration-ms="11237" status="PASS">
          <reporter-output>
          </reporter-output>
        </test-method> <!-- userEmailSearch -->
        <test-method is-config="true" signature="tearDown()[pri:0, instance:automation.AdminTest.FilterAndSearchTest@5a7fe64f]" started-at="2024-02-03T01:29:20 CST" name="tearDown" finished-at="2024-02-03T01:29:21 CST" duration-ms="1191" status="PASS">
          <reporter-output>
          </reporter-output>
        </test-method> <!-- tearDown -->
        <test-method is-config="true" signature="launchApplication()[pri:0, instance:automation.AdminTest.FilterAndSearchTest@5a7fe64f]" started-at="2024-02-03T01:29:21 CST" name="launchApplication" finished-at="2024-02-03T01:29:29 CST" duration-ms="7289" status="PASS">
          <reporter-output>
          </reporter-output>
        </test-method> <!-- launchApplication -->
        <test-method signature="userLastNameSearch()[pri:0, instance:automation.AdminTest.FilterAndSearchTest@5a7fe64f]" started-at="2024-02-03T01:29:29 CST" name="userLastNameSearch" finished-at="2024-02-03T01:29:40 CST" duration-ms="11079" status="PASS">
          <reporter-output>
          </reporter-output>
        </test-method> <!-- userLastNameSearch -->
        <test-method is-config="true" signature="tearDown()[pri:0, instance:automation.AdminTest.FilterAndSearchTest@5a7fe64f]" started-at="2024-02-03T01:29:40 CST" name="tearDown" finished-at="2024-02-03T01:29:41 CST" duration-ms="1260" status="PASS">
          <reporter-output>
          </reporter-output>
        </test-method> <!-- tearDown -->
        <test-method is-config="true" signature="launchApplication()[pri:0, instance:automation.AdminTest.FilterAndSearchTest@5a7fe64f]" started-at="2024-02-03T01:29:41 CST" name="launchApplication" finished-at="2024-02-03T01:29:48 CST" duration-ms="7374" status="PASS">
          <reporter-output>
          </reporter-output>
        </test-method> <!-- launchApplication -->
        <test-method signature="userNameSearch()[pri:0, instance:automation.AdminTest.FilterAndSearchTest@5a7fe64f]" started-at="2024-02-03T01:29:48 CST" name="userNameSearch" finished-at="2024-02-03T01:29:59 CST" duration-ms="11127" status="PASS">
          <reporter-output>
          </reporter-output>
        </test-method> <!-- userNameSearch -->
        <test-method is-config="true" signature="tearDown()[pri:0, instance:automation.AdminTest.FilterAndSearchTest@5a7fe64f]" started-at="2024-02-03T01:29:59 CST" name="tearDown" finished-at="2024-02-03T01:30:01 CST" duration-ms="1311" status="PASS">
          <reporter-output>
          </reporter-output>
        </test-method> <!-- tearDown -->
      </class> <!-- automation.AdminTest.FilterAndSearchTest -->
    </test> <!-- Filter And Search Test -->
    <test started-at="2024-02-03T01:30:01 CST" name="Permission Test" finished-at="2024-02-03T01:34:04 CST" duration-ms="242970">
      <class name="automation.AdminTest.PermissionTest">
        <test-method is-config="true" signature="launchApplication()[pri:0, instance:automation.AdminTest.PermissionTest@465232e9]" started-at="2024-02-03T01:30:01 CST" name="launchApplication" finished-at="2024-02-03T01:30:08 CST" duration-ms="7383" status="PASS">
          <reporter-output>
          </reporter-output>
        </test-method> <!-- launchApplication -->
        <test-method signature="setAllowExitToFalse()[pri:0, instance:automation.AdminTest.PermissionTest@465232e9]" started-at="2024-02-03T01:30:08 CST" name="setAllowExitToFalse" finished-at="2024-02-03T01:31:10 CST" duration-ms="61851" status="PASS">
          <reporter-output>
          </reporter-output>
        </test-method> <!-- setAllowExitToFalse -->
        <test-method is-config="true" signature="tearDown()[pri:0, instance:automation.AdminTest.PermissionTest@465232e9]" started-at="2024-02-03T01:31:10 CST" name="tearDown" finished-at="2024-02-03T01:31:11 CST" duration-ms="1165" status="PASS">
          <reporter-output>
          </reporter-output>
        </test-method> <!-- tearDown -->
        <test-method is-config="true" signature="launchApplication()[pri:0, instance:automation.AdminTest.PermissionTest@465232e9]" started-at="2024-02-03T01:31:11 CST" name="launchApplication" finished-at="2024-02-03T01:31:24 CST" duration-ms="12285" status="PASS">
          <reporter-output>
          </reporter-output>
        </test-method> <!-- launchApplication -->
        <test-method signature="setAllowExitToTrue()[pri:0, instance:automation.AdminTest.PermissionTest@465232e9]" started-at="2024-02-03T01:31:24 CST" name="setAllowExitToTrue" finished-at="2024-02-03T01:31:54 CST" duration-ms="29968" status="PASS">
          <reporter-output>
          </reporter-output>
        </test-method> <!-- setAllowExitToTrue -->
        <test-method is-config="true" signature="tearDown()[pri:0, instance:automation.AdminTest.PermissionTest@465232e9]" started-at="2024-02-03T01:31:54 CST" name="tearDown" finished-at="2024-02-03T01:31:55 CST" duration-ms="1116" status="PASS">
          <reporter-output>
          </reporter-output>
        </test-method> <!-- tearDown -->
        <test-method is-config="true" signature="launchApplication()[pri:0, instance:automation.AdminTest.PermissionTest@465232e9]" started-at="2024-02-03T01:31:55 CST" name="launchApplication" finished-at="2024-02-03T01:32:02 CST" duration-ms="7764" status="PASS">
          <reporter-output>
          </reporter-output>
        </test-method> <!-- launchApplication -->
        <test-method signature="userWithActiveStatus()[pri:0, instance:automation.AdminTest.PermissionTest@465232e9]" started-at="2024-02-03T01:32:02 CST" name="userWithActiveStatus" finished-at="2024-02-03T01:32:26 CST" duration-ms="23904" status="PASS">
          <reporter-output>
          </reporter-output>
        </test-method> <!-- userWithActiveStatus -->
        <test-method is-config="true" signature="tearDown()[pri:0, instance:automation.AdminTest.PermissionTest@465232e9]" started-at="2024-02-03T01:32:26 CST" name="tearDown" finished-at="2024-02-03T01:32:28 CST" duration-ms="1205" status="PASS">
          <reporter-output>
          </reporter-output>
        </test-method> <!-- tearDown -->
        <test-method is-config="true" signature="launchApplication()[pri:0, instance:automation.AdminTest.PermissionTest@465232e9]" started-at="2024-02-03T01:32:28 CST" name="launchApplication" finished-at="2024-02-03T01:32:35 CST" duration-ms="7832" status="PASS">
          <reporter-output>
          </reporter-output>
        </test-method> <!-- launchApplication -->
        <test-method signature="userWithPaymentAcceptanceSetToFalse()[pri:0, instance:automation.AdminTest.PermissionTest@465232e9]" started-at="2024-02-03T01:32:35 CST" name="userWithPaymentAcceptanceSetToFalse" finished-at="2024-02-03T01:32:57 CST" duration-ms="21910" status="PASS">
          <reporter-output>
          </reporter-output>
        </test-method> <!-- userWithPaymentAcceptanceSetToFalse -->
        <test-method is-config="true" signature="tearDown()[pri:0, instance:automation.AdminTest.PermissionTest@465232e9]" started-at="2024-02-03T01:32:57 CST" name="tearDown" finished-at="2024-02-03T01:32:58 CST" duration-ms="1187" status="PASS">
          <reporter-output>
          </reporter-output>
        </test-method> <!-- tearDown -->
        <test-method is-config="true" signature="launchApplication()[pri:0, instance:automation.AdminTest.PermissionTest@465232e9]" started-at="2024-02-03T01:32:58 CST" name="launchApplication" finished-at="2024-02-03T01:33:06 CST" duration-ms="7317" status="PASS">
          <reporter-output>
          </reporter-output>
        </test-method> <!-- launchApplication -->
        <test-method signature="userWithPaymentAcceptanceSetToTrue()[pri:0, instance:automation.AdminTest.PermissionTest@465232e9]" started-at="2024-02-03T01:33:06 CST" name="userWithPaymentAcceptanceSetToTrue" finished-at="2024-02-03T01:33:34 CST" duration-ms="28058" status="PASS">
          <reporter-output>
          </reporter-output>
        </test-method> <!-- userWithPaymentAcceptanceSetToTrue -->
        <test-method is-config="true" signature="tearDown()[pri:0, instance:automation.AdminTest.PermissionTest@465232e9]" started-at="2024-02-03T01:33:34 CST" name="tearDown" finished-at="2024-02-03T01:33:35 CST" duration-ms="1181" status="PASS">
          <reporter-output>
          </reporter-output>
        </test-method> <!-- tearDown -->
        <test-method is-config="true" signature="launchApplication()[pri:0, instance:automation.AdminTest.PermissionTest@465232e9]" started-at="2024-02-03T01:33:35 CST" name="launchApplication" finished-at="2024-02-03T01:33:42 CST" duration-ms="7450" status="PASS">
          <reporter-output>
          </reporter-output>
        </test-method> <!-- launchApplication -->
        <test-method signature="userWithRestrictedStatus()[pri:0, instance:automation.AdminTest.PermissionTest@465232e9]" started-at="2024-02-03T01:33:42 CST" name="userWithRestrictedStatus" finished-at="2024-02-03T01:34:03 CST" duration-ms="20119" status="PASS">
          <reporter-output>
          </reporter-output>
        </test-method> <!-- userWithRestrictedStatus -->
        <test-method is-config="true" signature="tearDown()[pri:0, instance:automation.AdminTest.PermissionTest@465232e9]" started-at="2024-02-03T01:34:03 CST" name="tearDown" finished-at="2024-02-03T01:34:04 CST" duration-ms="1267" status="PASS">
          <reporter-output>
          </reporter-output>
        </test-method> <!-- tearDown -->
      </class> <!-- automation.AdminTest.PermissionTest -->
    </test> <!-- Permission Test -->
  </suite> <!-- Suite -->
</testng-results>
