<?xml version="1.0" encoding="UTF-8"?>
<testng-results ignored="0" total="40" passed="36" failed="4" skipped="0">
  <reporter-output>
  </reporter-output>
  <suite started-at="2024-02-02T22:34:25 CST" name="Suite" finished-at="2024-02-02T22:52:46 CST" duration-ms="1101156">
    <groups>
      <group name="ErrorHandling">
        <method signature="AllLoginTest.loginWithInvalidPassword()[pri:0, instance:automation.AdminTest.AllLoginTest@76494737]" name="loginWithInvalidPassword" class="automation.AdminTest.AllLoginTest"/>
        <method signature="AllLoginTest.loginWithInvalidUserName()[pri:0, instance:automation.AdminTest.AllLoginTest@76494737]" name="loginWithInvalidUserName" class="automation.AdminTest.AllLoginTest"/>
        <method signature="AllLoginTest.loginWithoutAccess()[pri:0, instance:automation.AdminTest.AllLoginTest@76494737]" name="loginWithoutAccess" class="automation.AdminTest.AllLoginTest"/>
        <method signature="AreaModuleTest.areaCodeDupValidation()[pri:0, instance:automation.AdminTest.AreaModuleTest@2584b82d]" name="areaCodeDupValidation" class="automation.AdminTest.AreaModuleTest"/>
        <method signature="AreaModuleTest.areaNameDupValidation(java.util.HashMap)[pri:0, instance:automation.AdminTest.AreaModuleTest@2584b82d]" name="areaNameDupValidation" class="automation.AdminTest.AreaModuleTest"/>
        <method signature="AreaModuleTest.fixedRateMaxLimit()[pri:0, instance:automation.AdminTest.AreaModuleTest@2584b82d]" name="fixedRateMaxLimit" class="automation.AdminTest.AreaModuleTest"/>
        <method signature="UserModuleTest.userEmailDupValidation(java.util.HashMap)[pri:0, instance:automation.AdminTest.UserModuleTest@14dd7b39]" name="userEmailDupValidation" class="automation.AdminTest.UserModuleTest"/>
      </group> <!-- ErrorHandling -->
      <group name="Creation">
        <method signature="AreaModuleTest.areaCreation()[pri:0, instance:automation.AdminTest.AreaModuleTest@2584b82d]" name="areaCreation" class="automation.AdminTest.AreaModuleTest"/>
        <method signature="UserModuleTest.adminEnrollment()[pri:1, instance:automation.AdminTest.UserModuleTest@14dd7b39]" name="adminEnrollment" class="automation.AdminTest.UserModuleTest"/>
        <method signature="UserModuleTest.encoderEnrollment()[pri:2, instance:automation.AdminTest.UserModuleTest@14dd7b39]" name="encoderEnrollment" class="automation.AdminTest.UserModuleTest"/>
      </group> <!-- Creation -->
    </groups>
    <test started-at="2024-02-02T22:34:25 CST" name="Login Test" finished-at="2024-02-02T22:35:34 CST" duration-ms="68878">
      <class name="automation.AdminTest.AllLoginTest">
        <test-method is-config="true" signature="launchApplication()[pri:0, instance:automation.AdminTest.AllLoginTest@76494737]" started-at="2024-02-02T22:34:25 CST" name="launchApplication" finished-at="2024-02-02T22:34:48 CST" duration-ms="22909" status="PASS">
          <reporter-output>
          </reporter-output>
        </test-method> <!-- launchApplication -->
        <test-method signature="loginWithAccess()[pri:0, instance:automation.AdminTest.AllLoginTest@76494737]" started-at="2024-02-02T22:34:48 CST" name="loginWithAccess" finished-at="2024-02-02T22:35:08 CST" duration-ms="20392" status="PASS">
          <reporter-output>
          </reporter-output>
        </test-method> <!-- loginWithAccess -->
        <test-method is-config="true" signature="tearDown()[pri:0, instance:automation.AdminTest.AllLoginTest@76494737]" started-at="2024-02-02T22:35:08 CST" name="tearDown" finished-at="2024-02-02T22:35:09 CST" duration-ms="828" status="PASS">
          <reporter-output>
          </reporter-output>
        </test-method> <!-- tearDown -->
        <test-method is-config="true" signature="launchApplication()[pri:0, instance:automation.AdminTest.AllLoginTest@76494737]" started-at="2024-02-02T22:35:09 CST" name="launchApplication" finished-at="2024-02-02T22:35:14 CST" duration-ms="4923" status="PASS">
          <reporter-output>
          </reporter-output>
        </test-method> <!-- launchApplication -->
        <test-method signature="loginWithInvalidPassword()[pri:0, instance:automation.AdminTest.AllLoginTest@76494737]" started-at="2024-02-02T22:35:14 CST" name="loginWithInvalidPassword" finished-at="2024-02-02T22:35:19 CST" duration-ms="4784" status="PASS">
          <reporter-output>
          </reporter-output>
        </test-method> <!-- loginWithInvalidPassword -->
        <test-method is-config="true" signature="tearDown()[pri:0, instance:automation.AdminTest.AllLoginTest@76494737]" started-at="2024-02-02T22:35:19 CST" name="tearDown" finished-at="2024-02-02T22:35:20 CST" duration-ms="866" status="PASS">
          <reporter-output>
          </reporter-output>
        </test-method> <!-- tearDown -->
        <test-method is-config="true" signature="launchApplication()[pri:0, instance:automation.AdminTest.AllLoginTest@76494737]" started-at="2024-02-02T22:35:20 CST" name="launchApplication" finished-at="2024-02-02T22:35:23 CST" duration-ms="3598" status="PASS">
          <reporter-output>
          </reporter-output>
        </test-method> <!-- launchApplication -->
        <test-method signature="loginWithInvalidUserName()[pri:0, instance:automation.AdminTest.AllLoginTest@76494737]" started-at="2024-02-02T22:35:23 CST" name="loginWithInvalidUserName" finished-at="2024-02-02T22:35:26 CST" duration-ms="2783" status="PASS">
          <reporter-output>
          </reporter-output>
        </test-method> <!-- loginWithInvalidUserName -->
        <test-method is-config="true" signature="tearDown()[pri:0, instance:automation.AdminTest.AllLoginTest@76494737]" started-at="2024-02-02T22:35:26 CST" name="tearDown" finished-at="2024-02-02T22:35:27 CST" duration-ms="819" status="PASS">
          <reporter-output>
          </reporter-output>
        </test-method> <!-- tearDown -->
        <test-method is-config="true" signature="launchApplication()[pri:0, instance:automation.AdminTest.AllLoginTest@76494737]" started-at="2024-02-02T22:35:27 CST" name="launchApplication" finished-at="2024-02-02T22:35:30 CST" duration-ms="3159" status="PASS">
          <reporter-output>
          </reporter-output>
        </test-method> <!-- launchApplication -->
        <test-method signature="loginWithoutAccess()[pri:0, instance:automation.AdminTest.AllLoginTest@76494737]" started-at="2024-02-02T22:35:30 CST" name="loginWithoutAccess" finished-at="2024-02-02T22:35:33 CST" duration-ms="2986" status="PASS">
          <reporter-output>
          </reporter-output>
        </test-method> <!-- loginWithoutAccess -->
        <test-method is-config="true" signature="tearDown()[pri:0, instance:automation.AdminTest.AllLoginTest@76494737]" started-at="2024-02-02T22:35:33 CST" name="tearDown" finished-at="2024-02-02T22:35:34 CST" duration-ms="772" status="PASS">
          <reporter-output>
          </reporter-output>
        </test-method> <!-- tearDown -->
      </class> <!-- automation.AdminTest.AllLoginTest -->
    </test> <!-- Login Test -->
    <test started-at="2024-02-02T22:35:34 CST" name="Parking Area Module Test" finished-at="2024-02-02T22:41:55 CST" duration-ms="380564">
      <class name="automation.AdminTest.AreaModuleTest">
        <test-method is-config="true" signature="launchApplication()[pri:0, instance:automation.AdminTest.AreaModuleTest@2584b82d]" started-at="2024-02-02T22:35:34 CST" name="launchApplication" finished-at="2024-02-02T22:35:37 CST" duration-ms="3153" status="PASS">
          <reporter-output>
          </reporter-output>
        </test-method> <!-- launchApplication -->
        <test-method signature="areaCodeDupValidation()[pri:0, instance:automation.AdminTest.AreaModuleTest@2584b82d]" started-at="2024-02-02T22:35:37 CST" name="areaCodeDupValidation" finished-at="2024-02-02T22:36:01 CST" duration-ms="23737" status="PASS">
          <reporter-output>
          </reporter-output>
        </test-method> <!-- areaCodeDupValidation -->
        <test-method is-config="true" signature="tearDown()[pri:0, instance:automation.AdminTest.AreaModuleTest@2584b82d]" started-at="2024-02-02T22:36:01 CST" name="tearDown" finished-at="2024-02-02T22:36:02 CST" duration-ms="1046" status="PASS">
          <reporter-output>
          </reporter-output>
        </test-method> <!-- tearDown -->
        <test-method is-config="true" signature="launchApplication()[pri:0, instance:automation.AdminTest.AreaModuleTest@2584b82d]" started-at="2024-02-02T22:36:02 CST" name="launchApplication" finished-at="2024-02-02T22:36:05 CST" duration-ms="3270" status="PASS">
          <reporter-output>
          </reporter-output>
        </test-method> <!-- launchApplication -->
        <test-method signature="areaCreation()[pri:0, instance:automation.AdminTest.AreaModuleTest@2584b82d]" started-at="2024-02-02T22:36:05 CST" name="areaCreation" finished-at="2024-02-02T22:36:38 CST" duration-ms="32328" status="PASS">
          <reporter-output>
          </reporter-output>
        </test-method> <!-- areaCreation -->
        <test-method is-config="true" signature="tearDown()[pri:0, instance:automation.AdminTest.AreaModuleTest@2584b82d]" started-at="2024-02-02T22:36:38 CST" name="tearDown" finished-at="2024-02-02T22:36:38 CST" duration-ms="865" status="PASS">
          <reporter-output>
          </reporter-output>
        </test-method> <!-- tearDown -->
        <test-method is-config="true" signature="launchApplication()[pri:0, instance:automation.AdminTest.AreaModuleTest@2584b82d]" started-at="2024-02-02T22:36:39 CST" name="launchApplication" finished-at="2024-02-02T22:36:42 CST" duration-ms="3134" status="PASS">
          <reporter-output>
          </reporter-output>
        </test-method> <!-- launchApplication -->
        <test-method signature="areaNameDupValidation(java.util.HashMap)[pri:0, instance:automation.AdminTest.AreaModuleTest@2584b82d]" started-at="2024-02-02T22:36:42 CST" name="areaNameDupValidation" data-provider="getData" finished-at="2024-02-02T22:37:11 CST" duration-ms="28751" status="PASS">
          <params>
            <param index="0">
              <value>
                <![CDATA[{password=Password1!, mobileNumber=987654321, username=renAdmin}]]>
              </value>
            </param>
          </params>
          <reporter-output>
          </reporter-output>
        </test-method> <!-- areaNameDupValidation -->
        <test-method is-config="true" signature="tearDown()[pri:0, instance:automation.AdminTest.AreaModuleTest@2584b82d]" started-at="2024-02-02T22:37:11 CST" name="tearDown" finished-at="2024-02-02T22:37:11 CST" duration-ms="848" status="PASS">
          <reporter-output>
          </reporter-output>
        </test-method> <!-- tearDown -->
        <test-method is-config="true" signature="launchApplication()[pri:0, instance:automation.AdminTest.AreaModuleTest@2584b82d]" started-at="2024-02-02T22:37:11 CST" name="launchApplication" finished-at="2024-02-02T22:37:15 CST" duration-ms="3320" status="PASS">
          <reporter-output>
          </reporter-output>
        </test-method> <!-- launchApplication -->
        <test-method signature="areaPagePagenation()[pri:0, instance:automation.AdminTest.AreaModuleTest@2584b82d]" started-at="2024-02-02T22:37:15 CST" name="areaPagePagenation" finished-at="2024-02-02T22:37:40 CST" duration-ms="24923" status="PASS">
          <reporter-output>
          </reporter-output>
        </test-method> <!-- areaPagePagenation -->
        <test-method is-config="true" signature="tearDown()[pri:0, instance:automation.AdminTest.AreaModuleTest@2584b82d]" started-at="2024-02-02T22:37:40 CST" name="tearDown" finished-at="2024-02-02T22:37:41 CST" duration-ms="867" status="PASS">
          <reporter-output>
          </reporter-output>
        </test-method> <!-- tearDown -->
        <test-method is-config="true" signature="launchApplication()[pri:0, instance:automation.AdminTest.AreaModuleTest@2584b82d]" started-at="2024-02-02T22:37:41 CST" name="launchApplication" finished-at="2024-02-02T22:37:44 CST" duration-ms="3398" status="PASS">
          <reporter-output>
          </reporter-output>
        </test-method> <!-- launchApplication -->
        <test-method signature="areaPageSelectRow()[pri:0, instance:automation.AdminTest.AreaModuleTest@2584b82d]" started-at="2024-02-02T22:37:44 CST" name="areaPageSelectRow" finished-at="2024-02-02T22:38:10 CST" duration-ms="26005" status="PASS">
          <reporter-output>
          </reporter-output>
        </test-method> <!-- areaPageSelectRow -->
        <test-method is-config="true" signature="tearDown()[pri:0, instance:automation.AdminTest.AreaModuleTest@2584b82d]" started-at="2024-02-02T22:38:10 CST" name="tearDown" finished-at="2024-02-02T22:38:11 CST" duration-ms="998" status="PASS">
          <reporter-output>
          </reporter-output>
        </test-method> <!-- tearDown -->
        <test-method is-config="true" signature="launchApplication()[pri:0, instance:automation.AdminTest.AreaModuleTest@2584b82d]" started-at="2024-02-02T22:38:11 CST" name="launchApplication" finished-at="2024-02-02T22:38:14 CST" duration-ms="3181" status="PASS">
          <reporter-output>
          </reporter-output>
        </test-method> <!-- launchApplication -->
        <test-method signature="carCapacityInpuValidation()[pri:0, instance:automation.AdminTest.AreaModuleTest@2584b82d]" started-at="2024-02-02T22:38:14 CST" name="carCapacityInpuValidation" finished-at="2024-02-02T22:38:31 CST" duration-ms="16737" status="PASS">
          <reporter-output>
          </reporter-output>
        </test-method> <!-- carCapacityInpuValidation -->
        <test-method is-config="true" signature="tearDown()[pri:0, instance:automation.AdminTest.AreaModuleTest@2584b82d]" started-at="2024-02-02T22:38:31 CST" name="tearDown" finished-at="2024-02-02T22:38:32 CST" duration-ms="958" status="PASS">
          <reporter-output>
          </reporter-output>
        </test-method> <!-- tearDown -->
        <test-method is-config="true" signature="launchApplication()[pri:0, instance:automation.AdminTest.AreaModuleTest@2584b82d]" started-at="2024-02-02T22:38:32 CST" name="launchApplication" finished-at="2024-02-02T22:38:35 CST" duration-ms="3326" status="PASS">
          <reporter-output>
          </reporter-output>
        </test-method> <!-- launchApplication -->
        <test-method signature="editParkingArea()[pri:0, instance:automation.AdminTest.AreaModuleTest@2584b82d]" started-at="2024-02-02T22:38:35 CST" name="editParkingArea" finished-at="2024-02-02T22:38:59 CST" duration-ms="24273" status="PASS">
          <reporter-output>
          </reporter-output>
        </test-method> <!-- editParkingArea -->
        <test-method is-config="true" signature="tearDown()[pri:0, instance:automation.AdminTest.AreaModuleTest@2584b82d]" started-at="2024-02-02T22:38:59 CST" name="tearDown" finished-at="2024-02-02T22:39:00 CST" duration-ms="866" status="PASS">
          <reporter-output>
          </reporter-output>
        </test-method> <!-- tearDown -->
        <test-method is-config="true" signature="launchApplication()[pri:0, instance:automation.AdminTest.AreaModuleTest@2584b82d]" started-at="2024-02-02T22:39:00 CST" name="launchApplication" finished-at="2024-02-02T22:39:05 CST" duration-ms="4307" status="PASS">
          <reporter-output>
          </reporter-output>
        </test-method> <!-- launchApplication -->
        <test-method signature="exitCreationAlert()[pri:0, instance:automation.AdminTest.AreaModuleTest@2584b82d]" started-at="2024-02-02T22:39:05 CST" name="exitCreationAlert" finished-at="2024-02-02T22:39:23 CST" duration-ms="18637" status="PASS">
          <reporter-output>
          </reporter-output>
        </test-method> <!-- exitCreationAlert -->
        <test-method is-config="true" signature="tearDown()[pri:0, instance:automation.AdminTest.AreaModuleTest@2584b82d]" started-at="2024-02-02T22:39:23 CST" name="tearDown" finished-at="2024-02-02T22:39:24 CST" duration-ms="815" status="PASS">
          <reporter-output>
          </reporter-output>
        </test-method> <!-- tearDown -->
        <test-method is-config="true" signature="launchApplication()[pri:0, instance:automation.AdminTest.AreaModuleTest@2584b82d]" started-at="2024-02-02T22:39:24 CST" name="launchApplication" finished-at="2024-02-02T22:39:27 CST" duration-ms="3167" status="PASS">
          <reporter-output>
          </reporter-output>
        </test-method> <!-- launchApplication -->
        <test-method signature="fixedRateMaxLimit()[pri:0, instance:automation.AdminTest.AreaModuleTest@2584b82d]" started-at="2024-02-02T22:39:27 CST" name="fixedRateMaxLimit" finished-at="2024-02-02T22:39:51 CST" duration-ms="23745" status="PASS">
          <reporter-output>
          </reporter-output>
        </test-method> <!-- fixedRateMaxLimit -->
        <test-method is-config="true" signature="tearDown()[pri:0, instance:automation.AdminTest.AreaModuleTest@2584b82d]" started-at="2024-02-02T22:39:51 CST" name="tearDown" finished-at="2024-02-02T22:39:52 CST" duration-ms="842" status="PASS">
          <reporter-output>
          </reporter-output>
        </test-method> <!-- tearDown -->
        <test-method is-config="true" signature="launchApplication()[pri:0, instance:automation.AdminTest.AreaModuleTest@2584b82d]" started-at="2024-02-02T22:39:52 CST" name="launchApplication" finished-at="2024-02-02T22:39:59 CST" duration-ms="7280" status="PASS">
          <reporter-output>
          </reporter-output>
        </test-method> <!-- launchApplication -->
        <test-method signature="motorcycleCapacityInpuValidation()[pri:0, instance:automation.AdminTest.AreaModuleTest@2584b82d]" started-at="2024-02-02T22:39:59 CST" name="motorcycleCapacityInpuValidation" finished-at="2024-02-02T22:40:25 CST" duration-ms="25928" status="PASS">
          <reporter-output>
          </reporter-output>
        </test-method> <!-- motorcycleCapacityInpuValidation -->
        <test-method is-config="true" signature="tearDown()[pri:0, instance:automation.AdminTest.AreaModuleTest@2584b82d]" started-at="2024-02-02T22:40:25 CST" name="tearDown" finished-at="2024-02-02T22:40:26 CST" duration-ms="908" status="PASS">
          <reporter-output>
          </reporter-output>
        </test-method> <!-- tearDown -->
        <test-method is-config="true" signature="launchApplication()[pri:0, instance:automation.AdminTest.AreaModuleTest@2584b82d]" started-at="2024-02-02T22:40:26 CST" name="launchApplication" finished-at="2024-02-02T22:40:32 CST" duration-ms="5895" status="PASS">
          <reporter-output>
          </reporter-output>
        </test-method> <!-- launchApplication -->
        <test-method signature="setCMotorcycleCapacityPlusButtonToDisable()[pri:0, instance:automation.AdminTest.AreaModuleTest@2584b82d]" started-at="2024-02-02T22:40:32 CST" name="setCMotorcycleCapacityPlusButtonToDisable" finished-at="2024-02-02T22:40:49 CST" duration-ms="17431" status="PASS">
          <reporter-output>
          </reporter-output>
        </test-method> <!-- setCMotorcycleCapacityPlusButtonToDisable -->
        <test-method is-config="true" signature="tearDown()[pri:0, instance:automation.AdminTest.AreaModuleTest@2584b82d]" started-at="2024-02-02T22:40:49 CST" name="tearDown" finished-at="2024-02-02T22:40:50 CST" duration-ms="858" status="PASS">
          <reporter-output>
          </reporter-output>
        </test-method> <!-- tearDown -->
        <test-method is-config="true" signature="launchApplication()[pri:0, instance:automation.AdminTest.AreaModuleTest@2584b82d]" started-at="2024-02-02T22:40:50 CST" name="launchApplication" finished-at="2024-02-02T22:40:53 CST" duration-ms="3316" status="PASS">
          <reporter-output>
          </reporter-output>
        </test-method> <!-- launchApplication -->
        <test-method signature="setCarCapacityMinusButtonToDisable()[pri:0, instance:automation.AdminTest.AreaModuleTest@2584b82d]" started-at="2024-02-02T22:40:53 CST" name="setCarCapacityMinusButtonToDisable" finished-at="2024-02-02T22:41:11 CST" duration-ms="17430" status="PASS">
          <reporter-output>
          </reporter-output>
        </test-method> <!-- setCarCapacityMinusButtonToDisable -->
        <test-method is-config="true" signature="tearDown()[pri:0, instance:automation.AdminTest.AreaModuleTest@2584b82d]" started-at="2024-02-02T22:41:11 CST" name="tearDown" finished-at="2024-02-02T22:41:12 CST" duration-ms="1027" status="PASS">
          <reporter-output>
          </reporter-output>
        </test-method> <!-- tearDown -->
        <test-method is-config="true" signature="launchApplication()[pri:0, instance:automation.AdminTest.AreaModuleTest@2584b82d]" started-at="2024-02-02T22:41:12 CST" name="launchApplication" finished-at="2024-02-02T22:41:15 CST" duration-ms="3083" status="PASS">
          <reporter-output>
          </reporter-output>
        </test-method> <!-- launchApplication -->
        <test-method signature="setCarCapacityPlusButtonToDisable()[pri:0, instance:automation.AdminTest.AreaModuleTest@2584b82d]" started-at="2024-02-02T22:41:15 CST" name="setCarCapacityPlusButtonToDisable" finished-at="2024-02-02T22:41:32 CST" duration-ms="17386" status="PASS">
          <reporter-output>
          </reporter-output>
        </test-method> <!-- setCarCapacityPlusButtonToDisable -->
        <test-method is-config="true" signature="tearDown()[pri:0, instance:automation.AdminTest.AreaModuleTest@2584b82d]" started-at="2024-02-02T22:41:32 CST" name="tearDown" finished-at="2024-02-02T22:41:33 CST" duration-ms="841" status="PASS">
          <reporter-output>
          </reporter-output>
        </test-method> <!-- tearDown -->
        <test-method is-config="true" signature="launchApplication()[pri:0, instance:automation.AdminTest.AreaModuleTest@2584b82d]" started-at="2024-02-02T22:41:33 CST" name="launchApplication" finished-at="2024-02-02T22:41:36 CST" duration-ms="3187" status="PASS">
          <reporter-output>
          </reporter-output>
        </test-method> <!-- launchApplication -->
        <test-method signature="setMotorcycleCapacityPlusButtonToDisable()[pri:0, instance:automation.AdminTest.AreaModuleTest@2584b82d]" started-at="2024-02-02T22:41:36 CST" name="setMotorcycleCapacityPlusButtonToDisable" finished-at="2024-02-02T22:41:54 CST" duration-ms="17363" status="PASS">
          <reporter-output>
          </reporter-output>
        </test-method> <!-- setMotorcycleCapacityPlusButtonToDisable -->
        <test-method is-config="true" signature="tearDown()[pri:0, instance:automation.AdminTest.AreaModuleTest@2584b82d]" started-at="2024-02-02T22:41:54 CST" name="tearDown" finished-at="2024-02-02T22:41:55 CST" duration-ms="861" status="PASS">
          <reporter-output>
          </reporter-output>
        </test-method> <!-- tearDown -->
      </class> <!-- automation.AdminTest.AreaModuleTest -->
    </test> <!-- Parking Area Module Test -->
    <test started-at="2024-02-02T22:41:55 CST" name="User Module Test" finished-at="2024-02-02T22:47:02 CST" duration-ms="306728">
      <class name="automation.AdminTest.UserModuleTest">
        <test-method is-config="true" signature="launchApplication()[pri:0, instance:automation.AdminTest.UserModuleTest@14dd7b39]" started-at="2024-02-02T22:41:55 CST" name="launchApplication" finished-at="2024-02-02T22:41:58 CST" duration-ms="3664" status="PASS">
          <reporter-output>
          </reporter-output>
        </test-method> <!-- launchApplication -->
        <test-method signature="exitEnrollmentAlert()[pri:0, instance:automation.AdminTest.UserModuleTest@14dd7b39]" started-at="2024-02-02T22:41:58 CST" name="exitEnrollmentAlert" finished-at="2024-02-02T22:42:14 CST" duration-ms="15527" status="PASS">
          <reporter-output>
          </reporter-output>
        </test-method> <!-- exitEnrollmentAlert -->
        <test-method is-config="true" signature="tearDown()[pri:0, instance:automation.AdminTest.UserModuleTest@14dd7b39]" started-at="2024-02-02T22:42:14 CST" name="tearDown" finished-at="2024-02-02T22:42:15 CST" duration-ms="889" status="PASS">
          <reporter-output>
          </reporter-output>
        </test-method> <!-- tearDown -->
        <test-method is-config="true" signature="launchApplication()[pri:0, instance:automation.AdminTest.UserModuleTest@14dd7b39]" started-at="2024-02-02T22:42:15 CST" name="launchApplication" finished-at="2024-02-02T22:42:18 CST" duration-ms="3306" status="PASS">
          <reporter-output>
          </reporter-output>
        </test-method> <!-- launchApplication -->
        <test-method signature="getCopyUserName()[pri:0, instance:automation.AdminTest.UserModuleTest@14dd7b39]" started-at="2024-02-02T22:42:18 CST" name="getCopyUserName" finished-at="2024-02-02T22:42:38 CST" duration-ms="19348" status="FAIL">
          <exception class="java.lang.AssertionError">
            <message>
              <![CDATA[expected [true] but found [false]]]>
            </message>
            <full-stacktrace>
              <![CDATA[java.lang.AssertionError: expected [true] but found [false]
at org.testng.Assert.fail(Assert.java:111)
at org.testng.Assert.failNotEquals(Assert.java:1578)
at org.testng.Assert.assertTrue(Assert.java:57)
at org.testng.Assert.assertTrue(Assert.java:67)
at automation.AdminTest.UserModuleTest.getCopyUserName(UserModuleTest.java:120)
at java.base/jdk.internal.reflect.DirectMethodHandleAccessor.invoke(DirectMethodHandleAccessor.java:103)
at java.base/java.lang.reflect.Method.invoke(Method.java:580)
at org.testng.internal.invokers.MethodInvocationHelper.invokeMethod(MethodInvocationHelper.java:139)
at org.testng.internal.invokers.TestInvoker.invokeMethod(TestInvoker.java:664)
at org.testng.internal.invokers.TestInvoker.invokeTestMethod(TestInvoker.java:228)
at org.testng.internal.invokers.MethodRunner.runInSequence(MethodRunner.java:63)
at org.testng.internal.invokers.TestInvoker$MethodInvocationAgent.invoke(TestInvoker.java:961)
at org.testng.internal.invokers.TestInvoker.invokeTestMethods(TestInvoker.java:201)
at org.testng.internal.invokers.TestMethodWorker.invokeTestMethods(TestMethodWorker.java:148)
at org.testng.internal.invokers.TestMethodWorker.run(TestMethodWorker.java:128)
at java.base/java.util.ArrayList.forEach(ArrayList.java:1596)
at org.testng.TestRunner.privateRun(TestRunner.java:819)
at org.testng.TestRunner.run(TestRunner.java:619)
at org.testng.SuiteRunner.runTest(SuiteRunner.java:443)
at org.testng.SuiteRunner.runSequentially(SuiteRunner.java:437)
at org.testng.SuiteRunner.privateRun(SuiteRunner.java:397)
at org.testng.SuiteRunner.run(SuiteRunner.java:336)
at org.testng.SuiteRunnerWorker.runSuite(SuiteRunnerWorker.java:52)
at org.testng.SuiteRunnerWorker.run(SuiteRunnerWorker.java:95)
at org.testng.TestNG.runSuitesSequentially(TestNG.java:1301)
at org.testng.TestNG.runSuitesLocally(TestNG.java:1228)
at org.testng.TestNG.runSuites(TestNG.java:1134)
at org.testng.TestNG.run(TestNG.java:1101)
at org.apache.maven.surefire.testng.TestNGExecutor.run(TestNGExecutor.java:308)
at org.apache.maven.surefire.testng.TestNGXmlTestSuite.execute(TestNGXmlTestSuite.java:71)
at org.apache.maven.surefire.testng.TestNGProvider.invoke(TestNGProvider.java:113)
at org.apache.maven.surefire.booter.ForkedBooter.runSuitesInProcess(ForkedBooter.java:385)
at org.apache.maven.surefire.booter.ForkedBooter.execute(ForkedBooter.java:162)
at org.apache.maven.surefire.booter.ForkedBooter.run(ForkedBooter.java:507)
at org.apache.maven.surefire.booter.ForkedBooter.main(ForkedBooter.java:495)
]]>
            </full-stacktrace>
          </exception> <!-- java.lang.AssertionError -->
          <reporter-output>
          </reporter-output>
        </test-method> <!-- getCopyUserName -->
        <test-method is-config="true" signature="tearDown()[pri:0, instance:automation.AdminTest.UserModuleTest@14dd7b39]" started-at="2024-02-02T22:42:38 CST" name="tearDown" finished-at="2024-02-02T22:42:39 CST" duration-ms="965" status="PASS">
          <reporter-output>
          </reporter-output>
        </test-method> <!-- tearDown -->
        <test-method is-config="true" signature="launchApplication()[pri:0, instance:automation.AdminTest.UserModuleTest@14dd7b39]" started-at="2024-02-02T22:42:39 CST" name="launchApplication" finished-at="2024-02-02T22:42:42 CST" duration-ms="3460" status="PASS">
          <reporter-output>
          </reporter-output>
        </test-method> <!-- launchApplication -->
        <test-method signature="getCopyUserPassword()[pri:0, instance:automation.AdminTest.UserModuleTest@14dd7b39]" started-at="2024-02-02T22:42:42 CST" name="getCopyUserPassword" finished-at="2024-02-02T22:43:02 CST" duration-ms="19477" status="FAIL">
          <exception class="java.lang.AssertionError">
            <message>
              <![CDATA[expected [true] but found [false]]]>
            </message>
            <full-stacktrace>
              <![CDATA[java.lang.AssertionError: expected [true] but found [false]
at org.testng.Assert.fail(Assert.java:111)
at org.testng.Assert.failNotEquals(Assert.java:1578)
at org.testng.Assert.assertTrue(Assert.java:57)
at org.testng.Assert.assertTrue(Assert.java:67)
at automation.AdminTest.UserModuleTest.getCopyUserPassword(UserModuleTest.java:131)
at java.base/jdk.internal.reflect.DirectMethodHandleAccessor.invoke(DirectMethodHandleAccessor.java:103)
at java.base/java.lang.reflect.Method.invoke(Method.java:580)
at org.testng.internal.invokers.MethodInvocationHelper.invokeMethod(MethodInvocationHelper.java:139)
at org.testng.internal.invokers.TestInvoker.invokeMethod(TestInvoker.java:664)
at org.testng.internal.invokers.TestInvoker.invokeTestMethod(TestInvoker.java:228)
at org.testng.internal.invokers.MethodRunner.runInSequence(MethodRunner.java:63)
at org.testng.internal.invokers.TestInvoker$MethodInvocationAgent.invoke(TestInvoker.java:961)
at org.testng.internal.invokers.TestInvoker.invokeTestMethods(TestInvoker.java:201)
at org.testng.internal.invokers.TestMethodWorker.invokeTestMethods(TestMethodWorker.java:148)
at org.testng.internal.invokers.TestMethodWorker.run(TestMethodWorker.java:128)
at java.base/java.util.ArrayList.forEach(ArrayList.java:1596)
at org.testng.TestRunner.privateRun(TestRunner.java:819)
at org.testng.TestRunner.run(TestRunner.java:619)
at org.testng.SuiteRunner.runTest(SuiteRunner.java:443)
at org.testng.SuiteRunner.runSequentially(SuiteRunner.java:437)
at org.testng.SuiteRunner.privateRun(SuiteRunner.java:397)
at org.testng.SuiteRunner.run(SuiteRunner.java:336)
at org.testng.SuiteRunnerWorker.runSuite(SuiteRunnerWorker.java:52)
at org.testng.SuiteRunnerWorker.run(SuiteRunnerWorker.java:95)
at org.testng.TestNG.runSuitesSequentially(TestNG.java:1301)
at org.testng.TestNG.runSuitesLocally(TestNG.java:1228)
at org.testng.TestNG.runSuites(TestNG.java:1134)
at org.testng.TestNG.run(TestNG.java:1101)
at org.apache.maven.surefire.testng.TestNGExecutor.run(TestNGExecutor.java:308)
at org.apache.maven.surefire.testng.TestNGXmlTestSuite.execute(TestNGXmlTestSuite.java:71)
at org.apache.maven.surefire.testng.TestNGProvider.invoke(TestNGProvider.java:113)
at org.apache.maven.surefire.booter.ForkedBooter.runSuitesInProcess(ForkedBooter.java:385)
at org.apache.maven.surefire.booter.ForkedBooter.execute(ForkedBooter.java:162)
at org.apache.maven.surefire.booter.ForkedBooter.run(ForkedBooter.java:507)
at org.apache.maven.surefire.booter.ForkedBooter.main(ForkedBooter.java:495)
]]>
            </full-stacktrace>
          </exception> <!-- java.lang.AssertionError -->
          <reporter-output>
          </reporter-output>
        </test-method> <!-- getCopyUserPassword -->
        <test-method is-config="true" signature="tearDown()[pri:0, instance:automation.AdminTest.UserModuleTest@14dd7b39]" started-at="2024-02-02T22:43:02 CST" name="tearDown" finished-at="2024-02-02T22:43:03 CST" duration-ms="872" status="PASS">
          <reporter-output>
          </reporter-output>
        </test-method> <!-- tearDown -->
        <test-method is-config="true" signature="launchApplication()[pri:0, instance:automation.AdminTest.UserModuleTest@14dd7b39]" started-at="2024-02-02T22:43:03 CST" name="launchApplication" finished-at="2024-02-02T22:43:06 CST" duration-ms="3211" status="PASS">
          <reporter-output>
          </reporter-output>
        </test-method> <!-- launchApplication -->
        <test-method signature="userEmailDupValidation(java.util.HashMap)[pri:0, instance:automation.AdminTest.UserModuleTest@14dd7b39]" started-at="2024-02-02T22:43:06 CST" name="userEmailDupValidation" data-provider="getData" finished-at="2024-02-02T22:44:06 CST" duration-ms="60686" status="FAIL">
          <params>
            <param index="0">
              <value>
                <![CDATA[{password=Password1!, mobileNumber=987654321, username=renAdmin}]]>
              </value>
            </param>
          </params>
          <exception class="org.openqa.selenium.TimeoutException">
            <message>
              <![CDATA[Expected condition failed: waiting for visibility of Proxy element for: DefaultElementLocator 'By.cssSelector: div:nth-child(2) > p.mt-1.font-henry-sans-light.text-xs.text-sm-error' (tried for 20 second(s) with 500 milliseconds interval)]]>
            </message>
            <full-stacktrace>
              <![CDATA[org.openqa.selenium.TimeoutException: Expected condition failed: waiting for visibility of Proxy element for: DefaultElementLocator 'By.cssSelector: div:nth-child(2) > p.mt-1.font-henry-sans-light.text-xs.text-sm-error' (tried for 20 second(s) with 500 milliseconds interval)
at org.openqa.selenium.support.ui.WebDriverWait.timeoutException(WebDriverWait.java:84)
at org.openqa.selenium.support.ui.FluentWait.until(FluentWait.java:228)
at automation.AbstractComponents.AbstractComponent.waitForWebElementToAppear(AbstractComponent.java:44)
at automation.PageObject.UserModule.duplicateEmail(UserModule.java:275)
at automation.AdminTest.UserModuleTest.userEmailDupValidation(UserModuleTest.java:68)
at java.base/jdk.internal.reflect.DirectMethodHandleAccessor.invoke(DirectMethodHandleAccessor.java:103)
at java.base/java.lang.reflect.Method.invoke(Method.java:580)
at org.testng.internal.invokers.MethodInvocationHelper.invokeMethod(MethodInvocationHelper.java:139)
at org.testng.internal.invokers.TestInvoker.invokeMethod(TestInvoker.java:664)
at org.testng.internal.invokers.TestInvoker.invokeTestMethod(TestInvoker.java:228)
at org.testng.internal.invokers.MethodRunner.runInSequence(MethodRunner.java:63)
at org.testng.internal.invokers.TestInvoker$MethodInvocationAgent.invoke(TestInvoker.java:961)
at org.testng.internal.invokers.TestInvoker.invokeTestMethods(TestInvoker.java:201)
at org.testng.internal.invokers.TestMethodWorker.invokeTestMethods(TestMethodWorker.java:148)
at org.testng.internal.invokers.TestMethodWorker.run(TestMethodWorker.java:128)
at java.base/java.util.ArrayList.forEach(ArrayList.java:1596)
at org.testng.TestRunner.privateRun(TestRunner.java:819)
at org.testng.TestRunner.run(TestRunner.java:619)
at org.testng.SuiteRunner.runTest(SuiteRunner.java:443)
at org.testng.SuiteRunner.runSequentially(SuiteRunner.java:437)
at org.testng.SuiteRunner.privateRun(SuiteRunner.java:397)
at org.testng.SuiteRunner.run(SuiteRunner.java:336)
at org.testng.SuiteRunnerWorker.runSuite(SuiteRunnerWorker.java:52)
at org.testng.SuiteRunnerWorker.run(SuiteRunnerWorker.java:95)
at org.testng.TestNG.runSuitesSequentially(TestNG.java:1301)
at org.testng.TestNG.runSuitesLocally(TestNG.java:1228)
at org.testng.TestNG.runSuites(TestNG.java:1134)
at org.testng.TestNG.run(TestNG.java:1101)
at org.apache.maven.surefire.testng.TestNGExecutor.run(TestNGExecutor.java:308)
at org.apache.maven.surefire.testng.TestNGXmlTestSuite.execute(TestNGXmlTestSuite.java:71)
at org.apache.maven.surefire.testng.TestNGProvider.invoke(TestNGProvider.java:113)
at org.apache.maven.surefire.booter.ForkedBooter.runSuitesInProcess(ForkedBooter.java:385)
at org.apache.maven.surefire.booter.ForkedBooter.execute(ForkedBooter.java:162)
at org.apache.maven.surefire.booter.ForkedBooter.run(ForkedBooter.java:507)
at org.apache.maven.surefire.booter.ForkedBooter.main(ForkedBooter.java:495)
Caused by: org.openqa.selenium.NoSuchElementException: no such element: Unable to locate element: {"method":"css selector","selector":"div:nth-child(2) > p.mt-1.font-henry-sans-light.text-xs.text-sm-error"}
  (Session info: chrome-headless-shell=121.0.6167.86)
For documentation on this error, please visit: https://www.selenium.dev/documentation/webdriver/troubleshooting/errors#no-such-element-exception
Build info: version: '4.17.0', revision: 'e52b1be057*'
System info: os.name: 'Windows 10', os.arch: 'amd64', os.version: '10.0', java.version: '21.0.1'
Driver info: org.openqa.selenium.chrome.ChromeDriver
Command: [b6aefd3d2e26db56cd8debcbc93a6d95, findElement {using=css selector, value=div:nth-child(2) > p.mt-1.font-henry-sans-light.text-xs.text-sm-error}]
Capabilities {acceptInsecureCerts: false, browserName: chrome-headless-shell, browserVersion: 121.0.6167.86, chrome: {chromedriverVersion: 121.0.6167.85 (3f98d690ad7e..., userDataDir: C:\Users\REN~1.CAS\AppData\...}, fedcm:accounts: true, goog:chromeOptions: {debuggerAddress: localhost:54647}, networkConnectionEnabled: false, pageLoadStrategy: normal, platformName: windows, proxy: Proxy(), se:cdp: ws://localhost:54647/devtoo..., se:cdpVersion: 121.0.6167.86, setWindowRect: true, strictFileInteractability: false, timeouts: {implicit: 0, pageLoad: 300000, script: 30000}, unhandledPromptBehavior: dismiss and notify, webauthn:extension:credBlob: true, webauthn:extension:largeBlob: true, webauthn:extension:minPinLength: true, webauthn:extension:prf: true, webauthn:virtualAuthenticators: true}
Session ID: b6aefd3d2e26db56cd8debcbc93a6d95
at java.base/jdk.internal.reflect.DirectConstructorHandleAccessor.newInstance(DirectConstructorHandleAccessor.java:62)
at java.base/java.lang.reflect.Constructor.newInstanceWithCaller(Constructor.java:502)
at java.base/java.lang.reflect.Constructor.newInstance(Constructor.java:486)
at org.openqa.selenium.remote.codec.w3c.W3CHttpResponseCodec.createException(W3CHttpResponseCodec.java:185)
at org.openqa.selenium.remote.codec.w3c.W3CHttpResponseCodec.decode(W3CHttpResponseCodec.java:134)
at org.openqa.selenium.remote.codec.w3c.W3CHttpResponseCodec.decode(W3CHttpResponseCodec.java:51)
at org.openqa.selenium.remote.HttpCommandExecutor.execute(HttpCommandExecutor.java:190)
at org.openqa.selenium.remote.service.DriverCommandExecutor.invokeExecute(DriverCommandExecutor.java:216)
at org.openqa.selenium.remote.service.DriverCommandExecutor.execute(DriverCommandExecutor.java:174)
at org.openqa.selenium.remote.RemoteWebDriver.execute(RemoteWebDriver.java:519)
at org.openqa.selenium.remote.ElementLocation$ElementFinder$2.findElement(ElementLocation.java:165)
at org.openqa.selenium.remote.ElementLocation.findElement(ElementLocation.java:59)
at org.openqa.selenium.remote.RemoteWebDriver.findElement(RemoteWebDriver.java:356)
at org.openqa.selenium.remote.RemoteWebDriver.findElement(RemoteWebDriver.java:350)
at org.openqa.selenium.support.pagefactory.DefaultElementLocator.findElement(DefaultElementLocator.java:68)
at org.openqa.selenium.support.pagefactory.internal.LocatingElementHandler.invoke(LocatingElementHandler.java:38)
at jdk.proxy2/jdk.proxy2.$Proxy12.isDisplayed(Unknown Source)
at org.openqa.selenium.support.ui.ExpectedConditions.elementIfVisible(ExpectedConditions.java:304)
at org.openqa.selenium.support.ui.ExpectedConditions$10.apply(ExpectedConditions.java:290)
at org.openqa.selenium.support.ui.ExpectedConditions$10.apply(ExpectedConditions.java:287)
at org.openqa.selenium.support.ui.FluentWait.until(FluentWait.java:203)
... 33 more
]]>
            </full-stacktrace>
          </exception> <!-- org.openqa.selenium.TimeoutException -->
          <reporter-output>
          </reporter-output>
        </test-method> <!-- userEmailDupValidation -->
        <test-method is-config="true" signature="tearDown()[pri:0, instance:automation.AdminTest.UserModuleTest@14dd7b39]" started-at="2024-02-02T22:44:07 CST" name="tearDown" finished-at="2024-02-02T22:44:07 CST" duration-ms="829" status="PASS">
          <reporter-output>
          </reporter-output>
        </test-method> <!-- tearDown -->
        <test-method is-config="true" signature="launchApplication()[pri:0, instance:automation.AdminTest.UserModuleTest@14dd7b39]" started-at="2024-02-02T22:44:07 CST" name="launchApplication" finished-at="2024-02-02T22:44:11 CST" duration-ms="3141" status="PASS">
          <reporter-output>
          </reporter-output>
        </test-method> <!-- launchApplication -->
        <test-method signature="userPagePagenation()[pri:0, instance:automation.AdminTest.UserModuleTest@14dd7b39]" started-at="2024-02-02T22:44:11 CST" name="userPagePagenation" finished-at="2024-02-02T22:44:35 CST" duration-ms="24175" status="PASS">
          <reporter-output>
          </reporter-output>
        </test-method> <!-- userPagePagenation -->
        <test-method is-config="true" signature="tearDown()[pri:0, instance:automation.AdminTest.UserModuleTest@14dd7b39]" started-at="2024-02-02T22:44:35 CST" name="tearDown" finished-at="2024-02-02T22:44:36 CST" duration-ms="887" status="PASS">
          <reporter-output>
          </reporter-output>
        </test-method> <!-- tearDown -->
        <test-method is-config="true" signature="launchApplication()[pri:0, instance:automation.AdminTest.UserModuleTest@14dd7b39]" started-at="2024-02-02T22:44:36 CST" name="launchApplication" finished-at="2024-02-02T22:44:39 CST" duration-ms="3202" status="PASS">
          <reporter-output>
          </reporter-output>
        </test-method> <!-- launchApplication -->
        <test-method signature="userPageSelectRow()[pri:0, instance:automation.AdminTest.UserModuleTest@14dd7b39]" started-at="2024-02-02T22:44:39 CST" name="userPageSelectRow" finished-at="2024-02-02T22:45:05 CST" duration-ms="26125" status="PASS">
          <reporter-output>
          </reporter-output>
        </test-method> <!-- userPageSelectRow -->
        <test-method is-config="true" signature="tearDown()[pri:0, instance:automation.AdminTest.UserModuleTest@14dd7b39]" started-at="2024-02-02T22:45:05 CST" name="tearDown" finished-at="2024-02-02T22:45:06 CST" duration-ms="842" status="PASS">
          <reporter-output>
          </reporter-output>
        </test-method> <!-- tearDown -->
        <test-method is-config="true" signature="launchApplication()[pri:0, instance:automation.AdminTest.UserModuleTest@14dd7b39]" started-at="2024-02-02T22:45:06 CST" name="launchApplication" finished-at="2024-02-02T22:45:13 CST" duration-ms="7314" status="PASS">
          <reporter-output>
          </reporter-output>
        </test-method> <!-- launchApplication -->
        <test-method signature="adminEnrollment()[pri:1, instance:automation.AdminTest.UserModuleTest@14dd7b39]" started-at="2024-02-02T22:45:13 CST" name="adminEnrollment" finished-at="2024-02-02T22:45:54 CST" duration-ms="40829" status="PASS">
          <reporter-output>
          </reporter-output>
        </test-method> <!-- adminEnrollment -->
        <test-method is-config="true" signature="tearDown()[pri:0, instance:automation.AdminTest.UserModuleTest@14dd7b39]" started-at="2024-02-02T22:45:54 CST" name="tearDown" finished-at="2024-02-02T22:45:55 CST" duration-ms="902" status="PASS">
          <reporter-output>
          </reporter-output>
        </test-method> <!-- tearDown -->
        <test-method is-config="true" signature="launchApplication()[pri:0, instance:automation.AdminTest.UserModuleTest@14dd7b39]" started-at="2024-02-02T22:45:55 CST" name="launchApplication" finished-at="2024-02-02T22:46:00 CST" duration-ms="5028" status="PASS">
          <reporter-output>
          </reporter-output>
        </test-method> <!-- launchApplication -->
        <test-method signature="encoderEnrollment()[pri:2, instance:automation.AdminTest.UserModuleTest@14dd7b39]" started-at="2024-02-02T22:46:00 CST" name="encoderEnrollment" finished-at="2024-02-02T22:46:33 CST" duration-ms="33301" status="PASS">
          <reporter-output>
          </reporter-output>
        </test-method> <!-- encoderEnrollment -->
        <test-method is-config="true" signature="tearDown()[pri:0, instance:automation.AdminTest.UserModuleTest@14dd7b39]" started-at="2024-02-02T22:46:33 CST" name="tearDown" finished-at="2024-02-02T22:46:34 CST" duration-ms="812" status="PASS">
          <reporter-output>
          </reporter-output>
        </test-method> <!-- tearDown -->
        <test-method is-config="true" signature="launchApplication()[pri:0, instance:automation.AdminTest.UserModuleTest@14dd7b39]" started-at="2024-02-02T22:46:34 CST" name="launchApplication" finished-at="2024-02-02T22:46:37 CST" duration-ms="3520" status="PASS">
          <reporter-output>
          </reporter-output>
        </test-method> <!-- launchApplication -->
        <test-method signature="editUserAccount()[pri:3, instance:automation.AdminTest.UserModuleTest@14dd7b39]" started-at="2024-02-02T22:46:37 CST" name="editUserAccount" finished-at="2024-02-02T22:47:01 CST" duration-ms="23130" status="PASS">
          <reporter-output>
          </reporter-output>
        </test-method> <!-- editUserAccount -->
        <test-method is-config="true" signature="tearDown()[pri:0, instance:automation.AdminTest.UserModuleTest@14dd7b39]" started-at="2024-02-02T22:47:01 CST" name="tearDown" finished-at="2024-02-02T22:47:02 CST" duration-ms="923" status="PASS">
          <reporter-output>
          </reporter-output>
        </test-method> <!-- tearDown -->
      </class> <!-- automation.AdminTest.UserModuleTest -->
    </test> <!-- User Module Test -->
    <test started-at="2024-02-02T22:47:02 CST" name="Filter And Search Test" finished-at="2024-02-02T22:48:52 CST" duration-ms="110245">
      <class name="automation.AdminTest.FilterAndSearchTest">
        <test-method is-config="true" signature="launchApplication()[pri:0, instance:automation.AdminTest.FilterAndSearchTest@5a7fe64f]" started-at="2024-02-02T22:47:02 CST" name="launchApplication" finished-at="2024-02-02T22:47:05 CST" duration-ms="3407" status="PASS">
          <reporter-output>
          </reporter-output>
        </test-method> <!-- launchApplication -->
        <test-method signature="filterByAdminRole()[pri:0, instance:automation.AdminTest.FilterAndSearchTest@5a7fe64f]" started-at="2024-02-02T22:47:05 CST" name="filterByAdminRole" finished-at="2024-02-02T22:47:17 CST" duration-ms="11424" status="PASS">
          <reporter-output>
          </reporter-output>
        </test-method> <!-- filterByAdminRole -->
        <test-method is-config="true" signature="tearDown()[pri:0, instance:automation.AdminTest.FilterAndSearchTest@5a7fe64f]" started-at="2024-02-02T22:47:17 CST" name="tearDown" finished-at="2024-02-02T22:47:17 CST" duration-ms="792" status="PASS">
          <reporter-output>
          </reporter-output>
        </test-method> <!-- tearDown -->
        <test-method is-config="true" signature="launchApplication()[pri:0, instance:automation.AdminTest.FilterAndSearchTest@5a7fe64f]" started-at="2024-02-02T22:47:17 CST" name="launchApplication" finished-at="2024-02-02T22:47:20 CST" duration-ms="3176" status="PASS">
          <reporter-output>
          </reporter-output>
        </test-method> <!-- launchApplication -->
        <test-method signature="filterByEncoderRole()[pri:0, instance:automation.AdminTest.FilterAndSearchTest@5a7fe64f]" started-at="2024-02-02T22:47:20 CST" name="filterByEncoderRole" finished-at="2024-02-02T22:47:32 CST" duration-ms="11428" status="PASS">
          <reporter-output>
          </reporter-output>
        </test-method> <!-- filterByEncoderRole -->
        <test-method is-config="true" signature="tearDown()[pri:0, instance:automation.AdminTest.FilterAndSearchTest@5a7fe64f]" started-at="2024-02-02T22:47:32 CST" name="tearDown" finished-at="2024-02-02T22:47:33 CST" duration-ms="882" status="PASS">
          <reporter-output>
          </reporter-output>
        </test-method> <!-- tearDown -->
        <test-method is-config="true" signature="launchApplication()[pri:0, instance:automation.AdminTest.FilterAndSearchTest@5a7fe64f]" started-at="2024-02-02T22:47:33 CST" name="launchApplication" finished-at="2024-02-02T22:47:36 CST" duration-ms="3129" status="PASS">
          <reporter-output>
          </reporter-output>
        </test-method> <!-- launchApplication -->
        <test-method signature="parkingAreaCodeSearch()[pri:0, instance:automation.AdminTest.FilterAndSearchTest@5a7fe64f]" started-at="2024-02-02T22:47:36 CST" name="parkingAreaCodeSearch" finished-at="2024-02-02T22:47:50 CST" duration-ms="13960" status="PASS">
          <reporter-output>
          </reporter-output>
        </test-method> <!-- parkingAreaCodeSearch -->
        <test-method is-config="true" signature="tearDown()[pri:0, instance:automation.AdminTest.FilterAndSearchTest@5a7fe64f]" started-at="2024-02-02T22:47:50 CST" name="tearDown" finished-at="2024-02-02T22:47:51 CST" duration-ms="793" status="PASS">
          <reporter-output>
          </reporter-output>
        </test-method> <!-- tearDown -->
        <test-method is-config="true" signature="launchApplication()[pri:0, instance:automation.AdminTest.FilterAndSearchTest@5a7fe64f]" started-at="2024-02-02T22:47:51 CST" name="launchApplication" finished-at="2024-02-02T22:47:54 CST" duration-ms="3190" status="PASS">
          <reporter-output>
          </reporter-output>
        </test-method> <!-- launchApplication -->
        <test-method signature="parkingNameSearch()[pri:0, instance:automation.AdminTest.FilterAndSearchTest@5a7fe64f]" started-at="2024-02-02T22:47:54 CST" name="parkingNameSearch" finished-at="2024-02-02T22:48:06 CST" duration-ms="11995" status="PASS">
          <reporter-output>
          </reporter-output>
        </test-method> <!-- parkingNameSearch -->
        <test-method is-config="true" signature="tearDown()[pri:0, instance:automation.AdminTest.FilterAndSearchTest@5a7fe64f]" started-at="2024-02-02T22:48:06 CST" name="tearDown" finished-at="2024-02-02T22:48:07 CST" duration-ms="873" status="PASS">
          <reporter-output>
          </reporter-output>
        </test-method> <!-- tearDown -->
        <test-method is-config="true" signature="launchApplication()[pri:0, instance:automation.AdminTest.FilterAndSearchTest@5a7fe64f]" started-at="2024-02-02T22:48:07 CST" name="launchApplication" finished-at="2024-02-02T22:48:10 CST" duration-ms="3294" status="PASS">
          <reporter-output>
          </reporter-output>
        </test-method> <!-- launchApplication -->
        <test-method signature="userEmailSearch()[pri:0, instance:automation.AdminTest.FilterAndSearchTest@5a7fe64f]" started-at="2024-02-02T22:48:10 CST" name="userEmailSearch" finished-at="2024-02-02T22:48:21 CST" duration-ms="10830" status="PASS">
          <reporter-output>
          </reporter-output>
        </test-method> <!-- userEmailSearch -->
        <test-method is-config="true" signature="tearDown()[pri:0, instance:automation.AdminTest.FilterAndSearchTest@5a7fe64f]" started-at="2024-02-02T22:48:21 CST" name="tearDown" finished-at="2024-02-02T22:48:22 CST" duration-ms="854" status="PASS">
          <reporter-output>
          </reporter-output>
        </test-method> <!-- tearDown -->
        <test-method is-config="true" signature="launchApplication()[pri:0, instance:automation.AdminTest.FilterAndSearchTest@5a7fe64f]" started-at="2024-02-02T22:48:22 CST" name="launchApplication" finished-at="2024-02-02T22:48:25 CST" duration-ms="3132" status="PASS">
          <reporter-output>
          </reporter-output>
        </test-method> <!-- launchApplication -->
        <test-method signature="userLastNameSearch()[pri:0, instance:automation.AdminTest.FilterAndSearchTest@5a7fe64f]" started-at="2024-02-02T22:48:25 CST" name="userLastNameSearch" finished-at="2024-02-02T22:48:36 CST" duration-ms="11424" status="PASS">
          <reporter-output>
          </reporter-output>
        </test-method> <!-- userLastNameSearch -->
        <test-method is-config="true" signature="tearDown()[pri:0, instance:automation.AdminTest.FilterAndSearchTest@5a7fe64f]" started-at="2024-02-02T22:48:36 CST" name="tearDown" finished-at="2024-02-02T22:48:37 CST" duration-ms="753" status="PASS">
          <reporter-output>
          </reporter-output>
        </test-method> <!-- tearDown -->
        <test-method is-config="true" signature="launchApplication()[pri:0, instance:automation.AdminTest.FilterAndSearchTest@5a7fe64f]" started-at="2024-02-02T22:48:37 CST" name="launchApplication" finished-at="2024-02-02T22:48:40 CST" duration-ms="3158" status="PASS">
          <reporter-output>
          </reporter-output>
        </test-method> <!-- launchApplication -->
        <test-method signature="userNameSearch()[pri:0, instance:automation.AdminTest.FilterAndSearchTest@5a7fe64f]" started-at="2024-02-02T22:48:40 CST" name="userNameSearch" finished-at="2024-02-02T22:48:51 CST" duration-ms="10857" status="PASS">
          <reporter-output>
          </reporter-output>
        </test-method> <!-- userNameSearch -->
        <test-method is-config="true" signature="tearDown()[pri:0, instance:automation.AdminTest.FilterAndSearchTest@5a7fe64f]" started-at="2024-02-02T22:48:51 CST" name="tearDown" finished-at="2024-02-02T22:48:52 CST" duration-ms="887" status="PASS">
          <reporter-output>
          </reporter-output>
        </test-method> <!-- tearDown -->
      </class> <!-- automation.AdminTest.FilterAndSearchTest -->
    </test> <!-- Filter And Search Test -->
    <test started-at="2024-02-02T22:48:52 CST" name="Permission Test" finished-at="2024-02-02T22:52:46 CST" duration-ms="233956">
      <class name="automation.AdminTest.PermissionTest">
        <test-method is-config="true" signature="launchApplication()[pri:0, instance:automation.AdminTest.PermissionTest@465232e9]" started-at="2024-02-02T22:48:52 CST" name="launchApplication" finished-at="2024-02-02T22:48:55 CST" duration-ms="3132" status="PASS">
          <reporter-output>
          </reporter-output>
        </test-method> <!-- launchApplication -->
        <test-method signature="setAllowExitToFalse()[pri:0, instance:automation.AdminTest.PermissionTest@465232e9]" started-at="2024-02-02T22:48:55 CST" name="setAllowExitToFalse" finished-at="2024-02-02T22:50:09 CST" duration-ms="73889" status="FAIL">
          <exception class="org.openqa.selenium.TimeoutException">
            <message>
              <![CDATA[Expected condition failed: waiting for visibility of Proxy element for: DefaultElementLocator 'By.cssSelector: h1' (tried for 20 second(s) with 500 milliseconds interval)]]>
            </message>
            <full-stacktrace>
              <![CDATA[org.openqa.selenium.TimeoutException: Expected condition failed: waiting for visibility of Proxy element for: DefaultElementLocator 'By.cssSelector: h1' (tried for 20 second(s) with 500 milliseconds interval)
at org.openqa.selenium.support.ui.WebDriverWait.timeoutException(WebDriverWait.java:84)
at org.openqa.selenium.support.ui.FluentWait.until(FluentWait.java:228)
at automation.AbstractComponents.AbstractComponent.waitForWebElementToAppear(AbstractComponent.java:44)
at automation.PageObject.Permissions.validateButtonIsDisplayed(Permissions.java:199)
at automation.PageObject.Permissions.allowExitValidation(Permissions.java:188)
at automation.AdminTest.PermissionTest.setAllowExitToFalse(PermissionTest.java:68)
at java.base/jdk.internal.reflect.DirectMethodHandleAccessor.invoke(DirectMethodHandleAccessor.java:103)
at java.base/java.lang.reflect.Method.invoke(Method.java:580)
at org.testng.internal.invokers.MethodInvocationHelper.invokeMethod(MethodInvocationHelper.java:139)
at org.testng.internal.invokers.TestInvoker.invokeMethod(TestInvoker.java:664)
at org.testng.internal.invokers.TestInvoker.invokeTestMethod(TestInvoker.java:228)
at org.testng.internal.invokers.MethodRunner.runInSequence(MethodRunner.java:63)
at org.testng.internal.invokers.TestInvoker$MethodInvocationAgent.invoke(TestInvoker.java:961)
at org.testng.internal.invokers.TestInvoker.invokeTestMethods(TestInvoker.java:201)
at org.testng.internal.invokers.TestMethodWorker.invokeTestMethods(TestMethodWorker.java:148)
at org.testng.internal.invokers.TestMethodWorker.run(TestMethodWorker.java:128)
at java.base/java.util.ArrayList.forEach(ArrayList.java:1596)
at org.testng.TestRunner.privateRun(TestRunner.java:819)
at org.testng.TestRunner.run(TestRunner.java:619)
at org.testng.SuiteRunner.runTest(SuiteRunner.java:443)
at org.testng.SuiteRunner.runSequentially(SuiteRunner.java:437)
at org.testng.SuiteRunner.privateRun(SuiteRunner.java:397)
at org.testng.SuiteRunner.run(SuiteRunner.java:336)
at org.testng.SuiteRunnerWorker.runSuite(SuiteRunnerWorker.java:52)
at org.testng.SuiteRunnerWorker.run(SuiteRunnerWorker.java:95)
at org.testng.TestNG.runSuitesSequentially(TestNG.java:1301)
at org.testng.TestNG.runSuitesLocally(TestNG.java:1228)
at org.testng.TestNG.runSuites(TestNG.java:1134)
at org.testng.TestNG.run(TestNG.java:1101)
at org.apache.maven.surefire.testng.TestNGExecutor.run(TestNGExecutor.java:308)
at org.apache.maven.surefire.testng.TestNGXmlTestSuite.execute(TestNGXmlTestSuite.java:71)
at org.apache.maven.surefire.testng.TestNGProvider.invoke(TestNGProvider.java:113)
at org.apache.maven.surefire.booter.ForkedBooter.runSuitesInProcess(ForkedBooter.java:385)
at org.apache.maven.surefire.booter.ForkedBooter.execute(ForkedBooter.java:162)
at org.apache.maven.surefire.booter.ForkedBooter.run(ForkedBooter.java:507)
at org.apache.maven.surefire.booter.ForkedBooter.main(ForkedBooter.java:495)
Caused by: org.openqa.selenium.NoSuchElementException: no such element: Unable to locate element: {"method":"css selector","selector":"h1"}
  (Session info: chrome-headless-shell=121.0.6167.86)
For documentation on this error, please visit: https://www.selenium.dev/documentation/webdriver/troubleshooting/errors#no-such-element-exception
Build info: version: '4.17.0', revision: 'e52b1be057*'
System info: os.name: 'Windows 10', os.arch: 'amd64', os.version: '10.0', java.version: '21.0.1'
Driver info: org.openqa.selenium.chrome.ChromeDriver
Command: [1250b30cad462ff52068a15c97c08cab, findElement {using=css selector, value=h1}]
Capabilities {acceptInsecureCerts: false, browserName: chrome-headless-shell, browserVersion: 121.0.6167.86, chrome: {chromedriverVersion: 121.0.6167.85 (3f98d690ad7e..., userDataDir: C:\Users\REN~1.CAS\AppData\...}, fedcm:accounts: true, goog:chromeOptions: {debuggerAddress: localhost:55164}, networkConnectionEnabled: false, pageLoadStrategy: normal, platformName: windows, proxy: Proxy(), se:cdp: ws://localhost:55164/devtoo..., se:cdpVersion: 121.0.6167.86, setWindowRect: true, strictFileInteractability: false, timeouts: {implicit: 0, pageLoad: 300000, script: 30000}, unhandledPromptBehavior: dismiss and notify, webauthn:extension:credBlob: true, webauthn:extension:largeBlob: true, webauthn:extension:minPinLength: true, webauthn:extension:prf: true, webauthn:virtualAuthenticators: true}
Session ID: 1250b30cad462ff52068a15c97c08cab
at java.base/jdk.internal.reflect.DirectConstructorHandleAccessor.newInstance(DirectConstructorHandleAccessor.java:62)
at java.base/java.lang.reflect.Constructor.newInstanceWithCaller(Constructor.java:502)
at java.base/java.lang.reflect.Constructor.newInstance(Constructor.java:486)
at org.openqa.selenium.remote.codec.w3c.W3CHttpResponseCodec.createException(W3CHttpResponseCodec.java:185)
at org.openqa.selenium.remote.codec.w3c.W3CHttpResponseCodec.decode(W3CHttpResponseCodec.java:134)
at org.openqa.selenium.remote.codec.w3c.W3CHttpResponseCodec.decode(W3CHttpResponseCodec.java:51)
at org.openqa.selenium.remote.HttpCommandExecutor.execute(HttpCommandExecutor.java:190)
at org.openqa.selenium.remote.service.DriverCommandExecutor.invokeExecute(DriverCommandExecutor.java:216)
at org.openqa.selenium.remote.service.DriverCommandExecutor.execute(DriverCommandExecutor.java:174)
at org.openqa.selenium.remote.RemoteWebDriver.execute(RemoteWebDriver.java:519)
at org.openqa.selenium.remote.ElementLocation$ElementFinder$2.findElement(ElementLocation.java:165)
at org.openqa.selenium.remote.ElementLocation.findElement(ElementLocation.java:59)
at org.openqa.selenium.remote.RemoteWebDriver.findElement(RemoteWebDriver.java:356)
at org.openqa.selenium.remote.RemoteWebDriver.findElement(RemoteWebDriver.java:350)
at org.openqa.selenium.support.pagefactory.DefaultElementLocator.findElement(DefaultElementLocator.java:68)
at org.openqa.selenium.support.pagefactory.internal.LocatingElementHandler.invoke(LocatingElementHandler.java:38)
at jdk.proxy2/jdk.proxy2.$Proxy12.isDisplayed(Unknown Source)
at org.openqa.selenium.support.ui.ExpectedConditions.elementIfVisible(ExpectedConditions.java:304)
at org.openqa.selenium.support.ui.ExpectedConditions$10.apply(ExpectedConditions.java:290)
at org.openqa.selenium.support.ui.ExpectedConditions$10.apply(ExpectedConditions.java:287)
at org.openqa.selenium.support.ui.FluentWait.until(FluentWait.java:203)
... 34 more
]]>
            </full-stacktrace>
          </exception> <!-- org.openqa.selenium.TimeoutException -->
          <reporter-output>
          </reporter-output>
        </test-method> <!-- setAllowExitToFalse -->
        <test-method is-config="true" signature="tearDown()[pri:0, instance:automation.AdminTest.PermissionTest@465232e9]" started-at="2024-02-02T22:50:09 CST" name="tearDown" finished-at="2024-02-02T22:50:10 CST" duration-ms="1134" status="PASS">
          <reporter-output>
          </reporter-output>
        </test-method> <!-- tearDown -->
        <test-method is-config="true" signature="launchApplication()[pri:0, instance:automation.AdminTest.PermissionTest@465232e9]" started-at="2024-02-02T22:50:10 CST" name="launchApplication" finished-at="2024-02-02T22:50:17 CST" duration-ms="6907" status="PASS">
          <reporter-output>
          </reporter-output>
        </test-method> <!-- launchApplication -->
        <test-method signature="setAllowExitToTrue()[pri:0, instance:automation.AdminTest.PermissionTest@465232e9]" started-at="2024-02-02T22:50:17 CST" name="setAllowExitToTrue" finished-at="2024-02-02T22:50:54 CST" duration-ms="37153" status="PASS">
          <reporter-output>
          </reporter-output>
        </test-method> <!-- setAllowExitToTrue -->
        <test-method is-config="true" signature="tearDown()[pri:0, instance:automation.AdminTest.PermissionTest@465232e9]" started-at="2024-02-02T22:50:54 CST" name="tearDown" finished-at="2024-02-02T22:50:55 CST" duration-ms="1117" status="PASS">
          <reporter-output>
          </reporter-output>
        </test-method> <!-- tearDown -->
        <test-method is-config="true" signature="launchApplication()[pri:0, instance:automation.AdminTest.PermissionTest@465232e9]" started-at="2024-02-02T22:50:55 CST" name="launchApplication" finished-at="2024-02-02T22:50:59 CST" duration-ms="3109" status="PASS">
          <reporter-output>
          </reporter-output>
        </test-method> <!-- launchApplication -->
        <test-method signature="userWithActiveStatus()[pri:0, instance:automation.AdminTest.PermissionTest@465232e9]" started-at="2024-02-02T22:50:59 CST" name="userWithActiveStatus" finished-at="2024-02-02T22:51:22 CST" duration-ms="23072" status="PASS">
          <reporter-output>
          </reporter-output>
        </test-method> <!-- userWithActiveStatus -->
        <test-method is-config="true" signature="tearDown()[pri:0, instance:automation.AdminTest.PermissionTest@465232e9]" started-at="2024-02-02T22:51:22 CST" name="tearDown" finished-at="2024-02-02T22:51:23 CST" duration-ms="1096" status="PASS">
          <reporter-output>
          </reporter-output>
        </test-method> <!-- tearDown -->
        <test-method is-config="true" signature="launchApplication()[pri:0, instance:automation.AdminTest.PermissionTest@465232e9]" started-at="2024-02-02T22:51:23 CST" name="launchApplication" finished-at="2024-02-02T22:51:28 CST" duration-ms="4785" status="PASS">
          <reporter-output>
          </reporter-output>
        </test-method> <!-- launchApplication -->
        <test-method signature="userWithPaymentAcceptanceSetToFalse()[pri:0, instance:automation.AdminTest.PermissionTest@465232e9]" started-at="2024-02-02T22:51:28 CST" name="userWithPaymentAcceptanceSetToFalse" finished-at="2024-02-02T22:51:49 CST" duration-ms="21567" status="PASS">
          <reporter-output>
          </reporter-output>
        </test-method> <!-- userWithPaymentAcceptanceSetToFalse -->
        <test-method is-config="true" signature="tearDown()[pri:0, instance:automation.AdminTest.PermissionTest@465232e9]" started-at="2024-02-02T22:51:49 CST" name="tearDown" finished-at="2024-02-02T22:51:50 CST" duration-ms="1111" status="PASS">
          <reporter-output>
          </reporter-output>
        </test-method> <!-- tearDown -->
        <test-method is-config="true" signature="launchApplication()[pri:0, instance:automation.AdminTest.PermissionTest@465232e9]" started-at="2024-02-02T22:51:50 CST" name="launchApplication" finished-at="2024-02-02T22:51:53 CST" duration-ms="3203" status="PASS">
          <reporter-output>
          </reporter-output>
        </test-method> <!-- launchApplication -->
        <test-method signature="userWithPaymentAcceptanceSetToTrue()[pri:0, instance:automation.AdminTest.PermissionTest@465232e9]" started-at="2024-02-02T22:51:53 CST" name="userWithPaymentAcceptanceSetToTrue" finished-at="2024-02-02T22:52:21 CST" duration-ms="27535" status="PASS">
          <reporter-output>
          </reporter-output>
        </test-method> <!-- userWithPaymentAcceptanceSetToTrue -->
        <test-method is-config="true" signature="tearDown()[pri:0, instance:automation.AdminTest.PermissionTest@465232e9]" started-at="2024-02-02T22:52:21 CST" name="tearDown" finished-at="2024-02-02T22:52:22 CST" duration-ms="1115" status="PASS">
          <reporter-output>
          </reporter-output>
        </test-method> <!-- tearDown -->
        <test-method is-config="true" signature="launchApplication()[pri:0, instance:automation.AdminTest.PermissionTest@465232e9]" started-at="2024-02-02T22:52:22 CST" name="launchApplication" finished-at="2024-02-02T22:52:25 CST" duration-ms="3116" status="PASS">
          <reporter-output>
          </reporter-output>
        </test-method> <!-- launchApplication -->
        <test-method signature="userWithRestrictedStatus()[pri:0, instance:automation.AdminTest.PermissionTest@465232e9]" started-at="2024-02-02T22:52:25 CST" name="userWithRestrictedStatus" finished-at="2024-02-02T22:52:45 CST" duration-ms="19728" status="PASS">
          <reporter-output>
          </reporter-output>
        </test-method> <!-- userWithRestrictedStatus -->
        <test-method is-config="true" signature="tearDown()[pri:0, instance:automation.AdminTest.PermissionTest@465232e9]" started-at="2024-02-02T22:52:45 CST" name="tearDown" finished-at="2024-02-02T22:52:46 CST" duration-ms="1069" status="PASS">
          <reporter-output>
          </reporter-output>
        </test-method> <!-- tearDown -->
      </class> <!-- automation.AdminTest.PermissionTest -->
    </test> <!-- Permission Test -->
  </suite> <!-- Suite -->
</testng-results>
