<?xml version="1.0" encoding="UTF-8"?>
<testsuite xmlns:xsi="http://www.w3.org/2001/XMLSchema-instance" xsi:noNamespaceSchemaLocation="https://maven.apache.org/surefire/maven-surefire-plugin/xsd/surefire-test-report-3.0.xsd" version="3.0" name="TestSuite" time="240.582" tests="13" errors="0" skipped="0" failures="0">
  <properties>
[...]
</properties>
  <testcase name="parkerTypeEnrollment[{password=SuperUser123!?, username=superuser}](1)" classname="automation.AdminTest.ConfigurationModuleTest" time="39.457">
    <system-out><![CDATA[Exception SampleParker_3577
Exception RI
]]></system-out>
    <system-err><![CDATA[May 06, 2024 3:53:35 PM org.openqa.selenium.devtools.CdpVersionFinder findNearestMatch
WARNING: Unable to find an exact match for CDP version 124, returning the closest version; found: 121; Please update to a Selenium version that supports CDP version 124
org.openqa.selenium.NoSuchElementException: no such element: Unable to locate element: {"method":"xpath","selector":"//div/div/div[1]/div[2]/div[1]/div[2]/div"}
  (Session info: chrome=124.0.6367.119)
For documentation on this error, please visit: https://www.selenium.dev/documentation/webdriver/troubleshooting/errors#no-such-element-exception
Build info: version: '4.17.0', revision: 'e52b1be057*'
System info: os.name: 'Windows 10', os.arch: 'amd64', os.version: '10.0', java.version: '21.0.1'
Driver info: org.openqa.selenium.chrome.ChromeDriver
Command: [f7355e18d47f8d0c2f92b610a779de8e, findElement {value=//div/div/div[1]/div[2]/div[1]/div[2]/div, using=xpath}]
Capabilities {acceptInsecureCerts: false, browserName: chrome, browserVersion: 124.0.6367.119, chrome: {chromedriverVersion: 124.0.6367.91 (51df0e5e17a8..., userDataDir: C:\Users\LOCAL_~1.CAS\AppDa...}, fedcm:accounts: true, goog:chromeOptions: {debuggerAddress: localhost:52237}, networkConnectionEnabled: false, pageLoadStrategy: normal, platformName: windows, proxy: Proxy(), se:cdp: ws://localhost:52237/devtoo..., se:cdpVersion: 124.0.6367.119, setWindowRect: true, strictFileInteractability: false, timeouts: {implicit: 0, pageLoad: 300000, script: 30000}, unhandledPromptBehavior: dismiss and notify, webauthn:extension:credBlob: true, webauthn:extension:largeBlob: true, webauthn:extension:minPinLength: true, webauthn:extension:prf: true, webauthn:virtualAuthenticators: true}
Session ID: f7355e18d47f8d0c2f92b610a779de8e
	at java.base/jdk.internal.reflect.DirectConstructorHandleAccessor.newInstance(DirectConstructorHandleAccessor.java:62)
	at java.base/java.lang.reflect.Constructor.newInstanceWithCaller(Constructor.java:502)
	at java.base/java.lang.reflect.Constructor.newInstance(Constructor.java:486)
	at org.openqa.selenium.remote.codec.w3c.W3CHttpResponseCodec.createException(W3CHttpResponseCodec.java:185)
	at org.openqa.selenium.remote.codec.w3c.W3CHttpResponseCodec.decode(W3CHttpResponseCodec.java:134)
	at org.openqa.selenium.remote.codec.w3c.W3CHttpResponseCodec.decode(W3CHttpResponseCodec.java:51)
	at org.openqa.selenium.remote.HttpCommandExecutor.execute(HttpCommandExecutor.java:190)
	at org.openqa.selenium.remote.service.DriverCommandExecutor.invokeExecute(DriverCommandExecutor.java:216)
	at org.openqa.selenium.remote.service.DriverCommandExecutor.execute(DriverCommandExecutor.java:174)
	at org.openqa.selenium.remote.RemoteWebDriver.execute(RemoteWebDriver.java:519)
	at org.openqa.selenium.remote.ElementLocation$ElementFinder$2.findElement(ElementLocation.java:165)
	at org.openqa.selenium.remote.ElementLocation.findElement(ElementLocation.java:59)
	at org.openqa.selenium.remote.RemoteWebDriver.findElement(RemoteWebDriver.java:356)
	at org.openqa.selenium.remote.RemoteWebDriver.findElement(RemoteWebDriver.java:350)
	at org.openqa.selenium.support.pagefactory.DefaultElementLocator.findElement(DefaultElementLocator.java:68)
	at org.openqa.selenium.support.pagefactory.internal.LocatingElementHandler.invoke(LocatingElementHandler.java:38)
	at jdk.proxy2/jdk.proxy2.$Proxy16.isDisplayed(Unknown Source)
	at automation.PageObject.ConfigurationModule.lambda$12(ConfigurationModule.java:389)
	at automation.PageObject.ConfigurationModule.handleDuplicate(ConfigurationModule.java:372)
	at automation.PageObject.ConfigurationModule.handlingParkerNameDup(ConfigurationModule.java:386)
	at automation.AdminTest.ConfigurationModuleTest.parkerTypeEnrollment(ConfigurationModuleTest.java:30)
	at java.base/jdk.internal.reflect.DirectMethodHandleAccessor.invoke(DirectMethodHandleAccessor.java:103)
	at java.base/java.lang.reflect.Method.invoke(Method.java:580)
	at org.testng.internal.invokers.MethodInvocationHelper.invokeMethod(MethodInvocationHelper.java:141)
	at org.testng.internal.invokers.TestInvoker.invokeMethod(TestInvoker.java:686)
	at org.testng.internal.invokers.TestInvoker.invokeTestMethod(TestInvoker.java:230)
	at org.testng.internal.invokers.MethodRunner.runInSequence(MethodRunner.java:63)
	at org.testng.internal.invokers.TestInvoker$MethodInvocationAgent.invoke(TestInvoker.java:992)
	at org.testng.internal.invokers.TestInvoker.invokeTestMethods(TestInvoker.java:203)
	at org.testng.internal.invokers.TestMethodWorker.invokeTestMethods(TestMethodWorker.java:154)
	at org.testng.internal.invokers.TestMethodWorker.run(TestMethodWorker.java:134)
	at java.base/java.util.ArrayList.forEach(ArrayList.java:1596)
	at org.testng.TestRunner.privateRun(TestRunner.java:739)
	at org.testng.TestRunner.run(TestRunner.java:614)
	at org.testng.SuiteRunner.runTest(SuiteRunner.java:421)
	at org.testng.SuiteRunner$SuiteWorker.run(SuiteRunner.java:463)
	at org.testng.internal.thread.ThreadUtil.lambda$execute$0(ThreadUtil.java:64)
	at java.base/java.util.concurrent.FutureTask.run(FutureTask.java:317)
	at java.base/java.util.concurrent.ThreadPoolExecutor.runWorker(ThreadPoolExecutor.java:1144)
	at java.base/java.util.concurrent.ThreadPoolExecutor$Worker.run(ThreadPoolExecutor.java:642)
	at java.base/java.lang.Thread.run(Thread.java:1583)
org.openqa.selenium.NoSuchElementException: no such element: Unable to locate element: {"method":"xpath","selector":"//div/div/div[1]/div[2]/div[2]/div[2]/div"}
  (Session info: chrome=124.0.6367.119)
For documentation on this error, please visit: https://www.selenium.dev/documentation/webdriver/troubleshooting/errors#no-such-element-exception
Build info: version: '4.17.0', revision: 'e52b1be057*'
System info: os.name: 'Windows 10', os.arch: 'amd64', os.version: '10.0', java.version: '21.0.1'
Driver info: org.openqa.selenium.chrome.ChromeDriver
Command: [f7355e18d47f8d0c2f92b610a779de8e, findElement {value=//div/div/div[1]/div[2]/div[2]/div[2]/div, using=xpath}]
Capabilities {acceptInsecureCerts: false, browserName: chrome, browserVersion: 124.0.6367.119, chrome: {chromedriverVersion: 124.0.6367.91 (51df0e5e17a8..., userDataDir: C:\Users\LOCAL_~1.CAS\AppDa...}, fedcm:accounts: true, goog:chromeOptions: {debuggerAddress: localhost:52237}, networkConnectionEnabled: false, pageLoadStrategy: normal, platformName: windows, proxy: Proxy(), se:cdp: ws://localhost:52237/devtoo..., se:cdpVersion: 124.0.6367.119, setWindowRect: true, strictFileInteractability: false, timeouts: {implicit: 0, pageLoad: 300000, script: 30000}, unhandledPromptBehavior: dismiss and notify, webauthn:extension:credBlob: true, webauthn:extension:largeBlob: true, webauthn:extension:minPinLength: true, webauthn:extension:prf: true, webauthn:virtualAuthenticators: true}
Session ID: f7355e18d47f8d0c2f92b610a779de8e
	at java.base/jdk.internal.reflect.DirectConstructorHandleAccessor.newInstance(DirectConstructorHandleAccessor.java:62)
	at java.base/java.lang.reflect.Constructor.newInstanceWithCaller(Constructor.java:502)
	at java.base/java.lang.reflect.Constructor.newInstance(Constructor.java:486)
	at org.openqa.selenium.remote.codec.w3c.W3CHttpResponseCodec.createException(W3CHttpResponseCodec.java:185)
	at org.openqa.selenium.remote.codec.w3c.W3CHttpResponseCodec.decode(W3CHttpResponseCodec.java:134)
	at org.openqa.selenium.remote.codec.w3c.W3CHttpResponseCodec.decode(W3CHttpResponseCodec.java:51)
	at org.openqa.selenium.remote.HttpCommandExecutor.execute(HttpCommandExecutor.java:190)
	at org.openqa.selenium.remote.service.DriverCommandExecutor.invokeExecute(DriverCommandExecutor.java:216)
	at org.openqa.selenium.remote.service.DriverCommandExecutor.execute(DriverCommandExecutor.java:174)
	at org.openqa.selenium.remote.RemoteWebDriver.execute(RemoteWebDriver.java:519)
	at org.openqa.selenium.remote.ElementLocation$ElementFinder$2.findElement(ElementLocation.java:165)
	at org.openqa.selenium.remote.ElementLocation.findElement(ElementLocation.java:59)
	at org.openqa.selenium.remote.RemoteWebDriver.findElement(RemoteWebDriver.java:356)
	at org.openqa.selenium.remote.RemoteWebDriver.findElement(RemoteWebDriver.java:350)
	at org.openqa.selenium.support.pagefactory.DefaultElementLocator.findElement(DefaultElementLocator.java:68)
	at org.openqa.selenium.support.pagefactory.internal.LocatingElementHandler.invoke(LocatingElementHandler.java:38)
	at jdk.proxy2/jdk.proxy2.$Proxy16.isDisplayed(Unknown Source)
	at automation.PageObject.ConfigurationModule.lambda$15(ConfigurationModule.java:396)
	at automation.PageObject.ConfigurationModule.handleDuplicate(ConfigurationModule.java:372)
	at automation.PageObject.ConfigurationModule.handlingParkerCodeDup(ConfigurationModule.java:393)
	at automation.AdminTest.ConfigurationModuleTest.parkerTypeEnrollment(ConfigurationModuleTest.java:31)
	at java.base/jdk.internal.reflect.DirectMethodHandleAccessor.invoke(DirectMethodHandleAccessor.java:103)
	at java.base/java.lang.reflect.Method.invoke(Method.java:580)
	at org.testng.internal.invokers.MethodInvocationHelper.invokeMethod(MethodInvocationHelper.java:141)
	at org.testng.internal.invokers.TestInvoker.invokeMethod(TestInvoker.java:686)
	at org.testng.internal.invokers.TestInvoker.invokeTestMethod(TestInvoker.java:230)
	at org.testng.internal.invokers.MethodRunner.runInSequence(MethodRunner.java:63)
	at org.testng.internal.invokers.TestInvoker$MethodInvocationAgent.invoke(TestInvoker.java:992)
	at org.testng.internal.invokers.TestInvoker.invokeTestMethods(TestInvoker.java:203)
	at org.testng.internal.invokers.TestMethodWorker.invokeTestMethods(TestMethodWorker.java:154)
	at org.testng.internal.invokers.TestMethodWorker.run(TestMethodWorker.java:134)
	at java.base/java.util.ArrayList.forEach(ArrayList.java:1596)
	at org.testng.TestRunner.privateRun(TestRunner.java:739)
	at org.testng.TestRunner.run(TestRunner.java:614)
	at org.testng.SuiteRunner.runTest(SuiteRunner.java:421)
	at org.testng.SuiteRunner$SuiteWorker.run(SuiteRunner.java:463)
	at org.testng.internal.thread.ThreadUtil.lambda$execute$0(ThreadUtil.java:64)
	at java.base/java.util.concurrent.FutureTask.run(FutureTask.java:317)
	at java.base/java.util.concurrent.ThreadPoolExecutor.runWorker(ThreadPoolExecutor.java:1144)
	at java.base/java.util.concurrent.ThreadPoolExecutor$Worker.run(ThreadPoolExecutor.java:642)
	at java.base/java.lang.Thread.run(Thread.java:1583)
]]></system-err>
  </testcase>
  <testcase name="editParkerType[{password=SuperUser123!?, username=superuser}](1)" classname="automation.AdminTest.ConfigurationModuleTest" time="7.822">
    <system-err><![CDATA[May 06, 2024 3:54:30 PM org.openqa.selenium.devtools.CdpVersionFinder findNearestMatch
WARNING: Unable to find an exact match for CDP version 124, returning the closest version; found: 121; Please update to a Selenium version that supports CDP version 124
]]></system-err>
  </testcase>
  <testcase name="deleteParkerType[{password=SuperUser123!?, username=superuser}](1)" classname="automation.AdminTest.ConfigurationModuleTest" time="7.466">
    <system-err><![CDATA[May 06, 2024 3:54:42 PM org.openqa.selenium.devtools.CdpVersionFinder findNearestMatch
WARNING: Unable to find an exact match for CDP version 124, returning the closest version; found: 121; Please update to a Selenium version that supports CDP version 124
]]></system-err>
  </testcase>
  <testcase name="deleteParkerTypeWithPricingPackage[{password=SuperUser123!?, username=superuser}](1)" classname="automation.AdminTest.ConfigurationModuleTest" time="7.224">
    <system-err><![CDATA[May 06, 2024 3:54:54 PM org.openqa.selenium.devtools.CdpVersionFinder findNearestMatch
WARNING: Unable to find an exact match for CDP version 124, returning the closest version; found: 121; Please update to a Selenium version that supports CDP version 124
]]></system-err>
  </testcase>
  <testcase name="assignParkerToParkingArea[{password=SuperUser123!?, username=superuser}](1)" classname="automation.AdminTest.ConfigurationModuleTest" time="13.313">
    <system-err><![CDATA[May 06, 2024 3:55:06 PM org.openqa.selenium.devtools.CdpVersionFinder findNearestMatch
WARNING: Unable to find an exact match for CDP version 124, returning the closest version; found: 121; Please update to a Selenium version that supports CDP version 124
]]></system-err>
  </testcase>
  <testcase name="assignParkerToParkingAreaWithMisMatchParkingArea[{password=SuperUser123!?, username=superuser}](1)" classname="automation.AdminTest.ConfigurationModuleTest" time="9.548">
    <system-out><![CDATA[SampleParker_3577 is not available in the dropdown.
]]></system-out>
    <system-err><![CDATA[May 06, 2024 3:55:25 PM org.openqa.selenium.devtools.CdpVersionFinder findNearestMatch
WARNING: Unable to find an exact match for CDP version 124, returning the closest version; found: 121; Please update to a Selenium version that supports CDP version 124
]]></system-err>
  </testcase>
  <testcase name="duplicateParkerTypeName[{password=SuperUser123!?, username=superuser}](1)" classname="automation.AdminTest.ConfigurationModuleTest" time="9.879">
    <system-err><![CDATA[May 06, 2024 3:55:39 PM org.openqa.selenium.devtools.CdpVersionFinder findNearestMatch
WARNING: Unable to find an exact match for CDP version 124, returning the closest version; found: 121; Please update to a Selenium version that supports CDP version 124
]]></system-err>
  </testcase>
  <testcase name="duplicateParketTypeCode[{password=SuperUser123!?, username=superuser}](1)" classname="automation.AdminTest.ConfigurationModuleTest" time="10.061">
    <system-err><![CDATA[May 06, 2024 3:55:54 PM org.openqa.selenium.devtools.CdpVersionFinder findNearestMatch
WARNING: Unable to find an exact match for CDP version 124, returning the closest version; found: 121; Please update to a Selenium version that supports CDP version 124
]]></system-err>
  </testcase>
  <testcase name="createPricingPackage[{password=SuperUser123!?, username=superuser}](1)" classname="automation.AdminTest.ConfigurationModuleTest" time="13.341">
    <system-err><![CDATA[May 06, 2024 3:56:09 PM org.openqa.selenium.devtools.CdpVersionFinder findNearestMatch
WARNING: Unable to find an exact match for CDP version 124, returning the closest version; found: 121; Please update to a Selenium version that supports CDP version 124
]]></system-err>
  </testcase>
  <testcase name="updatePricingPackageWithoutChange[{password=SuperUser123!?, username=superuser}](1)" classname="automation.AdminTest.ConfigurationModuleTest" time="13.662">
    <system-err><![CDATA[May 06, 2024 3:56:26 PM org.openqa.selenium.devtools.CdpVersionFinder findNearestMatch
WARNING: Unable to find an exact match for CDP version 124, returning the closest version; found: 121; Please update to a Selenium version that supports CDP version 124
]]></system-err>
  </testcase>
  <testcase name="updatePricingFeePackage[{password=SuperUser123!?, username=superuser}](1)" classname="automation.AdminTest.ConfigurationModuleTest" time="13.946">
    <system-err><![CDATA[May 06, 2024 3:56:44 PM org.openqa.selenium.devtools.CdpVersionFinder findNearestMatch
WARNING: Unable to find an exact match for CDP version 124, returning the closest version; found: 121; Please update to a Selenium version that supports CDP version 124
]]></system-err>
  </testcase>
  <testcase name="assignPricingFeeToParkingArea[{password=SuperUser123!?, username=superuser}](1)" classname="automation.AdminTest.ConfigurationModuleTest" time="9.975">
    <system-err><![CDATA[May 06, 2024 3:57:03 PM org.openqa.selenium.devtools.CdpVersionFinder findNearestMatch
WARNING: Unable to find an exact match for CDP version 124, returning the closest version; found: 121; Please update to a Selenium version that supports CDP version 124
]]></system-err>
  </testcase>
  <testcase name="deletePricingPackage[{password=SuperUser123!?, username=superuser}](1)" classname="automation.AdminTest.ConfigurationModuleTest" time="10.187">
    <system-err><![CDATA[May 06, 2024 3:57:17 PM org.openqa.selenium.devtools.CdpVersionFinder findNearestMatch
WARNING: Unable to find an exact match for CDP version 124, returning the closest version; found: 121; Please update to a Selenium version that supports CDP version 124
]]></system-err>
  </testcase>
</testsuite>