<?xml version="1.0" encoding="UTF-8"?>
<testng-results ignored="0" total="43" passed="43" failed="0" skipped="0">
  <reporter-output>
  </reporter-output>
  <suite started-at="2024-02-12T21:45:16 CST" name="Suite" finished-at="2024-02-12T22:07:10 CST" duration-ms="1313976">
    <groups>
      <group name="ErrorHandling">
        <method signature="AllLoginTest.loginWithInvalidPassword()[pri:0, instance:automation.AdminTest.AllLoginTest@76494737]" name="loginWithInvalidPassword" class="automation.AdminTest.AllLoginTest"/>
        <method signature="AllLoginTest.loginWithInvalidUserName()[pri:0, instance:automation.AdminTest.AllLoginTest@76494737]" name="loginWithInvalidUserName" class="automation.AdminTest.AllLoginTest"/>
        <method signature="AllLoginTest.loginWithoutAccess()[pri:0, instance:automation.AdminTest.AllLoginTest@76494737]" name="loginWithoutAccess" class="automation.AdminTest.AllLoginTest"/>
        <method signature="AreaModuleTest.areaCodeDupValidation()[pri:0, instance:automation.AdminTest.AreaModuleTest@2584b82d]" name="areaCodeDupValidation" class="automation.AdminTest.AreaModuleTest"/>
        <method signature="AreaModuleTest.areaNameDupValidation(java.util.HashMap)[pri:0, instance:automation.AdminTest.AreaModuleTest@2584b82d]" name="areaNameDupValidation" class="automation.AdminTest.AreaModuleTest"/>
        <method signature="AreaModuleTest.fixedRateMaxLimit()[pri:0, instance:automation.AdminTest.AreaModuleTest@2584b82d]" name="fixedRateMaxLimit" class="automation.AdminTest.AreaModuleTest"/>
        <method signature="UserModuleTest.userEmailDupValidation()[pri:0, instance:automation.AdminTest.UserModuleTest@14dd7b39]" name="userEmailDupValidation" class="automation.AdminTest.UserModuleTest"/>
      </group> <!-- ErrorHandling -->
      <group name="Creation">
        <method signature="AreaModuleTest.areaCreation()[pri:0, instance:automation.AdminTest.AreaModuleTest@2584b82d]" name="areaCreation" class="automation.AdminTest.AreaModuleTest"/>
        <method signature="UserModuleTest.adminEnrollment()[pri:1, instance:automation.AdminTest.UserModuleTest@14dd7b39]" name="adminEnrollment" class="automation.AdminTest.UserModuleTest"/>
        <method signature="UserModuleTest.encoderEnrollment()[pri:2, instance:automation.AdminTest.UserModuleTest@14dd7b39]" name="encoderEnrollment" class="automation.AdminTest.UserModuleTest"/>
      </group> <!-- Creation -->
    </groups>
    <test started-at="2024-02-12T21:45:16 CST" name="Login Test" finished-at="2024-02-12T21:46:09 CST" duration-ms="53364">
      <class name="automation.AdminTest.AllLoginTest">
        <test-method is-config="true" signature="launchApplication()[pri:0, instance:automation.AdminTest.AllLoginTest@76494737]" started-at="2024-02-12T21:45:16 CST" name="launchApplication" finished-at="2024-02-12T21:45:25 CST" duration-ms="8755" status="PASS">
          <reporter-output>
          </reporter-output>
        </test-method> <!-- launchApplication -->
        <test-method signature="loginWithAccess()[pri:0, instance:automation.AdminTest.AllLoginTest@76494737]" started-at="2024-02-12T21:45:25 CST" name="loginWithAccess" finished-at="2024-02-12T21:45:32 CST" duration-ms="6970" status="PASS">
          <reporter-output>
          </reporter-output>
        </test-method> <!-- loginWithAccess -->
        <test-method is-config="true" signature="tearDown()[pri:0, instance:automation.AdminTest.AllLoginTest@76494737]" started-at="2024-02-12T21:45:32 CST" name="tearDown" finished-at="2024-02-12T21:45:33 CST" duration-ms="1197" status="PASS">
          <reporter-output>
          </reporter-output>
        </test-method> <!-- tearDown -->
        <test-method is-config="true" signature="launchApplication()[pri:0, instance:automation.AdminTest.AllLoginTest@76494737]" started-at="2024-02-12T21:45:33 CST" name="launchApplication" finished-at="2024-02-12T21:45:40 CST" duration-ms="7300" status="PASS">
          <reporter-output>
          </reporter-output>
        </test-method> <!-- launchApplication -->
        <test-method signature="loginWithInvalidPassword()[pri:0, instance:automation.AdminTest.AllLoginTest@76494737]" started-at="2024-02-12T21:45:40 CST" name="loginWithInvalidPassword" finished-at="2024-02-12T21:45:45 CST" duration-ms="4814" status="PASS">
          <reporter-output>
          </reporter-output>
        </test-method> <!-- loginWithInvalidPassword -->
        <test-method is-config="true" signature="tearDown()[pri:0, instance:automation.AdminTest.AllLoginTest@76494737]" started-at="2024-02-12T21:45:45 CST" name="tearDown" finished-at="2024-02-12T21:45:46 CST" duration-ms="1228" status="PASS">
          <reporter-output>
          </reporter-output>
        </test-method> <!-- tearDown -->
        <test-method is-config="true" signature="launchApplication()[pri:0, instance:automation.AdminTest.AllLoginTest@76494737]" started-at="2024-02-12T21:45:46 CST" name="launchApplication" finished-at="2024-02-12T21:45:54 CST" duration-ms="7452" status="PASS">
          <reporter-output>
          </reporter-output>
        </test-method> <!-- launchApplication -->
        <test-method signature="loginWithInvalidUserName()[pri:0, instance:automation.AdminTest.AllLoginTest@76494737]" started-at="2024-02-12T21:45:54 CST" name="loginWithInvalidUserName" finished-at="2024-02-12T21:45:57 CST" duration-ms="2942" status="PASS">
          <reporter-output>
          </reporter-output>
        </test-method> <!-- loginWithInvalidUserName -->
        <test-method is-config="true" signature="tearDown()[pri:0, instance:automation.AdminTest.AllLoginTest@76494737]" started-at="2024-02-12T21:45:57 CST" name="tearDown" finished-at="2024-02-12T21:45:58 CST" duration-ms="1134" status="PASS">
          <reporter-output>
          </reporter-output>
        </test-method> <!-- tearDown -->
        <test-method is-config="true" signature="launchApplication()[pri:0, instance:automation.AdminTest.AllLoginTest@76494737]" started-at="2024-02-12T21:45:58 CST" name="launchApplication" finished-at="2024-02-12T21:46:05 CST" duration-ms="7266" status="PASS">
          <reporter-output>
          </reporter-output>
        </test-method> <!-- launchApplication -->
        <test-method signature="loginWithoutAccess()[pri:0, instance:automation.AdminTest.AllLoginTest@76494737]" started-at="2024-02-12T21:46:05 CST" name="loginWithoutAccess" finished-at="2024-02-12T21:46:08 CST" duration-ms="2966" status="PASS">
          <reporter-output>
          </reporter-output>
        </test-method> <!-- loginWithoutAccess -->
        <test-method is-config="true" signature="tearDown()[pri:0, instance:automation.AdminTest.AllLoginTest@76494737]" started-at="2024-02-12T21:46:08 CST" name="tearDown" finished-at="2024-02-12T21:46:09 CST" duration-ms="1271" status="PASS">
          <reporter-output>
          </reporter-output>
        </test-method> <!-- tearDown -->
      </class> <!-- automation.AdminTest.AllLoginTest -->
    </test> <!-- Login Test -->
    <test started-at="2024-02-12T21:46:09 CST" name="Parking Area Module Test" finished-at="2024-02-12T21:54:17 CST" duration-ms="487862">
      <class name="automation.AdminTest.AreaModuleTest">
        <test-method is-config="true" signature="launchApplication()[pri:0, instance:automation.AdminTest.AreaModuleTest@2584b82d]" started-at="2024-02-12T21:46:09 CST" name="launchApplication" finished-at="2024-02-12T21:46:17 CST" duration-ms="7337" status="PASS">
          <reporter-output>
          </reporter-output>
        </test-method> <!-- launchApplication -->
        <test-method signature="areaCodeDupValidation()[pri:0, instance:automation.AdminTest.AreaModuleTest@2584b82d]" started-at="2024-02-12T21:46:17 CST" name="areaCodeDupValidation" finished-at="2024-02-12T21:46:41 CST" duration-ms="23842" status="PASS">
          <reporter-output>
          </reporter-output>
        </test-method> <!-- areaCodeDupValidation -->
        <test-method is-config="true" signature="tearDown()[pri:0, instance:automation.AdminTest.AreaModuleTest@2584b82d]" started-at="2024-02-12T21:46:41 CST" name="tearDown" finished-at="2024-02-12T21:46:42 CST" duration-ms="1198" status="PASS">
          <reporter-output>
          </reporter-output>
        </test-method> <!-- tearDown -->
        <test-method is-config="true" signature="launchApplication()[pri:0, instance:automation.AdminTest.AreaModuleTest@2584b82d]" started-at="2024-02-12T21:46:42 CST" name="launchApplication" finished-at="2024-02-12T21:46:49 CST" duration-ms="7304" status="PASS">
          <reporter-output>
          </reporter-output>
        </test-method> <!-- launchApplication -->
        <test-method signature="areaCreation()[pri:0, instance:automation.AdminTest.AreaModuleTest@2584b82d]" started-at="2024-02-12T21:46:49 CST" name="areaCreation" finished-at="2024-02-12T21:47:33 CST" duration-ms="43694" status="PASS">
          <reporter-output>
          </reporter-output>
        </test-method> <!-- areaCreation -->
        <test-method is-config="true" signature="tearDown()[pri:0, instance:automation.AdminTest.AreaModuleTest@2584b82d]" started-at="2024-02-12T21:47:33 CST" name="tearDown" finished-at="2024-02-12T21:47:34 CST" duration-ms="1199" status="PASS">
          <reporter-output>
          </reporter-output>
        </test-method> <!-- tearDown -->
        <test-method is-config="true" signature="launchApplication()[pri:0, instance:automation.AdminTest.AreaModuleTest@2584b82d]" started-at="2024-02-12T21:47:34 CST" name="launchApplication" finished-at="2024-02-12T21:47:47 CST" duration-ms="13126" status="PASS">
          <reporter-output>
          </reporter-output>
        </test-method> <!-- launchApplication -->
        <test-method signature="areaNameDupValidation(java.util.HashMap)[pri:0, instance:automation.AdminTest.AreaModuleTest@2584b82d]" started-at="2024-02-12T21:47:47 CST" name="areaNameDupValidation" data-provider="getData" finished-at="2024-02-12T21:48:22 CST" duration-ms="34885" status="PASS">
          <params>
            <param index="0">
              <value>
                <![CDATA[{password=Password1!, mobileNumber=987654321, username=renAdmin}]]>
              </value>
            </param>
          </params>
          <reporter-output>
          </reporter-output>
        </test-method> <!-- areaNameDupValidation -->
        <test-method is-config="true" signature="tearDown()[pri:0, instance:automation.AdminTest.AreaModuleTest@2584b82d]" started-at="2024-02-12T21:48:22 CST" name="tearDown" finished-at="2024-02-12T21:48:23 CST" duration-ms="1198" status="PASS">
          <reporter-output>
          </reporter-output>
        </test-method> <!-- tearDown -->
        <test-method is-config="true" signature="launchApplication()[pri:0, instance:automation.AdminTest.AreaModuleTest@2584b82d]" started-at="2024-02-12T21:48:23 CST" name="launchApplication" finished-at="2024-02-12T21:48:31 CST" duration-ms="7336" status="PASS">
          <reporter-output>
          </reporter-output>
        </test-method> <!-- launchApplication -->
        <test-method signature="areaPagePagenation()[pri:0, instance:automation.AdminTest.AreaModuleTest@2584b82d]" started-at="2024-02-12T21:48:31 CST" name="areaPagePagenation" finished-at="2024-02-12T21:49:08 CST" duration-ms="37488" status="PASS">
          <reporter-output>
          </reporter-output>
        </test-method> <!-- areaPagePagenation -->
        <test-method is-config="true" signature="tearDown()[pri:0, instance:automation.AdminTest.AreaModuleTest@2584b82d]" started-at="2024-02-12T21:49:08 CST" name="tearDown" finished-at="2024-02-12T21:49:09 CST" duration-ms="1171" status="PASS">
          <reporter-output>
          </reporter-output>
        </test-method> <!-- tearDown -->
        <test-method is-config="true" signature="launchApplication()[pri:0, instance:automation.AdminTest.AreaModuleTest@2584b82d]" started-at="2024-02-12T21:49:09 CST" name="launchApplication" finished-at="2024-02-12T21:49:17 CST" duration-ms="7454" status="PASS">
          <reporter-output>
          </reporter-output>
        </test-method> <!-- launchApplication -->
        <test-method signature="areaPageSelectRow()[pri:0, instance:automation.AdminTest.AreaModuleTest@2584b82d]" started-at="2024-02-12T21:49:17 CST" name="areaPageSelectRow" finished-at="2024-02-12T21:49:44 CST" duration-ms="26699" status="PASS">
          <reporter-output>
          </reporter-output>
        </test-method> <!-- areaPageSelectRow -->
        <test-method is-config="true" signature="tearDown()[pri:0, instance:automation.AdminTest.AreaModuleTest@2584b82d]" started-at="2024-02-12T21:49:44 CST" name="tearDown" finished-at="2024-02-12T21:49:45 CST" duration-ms="1233" status="PASS">
          <reporter-output>
          </reporter-output>
        </test-method> <!-- tearDown -->
        <test-method is-config="true" signature="launchApplication()[pri:0, instance:automation.AdminTest.AreaModuleTest@2584b82d]" started-at="2024-02-12T21:49:45 CST" name="launchApplication" finished-at="2024-02-12T21:49:52 CST" duration-ms="7190" status="PASS">
          <reporter-output>
          </reporter-output>
        </test-method> <!-- launchApplication -->
        <test-method signature="carCapacityInputValidation()[pri:0, instance:automation.AdminTest.AreaModuleTest@2584b82d]" started-at="2024-02-12T21:49:52 CST" name="carCapacityInputValidation" finished-at="2024-02-12T21:50:11 CST" duration-ms="18554" status="PASS">
          <reporter-output>
          </reporter-output>
        </test-method> <!-- carCapacityInputValidation -->
        <test-method is-config="true" signature="tearDown()[pri:0, instance:automation.AdminTest.AreaModuleTest@2584b82d]" started-at="2024-02-12T21:50:11 CST" name="tearDown" finished-at="2024-02-12T21:50:12 CST" duration-ms="1227" status="PASS">
          <reporter-output>
          </reporter-output>
        </test-method> <!-- tearDown -->
        <test-method is-config="true" signature="launchApplication()[pri:0, instance:automation.AdminTest.AreaModuleTest@2584b82d]" started-at="2024-02-12T21:50:12 CST" name="launchApplication" finished-at="2024-02-12T21:50:19 CST" duration-ms="7411" status="PASS">
          <reporter-output>
          </reporter-output>
        </test-method> <!-- launchApplication -->
        <test-method signature="exitCreationAlert()[pri:0, instance:automation.AdminTest.AreaModuleTest@2584b82d]" started-at="2024-02-12T21:50:19 CST" name="exitCreationAlert" finished-at="2024-02-12T21:50:41 CST" duration-ms="21617" status="PASS">
          <reporter-output>
          </reporter-output>
        </test-method> <!-- exitCreationAlert -->
        <test-method is-config="true" signature="tearDown()[pri:0, instance:automation.AdminTest.AreaModuleTest@2584b82d]" started-at="2024-02-12T21:50:41 CST" name="tearDown" finished-at="2024-02-12T21:50:42 CST" duration-ms="1134" status="PASS">
          <reporter-output>
          </reporter-output>
        </test-method> <!-- tearDown -->
        <test-method is-config="true" signature="launchApplication()[pri:0, instance:automation.AdminTest.AreaModuleTest@2584b82d]" started-at="2024-02-12T21:50:42 CST" name="launchApplication" finished-at="2024-02-12T21:50:50 CST" duration-ms="7614" status="PASS">
          <reporter-output>
          </reporter-output>
        </test-method> <!-- launchApplication -->
        <test-method signature="fixedRateMaxLimit()[pri:0, instance:automation.AdminTest.AreaModuleTest@2584b82d]" started-at="2024-02-12T21:50:50 CST" name="fixedRateMaxLimit" finished-at="2024-02-12T21:51:16 CST" duration-ms="26442" status="PASS">
          <reporter-output>
          </reporter-output>
        </test-method> <!-- fixedRateMaxLimit -->
        <test-method is-config="true" signature="tearDown()[pri:0, instance:automation.AdminTest.AreaModuleTest@2584b82d]" started-at="2024-02-12T21:51:16 CST" name="tearDown" finished-at="2024-02-12T21:51:17 CST" duration-ms="1146" status="PASS">
          <reporter-output>
          </reporter-output>
        </test-method> <!-- tearDown -->
        <test-method is-config="true" signature="launchApplication()[pri:0, instance:automation.AdminTest.AreaModuleTest@2584b82d]" started-at="2024-02-12T21:51:17 CST" name="launchApplication" finished-at="2024-02-12T21:51:24 CST" duration-ms="7056" status="PASS">
          <reporter-output>
          </reporter-output>
        </test-method> <!-- launchApplication -->
        <test-method signature="motorcycleCapacityInputValidation()[pri:0, instance:automation.AdminTest.AreaModuleTest@2584b82d]" started-at="2024-02-12T21:51:24 CST" name="motorcycleCapacityInputValidation" finished-at="2024-02-12T21:51:41 CST" duration-ms="16981" status="PASS">
          <reporter-output>
          </reporter-output>
        </test-method> <!-- motorcycleCapacityInputValidation -->
        <test-method is-config="true" signature="tearDown()[pri:0, instance:automation.AdminTest.AreaModuleTest@2584b82d]" started-at="2024-02-12T21:51:41 CST" name="tearDown" finished-at="2024-02-12T21:51:42 CST" duration-ms="1212" status="PASS">
          <reporter-output>
          </reporter-output>
        </test-method> <!-- tearDown -->
        <test-method is-config="true" signature="launchApplication()[pri:0, instance:automation.AdminTest.AreaModuleTest@2584b82d]" started-at="2024-02-12T21:51:42 CST" name="launchApplication" finished-at="2024-02-12T21:51:50 CST" duration-ms="7331" status="PASS">
          <reporter-output>
          </reporter-output>
        </test-method> <!-- launchApplication -->
        <test-method signature="setCMotorcycleCapacityPlusButtonToDisable()[pri:0, instance:automation.AdminTest.AreaModuleTest@2584b82d]" started-at="2024-02-12T21:51:50 CST" name="setCMotorcycleCapacityPlusButtonToDisable" finished-at="2024-02-12T21:52:08 CST" duration-ms="17730" status="PASS">
          <reporter-output>
          </reporter-output>
        </test-method> <!-- setCMotorcycleCapacityPlusButtonToDisable -->
        <test-method is-config="true" signature="tearDown()[pri:0, instance:automation.AdminTest.AreaModuleTest@2584b82d]" started-at="2024-02-12T21:52:08 CST" name="tearDown" finished-at="2024-02-12T21:52:09 CST" duration-ms="1226" status="PASS">
          <reporter-output>
          </reporter-output>
        </test-method> <!-- tearDown -->
        <test-method is-config="true" signature="launchApplication()[pri:0, instance:automation.AdminTest.AreaModuleTest@2584b82d]" started-at="2024-02-12T21:52:09 CST" name="launchApplication" finished-at="2024-02-12T21:52:16 CST" duration-ms="7138" status="PASS">
          <reporter-output>
          </reporter-output>
        </test-method> <!-- launchApplication -->
        <test-method signature="setCarCapacityMinusButtonToDisable()[pri:0, instance:automation.AdminTest.AreaModuleTest@2584b82d]" started-at="2024-02-12T21:52:16 CST" name="setCarCapacityMinusButtonToDisable" finished-at="2024-02-12T21:52:34 CST" duration-ms="17909" status="PASS">
          <reporter-output>
          </reporter-output>
        </test-method> <!-- setCarCapacityMinusButtonToDisable -->
        <test-method is-config="true" signature="tearDown()[pri:0, instance:automation.AdminTest.AreaModuleTest@2584b82d]" started-at="2024-02-12T21:52:34 CST" name="tearDown" finished-at="2024-02-12T21:52:35 CST" duration-ms="1126" status="PASS">
          <reporter-output>
          </reporter-output>
        </test-method> <!-- tearDown -->
        <test-method is-config="true" signature="launchApplication()[pri:0, instance:automation.AdminTest.AreaModuleTest@2584b82d]" started-at="2024-02-12T21:52:35 CST" name="launchApplication" finished-at="2024-02-12T21:52:42 CST" duration-ms="7242" status="PASS">
          <reporter-output>
          </reporter-output>
        </test-method> <!-- launchApplication -->
        <test-method signature="setCarCapacityPlusButtonToDisable()[pri:0, instance:automation.AdminTest.AreaModuleTest@2584b82d]" started-at="2024-02-12T21:52:42 CST" name="setCarCapacityPlusButtonToDisable" finished-at="2024-02-12T21:53:00 CST" duration-ms="18171" status="PASS">
          <reporter-output>
          </reporter-output>
        </test-method> <!-- setCarCapacityPlusButtonToDisable -->
        <test-method is-config="true" signature="tearDown()[pri:0, instance:automation.AdminTest.AreaModuleTest@2584b82d]" started-at="2024-02-12T21:53:00 CST" name="tearDown" finished-at="2024-02-12T21:53:02 CST" duration-ms="1224" status="PASS">
          <reporter-output>
          </reporter-output>
        </test-method> <!-- tearDown -->
        <test-method is-config="true" signature="launchApplication()[pri:0, instance:automation.AdminTest.AreaModuleTest@2584b82d]" started-at="2024-02-12T21:53:02 CST" name="launchApplication" finished-at="2024-02-12T21:53:14 CST" duration-ms="12552" status="PASS">
          <reporter-output>
          </reporter-output>
        </test-method> <!-- launchApplication -->
        <test-method signature="setMotorcycleCapacityPlusButtonToDisable()[pri:0, instance:automation.AdminTest.AreaModuleTest@2584b82d]" started-at="2024-02-12T21:53:14 CST" name="setMotorcycleCapacityPlusButtonToDisable" finished-at="2024-02-12T21:53:42 CST" duration-ms="28147" status="PASS">
          <reporter-output>
          </reporter-output>
        </test-method> <!-- setMotorcycleCapacityPlusButtonToDisable -->
        <test-method is-config="true" signature="tearDown()[pri:0, instance:automation.AdminTest.AreaModuleTest@2584b82d]" started-at="2024-02-12T21:53:42 CST" name="tearDown" finished-at="2024-02-12T21:53:43 CST" duration-ms="1197" status="PASS">
          <reporter-output>
          </reporter-output>
        </test-method> <!-- tearDown -->
        <test-method is-config="true" signature="launchApplication()[pri:0, instance:automation.AdminTest.AreaModuleTest@2584b82d]" started-at="2024-02-12T21:53:43 CST" name="launchApplication" finished-at="2024-02-12T21:53:51 CST" duration-ms="7123" status="PASS">
          <reporter-output>
          </reporter-output>
        </test-method> <!-- launchApplication -->
        <test-method signature="validateUpdateParkingArea()[pri:0, instance:automation.AdminTest.AreaModuleTest@2584b82d]" started-at="2024-02-12T21:53:51 CST" name="validateUpdateParkingArea" finished-at="2024-02-12T21:54:16 CST" duration-ms="25455" status="PASS">
          <reporter-output>
          </reporter-output>
        </test-method> <!-- validateUpdateParkingArea -->
        <test-method is-config="true" signature="tearDown()[pri:0, instance:automation.AdminTest.AreaModuleTest@2584b82d]" started-at="2024-02-12T21:54:16 CST" name="tearDown" finished-at="2024-02-12T21:54:17 CST" duration-ms="1191" status="PASS">
          <reporter-output>
          </reporter-output>
        </test-method> <!-- tearDown -->
      </class> <!-- automation.AdminTest.AreaModuleTest -->
    </test> <!-- Parking Area Module Test -->
    <test started-at="2024-02-12T21:54:17 CST" name="User Module Test" finished-at="2024-02-12T21:59:17 CST" duration-ms="299550">
      <class name="automation.AdminTest.UserModuleTest">
        <test-method is-config="true" signature="launchApplication()[pri:0, instance:automation.AdminTest.UserModuleTest@14dd7b39]" started-at="2024-02-12T21:54:17 CST" name="launchApplication" finished-at="2024-02-12T21:54:24 CST" duration-ms="7174" status="PASS">
          <reporter-output>
          </reporter-output>
        </test-method> <!-- launchApplication -->
        <test-method signature="exitEnrollmentAlert()[pri:0, instance:automation.AdminTest.UserModuleTest@14dd7b39]" started-at="2024-02-12T21:54:24 CST" name="exitEnrollmentAlert" finished-at="2024-02-12T21:54:42 CST" duration-ms="17556" status="PASS">
          <reporter-output>
          </reporter-output>
        </test-method> <!-- exitEnrollmentAlert -->
        <test-method is-config="true" signature="tearDown()[pri:0, instance:automation.AdminTest.UserModuleTest@14dd7b39]" started-at="2024-02-12T21:54:42 CST" name="tearDown" finished-at="2024-02-12T21:54:43 CST" duration-ms="1175" status="PASS">
          <reporter-output>
          </reporter-output>
        </test-method> <!-- tearDown -->
        <test-method is-config="true" signature="launchApplication()[pri:0, instance:automation.AdminTest.UserModuleTest@14dd7b39]" started-at="2024-02-12T21:54:43 CST" name="launchApplication" finished-at="2024-02-12T21:54:50 CST" duration-ms="7265" status="PASS">
          <reporter-output>
          </reporter-output>
        </test-method> <!-- launchApplication -->
        <test-method signature="getCopyUserName()[pri:0, instance:automation.AdminTest.UserModuleTest@14dd7b39]" started-at="2024-02-12T21:54:50 CST" name="getCopyUserName" finished-at="2024-02-12T21:55:07 CST" duration-ms="16762" status="PASS">
          <reporter-output>
          </reporter-output>
        </test-method> <!-- getCopyUserName -->
        <test-method is-config="true" signature="tearDown()[pri:0, instance:automation.AdminTest.UserModuleTest@14dd7b39]" started-at="2024-02-12T21:55:07 CST" name="tearDown" finished-at="2024-02-12T21:55:08 CST" duration-ms="1203" status="PASS">
          <reporter-output>
          </reporter-output>
        </test-method> <!-- tearDown -->
        <test-method is-config="true" signature="launchApplication()[pri:0, instance:automation.AdminTest.UserModuleTest@14dd7b39]" started-at="2024-02-12T21:55:08 CST" name="launchApplication" finished-at="2024-02-12T21:55:16 CST" duration-ms="7343" status="PASS">
          <reporter-output>
          </reporter-output>
        </test-method> <!-- launchApplication -->
        <test-method signature="getCopyUserPassword()[pri:0, instance:automation.AdminTest.UserModuleTest@14dd7b39]" started-at="2024-02-12T21:55:16 CST" name="getCopyUserPassword" finished-at="2024-02-12T21:55:33 CST" duration-ms="17155" status="PASS">
          <reporter-output>
          </reporter-output>
        </test-method> <!-- getCopyUserPassword -->
        <test-method is-config="true" signature="tearDown()[pri:0, instance:automation.AdminTest.UserModuleTest@14dd7b39]" started-at="2024-02-12T21:55:33 CST" name="tearDown" finished-at="2024-02-12T21:55:34 CST" duration-ms="1189" status="PASS">
          <reporter-output>
          </reporter-output>
        </test-method> <!-- tearDown -->
        <test-method is-config="true" signature="launchApplication()[pri:0, instance:automation.AdminTest.UserModuleTest@14dd7b39]" started-at="2024-02-12T21:55:34 CST" name="launchApplication" finished-at="2024-02-12T21:55:41 CST" duration-ms="7201" status="PASS">
          <reporter-output>
          </reporter-output>
        </test-method> <!-- launchApplication -->
        <test-method signature="userEmailDupValidation()[pri:0, instance:automation.AdminTest.UserModuleTest@14dd7b39]" started-at="2024-02-12T21:55:41 CST" name="userEmailDupValidation" finished-at="2024-02-12T21:55:59 CST" duration-ms="17982" status="PASS">
          <reporter-output>
          </reporter-output>
        </test-method> <!-- userEmailDupValidation -->
        <test-method is-config="true" signature="tearDown()[pri:0, instance:automation.AdminTest.UserModuleTest@14dd7b39]" started-at="2024-02-12T21:55:59 CST" name="tearDown" finished-at="2024-02-12T21:56:00 CST" duration-ms="1170" status="PASS">
          <reporter-output>
          </reporter-output>
        </test-method> <!-- tearDown -->
        <test-method is-config="true" signature="launchApplication()[pri:0, instance:automation.AdminTest.UserModuleTest@14dd7b39]" started-at="2024-02-12T21:56:00 CST" name="launchApplication" finished-at="2024-02-12T21:56:08 CST" duration-ms="7571" status="PASS">
          <reporter-output>
          </reporter-output>
        </test-method> <!-- launchApplication -->
        <test-method signature="userPagePagenation()[pri:0, instance:automation.AdminTest.UserModuleTest@14dd7b39]" started-at="2024-02-12T21:56:08 CST" name="userPagePagenation" finished-at="2024-02-12T21:56:36 CST" duration-ms="28236" status="PASS">
          <reporter-output>
          </reporter-output>
        </test-method> <!-- userPagePagenation -->
        <test-method is-config="true" signature="tearDown()[pri:0, instance:automation.AdminTest.UserModuleTest@14dd7b39]" started-at="2024-02-12T21:56:36 CST" name="tearDown" finished-at="2024-02-12T21:56:37 CST" duration-ms="1196" status="PASS">
          <reporter-output>
          </reporter-output>
        </test-method> <!-- tearDown -->
        <test-method is-config="true" signature="launchApplication()[pri:0, instance:automation.AdminTest.UserModuleTest@14dd7b39]" started-at="2024-02-12T21:56:37 CST" name="launchApplication" finished-at="2024-02-12T21:56:45 CST" duration-ms="7365" status="PASS">
          <reporter-output>
          </reporter-output>
        </test-method> <!-- launchApplication -->
        <test-method signature="userPageSelectRow()[pri:0, instance:automation.AdminTest.UserModuleTest@14dd7b39]" started-at="2024-02-12T21:56:45 CST" name="userPageSelectRow" finished-at="2024-02-12T21:57:11 CST" duration-ms="26418" status="PASS">
          <reporter-output>
          </reporter-output>
        </test-method> <!-- userPageSelectRow -->
        <test-method is-config="true" signature="tearDown()[pri:0, instance:automation.AdminTest.UserModuleTest@14dd7b39]" started-at="2024-02-12T21:57:11 CST" name="tearDown" finished-at="2024-02-12T21:57:12 CST" duration-ms="1189" status="PASS">
          <reporter-output>
          </reporter-output>
        </test-method> <!-- tearDown -->
        <test-method is-config="true" signature="launchApplication()[pri:0, instance:automation.AdminTest.UserModuleTest@14dd7b39]" started-at="2024-02-12T21:57:12 CST" name="launchApplication" finished-at="2024-02-12T21:57:20 CST" duration-ms="7537" status="PASS">
          <reporter-output>
          </reporter-output>
        </test-method> <!-- launchApplication -->
        <test-method signature="adminEnrollment()[pri:1, instance:automation.AdminTest.UserModuleTest@14dd7b39]" started-at="2024-02-12T21:57:20 CST" name="adminEnrollment" finished-at="2024-02-12T21:57:51 CST" duration-ms="30519" status="PASS">
          <reporter-output>
          </reporter-output>
        </test-method> <!-- adminEnrollment -->
        <test-method is-config="true" signature="tearDown()[pri:0, instance:automation.AdminTest.UserModuleTest@14dd7b39]" started-at="2024-02-12T21:57:51 CST" name="tearDown" finished-at="2024-02-12T21:57:52 CST" duration-ms="1213" status="PASS">
          <reporter-output>
          </reporter-output>
        </test-method> <!-- tearDown -->
        <test-method is-config="true" signature="launchApplication()[pri:0, instance:automation.AdminTest.UserModuleTest@14dd7b39]" started-at="2024-02-12T21:57:52 CST" name="launchApplication" finished-at="2024-02-12T21:57:59 CST" duration-ms="7122" status="PASS">
          <reporter-output>
          </reporter-output>
        </test-method> <!-- launchApplication -->
        <test-method signature="encoderEnrollment()[pri:2, instance:automation.AdminTest.UserModuleTest@14dd7b39]" started-at="2024-02-12T21:57:59 CST" name="encoderEnrollment" finished-at="2024-02-12T21:58:38 CST" duration-ms="38760" status="PASS">
          <reporter-output>
          </reporter-output>
        </test-method> <!-- encoderEnrollment -->
        <test-method is-config="true" signature="tearDown()[pri:0, instance:automation.AdminTest.UserModuleTest@14dd7b39]" started-at="2024-02-12T21:58:38 CST" name="tearDown" finished-at="2024-02-12T21:58:39 CST" duration-ms="1177" status="PASS">
          <reporter-output>
          </reporter-output>
        </test-method> <!-- tearDown -->
        <test-method is-config="true" signature="launchApplication()[pri:0, instance:automation.AdminTest.UserModuleTest@14dd7b39]" started-at="2024-02-12T21:58:39 CST" name="launchApplication" finished-at="2024-02-12T21:58:50 CST" duration-ms="11422" status="PASS">
          <reporter-output>
          </reporter-output>
        </test-method> <!-- launchApplication -->
        <test-method signature="editUserAccount()[pri:3, instance:automation.AdminTest.UserModuleTest@14dd7b39]" started-at="2024-02-12T21:58:50 CST" name="editUserAccount" finished-at="2024-02-12T21:59:16 CST" duration-ms="25378" status="PASS">
          <reporter-output>
          </reporter-output>
        </test-method> <!-- editUserAccount -->
        <test-method is-config="true" signature="tearDown()[pri:0, instance:automation.AdminTest.UserModuleTest@14dd7b39]" started-at="2024-02-12T21:59:16 CST" name="tearDown" finished-at="2024-02-12T21:59:17 CST" duration-ms="1240" status="PASS">
          <reporter-output>
          </reporter-output>
        </test-method> <!-- tearDown -->
      </class> <!-- automation.AdminTest.UserModuleTest -->
    </test> <!-- User Module Test -->
    <test started-at="2024-02-12T21:59:17 CST" name="Filter And Search Test" finished-at="2024-02-12T22:01:43 CST" duration-ms="145842">
      <class name="automation.AdminTest.FilterAndSearchTest">
        <test-method is-config="true" signature="launchApplication()[pri:0, instance:automation.AdminTest.FilterAndSearchTest@5a7fe64f]" started-at="2024-02-12T21:59:17 CST" name="launchApplication" finished-at="2024-02-12T21:59:24 CST" duration-ms="7161" status="PASS">
          <reporter-output>
          </reporter-output>
        </test-method> <!-- launchApplication -->
        <test-method signature="filterByAdminRole()[pri:0, instance:automation.AdminTest.FilterAndSearchTest@5a7fe64f]" started-at="2024-02-12T21:59:24 CST" name="filterByAdminRole" finished-at="2024-02-12T21:59:37 CST" duration-ms="13372" status="PASS">
          <reporter-output>
          </reporter-output>
        </test-method> <!-- filterByAdminRole -->
        <test-method is-config="true" signature="tearDown()[pri:0, instance:automation.AdminTest.FilterAndSearchTest@5a7fe64f]" started-at="2024-02-12T21:59:37 CST" name="tearDown" finished-at="2024-02-12T21:59:39 CST" duration-ms="1157" status="PASS">
          <reporter-output>
          </reporter-output>
        </test-method> <!-- tearDown -->
        <test-method is-config="true" signature="launchApplication()[pri:0, instance:automation.AdminTest.FilterAndSearchTest@5a7fe64f]" started-at="2024-02-12T21:59:39 CST" name="launchApplication" finished-at="2024-02-12T21:59:47 CST" duration-ms="8167" status="PASS">
          <reporter-output>
          </reporter-output>
        </test-method> <!-- launchApplication -->
        <test-method signature="filterByEncoderRole()[pri:0, instance:automation.AdminTest.FilterAndSearchTest@5a7fe64f]" started-at="2024-02-12T21:59:47 CST" name="filterByEncoderRole" finished-at="2024-02-12T22:00:01 CST" duration-ms="13815" status="PASS">
          <reporter-output>
          </reporter-output>
        </test-method> <!-- filterByEncoderRole -->
        <test-method is-config="true" signature="tearDown()[pri:0, instance:automation.AdminTest.FilterAndSearchTest@5a7fe64f]" started-at="2024-02-12T22:00:01 CST" name="tearDown" finished-at="2024-02-12T22:00:02 CST" duration-ms="1204" status="PASS">
          <reporter-output>
          </reporter-output>
        </test-method> <!-- tearDown -->
        <test-method is-config="true" signature="launchApplication()[pri:0, instance:automation.AdminTest.FilterAndSearchTest@5a7fe64f]" started-at="2024-02-12T22:00:02 CST" name="launchApplication" finished-at="2024-02-12T22:00:09 CST" duration-ms="7319" status="PASS">
          <reporter-output>
          </reporter-output>
        </test-method> <!-- launchApplication -->
        <test-method signature="parkingAreaCodeSearch(java.util.HashMap)[pri:0, instance:automation.AdminTest.FilterAndSearchTest@5a7fe64f]" started-at="2024-02-12T22:00:09 CST" name="parkingAreaCodeSearch" data-provider="getData" finished-at="2024-02-12T22:00:26 CST" duration-ms="16634" status="PASS">
          <params>
            <param index="0">
              <value>
                <![CDATA[{password=Password1!, mobileNumber=987654321, username=renAdmin}]]>
              </value>
            </param>
          </params>
          <reporter-output>
          </reporter-output>
        </test-method> <!-- parkingAreaCodeSearch -->
        <test-method is-config="true" signature="tearDown()[pri:0, instance:automation.AdminTest.FilterAndSearchTest@5a7fe64f]" started-at="2024-02-12T22:00:26 CST" name="tearDown" finished-at="2024-02-12T22:00:27 CST" duration-ms="1197" status="PASS">
          <reporter-output>
          </reporter-output>
        </test-method> <!-- tearDown -->
        <test-method is-config="true" signature="launchApplication()[pri:0, instance:automation.AdminTest.FilterAndSearchTest@5a7fe64f]" started-at="2024-02-12T22:00:27 CST" name="launchApplication" finished-at="2024-02-12T22:00:34 CST" duration-ms="7398" status="PASS">
          <reporter-output>
          </reporter-output>
        </test-method> <!-- launchApplication -->
        <test-method signature="parkingNameSearch(java.util.HashMap)[pri:0, instance:automation.AdminTest.FilterAndSearchTest@5a7fe64f]" started-at="2024-02-12T22:00:34 CST" name="parkingNameSearch" data-provider="getData" finished-at="2024-02-12T22:00:49 CST" duration-ms="14942" status="PASS">
          <params>
            <param index="0">
              <value>
                <![CDATA[{password=Password1!, mobileNumber=987654321, username=renAdmin}]]>
              </value>
            </param>
          </params>
          <reporter-output>
          </reporter-output>
        </test-method> <!-- parkingNameSearch -->
        <test-method is-config="true" signature="tearDown()[pri:0, instance:automation.AdminTest.FilterAndSearchTest@5a7fe64f]" started-at="2024-02-12T22:00:49 CST" name="tearDown" finished-at="2024-02-12T22:00:51 CST" duration-ms="1190" status="PASS">
          <reporter-output>
          </reporter-output>
        </test-method> <!-- tearDown -->
        <test-method is-config="true" signature="launchApplication()[pri:0, instance:automation.AdminTest.FilterAndSearchTest@5a7fe64f]" started-at="2024-02-12T22:00:51 CST" name="launchApplication" finished-at="2024-02-12T22:00:58 CST" duration-ms="7243" status="PASS">
          <reporter-output>
          </reporter-output>
        </test-method> <!-- launchApplication -->
        <test-method signature="userEmailSearch()[pri:0, instance:automation.AdminTest.FilterAndSearchTest@5a7fe64f]" started-at="2024-02-12T22:00:58 CST" name="userEmailSearch" finished-at="2024-02-12T22:01:06 CST" duration-ms="8642" status="PASS">
          <reporter-output>
          </reporter-output>
        </test-method> <!-- userEmailSearch -->
        <test-method is-config="true" signature="tearDown()[pri:0, instance:automation.AdminTest.FilterAndSearchTest@5a7fe64f]" started-at="2024-02-12T22:01:06 CST" name="tearDown" finished-at="2024-02-12T22:01:08 CST" duration-ms="1177" status="PASS">
          <reporter-output>
          </reporter-output>
        </test-method> <!-- tearDown -->
        <test-method is-config="true" signature="launchApplication()[pri:0, instance:automation.AdminTest.FilterAndSearchTest@5a7fe64f]" started-at="2024-02-12T22:01:08 CST" name="launchApplication" finished-at="2024-02-12T22:01:15 CST" duration-ms="7778" status="PASS">
          <reporter-output>
          </reporter-output>
        </test-method> <!-- launchApplication -->
        <test-method signature="userFirstNameSearch()[pri:0, instance:automation.AdminTest.FilterAndSearchTest@5a7fe64f]" started-at="2024-02-12T22:01:15 CST" name="userFirstNameSearch" finished-at="2024-02-12T22:01:24 CST" duration-ms="8997" status="PASS">
          <reporter-output>
          </reporter-output>
        </test-method> <!-- userFirstNameSearch -->
        <test-method is-config="true" signature="tearDown()[pri:0, instance:automation.AdminTest.FilterAndSearchTest@5a7fe64f]" started-at="2024-02-12T22:01:24 CST" name="tearDown" finished-at="2024-02-12T22:01:26 CST" duration-ms="1254" status="PASS">
          <reporter-output>
          </reporter-output>
        </test-method> <!-- tearDown -->
        <test-method is-config="true" signature="launchApplication()[pri:0, instance:automation.AdminTest.FilterAndSearchTest@5a7fe64f]" started-at="2024-02-12T22:01:26 CST" name="launchApplication" finished-at="2024-02-12T22:01:33 CST" duration-ms="7077" status="PASS">
          <reporter-output>
          </reporter-output>
        </test-method> <!-- launchApplication -->
        <test-method signature="userLastNameSearch()[pri:0, instance:automation.AdminTest.FilterAndSearchTest@5a7fe64f]" started-at="2024-02-12T22:01:33 CST" name="userLastNameSearch" finished-at="2024-02-12T22:01:42 CST" duration-ms="8927" status="PASS">
          <reporter-output>
          </reporter-output>
        </test-method> <!-- userLastNameSearch -->
        <test-method is-config="true" signature="tearDown()[pri:0, instance:automation.AdminTest.FilterAndSearchTest@5a7fe64f]" started-at="2024-02-12T22:01:42 CST" name="tearDown" finished-at="2024-02-12T22:01:43 CST" duration-ms="1167" status="PASS">
          <reporter-output>
          </reporter-output>
        </test-method> <!-- tearDown -->
      </class> <!-- automation.AdminTest.FilterAndSearchTest -->
    </test> <!-- Filter And Search Test -->
    <test started-at="2024-02-12T22:01:43 CST" name="Permission Test" finished-at="2024-02-12T22:07:10 CST" duration-ms="326947">
      <class name="automation.AdminTest.PermissionTest">
        <test-method is-config="true" signature="launchApplication()[pri:0, instance:automation.AdminTest.PermissionTest@23941fb4]" started-at="2024-02-12T22:01:43 CST" name="launchApplication" finished-at="2024-02-12T22:01:50 CST" duration-ms="7242" status="PASS">
          <reporter-output>
          </reporter-output>
        </test-method> <!-- launchApplication -->
        <test-method signature="adminWithRestrictedStatus()[pri:0, instance:automation.AdminTest.PermissionTest@23941fb4]" started-at="2024-02-12T22:01:50 CST" name="adminWithRestrictedStatus" finished-at="2024-02-12T22:02:03 CST" duration-ms="13078" status="PASS">
          <reporter-output>
          </reporter-output>
        </test-method> <!-- adminWithRestrictedStatus -->
        <test-method is-config="true" signature="tearDown()[pri:0, instance:automation.AdminTest.PermissionTest@23941fb4]" started-at="2024-02-12T22:02:03 CST" name="tearDown" finished-at="2024-02-12T22:02:04 CST" duration-ms="1214" status="PASS">
          <reporter-output>
          </reporter-output>
        </test-method> <!-- tearDown -->
        <test-method is-config="true" signature="launchApplication()[pri:0, instance:automation.AdminTest.PermissionTest@23941fb4]" started-at="2024-02-12T22:02:04 CST" name="launchApplication" finished-at="2024-02-12T22:02:12 CST" duration-ms="7288" status="PASS">
          <reporter-output>
          </reporter-output>
        </test-method> <!-- launchApplication -->
        <test-method signature="encoderWithActiveStatusDesktopLogin()[pri:0, instance:automation.AdminTest.PermissionTest@23941fb4]" started-at="2024-02-12T22:02:12 CST" name="encoderWithActiveStatusDesktopLogin" finished-at="2024-02-12T22:02:58 CST" duration-ms="45855" status="PASS">
          <reporter-output>
          </reporter-output>
        </test-method> <!-- encoderWithActiveStatusDesktopLogin -->
        <test-method is-config="true" signature="tearDown()[pri:0, instance:automation.AdminTest.PermissionTest@23941fb4]" started-at="2024-02-12T22:02:58 CST" name="tearDown" finished-at="2024-02-12T22:02:59 CST" duration-ms="1203" status="PASS">
          <reporter-output>
          </reporter-output>
        </test-method> <!-- tearDown -->
        <test-method is-config="true" signature="launchApplication()[pri:0, instance:automation.AdminTest.PermissionTest@23941fb4]" started-at="2024-02-12T22:02:59 CST" name="launchApplication" finished-at="2024-02-12T22:03:06 CST" duration-ms="7467" status="PASS">
          <reporter-output>
          </reporter-output>
        </test-method> <!-- launchApplication -->
        <test-method signature="encoderWithActiveStatusMobileAppLogin()[pri:0, instance:automation.AdminTest.PermissionTest@23941fb4]" started-at="2024-02-12T22:03:06 CST" name="encoderWithActiveStatusMobileAppLogin" finished-at="2024-02-12T22:03:35 CST" duration-ms="28773" status="PASS">
          <reporter-output>
          </reporter-output>
        </test-method> <!-- encoderWithActiveStatusMobileAppLogin -->
        <test-method is-config="true" signature="tearDown()[pri:0, instance:automation.AdminTest.PermissionTest@23941fb4]" started-at="2024-02-12T22:03:35 CST" name="tearDown" finished-at="2024-02-12T22:03:36 CST" duration-ms="1229" status="PASS">
          <reporter-output>
          </reporter-output>
        </test-method> <!-- tearDown -->
        <test-method is-config="true" signature="launchApplication()[pri:0, instance:automation.AdminTest.PermissionTest@23941fb4]" started-at="2024-02-12T22:03:36 CST" name="launchApplication" finished-at="2024-02-12T22:03:43 CST" duration-ms="7211" status="PASS">
          <reporter-output>
          </reporter-output>
        </test-method> <!-- launchApplication -->
        <test-method signature="encoderWithAllowExitToFalse()[pri:0, instance:automation.AdminTest.PermissionTest@23941fb4]" started-at="2024-02-12T22:03:43 CST" name="encoderWithAllowExitToFalse" finished-at="2024-02-12T22:04:21 CST" duration-ms="38015" status="PASS">
          <reporter-output>
          </reporter-output>
        </test-method> <!-- encoderWithAllowExitToFalse -->
        <test-method is-config="true" signature="tearDown()[pri:0, instance:automation.AdminTest.PermissionTest@23941fb4]" started-at="2024-02-12T22:04:21 CST" name="tearDown" finished-at="2024-02-12T22:04:23 CST" duration-ms="1214" status="PASS">
          <reporter-output>
          </reporter-output>
        </test-method> <!-- tearDown -->
        <test-method is-config="true" signature="launchApplication()[pri:0, instance:automation.AdminTest.PermissionTest@23941fb4]" started-at="2024-02-12T22:04:23 CST" name="launchApplication" finished-at="2024-02-12T22:04:35 CST" duration-ms="12551" status="PASS">
          <reporter-output>
          </reporter-output>
        </test-method> <!-- launchApplication -->
        <test-method signature="encoderWithAllowExitToTrue()[pri:0, instance:automation.AdminTest.PermissionTest@23941fb4]" started-at="2024-02-12T22:04:35 CST" name="encoderWithAllowExitToTrue" finished-at="2024-02-12T22:05:12 CST" duration-ms="36302" status="PASS">
          <reporter-output>
          </reporter-output>
        </test-method> <!-- encoderWithAllowExitToTrue -->
        <test-method is-config="true" signature="tearDown()[pri:0, instance:automation.AdminTest.PermissionTest@23941fb4]" started-at="2024-02-12T22:05:12 CST" name="tearDown" finished-at="2024-02-12T22:05:13 CST" duration-ms="1274" status="PASS">
          <reporter-output>
          </reporter-output>
        </test-method> <!-- tearDown -->
        <test-method is-config="true" signature="launchApplication()[pri:0, instance:automation.AdminTest.PermissionTest@23941fb4]" started-at="2024-02-12T22:05:13 CST" name="launchApplication" finished-at="2024-02-12T22:05:20 CST" duration-ms="7501" status="PASS">
          <reporter-output>
          </reporter-output>
        </test-method> <!-- launchApplication -->
        <test-method signature="encoderWithPaymentAcceptanceSetToFalse()[pri:0, instance:automation.AdminTest.PermissionTest@23941fb4]" started-at="2024-02-12T22:05:20 CST" name="encoderWithPaymentAcceptanceSetToFalse" finished-at="2024-02-12T22:05:38 CST" duration-ms="17644" status="PASS">
          <reporter-output>
          </reporter-output>
        </test-method> <!-- encoderWithPaymentAcceptanceSetToFalse -->
        <test-method is-config="true" signature="tearDown()[pri:0, instance:automation.AdminTest.PermissionTest@23941fb4]" started-at="2024-02-12T22:05:38 CST" name="tearDown" finished-at="2024-02-12T22:05:39 CST" duration-ms="1283" status="PASS">
          <reporter-output>
          </reporter-output>
        </test-method> <!-- tearDown -->
        <test-method is-config="true" signature="launchApplication()[pri:0, instance:automation.AdminTest.PermissionTest@23941fb4]" started-at="2024-02-12T22:05:39 CST" name="launchApplication" finished-at="2024-02-12T22:05:46 CST" duration-ms="7153" status="PASS">
          <reporter-output>
          </reporter-output>
        </test-method> <!-- launchApplication -->
        <test-method signature="encoderWithPaymentAcceptanceSetToTrue()[pri:0, instance:automation.AdminTest.PermissionTest@23941fb4]" started-at="2024-02-12T22:05:46 CST" name="encoderWithPaymentAcceptanceSetToTrue" finished-at="2024-02-12T22:06:17 CST" duration-ms="30490" status="PASS">
          <reporter-output>
          </reporter-output>
        </test-method> <!-- encoderWithPaymentAcceptanceSetToTrue -->
        <test-method is-config="true" signature="tearDown()[pri:0, instance:automation.AdminTest.PermissionTest@23941fb4]" started-at="2024-02-12T22:06:17 CST" name="tearDown" finished-at="2024-02-12T22:06:18 CST" duration-ms="1196" status="PASS">
          <reporter-output>
          </reporter-output>
        </test-method> <!-- tearDown -->
        <test-method is-config="true" signature="launchApplication()[pri:0, instance:automation.AdminTest.PermissionTest@23941fb4]" started-at="2024-02-12T22:06:18 CST" name="launchApplication" finished-at="2024-02-12T22:06:26 CST" duration-ms="7737" status="PASS">
          <reporter-output>
          </reporter-output>
        </test-method> <!-- launchApplication -->
        <test-method signature="encoderWithRestrictedStatusDesktopLogin()[pri:0, instance:automation.AdminTest.PermissionTest@23941fb4]" started-at="2024-02-12T22:06:26 CST" name="encoderWithRestrictedStatusDesktopLogin" finished-at="2024-02-12T22:06:46 CST" duration-ms="20282" status="PASS">
          <reporter-output>
          </reporter-output>
        </test-method> <!-- encoderWithRestrictedStatusDesktopLogin -->
        <test-method is-config="true" signature="tearDown()[pri:0, instance:automation.AdminTest.PermissionTest@23941fb4]" started-at="2024-02-12T22:06:46 CST" name="tearDown" finished-at="2024-02-12T22:06:47 CST" duration-ms="1315" status="PASS">
          <reporter-output>
          </reporter-output>
        </test-method> <!-- tearDown -->
        <test-method is-config="true" signature="launchApplication()[pri:0, instance:automation.AdminTest.PermissionTest@23941fb4]" started-at="2024-02-12T22:06:47 CST" name="launchApplication" finished-at="2024-02-12T22:06:55 CST" duration-ms="7277" status="PASS">
          <reporter-output>
          </reporter-output>
        </test-method> <!-- launchApplication -->
        <test-method signature="encoderWithRestrictedStatusMobileAppLogin()[pri:0, instance:automation.AdminTest.PermissionTest@23941fb4]" started-at="2024-02-12T22:06:55 CST" name="encoderWithRestrictedStatusMobileAppLogin" finished-at="2024-02-12T22:07:09 CST" duration-ms="13906" status="PASS">
          <reporter-output>
          </reporter-output>
        </test-method> <!-- encoderWithRestrictedStatusMobileAppLogin -->
        <test-method is-config="true" signature="tearDown()[pri:0, instance:automation.AdminTest.PermissionTest@23941fb4]" started-at="2024-02-12T22:07:09 CST" name="tearDown" finished-at="2024-02-12T22:07:10 CST" duration-ms="1220" status="PASS">
          <reporter-output>
          </reporter-output>
        </test-method> <!-- tearDown -->
      </class> <!-- automation.AdminTest.PermissionTest -->
    </test> <!-- Permission Test -->
  </suite> <!-- Suite -->
</testng-results>
