<?xml version="1.0" encoding="UTF-8"?>
<testng-results retried="1" ignored="1" total="58" passed="50" failed="6" skipped="0">
  <reporter-output>
  </reporter-output>
  <suite started-at="2024-05-04T10:02:58 CST" name="Suite" finished-at="2024-05-04T10:30:47 CST" duration-ms="1669502">
    <groups>
      <group name="ErrorHandling">
        <method signature="AllLoginTest.loginWithInvalidPassword()[pri:0, instance:automation.AdminTest.AllLoginTest@7fcbe147]" name="loginWithInvalidPassword" class="automation.AdminTest.AllLoginTest"/>
        <method signature="AllLoginTest.loginWithoutAccess()[pri:0, instance:automation.AdminTest.AllLoginTest@7fcbe147]" name="loginWithoutAccess" class="automation.AdminTest.AllLoginTest"/>
        <method signature="AllLoginTest.loginWithInvalidUserName()[pri:1, instance:automation.AdminTest.AllLoginTest@7fcbe147]" name="loginWithInvalidUserName" class="automation.AdminTest.AllLoginTest"/>
        <method signature="AreaModuleTest.areaCodeDupValidation()[pri:0, instance:automation.AdminTest.AreaModuleTest@591e58fa]" name="areaCodeDupValidation" class="automation.AdminTest.AreaModuleTest"/>
        <method signature="AreaModuleTest.areaNameDupValidation()[pri:0, instance:automation.AdminTest.AreaModuleTest@591e58fa]" name="areaNameDupValidation" class="automation.AdminTest.AreaModuleTest"/>
        <method signature="AreaModuleTest.fixedRateMaxLimit()[pri:0, instance:automation.AdminTest.AreaModuleTest@591e58fa]" name="fixedRateMaxLimit" class="automation.AdminTest.AreaModuleTest"/>
        <method signature="UserModuleTest.userEmailDupValidation()[pri:0, instance:automation.AdminTest.UserModuleTest@61078690]" name="userEmailDupValidation" class="automation.AdminTest.UserModuleTest"/>
      </group> <!-- ErrorHandling -->
      <group name="Creation">
        <method signature="AreaModuleTest.areaCreation()[pri:1, instance:automation.AdminTest.AreaModuleTest@591e58fa]" name="areaCreation" class="automation.AdminTest.AreaModuleTest"/>
        <method signature="UserModuleTest.adminEnrollment()[pri:1, instance:automation.AdminTest.UserModuleTest@61078690]" name="adminEnrollment" class="automation.AdminTest.UserModuleTest"/>
        <method signature="UserModuleTest.cashierEnrollment()[pri:2, instance:automation.AdminTest.UserModuleTest@61078690]" name="cashierEnrollment" class="automation.AdminTest.UserModuleTest"/>
        <method signature="UserModuleTest.encoderEnrollment()[pri:2, instance:automation.AdminTest.UserModuleTest@61078690]" name="encoderEnrollment" class="automation.AdminTest.UserModuleTest"/>
        <method signature="UserModuleTest.managerEnrollment()[pri:2, instance:automation.AdminTest.UserModuleTest@61078690]" name="managerEnrollment" class="automation.AdminTest.UserModuleTest"/>
      </group> <!-- Creation -->
    </groups>
    <test started-at="2024-05-04T10:02:58 CST" name="Login Test" finished-at="2024-05-04T10:03:57 CST" duration-ms="59166">
      <class name="automation.AdminTest.AllLoginTest">
        <test-method is-config="true" signature="launchApplication()[pri:0, instance:automation.AdminTest.AllLoginTest@7fcbe147]" started-at="2024-05-04T10:02:58 CST" name="launchApplication" finished-at="2024-05-04T10:03:12 CST" duration-ms="13717" status="PASS">
          <reporter-output>
          </reporter-output>
        </test-method> <!-- launchApplication -->
        <test-method signature="loginWithAccess()[pri:0, instance:automation.AdminTest.AllLoginTest@7fcbe147]" started-at="2024-05-04T10:03:12 CST" name="loginWithAccess" finished-at="2024-05-04T10:03:31 CST" duration-ms="19119" status="PASS">
          <reporter-output>
          </reporter-output>
        </test-method> <!-- loginWithAccess -->
        <test-method is-config="true" signature="tearDown()[pri:0, instance:automation.AdminTest.AllLoginTest@7fcbe147]" started-at="2024-05-04T10:03:31 CST" name="tearDown" finished-at="2024-05-04T10:03:32 CST" duration-ms="1253" status="PASS">
          <reporter-output>
          </reporter-output>
        </test-method> <!-- tearDown -->
        <test-method is-config="true" signature="launchApplication()[pri:0, instance:automation.AdminTest.AllLoginTest@7fcbe147]" started-at="2024-05-04T10:03:32 CST" name="launchApplication" finished-at="2024-05-04T10:03:36 CST" duration-ms="3857" status="PASS">
          <reporter-output>
          </reporter-output>
        </test-method> <!-- launchApplication -->
        <test-method signature="loginWithInvalidPassword()[pri:0, instance:automation.AdminTest.AllLoginTest@7fcbe147]" started-at="2024-05-04T10:03:36 CST" name="loginWithInvalidPassword" finished-at="2024-05-04T10:03:41 CST" duration-ms="5052" status="PASS">
          <reporter-output>
          </reporter-output>
        </test-method> <!-- loginWithInvalidPassword -->
        <test-method is-config="true" signature="tearDown()[pri:0, instance:automation.AdminTest.AllLoginTest@7fcbe147]" started-at="2024-05-04T10:03:41 CST" name="tearDown" finished-at="2024-05-04T10:03:42 CST" duration-ms="1143" status="PASS">
          <reporter-output>
          </reporter-output>
        </test-method> <!-- tearDown -->
        <test-method is-config="true" signature="launchApplication()[pri:0, instance:automation.AdminTest.AllLoginTest@7fcbe147]" started-at="2024-05-04T10:03:42 CST" name="launchApplication" finished-at="2024-05-04T10:03:46 CST" duration-ms="3722" status="PASS">
          <reporter-output>
          </reporter-output>
        </test-method> <!-- launchApplication -->
        <test-method signature="loginWithoutAccess()[pri:0, instance:automation.AdminTest.AllLoginTest@7fcbe147]" started-at="2024-05-04T10:03:46 CST" name="loginWithoutAccess" finished-at="2024-05-04T10:03:48 CST" duration-ms="2712" status="PASS">
          <reporter-output>
          </reporter-output>
        </test-method> <!-- loginWithoutAccess -->
        <test-method is-config="true" signature="tearDown()[pri:0, instance:automation.AdminTest.AllLoginTest@7fcbe147]" started-at="2024-05-04T10:03:48 CST" name="tearDown" finished-at="2024-05-04T10:03:50 CST" duration-ms="1276" status="PASS">
          <reporter-output>
          </reporter-output>
        </test-method> <!-- tearDown -->
        <test-method is-config="true" signature="launchApplication()[pri:0, instance:automation.AdminTest.AllLoginTest@7fcbe147]" started-at="2024-05-04T10:03:50 CST" name="launchApplication" finished-at="2024-05-04T10:03:53 CST" duration-ms="3474" status="PASS">
          <reporter-output>
          </reporter-output>
        </test-method> <!-- launchApplication -->
        <test-method signature="loginWithInvalidUserName()[pri:1, instance:automation.AdminTest.AllLoginTest@7fcbe147]" started-at="2024-05-04T10:03:53 CST" name="loginWithInvalidUserName" finished-at="2024-05-04T10:03:56 CST" duration-ms="2556" status="PASS">
          <reporter-output>
          </reporter-output>
        </test-method> <!-- loginWithInvalidUserName -->
        <test-method is-config="true" signature="tearDown()[pri:0, instance:automation.AdminTest.AllLoginTest@7fcbe147]" started-at="2024-05-04T10:03:56 CST" name="tearDown" finished-at="2024-05-04T10:03:57 CST" duration-ms="1222" status="PASS">
          <reporter-output>
          </reporter-output>
        </test-method> <!-- tearDown -->
      </class> <!-- automation.AdminTest.AllLoginTest -->
    </test> <!-- Login Test -->
    <test started-at="2024-05-04T10:03:57 CST" name="Permission Test" finished-at="2024-05-04T10:08:14 CST" duration-ms="256922">
      <class name="automation.AdminTest.PermissionTest">
        <test-method is-config="true" signature="launchApplication()[pri:0, instance:automation.AdminTest.PermissionTest@f9879ac]" started-at="2024-05-04T10:03:57 CST" name="launchApplication" finished-at="2024-05-04T10:04:00 CST" duration-ms="3431" status="PASS">
          <reporter-output>
          </reporter-output>
        </test-method> <!-- launchApplication -->
        <test-method signature="encoderWithActiveStatus()[pri:0, instance:automation.AdminTest.PermissionTest@f9879ac]" started-at="2024-05-04T10:04:00 CST" name="encoderWithActiveStatus" finished-at="2024-05-04T10:04:11 CST" duration-ms="10754" status="PASS">
          <reporter-output>
          </reporter-output>
        </test-method> <!-- encoderWithActiveStatus -->
        <test-method is-config="true" signature="tearDown()[pri:0, instance:automation.AdminTest.PermissionTest@f9879ac]" started-at="2024-05-04T10:04:11 CST" name="tearDown" finished-at="2024-05-04T10:04:13 CST" duration-ms="1289" status="PASS">
          <reporter-output>
          </reporter-output>
        </test-method> <!-- tearDown -->
        <test-method is-config="true" signature="launchApplication()[pri:0, instance:automation.AdminTest.PermissionTest@f9879ac]" started-at="2024-05-04T10:04:13 CST" name="launchApplication" finished-at="2024-05-04T10:04:16 CST" duration-ms="3667" status="PASS">
          <reporter-output>
          </reporter-output>
        </test-method> <!-- launchApplication -->
        <test-method retried="true" signature="encoderWithAllowExitToTrue()[pri:0, instance:automation.AdminTest.PermissionTest@f9879ac]" started-at="2024-05-04T10:04:16 CST" name="encoderWithAllowExitToTrue" finished-at="2024-05-04T10:04:26 CST" duration-ms="10275" status="SKIP">
          <exception class="org.openqa.selenium.StaleElementReferenceException">
            <message>
              <![CDATA[stale element reference: stale element not found in the current frame
  (Session info: chrome=124.0.6367.92)
For documentation on this error, please visit: https://www.selenium.dev/documentation/webdriver/troubleshooting/errors#stale-element-reference-exception
Build info: version: '4.17.0', revision: 'e52b1be057*'
System info: os.name: 'Windows 10', os.arch: 'amd64', os.version: '10.0', java.version: '21.0.1'
Driver info: org.openqa.selenium.chrome.ChromeDriver
Command: [e81b0a463e7926e35e5e45178b4d6d53, getElementText {id=f.4F6DE35BC4A2843610F316598DAB3E9A.d.A60D8F17757ADDD68CFA281F095CDE95.e.114}]
Capabilities {acceptInsecureCerts: false, browserName: chrome, browserVersion: 124.0.6367.92, chrome: {chromedriverVersion: 124.0.6367.91 (51df0e5e17a8..., userDataDir: C:\Users\LOCAL_~1.CAS\AppDa...}, fedcm:accounts: true, goog:chromeOptions: {debuggerAddress: localhost:50141}, networkConnectionEnabled: false, pageLoadStrategy: normal, platformName: windows, proxy: Proxy(), se:cdp: ws://localhost:50141/devtoo..., se:cdpVersion: 124.0.6367.92, setWindowRect: true, strictFileInteractability: false, timeouts: {implicit: 0, pageLoad: 300000, script: 30000}, unhandledPromptBehavior: dismiss and notify, webauthn:extension:credBlob: true, webauthn:extension:largeBlob: true, webauthn:extension:minPinLength: true, webauthn:extension:prf: true, webauthn:virtualAuthenticators: true}
Element: [[ChromeDriver: chrome on windows (e81b0a463e7926e35e5e45178b4d6d53)] -> xpath: (//tr/td)[3]]
Session ID: e81b0a463e7926e35e5e45178b4d6d53]]>
            </message>
            <full-stacktrace>
              <![CDATA[org.openqa.selenium.StaleElementReferenceException: stale element reference: stale element not found in the current frame
  (Session info: chrome=124.0.6367.92)
For documentation on this error, please visit: https://www.selenium.dev/documentation/webdriver/troubleshooting/errors#stale-element-reference-exception
Build info: version: '4.17.0', revision: 'e52b1be057*'
System info: os.name: 'Windows 10', os.arch: 'amd64', os.version: '10.0', java.version: '21.0.1'
Driver info: org.openqa.selenium.chrome.ChromeDriver
Command: [e81b0a463e7926e35e5e45178b4d6d53, getElementText {id=f.4F6DE35BC4A2843610F316598DAB3E9A.d.A60D8F17757ADDD68CFA281F095CDE95.e.114}]
Capabilities {acceptInsecureCerts: false, browserName: chrome, browserVersion: 124.0.6367.92, chrome: {chromedriverVersion: 124.0.6367.91 (51df0e5e17a8..., userDataDir: C:\Users\LOCAL_~1.CAS\AppDa...}, fedcm:accounts: true, goog:chromeOptions: {debuggerAddress: localhost:50141}, networkConnectionEnabled: false, pageLoadStrategy: normal, platformName: windows, proxy: Proxy(), se:cdp: ws://localhost:50141/devtoo..., se:cdpVersion: 124.0.6367.92, setWindowRect: true, strictFileInteractability: false, timeouts: {implicit: 0, pageLoad: 300000, script: 30000}, unhandledPromptBehavior: dismiss and notify, webauthn:extension:credBlob: true, webauthn:extension:largeBlob: true, webauthn:extension:minPinLength: true, webauthn:extension:prf: true, webauthn:virtualAuthenticators: true}
Element: [[ChromeDriver: chrome on windows (e81b0a463e7926e35e5e45178b4d6d53)] -> xpath: (//tr/td)[3]]
Session ID: e81b0a463e7926e35e5e45178b4d6d53
at java.base/jdk.internal.reflect.DirectConstructorHandleAccessor.newInstance(DirectConstructorHandleAccessor.java:62)
at java.base/java.lang.reflect.Constructor.newInstanceWithCaller(Constructor.java:502)
at java.base/java.lang.reflect.Constructor.newInstance(Constructor.java:486)
at org.openqa.selenium.remote.codec.w3c.W3CHttpResponseCodec.createException(W3CHttpResponseCodec.java:185)
at org.openqa.selenium.remote.codec.w3c.W3CHttpResponseCodec.decode(W3CHttpResponseCodec.java:134)
at org.openqa.selenium.remote.codec.w3c.W3CHttpResponseCodec.decode(W3CHttpResponseCodec.java:51)
at org.openqa.selenium.remote.HttpCommandExecutor.execute(HttpCommandExecutor.java:190)
at org.openqa.selenium.remote.service.DriverCommandExecutor.invokeExecute(DriverCommandExecutor.java:216)
at org.openqa.selenium.remote.service.DriverCommandExecutor.execute(DriverCommandExecutor.java:174)
at org.openqa.selenium.remote.RemoteWebDriver.execute(RemoteWebDriver.java:519)
at org.openqa.selenium.remote.RemoteWebElement.execute(RemoteWebElement.java:223)
at org.openqa.selenium.remote.RemoteWebElement.getText(RemoteWebElement.java:191)
at java.base/jdk.internal.reflect.DirectMethodHandleAccessor.invoke(DirectMethodHandleAccessor.java:103)
at java.base/java.lang.reflect.Method.invoke(Method.java:580)
at org.openqa.selenium.support.pagefactory.internal.LocatingElementHandler.invoke(LocatingElementHandler.java:51)
at jdk.proxy2/jdk.proxy2.$Proxy15.getText(Unknown Source)
at automation.PageObject.Permissions.getEmailAddressAndSearch(Permissions.java:171)
at automation.PageObject.Permissions.setUserStatus(Permissions.java:233)
at automation.PageObject.Permissions.setAllowExitToTrue(Permissions.java:224)
at automation.AdminTest.PermissionTest.encoderWithAllowExitToTrue(PermissionTest.java:81)
at java.base/jdk.internal.reflect.DirectMethodHandleAccessor.invoke(DirectMethodHandleAccessor.java:103)
at java.base/java.lang.reflect.Method.invoke(Method.java:580)
at org.testng.internal.invokers.MethodInvocationHelper.invokeMethod(MethodInvocationHelper.java:141)
at org.testng.internal.invokers.TestInvoker.invokeMethod(TestInvoker.java:686)
at org.testng.internal.invokers.TestInvoker.invokeTestMethod(TestInvoker.java:230)
at org.testng.internal.invokers.MethodRunner.runInSequence(MethodRunner.java:63)
at org.testng.internal.invokers.TestInvoker$MethodInvocationAgent.invoke(TestInvoker.java:992)
at org.testng.internal.invokers.TestInvoker.invokeTestMethods(TestInvoker.java:203)
at org.testng.internal.invokers.TestMethodWorker.invokeTestMethods(TestMethodWorker.java:154)
at org.testng.internal.invokers.TestMethodWorker.run(TestMethodWorker.java:134)
at java.base/java.util.ArrayList.forEach(ArrayList.java:1596)
at org.testng.TestRunner.privateRun(TestRunner.java:739)
at org.testng.TestRunner.run(TestRunner.java:614)
at org.testng.SuiteRunner.runTest(SuiteRunner.java:421)
at org.testng.SuiteRunner.runSequentially(SuiteRunner.java:413)
at org.testng.SuiteRunner.privateRun(SuiteRunner.java:373)
at org.testng.SuiteRunner.run(SuiteRunner.java:312)
at org.testng.SuiteRunnerWorker.runSuite(SuiteRunnerWorker.java:52)
at org.testng.SuiteRunnerWorker.run(SuiteRunnerWorker.java:95)
at org.testng.TestNG.runSuitesSequentially(TestNG.java:1274)
at org.testng.TestNG.runSuitesLocally(TestNG.java:1208)
at org.testng.TestNG.runSuites(TestNG.java:1112)
at org.testng.TestNG.run(TestNG.java:1079)
at org.apache.maven.surefire.testng.TestNGExecutor.run(TestNGExecutor.java:308)
at org.apache.maven.surefire.testng.TestNGXmlTestSuite.execute(TestNGXmlTestSuite.java:71)
at org.apache.maven.surefire.testng.TestNGProvider.invoke(TestNGProvider.java:113)
at org.apache.maven.surefire.booter.ForkedBooter.runSuitesInProcess(ForkedBooter.java:385)
at org.apache.maven.surefire.booter.ForkedBooter.execute(ForkedBooter.java:162)
at org.apache.maven.surefire.booter.ForkedBooter.run(ForkedBooter.java:507)
at org.apache.maven.surefire.booter.ForkedBooter.main(ForkedBooter.java:495)
]]>
            </full-stacktrace>
          </exception> <!-- org.openqa.selenium.StaleElementReferenceException -->
          <reporter-output>
          </reporter-output>
        </test-method> <!-- encoderWithAllowExitToTrue -->
        <test-method is-config="true" signature="tearDown()[pri:0, instance:automation.AdminTest.PermissionTest@f9879ac]" started-at="2024-05-04T10:04:27 CST" name="tearDown" finished-at="2024-05-04T10:04:28 CST" duration-ms="1242" status="PASS">
          <reporter-output>
          </reporter-output>
        </test-method> <!-- tearDown -->
        <test-method is-config="true" signature="launchApplication()[pri:0, instance:automation.AdminTest.PermissionTest@f9879ac]" started-at="2024-05-04T10:04:28 CST" name="launchApplication" finished-at="2024-05-04T10:04:32 CST" duration-ms="3680" status="PASS">
          <reporter-output>
          </reporter-output>
        </test-method> <!-- launchApplication -->
        <test-method signature="encoderWithAllowExitToTrue()[pri:0, instance:automation.AdminTest.PermissionTest@f9879ac]" started-at="2024-05-04T10:04:32 CST" name="encoderWithAllowExitToTrue" finished-at="2024-05-04T10:05:37 CST" duration-ms="65149" status="PASS">
          <reporter-output>
          </reporter-output>
        </test-method> <!-- encoderWithAllowExitToTrue -->
        <test-method is-config="true" signature="tearDown()[pri:0, instance:automation.AdminTest.PermissionTest@f9879ac]" started-at="2024-05-04T10:05:37 CST" name="tearDown" finished-at="2024-05-04T10:05:38 CST" duration-ms="1260" status="PASS">
          <reporter-output>
          </reporter-output>
        </test-method> <!-- tearDown -->
        <test-method is-config="true" signature="launchApplication()[pri:0, instance:automation.AdminTest.PermissionTest@f9879ac]" started-at="2024-05-04T10:05:38 CST" name="launchApplication" finished-at="2024-05-04T10:05:42 CST" duration-ms="4016" status="PASS">
          <reporter-output>
          </reporter-output>
        </test-method> <!-- launchApplication -->
        <test-method signature="encoderWithCaptureVehicleSetToTrue()[pri:0, instance:automation.AdminTest.PermissionTest@f9879ac]" started-at="2024-05-04T10:05:42 CST" name="encoderWithCaptureVehicleSetToTrue" finished-at="2024-05-04T10:06:17 CST" duration-ms="34589" status="PASS">
          <reporter-output>
          </reporter-output>
        </test-method> <!-- encoderWithCaptureVehicleSetToTrue -->
        <test-method is-config="true" signature="tearDown()[pri:0, instance:automation.AdminTest.PermissionTest@f9879ac]" started-at="2024-05-04T10:06:17 CST" name="tearDown" finished-at="2024-05-04T10:06:18 CST" duration-ms="1289" status="PASS">
          <reporter-output>
          </reporter-output>
        </test-method> <!-- tearDown -->
        <test-method is-config="true" signature="launchApplication()[pri:0, instance:automation.AdminTest.PermissionTest@f9879ac]" started-at="2024-05-04T10:06:18 CST" name="launchApplication" finished-at="2024-05-04T10:06:22 CST" duration-ms="3679" status="PASS">
          <reporter-output>
          </reporter-output>
        </test-method> <!-- launchApplication -->
        <test-method signature="encoderWithNoRole()[pri:0, instance:automation.AdminTest.PermissionTest@f9879ac]" started-at="2024-05-04T10:06:22 CST" name="encoderWithNoRole" finished-at="2024-05-04T10:06:45 CST" duration-ms="23285" status="PASS">
          <reporter-output>
          </reporter-output>
        </test-method> <!-- encoderWithNoRole -->
        <test-method is-config="true" signature="tearDown()[pri:0, instance:automation.AdminTest.PermissionTest@f9879ac]" started-at="2024-05-04T10:06:45 CST" name="tearDown" finished-at="2024-05-04T10:06:46 CST" duration-ms="1316" status="PASS">
          <reporter-output>
          </reporter-output>
        </test-method> <!-- tearDown -->
        <test-method is-config="true" signature="launchApplication()[pri:0, instance:automation.AdminTest.PermissionTest@f9879ac]" started-at="2024-05-04T10:06:46 CST" name="launchApplication" finished-at="2024-05-04T10:06:50 CST" duration-ms="3739" status="PASS">
          <reporter-output>
          </reporter-output>
        </test-method> <!-- launchApplication -->
        <test-method signature="encoderWithPaymentAcceptanceSetToTrue()[pri:0, instance:automation.AdminTest.PermissionTest@f9879ac]" started-at="2024-05-04T10:06:50 CST" name="encoderWithPaymentAcceptanceSetToTrue" finished-at="2024-05-04T10:07:15 CST" duration-ms="25223" status="PASS">
          <reporter-output>
          </reporter-output>
        </test-method> <!-- encoderWithPaymentAcceptanceSetToTrue -->
        <test-method is-config="true" signature="tearDown()[pri:0, instance:automation.AdminTest.PermissionTest@f9879ac]" started-at="2024-05-04T10:07:15 CST" name="tearDown" finished-at="2024-05-04T10:07:16 CST" duration-ms="1297" status="PASS">
          <reporter-output>
          </reporter-output>
        </test-method> <!-- tearDown -->
        <test-method is-config="true" signature="launchApplication()[pri:0, instance:automation.AdminTest.PermissionTest@f9879ac]" started-at="2024-05-04T10:07:16 CST" name="launchApplication" finished-at="2024-05-04T10:07:20 CST" duration-ms="3301" status="PASS">
          <reporter-output>
          </reporter-output>
        </test-method> <!-- launchApplication -->
        <test-method signature="encoderWithRestrictedStatusDesktopLogin()[pri:0, instance:automation.AdminTest.PermissionTest@f9879ac]" started-at="2024-05-04T10:07:20 CST" name="encoderWithRestrictedStatusDesktopLogin" finished-at="2024-05-04T10:07:41 CST" duration-ms="21653" status="PASS">
          <reporter-output>
          </reporter-output>
        </test-method> <!-- encoderWithRestrictedStatusDesktopLogin -->
        <test-method is-config="true" signature="tearDown()[pri:0, instance:automation.AdminTest.PermissionTest@f9879ac]" started-at="2024-05-04T10:07:41 CST" name="tearDown" finished-at="2024-05-04T10:07:43 CST" duration-ms="1188" status="PASS">
          <reporter-output>
          </reporter-output>
        </test-method> <!-- tearDown -->
        <test-method is-config="true" signature="launchApplication()[pri:0, instance:automation.AdminTest.PermissionTest@f9879ac]" started-at="2024-05-04T10:07:43 CST" name="launchApplication" finished-at="2024-05-04T10:07:47 CST" duration-ms="3964" status="PASS">
          <reporter-output>
          </reporter-output>
        </test-method> <!-- launchApplication -->
        <test-method signature="encoderWithRestrictedStatusMobileAppLogin()[pri:0, instance:automation.AdminTest.PermissionTest@f9879ac]" started-at="2024-05-04T10:07:47 CST" name="encoderWithRestrictedStatusMobileAppLogin" finished-at="2024-05-04T10:07:56 CST" duration-ms="9360" status="FAIL">
          <exception class="org.openqa.selenium.StaleElementReferenceException">
            <message>
              <![CDATA[stale element reference: stale element not found in the current frame
  (Session info: chrome=124.0.6367.92)
For documentation on this error, please visit: https://www.selenium.dev/documentation/webdriver/troubleshooting/errors#stale-element-reference-exception
Build info: version: '4.17.0', revision: 'e52b1be057*'
System info: os.name: 'Windows 10', os.arch: 'amd64', os.version: '10.0', java.version: '21.0.1'
Driver info: org.openqa.selenium.chrome.ChromeDriver
Command: [45111184badbefe90003ca8db82e1018, getElementText {id=f.8F6DCA3F98BF5E94B0333670323D269F.d.9EF38573A6D3D335DA6CB94A583893B1.e.122}]
Capabilities {acceptInsecureCerts: false, browserName: chrome, browserVersion: 124.0.6367.92, chrome: {chromedriverVersion: 124.0.6367.91 (51df0e5e17a8..., userDataDir: C:\Users\LOCAL_~1.CAS\AppDa...}, fedcm:accounts: true, goog:chromeOptions: {debuggerAddress: localhost:50543}, networkConnectionEnabled: false, pageLoadStrategy: normal, platformName: windows, proxy: Proxy(), se:cdp: ws://localhost:50543/devtoo..., se:cdpVersion: 124.0.6367.92, setWindowRect: true, strictFileInteractability: false, timeouts: {implicit: 0, pageLoad: 300000, script: 30000}, unhandledPromptBehavior: dismiss and notify, webauthn:extension:credBlob: true, webauthn:extension:largeBlob: true, webauthn:extension:minPinLength: true, webauthn:extension:prf: true, webauthn:virtualAuthenticators: true}
Element: [[ChromeDriver: chrome on windows (45111184badbefe90003ca8db82e1018)] -> xpath: (//tr/td)[3]]
Session ID: 45111184badbefe90003ca8db82e1018]]>
            </message>
            <full-stacktrace>
              <![CDATA[org.openqa.selenium.StaleElementReferenceException: stale element reference: stale element not found in the current frame
  (Session info: chrome=124.0.6367.92)
For documentation on this error, please visit: https://www.selenium.dev/documentation/webdriver/troubleshooting/errors#stale-element-reference-exception
Build info: version: '4.17.0', revision: 'e52b1be057*'
System info: os.name: 'Windows 10', os.arch: 'amd64', os.version: '10.0', java.version: '21.0.1'
Driver info: org.openqa.selenium.chrome.ChromeDriver
Command: [45111184badbefe90003ca8db82e1018, getElementText {id=f.8F6DCA3F98BF5E94B0333670323D269F.d.9EF38573A6D3D335DA6CB94A583893B1.e.122}]
Capabilities {acceptInsecureCerts: false, browserName: chrome, browserVersion: 124.0.6367.92, chrome: {chromedriverVersion: 124.0.6367.91 (51df0e5e17a8..., userDataDir: C:\Users\LOCAL_~1.CAS\AppDa...}, fedcm:accounts: true, goog:chromeOptions: {debuggerAddress: localhost:50543}, networkConnectionEnabled: false, pageLoadStrategy: normal, platformName: windows, proxy: Proxy(), se:cdp: ws://localhost:50543/devtoo..., se:cdpVersion: 124.0.6367.92, setWindowRect: true, strictFileInteractability: false, timeouts: {implicit: 0, pageLoad: 300000, script: 30000}, unhandledPromptBehavior: dismiss and notify, webauthn:extension:credBlob: true, webauthn:extension:largeBlob: true, webauthn:extension:minPinLength: true, webauthn:extension:prf: true, webauthn:virtualAuthenticators: true}
Element: [[ChromeDriver: chrome on windows (45111184badbefe90003ca8db82e1018)] -> xpath: (//tr/td)[3]]
Session ID: 45111184badbefe90003ca8db82e1018
at java.base/jdk.internal.reflect.DirectConstructorHandleAccessor.newInstance(DirectConstructorHandleAccessor.java:62)
at java.base/java.lang.reflect.Constructor.newInstanceWithCaller(Constructor.java:502)
at java.base/java.lang.reflect.Constructor.newInstance(Constructor.java:486)
at org.openqa.selenium.remote.codec.w3c.W3CHttpResponseCodec.createException(W3CHttpResponseCodec.java:185)
at org.openqa.selenium.remote.codec.w3c.W3CHttpResponseCodec.decode(W3CHttpResponseCodec.java:134)
at org.openqa.selenium.remote.codec.w3c.W3CHttpResponseCodec.decode(W3CHttpResponseCodec.java:51)
at org.openqa.selenium.remote.HttpCommandExecutor.execute(HttpCommandExecutor.java:190)
at org.openqa.selenium.remote.service.DriverCommandExecutor.invokeExecute(DriverCommandExecutor.java:216)
at org.openqa.selenium.remote.service.DriverCommandExecutor.execute(DriverCommandExecutor.java:174)
at org.openqa.selenium.remote.RemoteWebDriver.execute(RemoteWebDriver.java:519)
at org.openqa.selenium.remote.RemoteWebElement.execute(RemoteWebElement.java:223)
at org.openqa.selenium.remote.RemoteWebElement.getText(RemoteWebElement.java:191)
at java.base/jdk.internal.reflect.DirectMethodHandleAccessor.invoke(DirectMethodHandleAccessor.java:103)
at java.base/java.lang.reflect.Method.invoke(Method.java:580)
at org.openqa.selenium.support.pagefactory.internal.LocatingElementHandler.invoke(LocatingElementHandler.java:51)
at jdk.proxy2/jdk.proxy2.$Proxy15.getText(Unknown Source)
at automation.PageObject.Permissions.getEmailAddressAndSearch(Permissions.java:171)
at automation.PageObject.Permissions.setUserStatus(Permissions.java:233)
at automation.PageObject.Permissions.setStatusToRestricted(Permissions.java:182)
at automation.AdminTest.PermissionTest.encoderWithRestrictedStatusMobileAppLogin(PermissionTest.java:27)
at java.base/jdk.internal.reflect.DirectMethodHandleAccessor.invoke(DirectMethodHandleAccessor.java:103)
at java.base/java.lang.reflect.Method.invoke(Method.java:580)
at org.testng.internal.invokers.MethodInvocationHelper.invokeMethod(MethodInvocationHelper.java:141)
at org.testng.internal.invokers.TestInvoker.invokeMethod(TestInvoker.java:686)
at org.testng.internal.invokers.TestInvoker.invokeTestMethod(TestInvoker.java:230)
at org.testng.internal.invokers.MethodRunner.runInSequence(MethodRunner.java:63)
at org.testng.internal.invokers.TestInvoker$MethodInvocationAgent.invoke(TestInvoker.java:992)
at org.testng.internal.invokers.TestInvoker.invokeTestMethods(TestInvoker.java:203)
at org.testng.internal.invokers.TestMethodWorker.invokeTestMethods(TestMethodWorker.java:154)
at org.testng.internal.invokers.TestMethodWorker.run(TestMethodWorker.java:134)
at java.base/java.util.ArrayList.forEach(ArrayList.java:1596)
at org.testng.TestRunner.privateRun(TestRunner.java:739)
at org.testng.TestRunner.run(TestRunner.java:614)
at org.testng.SuiteRunner.runTest(SuiteRunner.java:421)
at org.testng.SuiteRunner.runSequentially(SuiteRunner.java:413)
at org.testng.SuiteRunner.privateRun(SuiteRunner.java:373)
at org.testng.SuiteRunner.run(SuiteRunner.java:312)
at org.testng.SuiteRunnerWorker.runSuite(SuiteRunnerWorker.java:52)
at org.testng.SuiteRunnerWorker.run(SuiteRunnerWorker.java:95)
at org.testng.TestNG.runSuitesSequentially(TestNG.java:1274)
at org.testng.TestNG.runSuitesLocally(TestNG.java:1208)
at org.testng.TestNG.runSuites(TestNG.java:1112)
at org.testng.TestNG.run(TestNG.java:1079)
at org.apache.maven.surefire.testng.TestNGExecutor.run(TestNGExecutor.java:308)
at org.apache.maven.surefire.testng.TestNGXmlTestSuite.execute(TestNGXmlTestSuite.java:71)
at org.apache.maven.surefire.testng.TestNGProvider.invoke(TestNGProvider.java:113)
at org.apache.maven.surefire.booter.ForkedBooter.runSuitesInProcess(ForkedBooter.java:385)
at org.apache.maven.surefire.booter.ForkedBooter.execute(ForkedBooter.java:162)
at org.apache.maven.surefire.booter.ForkedBooter.run(ForkedBooter.java:507)
at org.apache.maven.surefire.booter.ForkedBooter.main(ForkedBooter.java:495)
]]>
            </full-stacktrace>
          </exception> <!-- org.openqa.selenium.StaleElementReferenceException -->
          <reporter-output>
          </reporter-output>
        </test-method> <!-- encoderWithRestrictedStatusMobileAppLogin -->
        <test-method is-config="true" signature="tearDown()[pri:0, instance:automation.AdminTest.PermissionTest@f9879ac]" started-at="2024-05-04T10:07:56 CST" name="tearDown" finished-at="2024-05-04T10:07:57 CST" duration-ms="1130" status="PASS">
          <reporter-output>
          </reporter-output>
        </test-method> <!-- tearDown -->
        <test-method is-config="true" signature="launchApplication()[pri:0, instance:automation.AdminTest.PermissionTest@f9879ac]" started-at="2024-05-04T10:07:57 CST" name="launchApplication" finished-at="2024-05-04T10:08:01 CST" duration-ms="3441" status="PASS">
          <reporter-output>
          </reporter-output>
        </test-method> <!-- launchApplication -->
        <test-method signature="adminWithRestrictedStatus()[pri:1, instance:automation.AdminTest.PermissionTest@f9879ac]" started-at="2024-05-04T10:08:01 CST" name="adminWithRestrictedStatus" finished-at="2024-05-04T10:08:13 CST" duration-ms="11996" status="PASS">
          <reporter-output>
          </reporter-output>
        </test-method> <!-- adminWithRestrictedStatus -->
        <test-method is-config="true" signature="tearDown()[pri:0, instance:automation.AdminTest.PermissionTest@f9879ac]" started-at="2024-05-04T10:08:13 CST" name="tearDown" finished-at="2024-05-04T10:08:14 CST" duration-ms="1277" status="PASS">
          <reporter-output>
          </reporter-output>
        </test-method> <!-- tearDown -->
      </class> <!-- automation.AdminTest.PermissionTest -->
    </test> <!-- Permission Test -->
    <test started-at="2024-05-04T10:08:14 CST" name="Parking Area Module Test" finished-at="2024-05-04T10:14:52 CST" duration-ms="397538">
      <class name="automation.AdminTest.AreaModuleTest">
        <test-method is-config="true" signature="launchApplication()[pri:0, instance:automation.AdminTest.AreaModuleTest@591e58fa]" started-at="2024-05-04T10:08:14 CST" name="launchApplication" finished-at="2024-05-04T10:08:27 CST" duration-ms="12694" status="PASS">
          <reporter-output>
          </reporter-output>
        </test-method> <!-- launchApplication -->
        <test-method signature="areaCodeDupValidation()[pri:0, instance:automation.AdminTest.AreaModuleTest@591e58fa]" started-at="2024-05-04T10:08:27 CST" name="areaCodeDupValidation" finished-at="2024-05-04T10:08:51 CST" duration-ms="23960" status="PASS">
          <reporter-output>
          </reporter-output>
        </test-method> <!-- areaCodeDupValidation -->
        <test-method is-config="true" signature="tearDown()[pri:0, instance:automation.AdminTest.AreaModuleTest@591e58fa]" started-at="2024-05-04T10:08:51 CST" name="tearDown" finished-at="2024-05-04T10:08:52 CST" duration-ms="1259" status="PASS">
          <reporter-output>
          </reporter-output>
        </test-method> <!-- tearDown -->
        <test-method is-config="true" signature="launchApplication()[pri:0, instance:automation.AdminTest.AreaModuleTest@591e58fa]" started-at="2024-05-04T10:08:52 CST" name="launchApplication" finished-at="2024-05-04T10:08:56 CST" duration-ms="3843" status="PASS">
          <reporter-output>
          </reporter-output>
        </test-method> <!-- launchApplication -->
        <test-method signature="areaNameDupValidation()[pri:0, instance:automation.AdminTest.AreaModuleTest@591e58fa]" started-at="2024-05-04T10:08:56 CST" name="areaNameDupValidation" finished-at="2024-05-04T10:09:21 CST" duration-ms="24748" status="PASS">
          <reporter-output>
          </reporter-output>
        </test-method> <!-- areaNameDupValidation -->
        <test-method is-config="true" signature="tearDown()[pri:0, instance:automation.AdminTest.AreaModuleTest@591e58fa]" started-at="2024-05-04T10:09:21 CST" name="tearDown" finished-at="2024-05-04T10:09:22 CST" duration-ms="1239" status="PASS">
          <reporter-output>
          </reporter-output>
        </test-method> <!-- tearDown -->
        <test-method is-config="true" signature="launchApplication()[pri:0, instance:automation.AdminTest.AreaModuleTest@591e58fa]" started-at="2024-05-04T10:09:22 CST" name="launchApplication" finished-at="2024-05-04T10:09:25 CST" duration-ms="3647" status="PASS">
          <reporter-output>
          </reporter-output>
        </test-method> <!-- launchApplication -->
        <test-method signature="areaPagePagenation()[pri:0, instance:automation.AdminTest.AreaModuleTest@591e58fa]" started-at="2024-05-04T10:09:25 CST" name="areaPagePagenation" finished-at="2024-05-04T10:09:43 CST" duration-ms="17133" status="PASS">
          <reporter-output>
          </reporter-output>
        </test-method> <!-- areaPagePagenation -->
        <test-method is-config="true" signature="tearDown()[pri:0, instance:automation.AdminTest.AreaModuleTest@591e58fa]" started-at="2024-05-04T10:09:43 CST" name="tearDown" finished-at="2024-05-04T10:09:44 CST" duration-ms="1216" status="PASS">
          <reporter-output>
          </reporter-output>
        </test-method> <!-- tearDown -->
        <test-method is-config="true" signature="launchApplication()[pri:0, instance:automation.AdminTest.AreaModuleTest@591e58fa]" started-at="2024-05-04T10:09:44 CST" name="launchApplication" finished-at="2024-05-04T10:09:48 CST" duration-ms="3747" status="PASS">
          <reporter-output>
          </reporter-output>
        </test-method> <!-- launchApplication -->
        <test-method signature="areaPageSelectRow()[pri:0, instance:automation.AdminTest.AreaModuleTest@591e58fa]" started-at="2024-05-04T10:09:48 CST" name="areaPageSelectRow" finished-at="2024-05-04T10:10:14 CST" duration-ms="26235" status="FAIL">
          <exception class="java.lang.AssertionError">
            <message>
              <![CDATA[expected [true] but found [false]]]>
            </message>
            <full-stacktrace>
              <![CDATA[java.lang.AssertionError: expected [true] but found [false]
at org.testng.Assert.fail(Assert.java:111)
at org.testng.Assert.failNotEquals(Assert.java:1578)
at org.testng.Assert.assertTrue(Assert.java:57)
at org.testng.Assert.assertTrue(Assert.java:67)
at automation.AdminTest.AreaModuleTest.areaPageSelectRow(AreaModuleTest.java:100)
at java.base/jdk.internal.reflect.DirectMethodHandleAccessor.invoke(DirectMethodHandleAccessor.java:103)
at java.base/java.lang.reflect.Method.invoke(Method.java:580)
at org.testng.internal.invokers.MethodInvocationHelper.invokeMethod(MethodInvocationHelper.java:141)
at org.testng.internal.invokers.TestInvoker.invokeMethod(TestInvoker.java:686)
at org.testng.internal.invokers.TestInvoker.invokeTestMethod(TestInvoker.java:230)
at org.testng.internal.invokers.MethodRunner.runInSequence(MethodRunner.java:63)
at org.testng.internal.invokers.TestInvoker$MethodInvocationAgent.invoke(TestInvoker.java:992)
at org.testng.internal.invokers.TestInvoker.invokeTestMethods(TestInvoker.java:203)
at org.testng.internal.invokers.TestMethodWorker.invokeTestMethods(TestMethodWorker.java:154)
at org.testng.internal.invokers.TestMethodWorker.run(TestMethodWorker.java:134)
at java.base/java.util.ArrayList.forEach(ArrayList.java:1596)
at org.testng.TestRunner.privateRun(TestRunner.java:739)
at org.testng.TestRunner.run(TestRunner.java:614)
at org.testng.SuiteRunner.runTest(SuiteRunner.java:421)
at org.testng.SuiteRunner.runSequentially(SuiteRunner.java:413)
at org.testng.SuiteRunner.privateRun(SuiteRunner.java:373)
at org.testng.SuiteRunner.run(SuiteRunner.java:312)
at org.testng.SuiteRunnerWorker.runSuite(SuiteRunnerWorker.java:52)
at org.testng.SuiteRunnerWorker.run(SuiteRunnerWorker.java:95)
at org.testng.TestNG.runSuitesSequentially(TestNG.java:1274)
at org.testng.TestNG.runSuitesLocally(TestNG.java:1208)
at org.testng.TestNG.runSuites(TestNG.java:1112)
at org.testng.TestNG.run(TestNG.java:1079)
at org.apache.maven.surefire.testng.TestNGExecutor.run(TestNGExecutor.java:308)
at org.apache.maven.surefire.testng.TestNGXmlTestSuite.execute(TestNGXmlTestSuite.java:71)
at org.apache.maven.surefire.testng.TestNGProvider.invoke(TestNGProvider.java:113)
at org.apache.maven.surefire.booter.ForkedBooter.runSuitesInProcess(ForkedBooter.java:385)
at org.apache.maven.surefire.booter.ForkedBooter.execute(ForkedBooter.java:162)
at org.apache.maven.surefire.booter.ForkedBooter.run(ForkedBooter.java:507)
at org.apache.maven.surefire.booter.ForkedBooter.main(ForkedBooter.java:495)
]]>
            </full-stacktrace>
          </exception> <!-- java.lang.AssertionError -->
          <reporter-output>
          </reporter-output>
        </test-method> <!-- areaPageSelectRow -->
        <test-method is-config="true" signature="tearDown()[pri:0, instance:automation.AdminTest.AreaModuleTest@591e58fa]" started-at="2024-05-04T10:10:14 CST" name="tearDown" finished-at="2024-05-04T10:10:15 CST" duration-ms="1229" status="PASS">
          <reporter-output>
          </reporter-output>
        </test-method> <!-- tearDown -->
        <test-method is-config="true" signature="launchApplication()[pri:0, instance:automation.AdminTest.AreaModuleTest@591e58fa]" started-at="2024-05-04T10:10:15 CST" name="launchApplication" finished-at="2024-05-04T10:10:20 CST" duration-ms="4288" status="PASS">
          <reporter-output>
          </reporter-output>
        </test-method> <!-- launchApplication -->
        <test-method signature="carCapacityInputValidation()[pri:0, instance:automation.AdminTest.AreaModuleTest@591e58fa]" started-at="2024-05-04T10:10:20 CST" name="carCapacityInputValidation" finished-at="2024-05-04T10:10:36 CST" duration-ms="16174" status="PASS">
          <reporter-output>
          </reporter-output>
        </test-method> <!-- carCapacityInputValidation -->
        <test-method is-config="true" signature="tearDown()[pri:0, instance:automation.AdminTest.AreaModuleTest@591e58fa]" started-at="2024-05-04T10:10:36 CST" name="tearDown" finished-at="2024-05-04T10:10:37 CST" duration-ms="1135" status="PASS">
          <reporter-output>
          </reporter-output>
        </test-method> <!-- tearDown -->
        <test-method is-config="true" signature="launchApplication()[pri:0, instance:automation.AdminTest.AreaModuleTest@591e58fa]" started-at="2024-05-04T10:10:37 CST" name="launchApplication" finished-at="2024-05-04T10:10:41 CST" duration-ms="3658" status="PASS">
          <reporter-output>
          </reporter-output>
        </test-method> <!-- launchApplication -->
        <test-method signature="exitCreationAlert()[pri:0, instance:automation.AdminTest.AreaModuleTest@591e58fa]" started-at="2024-05-04T10:10:41 CST" name="exitCreationAlert" finished-at="2024-05-04T10:10:59 CST" duration-ms="18488" status="PASS">
          <reporter-output>
          </reporter-output>
        </test-method> <!-- exitCreationAlert -->
        <test-method is-config="true" signature="tearDown()[pri:0, instance:automation.AdminTest.AreaModuleTest@591e58fa]" started-at="2024-05-04T10:10:59 CST" name="tearDown" finished-at="2024-05-04T10:11:00 CST" duration-ms="1295" status="PASS">
          <reporter-output>
          </reporter-output>
        </test-method> <!-- tearDown -->
        <test-method is-config="true" signature="launchApplication()[pri:0, instance:automation.AdminTest.AreaModuleTest@591e58fa]" started-at="2024-05-04T10:11:00 CST" name="launchApplication" finished-at="2024-05-04T10:11:04 CST" duration-ms="3593" status="PASS">
          <reporter-output>
          </reporter-output>
        </test-method> <!-- launchApplication -->
        <test-method signature="fixedRateMaxLimit()[pri:0, instance:automation.AdminTest.AreaModuleTest@591e58fa]" started-at="2024-05-04T10:11:04 CST" name="fixedRateMaxLimit" finished-at="2024-05-04T10:11:27 CST" duration-ms="23572" status="PASS">
          <reporter-output>
          </reporter-output>
        </test-method> <!-- fixedRateMaxLimit -->
        <test-method is-config="true" signature="tearDown()[pri:0, instance:automation.AdminTest.AreaModuleTest@591e58fa]" started-at="2024-05-04T10:11:27 CST" name="tearDown" finished-at="2024-05-04T10:11:29 CST" duration-ms="1244" status="PASS">
          <reporter-output>
          </reporter-output>
        </test-method> <!-- tearDown -->
        <test-method is-config="true" signature="launchApplication()[pri:0, instance:automation.AdminTest.AreaModuleTest@591e58fa]" started-at="2024-05-04T10:11:29 CST" name="launchApplication" finished-at="2024-05-04T10:11:32 CST" duration-ms="3792" status="PASS">
          <reporter-output>
          </reporter-output>
        </test-method> <!-- launchApplication -->
        <test-method signature="motorcycleCapacityInputValidation()[pri:0, instance:automation.AdminTest.AreaModuleTest@591e58fa]" started-at="2024-05-04T10:11:32 CST" name="motorcycleCapacityInputValidation" finished-at="2024-05-04T10:11:48 CST" duration-ms="15293" status="PASS">
          <reporter-output>
          </reporter-output>
        </test-method> <!-- motorcycleCapacityInputValidation -->
        <test-method is-config="true" signature="tearDown()[pri:0, instance:automation.AdminTest.AreaModuleTest@591e58fa]" started-at="2024-05-04T10:11:48 CST" name="tearDown" finished-at="2024-05-04T10:11:49 CST" duration-ms="1234" status="PASS">
          <reporter-output>
          </reporter-output>
        </test-method> <!-- tearDown -->
        <test-method is-config="true" signature="launchApplication()[pri:0, instance:automation.AdminTest.AreaModuleTest@591e58fa]" started-at="2024-05-04T10:11:49 CST" name="launchApplication" finished-at="2024-05-04T10:11:53 CST" duration-ms="4028" status="PASS">
          <reporter-output>
          </reporter-output>
        </test-method> <!-- launchApplication -->
        <test-method signature="setCMotorcycleCapacityPlusButtonToDisable()[pri:0, instance:automation.AdminTest.AreaModuleTest@591e58fa]" started-at="2024-05-04T10:11:53 CST" name="setCMotorcycleCapacityPlusButtonToDisable" finished-at="2024-05-04T10:12:09 CST" duration-ms="16398" status="PASS">
          <reporter-output>
          </reporter-output>
        </test-method> <!-- setCMotorcycleCapacityPlusButtonToDisable -->
        <test-method is-config="true" signature="tearDown()[pri:0, instance:automation.AdminTest.AreaModuleTest@591e58fa]" started-at="2024-05-04T10:12:09 CST" name="tearDown" finished-at="2024-05-04T10:12:11 CST" duration-ms="1238" status="PASS">
          <reporter-output>
          </reporter-output>
        </test-method> <!-- tearDown -->
        <test-method is-config="true" signature="launchApplication()[pri:0, instance:automation.AdminTest.AreaModuleTest@591e58fa]" started-at="2024-05-04T10:12:11 CST" name="launchApplication" finished-at="2024-05-04T10:12:15 CST" duration-ms="3824" status="PASS">
          <reporter-output>
          </reporter-output>
        </test-method> <!-- launchApplication -->
        <test-method signature="setCarCapacityMinusButtonToDisable()[pri:0, instance:automation.AdminTest.AreaModuleTest@591e58fa]" started-at="2024-05-04T10:12:15 CST" name="setCarCapacityMinusButtonToDisable" finished-at="2024-05-04T10:12:32 CST" duration-ms="17263" status="PASS">
          <reporter-output>
          </reporter-output>
        </test-method> <!-- setCarCapacityMinusButtonToDisable -->
        <test-method is-config="true" signature="tearDown()[pri:0, instance:automation.AdminTest.AreaModuleTest@591e58fa]" started-at="2024-05-04T10:12:32 CST" name="tearDown" finished-at="2024-05-04T10:12:33 CST" duration-ms="1221" status="PASS">
          <reporter-output>
          </reporter-output>
        </test-method> <!-- tearDown -->
        <test-method is-config="true" signature="launchApplication()[pri:0, instance:automation.AdminTest.AreaModuleTest@591e58fa]" started-at="2024-05-04T10:12:33 CST" name="launchApplication" finished-at="2024-05-04T10:12:37 CST" duration-ms="4030" status="PASS">
          <reporter-output>
          </reporter-output>
        </test-method> <!-- launchApplication -->
        <test-method signature="setCarCapacityPlusButtonToDisable()[pri:0, instance:automation.AdminTest.AreaModuleTest@591e58fa]" started-at="2024-05-04T10:12:37 CST" name="setCarCapacityPlusButtonToDisable" finished-at="2024-05-04T10:12:53 CST" duration-ms="16429" status="PASS">
          <reporter-output>
          </reporter-output>
        </test-method> <!-- setCarCapacityPlusButtonToDisable -->
        <test-method is-config="true" signature="tearDown()[pri:0, instance:automation.AdminTest.AreaModuleTest@591e58fa]" started-at="2024-05-04T10:12:53 CST" name="tearDown" finished-at="2024-05-04T10:12:55 CST" duration-ms="1234" status="PASS">
          <reporter-output>
          </reporter-output>
        </test-method> <!-- tearDown -->
        <test-method is-config="true" signature="launchApplication()[pri:0, instance:automation.AdminTest.AreaModuleTest@591e58fa]" started-at="2024-05-04T10:12:55 CST" name="launchApplication" finished-at="2024-05-04T10:12:59 CST" duration-ms="3833" status="PASS">
          <reporter-output>
          </reporter-output>
        </test-method> <!-- launchApplication -->
        <test-method signature="setMotorcycleCapacityPlusButtonToDisable()[pri:0, instance:automation.AdminTest.AreaModuleTest@591e58fa]" started-at="2024-05-04T10:12:59 CST" name="setMotorcycleCapacityPlusButtonToDisable" finished-at="2024-05-04T10:13:15 CST" duration-ms="16946" status="PASS">
          <reporter-output>
          </reporter-output>
        </test-method> <!-- setMotorcycleCapacityPlusButtonToDisable -->
        <test-method is-config="true" signature="tearDown()[pri:0, instance:automation.AdminTest.AreaModuleTest@591e58fa]" started-at="2024-05-04T10:13:15 CST" name="tearDown" finished-at="2024-05-04T10:13:17 CST" duration-ms="1226" status="PASS">
          <reporter-output>
          </reporter-output>
        </test-method> <!-- tearDown -->
        <test-method is-config="true" signature="launchApplication()[pri:0, instance:automation.AdminTest.AreaModuleTest@591e58fa]" started-at="2024-05-04T10:13:17 CST" name="launchApplication" finished-at="2024-05-04T10:13:28 CST" duration-ms="11687" status="PASS">
          <reporter-output>
          </reporter-output>
        </test-method> <!-- launchApplication -->
        <test-method signature="validateUpdateParkingArea()[pri:0, instance:automation.AdminTest.AreaModuleTest@591e58fa]" started-at="2024-05-04T10:13:28 CST" name="validateUpdateParkingArea" finished-at="2024-05-04T10:13:53 CST" duration-ms="24197" status="PASS">
          <reporter-output>
          </reporter-output>
        </test-method> <!-- validateUpdateParkingArea -->
        <test-method is-config="true" signature="tearDown()[pri:0, instance:automation.AdminTest.AreaModuleTest@591e58fa]" started-at="2024-05-04T10:13:53 CST" name="tearDown" finished-at="2024-05-04T10:13:54 CST" duration-ms="1264" status="PASS">
          <reporter-output>
          </reporter-output>
        </test-method> <!-- tearDown -->
        <test-method is-config="true" signature="launchApplication()[pri:0, instance:automation.AdminTest.AreaModuleTest@591e58fa]" started-at="2024-05-04T10:13:54 CST" name="launchApplication" finished-at="2024-05-04T10:13:57 CST" duration-ms="3563" status="PASS">
          <reporter-output>
          </reporter-output>
        </test-method> <!-- launchApplication -->
        <test-method signature="areaCreation()[pri:1, instance:automation.AdminTest.AreaModuleTest@591e58fa]" started-at="2024-05-04T10:13:57 CST" name="areaCreation" finished-at="2024-05-04T10:14:50 CST" duration-ms="52926" status="PASS">
          <reporter-output>
          </reporter-output>
        </test-method> <!-- areaCreation -->
        <test-method is-config="true" signature="tearDown()[pri:0, instance:automation.AdminTest.AreaModuleTest@591e58fa]" started-at="2024-05-04T10:14:50 CST" name="tearDown" finished-at="2024-05-04T10:14:52 CST" duration-ms="1287" status="PASS">
          <reporter-output>
          </reporter-output>
        </test-method> <!-- tearDown -->
      </class> <!-- automation.AdminTest.AreaModuleTest -->
    </test> <!-- Parking Area Module Test -->
    <test started-at="2024-05-04T10:14:52 CST" name="User Module Test" finished-at="2024-05-04T10:20:15 CST" duration-ms="322919">
      <class name="automation.AdminTest.UserModuleTest">
        <test-method is-config="true" signature="launchApplication()[pri:0, instance:automation.AdminTest.UserModuleTest@61078690]" started-at="2024-05-04T10:14:52 CST" name="launchApplication" finished-at="2024-05-04T10:14:55 CST" duration-ms="3720" status="PASS">
          <reporter-output>
          </reporter-output>
        </test-method> <!-- launchApplication -->
        <test-method signature="exitEnrollmentAlert()[pri:0, instance:automation.AdminTest.UserModuleTest@61078690]" started-at="2024-05-04T10:14:55 CST" name="exitEnrollmentAlert" finished-at="2024-05-04T10:15:10 CST" duration-ms="14895" status="PASS">
          <reporter-output>
          </reporter-output>
        </test-method> <!-- exitEnrollmentAlert -->
        <test-method is-config="true" signature="tearDown()[pri:0, instance:automation.AdminTest.UserModuleTest@61078690]" started-at="2024-05-04T10:15:10 CST" name="tearDown" finished-at="2024-05-04T10:15:12 CST" duration-ms="1235" status="PASS">
          <reporter-output>
          </reporter-output>
        </test-method> <!-- tearDown -->
        <test-method is-config="true" signature="launchApplication()[pri:0, instance:automation.AdminTest.UserModuleTest@61078690]" started-at="2024-05-04T10:15:12 CST" name="launchApplication" finished-at="2024-05-04T10:15:15 CST" duration-ms="3869" status="PASS">
          <reporter-output>
          </reporter-output>
        </test-method> <!-- launchApplication -->
        <test-method signature="getCopyUserName()[pri:0, instance:automation.AdminTest.UserModuleTest@61078690]" started-at="2024-05-04T10:15:15 CST" name="getCopyUserName" finished-at="2024-05-04T10:15:33 CST" duration-ms="17196" status="PASS">
          <reporter-output>
          </reporter-output>
        </test-method> <!-- getCopyUserName -->
        <test-method is-config="true" signature="tearDown()[pri:0, instance:automation.AdminTest.UserModuleTest@61078690]" started-at="2024-05-04T10:15:33 CST" name="tearDown" finished-at="2024-05-04T10:15:34 CST" duration-ms="1257" status="PASS">
          <reporter-output>
          </reporter-output>
        </test-method> <!-- tearDown -->
        <test-method is-config="true" signature="launchApplication()[pri:0, instance:automation.AdminTest.UserModuleTest@61078690]" started-at="2024-05-04T10:15:34 CST" name="launchApplication" finished-at="2024-05-04T10:15:38 CST" duration-ms="3950" status="PASS">
          <reporter-output>
          </reporter-output>
        </test-method> <!-- launchApplication -->
        <test-method signature="getCopyUserPassword()[pri:0, instance:automation.AdminTest.UserModuleTest@61078690]" started-at="2024-05-04T10:15:38 CST" name="getCopyUserPassword" finished-at="2024-05-04T10:15:53 CST" duration-ms="15046" status="PASS">
          <reporter-output>
          </reporter-output>
        </test-method> <!-- getCopyUserPassword -->
        <test-method is-config="true" signature="tearDown()[pri:0, instance:automation.AdminTest.UserModuleTest@61078690]" started-at="2024-05-04T10:15:53 CST" name="tearDown" finished-at="2024-05-04T10:15:54 CST" duration-ms="1134" status="PASS">
          <reporter-output>
          </reporter-output>
        </test-method> <!-- tearDown -->
        <test-method is-config="true" signature="launchApplication()[pri:0, instance:automation.AdminTest.UserModuleTest@61078690]" started-at="2024-05-04T10:15:54 CST" name="launchApplication" finished-at="2024-05-04T10:15:58 CST" duration-ms="3655" status="PASS">
          <reporter-output>
          </reporter-output>
        </test-method> <!-- launchApplication -->
        <test-method signature="userEmailDupValidation()[pri:0, instance:automation.AdminTest.UserModuleTest@61078690]" started-at="2024-05-04T10:15:58 CST" name="userEmailDupValidation" finished-at="2024-05-04T10:16:13 CST" duration-ms="15777" status="PASS">
          <reporter-output>
          </reporter-output>
        </test-method> <!-- userEmailDupValidation -->
        <test-method is-config="true" signature="tearDown()[pri:0, instance:automation.AdminTest.UserModuleTest@61078690]" started-at="2024-05-04T10:16:13 CST" name="tearDown" finished-at="2024-05-04T10:16:15 CST" duration-ms="1255" status="PASS">
          <reporter-output>
          </reporter-output>
        </test-method> <!-- tearDown -->
        <test-method is-config="true" signature="launchApplication()[pri:0, instance:automation.AdminTest.UserModuleTest@61078690]" started-at="2024-05-04T10:16:15 CST" name="launchApplication" finished-at="2024-05-04T10:16:19 CST" duration-ms="3841" status="PASS">
          <reporter-output>
          </reporter-output>
        </test-method> <!-- launchApplication -->
        <test-method signature="userPagePagenation()[pri:0, instance:automation.AdminTest.UserModuleTest@61078690]" started-at="2024-05-04T10:16:19 CST" name="userPagePagenation" finished-at="2024-05-04T10:16:35 CST" duration-ms="16455" status="PASS">
          <reporter-output>
          </reporter-output>
        </test-method> <!-- userPagePagenation -->
        <test-method is-config="true" signature="tearDown()[pri:0, instance:automation.AdminTest.UserModuleTest@61078690]" started-at="2024-05-04T10:16:35 CST" name="tearDown" finished-at="2024-05-04T10:16:36 CST" duration-ms="1242" status="PASS">
          <reporter-output>
          </reporter-output>
        </test-method> <!-- tearDown -->
        <test-method is-config="true" signature="launchApplication()[pri:0, instance:automation.AdminTest.UserModuleTest@61078690]" started-at="2024-05-04T10:16:36 CST" name="launchApplication" finished-at="2024-05-04T10:16:40 CST" duration-ms="3741" status="PASS">
          <reporter-output>
          </reporter-output>
        </test-method> <!-- launchApplication -->
        <test-method signature="userPageSelectRow()[pri:0, instance:automation.AdminTest.UserModuleTest@61078690]" started-at="2024-05-04T10:16:40 CST" name="userPageSelectRow" finished-at="2024-05-04T10:17:06 CST" duration-ms="26282" status="FAIL">
          <exception class="java.lang.AssertionError">
            <message>
              <![CDATA[expected [true] but found [false]]]>
            </message>
            <full-stacktrace>
              <![CDATA[java.lang.AssertionError: expected [true] but found [false]
at org.testng.Assert.fail(Assert.java:111)
at org.testng.Assert.failNotEquals(Assert.java:1578)
at org.testng.Assert.assertTrue(Assert.java:57)
at org.testng.Assert.assertTrue(Assert.java:67)
at automation.AdminTest.UserModuleTest.userPageSelectRow(UserModuleTest.java:126)
at java.base/jdk.internal.reflect.DirectMethodHandleAccessor.invoke(DirectMethodHandleAccessor.java:103)
at java.base/java.lang.reflect.Method.invoke(Method.java:580)
at org.testng.internal.invokers.MethodInvocationHelper.invokeMethod(MethodInvocationHelper.java:141)
at org.testng.internal.invokers.TestInvoker.invokeMethod(TestInvoker.java:686)
at org.testng.internal.invokers.TestInvoker.invokeTestMethod(TestInvoker.java:230)
at org.testng.internal.invokers.MethodRunner.runInSequence(MethodRunner.java:63)
at org.testng.internal.invokers.TestInvoker$MethodInvocationAgent.invoke(TestInvoker.java:992)
at org.testng.internal.invokers.TestInvoker.invokeTestMethods(TestInvoker.java:203)
at org.testng.internal.invokers.TestMethodWorker.invokeTestMethods(TestMethodWorker.java:154)
at org.testng.internal.invokers.TestMethodWorker.run(TestMethodWorker.java:134)
at java.base/java.util.ArrayList.forEach(ArrayList.java:1596)
at org.testng.TestRunner.privateRun(TestRunner.java:739)
at org.testng.TestRunner.run(TestRunner.java:614)
at org.testng.SuiteRunner.runTest(SuiteRunner.java:421)
at org.testng.SuiteRunner.runSequentially(SuiteRunner.java:413)
at org.testng.SuiteRunner.privateRun(SuiteRunner.java:373)
at org.testng.SuiteRunner.run(SuiteRunner.java:312)
at org.testng.SuiteRunnerWorker.runSuite(SuiteRunnerWorker.java:52)
at org.testng.SuiteRunnerWorker.run(SuiteRunnerWorker.java:95)
at org.testng.TestNG.runSuitesSequentially(TestNG.java:1274)
at org.testng.TestNG.runSuitesLocally(TestNG.java:1208)
at org.testng.TestNG.runSuites(TestNG.java:1112)
at org.testng.TestNG.run(TestNG.java:1079)
at org.apache.maven.surefire.testng.TestNGExecutor.run(TestNGExecutor.java:308)
at org.apache.maven.surefire.testng.TestNGXmlTestSuite.execute(TestNGXmlTestSuite.java:71)
at org.apache.maven.surefire.testng.TestNGProvider.invoke(TestNGProvider.java:113)
at org.apache.maven.surefire.booter.ForkedBooter.runSuitesInProcess(ForkedBooter.java:385)
at org.apache.maven.surefire.booter.ForkedBooter.execute(ForkedBooter.java:162)
at org.apache.maven.surefire.booter.ForkedBooter.run(ForkedBooter.java:507)
at org.apache.maven.surefire.booter.ForkedBooter.main(ForkedBooter.java:495)
]]>
            </full-stacktrace>
          </exception> <!-- java.lang.AssertionError -->
          <reporter-output>
          </reporter-output>
        </test-method> <!-- userPageSelectRow -->
        <test-method is-config="true" signature="tearDown()[pri:0, instance:automation.AdminTest.UserModuleTest@61078690]" started-at="2024-05-04T10:17:07 CST" name="tearDown" finished-at="2024-05-04T10:17:08 CST" duration-ms="1233" status="PASS">
          <reporter-output>
          </reporter-output>
        </test-method> <!-- tearDown -->
        <test-method is-config="true" signature="launchApplication()[pri:0, instance:automation.AdminTest.UserModuleTest@61078690]" started-at="2024-05-04T10:17:08 CST" name="launchApplication" finished-at="2024-05-04T10:17:12 CST" duration-ms="3749" status="PASS">
          <reporter-output>
          </reporter-output>
        </test-method> <!-- launchApplication -->
        <test-method signature="adminEnrollment()[pri:1, instance:automation.AdminTest.UserModuleTest@61078690]" started-at="2024-05-04T10:17:12 CST" name="adminEnrollment" finished-at="2024-05-04T10:17:40 CST" duration-ms="28598" status="PASS">
          <reporter-output>
          </reporter-output>
        </test-method> <!-- adminEnrollment -->
        <test-method is-config="true" signature="tearDown()[pri:0, instance:automation.AdminTest.UserModuleTest@61078690]" started-at="2024-05-04T10:17:40 CST" name="tearDown" finished-at="2024-05-04T10:17:41 CST" duration-ms="1260" status="PASS">
          <reporter-output>
          </reporter-output>
        </test-method> <!-- tearDown -->
        <test-method is-config="true" signature="launchApplication()[pri:0, instance:automation.AdminTest.UserModuleTest@61078690]" started-at="2024-05-04T10:17:41 CST" name="launchApplication" finished-at="2024-05-04T10:17:45 CST" duration-ms="3598" status="PASS">
          <reporter-output>
          </reporter-output>
        </test-method> <!-- launchApplication -->
        <test-method signature="cashierEnrollment()[pri:2, instance:automation.AdminTest.UserModuleTest@61078690]" started-at="2024-05-04T10:17:45 CST" name="cashierEnrollment" finished-at="2024-05-04T10:18:19 CST" duration-ms="33489" status="PASS">
          <reporter-output>
          </reporter-output>
        </test-method> <!-- cashierEnrollment -->
        <test-method is-config="true" signature="tearDown()[pri:0, instance:automation.AdminTest.UserModuleTest@61078690]" started-at="2024-05-04T10:18:19 CST" name="tearDown" finished-at="2024-05-04T10:18:20 CST" duration-ms="1297" status="PASS">
          <reporter-output>
          </reporter-output>
        </test-method> <!-- tearDown -->
        <test-method is-config="true" signature="launchApplication()[pri:0, instance:automation.AdminTest.UserModuleTest@61078690]" started-at="2024-05-04T10:18:20 CST" name="launchApplication" finished-at="2024-05-04T10:18:32 CST" duration-ms="11841" status="PASS">
          <reporter-output>
          </reporter-output>
        </test-method> <!-- launchApplication -->
        <test-method signature="encoderEnrollment()[pri:2, instance:automation.AdminTest.UserModuleTest@61078690]" started-at="2024-05-04T10:18:32 CST" name="encoderEnrollment" finished-at="2024-05-04T10:19:07 CST" duration-ms="35400" status="PASS">
          <reporter-output>
          </reporter-output>
        </test-method> <!-- encoderEnrollment -->
        <test-method is-config="true" signature="tearDown()[pri:0, instance:automation.AdminTest.UserModuleTest@61078690]" started-at="2024-05-04T10:19:07 CST" name="tearDown" finished-at="2024-05-04T10:19:08 CST" duration-ms="1268" status="PASS">
          <reporter-output>
          </reporter-output>
        </test-method> <!-- tearDown -->
        <test-method is-config="true" signature="launchApplication()[pri:0, instance:automation.AdminTest.UserModuleTest@61078690]" started-at="2024-05-04T10:19:08 CST" name="launchApplication" finished-at="2024-05-04T10:19:15 CST" duration-ms="7106" status="PASS">
          <reporter-output>
          </reporter-output>
        </test-method> <!-- launchApplication -->
        <test-method signature="managerEnrollment()[pri:2, instance:automation.AdminTest.UserModuleTest@61078690]" started-at="2024-05-04T10:19:15 CST" name="managerEnrollment" finished-at="2024-05-04T10:19:50 CST" duration-ms="34754" status="PASS">
          <reporter-output>
          </reporter-output>
        </test-method> <!-- managerEnrollment -->
        <test-method is-config="true" signature="tearDown()[pri:0, instance:automation.AdminTest.UserModuleTest@61078690]" started-at="2024-05-04T10:19:50 CST" name="tearDown" finished-at="2024-05-04T10:19:51 CST" duration-ms="1258" status="PASS">
          <reporter-output>
          </reporter-output>
        </test-method> <!-- tearDown -->
        <test-method is-config="true" signature="launchApplication()[pri:0, instance:automation.AdminTest.UserModuleTest@61078690]" started-at="2024-05-04T10:19:51 CST" name="launchApplication" finished-at="2024-05-04T10:19:55 CST" duration-ms="3624" status="PASS">
          <reporter-output>
          </reporter-output>
        </test-method> <!-- launchApplication -->
        <test-method signature="editUserAccount()[pri:3, instance:automation.AdminTest.UserModuleTest@61078690]" started-at="2024-05-04T10:19:55 CST" name="editUserAccount" finished-at="2024-05-04T10:20:13 CST" duration-ms="18314" status="PASS">
          <reporter-output>
          </reporter-output>
        </test-method> <!-- editUserAccount -->
        <test-method is-config="true" signature="tearDown()[pri:0, instance:automation.AdminTest.UserModuleTest@61078690]" started-at="2024-05-04T10:20:13 CST" name="tearDown" finished-at="2024-05-04T10:20:15 CST" duration-ms="1255" status="PASS">
          <reporter-output>
          </reporter-output>
        </test-method> <!-- tearDown -->
      </class> <!-- automation.AdminTest.UserModuleTest -->
    </test> <!-- User Module Test -->
    <test started-at="2024-05-04T10:20:15 CST" name="Filter And Search Test" finished-at="2024-05-04T10:24:31 CST" duration-ms="255938">
      <class name="automation.AdminTest.FilterAndSearchTest">
        <test-method is-config="true" signature="launchApplication()[pri:0, instance:automation.AdminTest.FilterAndSearchTest@6fa590ba]" started-at="2024-05-04T10:20:15 CST" name="launchApplication" finished-at="2024-05-04T10:20:18 CST" duration-ms="3819" status="PASS">
          <reporter-output>
          </reporter-output>
        </test-method> <!-- launchApplication -->
        <test-method signature="filterByAdminRole()[pri:0, instance:automation.AdminTest.FilterAndSearchTest@6fa590ba]" started-at="2024-05-04T10:20:18 CST" name="filterByAdminRole" finished-at="2024-05-04T10:20:35 CST" duration-ms="16755" status="PASS">
          <reporter-output>
          </reporter-output>
        </test-method> <!-- filterByAdminRole -->
        <test-method is-config="true" signature="tearDown()[pri:0, instance:automation.AdminTest.FilterAndSearchTest@6fa590ba]" started-at="2024-05-04T10:20:35 CST" name="tearDown" finished-at="2024-05-04T10:20:40 CST" duration-ms="4485" status="PASS">
          <reporter-output>
          </reporter-output>
        </test-method> <!-- tearDown -->
        <test-method is-config="true" signature="launchApplication()[pri:0, instance:automation.AdminTest.FilterAndSearchTest@6fa590ba]" started-at="2024-05-04T10:20:40 CST" name="launchApplication" finished-at="2024-05-04T10:21:20 CST" duration-ms="40200" status="PASS">
          <reporter-output>
          </reporter-output>
        </test-method> <!-- launchApplication -->
        <test-method signature="filterByEncoderRole()[pri:0, instance:automation.AdminTest.FilterAndSearchTest@6fa590ba]" started-at="2024-05-04T10:21:20 CST" name="filterByEncoderRole" finished-at="2024-05-04T10:21:42 CST" duration-ms="21598" status="PASS">
          <reporter-output>
          </reporter-output>
        </test-method> <!-- filterByEncoderRole -->
        <test-method is-config="true" signature="tearDown()[pri:0, instance:automation.AdminTest.FilterAndSearchTest@6fa590ba]" started-at="2024-05-04T10:21:42 CST" name="tearDown" finished-at="2024-05-04T10:21:44 CST" duration-ms="2301" status="PASS">
          <reporter-output>
          </reporter-output>
        </test-method> <!-- tearDown -->
        <test-method is-config="true" signature="launchApplication()[pri:0, instance:automation.AdminTest.FilterAndSearchTest@6fa590ba]" started-at="2024-05-04T10:21:45 CST" name="launchApplication" finished-at="2024-05-04T10:22:01 CST" duration-ms="15858" status="PASS">
          <reporter-output>
          </reporter-output>
        </test-method> <!-- launchApplication -->
        <test-method signature="parkingAreaCodeSearch(java.util.HashMap)[pri:0, instance:automation.AdminTest.FilterAndSearchTest@6fa590ba]" started-at="2024-05-04T10:22:01 CST" name="parkingAreaCodeSearch" data-provider="getData" finished-at="2024-05-04T10:22:20 CST" duration-ms="18512" status="PASS">
          <params>
            <param index="0">
              <value>
                <![CDATA[{password=SuperUser123!?, username=superuser}]]>
              </value>
            </param>
          </params>
          <reporter-output>
          </reporter-output>
        </test-method> <!-- parkingAreaCodeSearch -->
        <test-method is-config="true" signature="tearDown()[pri:0, instance:automation.AdminTest.FilterAndSearchTest@6fa590ba]" started-at="2024-05-04T10:22:20 CST" name="tearDown" finished-at="2024-05-04T10:22:22 CST" duration-ms="2638" status="PASS">
          <reporter-output>
          </reporter-output>
        </test-method> <!-- tearDown -->
        <test-method is-config="true" signature="launchApplication()[pri:0, instance:automation.AdminTest.FilterAndSearchTest@6fa590ba]" started-at="2024-05-04T10:22:22 CST" name="launchApplication" finished-at="2024-05-04T10:22:37 CST" duration-ms="14759" status="PASS">
          <reporter-output>
          </reporter-output>
        </test-method> <!-- launchApplication -->
        <test-method signature="parkingNameSearch(java.util.HashMap)[pri:0, instance:automation.AdminTest.FilterAndSearchTest@6fa590ba]" started-at="2024-05-04T10:22:37 CST" name="parkingNameSearch" data-provider="getData" finished-at="2024-05-04T10:22:56 CST" duration-ms="19053" status="PASS">
          <params>
            <param index="0">
              <value>
                <![CDATA[{password=SuperUser123!?, username=superuser}]]>
              </value>
            </param>
          </params>
          <reporter-output>
          </reporter-output>
        </test-method> <!-- parkingNameSearch -->
        <test-method is-config="true" signature="tearDown()[pri:0, instance:automation.AdminTest.FilterAndSearchTest@6fa590ba]" started-at="2024-05-04T10:22:56 CST" name="tearDown" finished-at="2024-05-04T10:22:58 CST" duration-ms="2437" status="PASS">
          <reporter-output>
          </reporter-output>
        </test-method> <!-- tearDown -->
        <test-method is-config="true" signature="launchApplication()[pri:0, instance:automation.AdminTest.FilterAndSearchTest@6fa590ba]" started-at="2024-05-04T10:22:58 CST" name="launchApplication" finished-at="2024-05-04T10:23:13 CST" duration-ms="14961" status="PASS">
          <reporter-output>
          </reporter-output>
        </test-method> <!-- launchApplication -->
        <test-method signature="userFirstNameSearch()[pri:0, instance:automation.AdminTest.FilterAndSearchTest@6fa590ba]" started-at="2024-05-04T10:23:13 CST" name="userFirstNameSearch" finished-at="2024-05-04T10:23:24 CST" duration-ms="10459" status="PASS">
          <reporter-output>
          </reporter-output>
        </test-method> <!-- userFirstNameSearch -->
        <test-method is-config="true" signature="tearDown()[pri:0, instance:automation.AdminTest.FilterAndSearchTest@6fa590ba]" started-at="2024-05-04T10:23:24 CST" name="tearDown" finished-at="2024-05-04T10:23:26 CST" duration-ms="2197" status="PASS">
          <reporter-output>
          </reporter-output>
        </test-method> <!-- tearDown -->
        <test-method is-config="true" signature="launchApplication()[pri:0, instance:automation.AdminTest.FilterAndSearchTest@6fa590ba]" started-at="2024-05-04T10:23:26 CST" name="launchApplication" finished-at="2024-05-04T10:23:50 CST" duration-ms="23811" status="PASS">
          <reporter-output>
          </reporter-output>
        </test-method> <!-- launchApplication -->
        <test-method signature="userLastNameSearch()[pri:0, instance:automation.AdminTest.FilterAndSearchTest@6fa590ba]" started-at="2024-05-04T10:23:50 CST" name="userLastNameSearch" finished-at="2024-05-04T10:24:05 CST" duration-ms="15329" status="PASS">
          <reporter-output>
          </reporter-output>
        </test-method> <!-- userLastNameSearch -->
        <test-method is-config="true" signature="tearDown()[pri:0, instance:automation.AdminTest.FilterAndSearchTest@6fa590ba]" started-at="2024-05-04T10:24:05 CST" name="tearDown" finished-at="2024-05-04T10:24:08 CST" duration-ms="2754" status="PASS">
          <reporter-output>
          </reporter-output>
        </test-method> <!-- tearDown -->
        <test-method is-config="true" signature="launchApplication()[pri:0, instance:automation.AdminTest.FilterAndSearchTest@6fa590ba]" started-at="2024-05-04T10:24:08 CST" name="launchApplication" finished-at="2024-05-04T10:24:17 CST" duration-ms="9233" status="PASS">
          <reporter-output>
          </reporter-output>
        </test-method> <!-- launchApplication -->
        <test-method signature="userEmailSearch()[pri:1, instance:automation.AdminTest.FilterAndSearchTest@6fa590ba]" started-at="2024-05-04T10:24:17 CST" name="userEmailSearch" finished-at="2024-05-04T10:24:29 CST" duration-ms="11682" status="PASS">
          <reporter-output>
          </reporter-output>
        </test-method> <!-- userEmailSearch -->
        <test-method is-config="true" signature="tearDown()[pri:0, instance:automation.AdminTest.FilterAndSearchTest@6fa590ba]" started-at="2024-05-04T10:24:29 CST" name="tearDown" finished-at="2024-05-04T10:24:31 CST" duration-ms="1747" status="PASS">
          <reporter-output>
          </reporter-output>
        </test-method> <!-- tearDown -->
      </class> <!-- automation.AdminTest.FilterAndSearchTest -->
    </test> <!-- Filter And Search Test -->
    <test started-at="2024-05-04T10:24:31 CST" name="Configuration Module Test" finished-at="2024-05-04T10:30:47 CST" duration-ms="376597">
      <class name="automation.AdminTest.ConfigurationModuleTest">
        <test-method is-config="true" signature="launchApplication()[pri:0, instance:automation.AdminTest.ConfigurationModuleTest@4f8969b0]" started-at="2024-05-04T10:24:31 CST" name="launchApplication" finished-at="2024-05-04T10:24:40 CST" duration-ms="9341" status="PASS">
          <reporter-output>
          </reporter-output>
        </test-method> <!-- launchApplication -->
        <test-method signature="parkerTypeEnrollment()[pri:1, instance:automation.AdminTest.ConfigurationModuleTest@4f8969b0]" started-at="2024-05-04T10:24:40 CST" name="parkerTypeEnrollment" finished-at="2024-05-04T10:25:26 CST" duration-ms="46197" status="PASS">
          <reporter-output>
          </reporter-output>
        </test-method> <!-- parkerTypeEnrollment -->
        <test-method is-config="true" signature="tearDown()[pri:0, instance:automation.AdminTest.ConfigurationModuleTest@4f8969b0]" started-at="2024-05-04T10:25:26 CST" name="tearDown" finished-at="2024-05-04T10:25:28 CST" duration-ms="1312" status="PASS">
          <reporter-output>
          </reporter-output>
        </test-method> <!-- tearDown -->
        <test-method is-config="true" signature="launchApplication()[pri:0, instance:automation.AdminTest.ConfigurationModuleTest@4f8969b0]" started-at="2024-05-04T10:25:28 CST" name="launchApplication" finished-at="2024-05-04T10:25:33 CST" duration-ms="5082" status="PASS">
          <reporter-output>
          </reporter-output>
        </test-method> <!-- launchApplication -->
        <test-method signature="editParkerType()[pri:2, instance:automation.AdminTest.ConfigurationModuleTest@4f8969b0]" started-at="2024-05-04T10:25:33 CST" name="editParkerType" finished-at="2024-05-04T10:25:42 CST" duration-ms="9859" status="PASS">
          <reporter-output>
          </reporter-output>
        </test-method> <!-- editParkerType -->
        <test-method is-config="true" signature="tearDown()[pri:0, instance:automation.AdminTest.ConfigurationModuleTest@4f8969b0]" started-at="2024-05-04T10:25:42 CST" name="tearDown" finished-at="2024-05-04T10:25:45 CST" duration-ms="2559" status="PASS">
          <reporter-output>
          </reporter-output>
        </test-method> <!-- tearDown -->
        <test-method is-config="true" signature="launchApplication()[pri:0, instance:automation.AdminTest.ConfigurationModuleTest@4f8969b0]" started-at="2024-05-04T10:25:45 CST" name="launchApplication" finished-at="2024-05-04T10:25:59 CST" duration-ms="14433" status="PASS">
          <reporter-output>
          </reporter-output>
        </test-method> <!-- launchApplication -->
        <test-method signature="deleteParkerType()[pri:3, instance:automation.AdminTest.ConfigurationModuleTest@4f8969b0]" started-at="2024-05-04T10:25:59 CST" name="deleteParkerType" finished-at="2024-05-04T10:26:13 CST" duration-ms="13613" status="PASS">
          <reporter-output>
          </reporter-output>
        </test-method> <!-- deleteParkerType -->
        <test-method is-config="true" signature="tearDown()[pri:0, instance:automation.AdminTest.ConfigurationModuleTest@4f8969b0]" started-at="2024-05-04T10:26:13 CST" name="tearDown" finished-at="2024-05-04T10:26:16 CST" duration-ms="2870" status="PASS">
          <reporter-output>
          </reporter-output>
        </test-method> <!-- tearDown -->
        <test-method is-config="true" signature="launchApplication()[pri:0, instance:automation.AdminTest.ConfigurationModuleTest@4f8969b0]" started-at="2024-05-04T10:26:16 CST" name="launchApplication" finished-at="2024-05-04T10:26:27 CST" duration-ms="11321" status="PASS">
          <reporter-output>
          </reporter-output>
        </test-method> <!-- launchApplication -->
        <test-method signature="deleteParkerTypeWithPricingPackage()[pri:4, instance:automation.AdminTest.ConfigurationModuleTest@4f8969b0]" started-at="2024-05-04T10:26:27 CST" name="deleteParkerTypeWithPricingPackage" finished-at="2024-05-04T10:27:10 CST" duration-ms="42235" status="FAIL">
          <exception class="org.openqa.selenium.TimeoutException">
            <message>
              <![CDATA[Expected condition failed: waiting for visibility of Proxy element for: DefaultElementLocator 'By.xpath: //div[@class='text-base']' (tried for 15 second(s) with 500 milliseconds interval)]]>
            </message>
            <full-stacktrace>
              <![CDATA[org.openqa.selenium.TimeoutException: Expected condition failed: waiting for visibility of Proxy element for: DefaultElementLocator 'By.xpath: //div[@class='text-base']' (tried for 15 second(s) with 500 milliseconds interval)
at org.openqa.selenium.support.ui.WebDriverWait.timeoutException(WebDriverWait.java:84)
at org.openqa.selenium.support.ui.FluentWait.until(FluentWait.java:228)
at automation.AbstractComponents.AbstractComponent.waitForWebElementToAppear(AbstractComponent.java:47)
at automation.PageObject.ConfigurationModule.errorSpielValidation(ConfigurationModule.java:285)
at automation.AdminTest.ConfigurationModuleTest.deleteParkerTypeWithPricingPackage(ConfigurationModuleTest.java:62)
at java.base/jdk.internal.reflect.DirectMethodHandleAccessor.invoke(DirectMethodHandleAccessor.java:103)
at java.base/java.lang.reflect.Method.invoke(Method.java:580)
[...]
Session ID: d8df8578e34218621a9c1999e47e58f8
at java.base/jdk.internal.reflect.DirectConstructorHandleAccessor.newInstance(DirectConstructorHandleAccessor.java:62)
at java.base/java.lang.reflect.Constructor.newInstanceWithCaller(Constructor.java:502)
at java.base/java.lang.reflect.Constructor.newInstance(Constructor.java:486)
at org.openqa.selenium.remote.codec.w3c.W3CHttpResponseCodec.createException(W3CHttpResponseCodec.java:185)
at org.openqa.selenium.remote.codec.w3c.W3CHttpResponseCodec.decode(W3CHttpResponseCodec.java:134)
at org.openqa.selenium.remote.codec.w3c.W3CHttpResponseCodec.decode(W3CHttpResponseCodec.java:51)
at org.openqa.selenium.remote.HttpCommandExecutor.execute(HttpCommandExecutor.java:190)
at org.openqa.selenium.remote.service.DriverCommandExecutor.invokeExecute(DriverCommandExecutor.java:216)
at org.openqa.selenium.remote.service.DriverCommandExecutor.execute(DriverCommandExecutor.java:174)
at org.openqa.selenium.remote.RemoteWebDriver.execute(RemoteWebDriver.java:519)
at org.openqa.selenium.remote.RemoteWebElement.execute(RemoteWebElement.java:223)
at org.openqa.selenium.remote.RemoteWebElement.click(RemoteWebElement.java:76)
at java.base/jdk.internal.reflect.DirectMethodHandleAccessor.invoke(DirectMethodHandleAccessor.java:103)
at java.base/java.lang.reflect.Method.invoke(Method.java:580)
at org.openqa.selenium.support.pagefactory.internal.LocatingElementHandler.invoke(LocatingElementHandler.java:51)
at jdk.proxy2/jdk.proxy2.$Proxy15.click(Unknown Source)
at automation.PageObject.ConfigurationModule.getElementsAfterAction(ConfigurationModule.java:328)
at automation.PageObject.ConfigurationModule.getParkingAreas(ConfigurationModule.java:291)
at automation.PageObject.ConfigurationModule.getParkingAreaByName(ConfigurationModule.java:295)
at automation.PageObject.ConfigurationModule.parkerTypeAssigning(ConfigurationModule.java:299)
at automation.AdminTest.ConfigurationModuleTest.assignParkerToParkingArea(ConfigurationModuleTest.java:75)
at java.base/jdk.internal.reflect.DirectMethodHandleAccessor.invoke(DirectMethodHandleAccessor.java:103)
at java.base/java.lang.reflect.Method.invoke(Method.java:580)
at org.testng.internal.invokers.MethodInvocationHelper.invokeMethod(MethodInvocationHelper.java:141)
at org.testng.internal.invokers.TestInvoker.invokeMethod(TestInvoker.java:686)
at org.testng.internal.invokers.TestInvoker.invokeTestMethod(TestInvoker.java:230)
at org.testng.internal.invokers.MethodRunner.runInSequence(MethodRunner.java:63)
at org.testng.internal.invokers.TestInvoker$MethodInvocationAgent.invoke(TestInvoker.java:992)
at org.testng.internal.invokers.TestInvoker.invokeTestMethods(TestInvoker.java:203)
at org.testng.internal.invokers.TestMethodWorker.invokeTestMethods(TestMethodWorker.java:154)
at org.testng.internal.invokers.TestMethodWorker.run(TestMethodWorker.java:134)
at java.base/java.util.ArrayList.forEach(ArrayList.java:1596)
at org.testng.TestRunner.privateRun(TestRunner.java:739)
at org.testng.TestRunner.run(TestRunner.java:614)
at org.testng.SuiteRunner.runTest(SuiteRunner.java:421)
at org.testng.SuiteRunner.runSequentially(SuiteRunner.java:413)
at org.testng.SuiteRunner.privateRun(SuiteRunner.java:373)
at org.testng.SuiteRunner.run(SuiteRunner.java:312)
at org.testng.SuiteRunnerWorker.runSuite(SuiteRunnerWorker.java:52)
at org.testng.SuiteRunnerWorker.run(SuiteRunnerWorker.java:95)
at org.testng.TestNG.runSuitesSequentially(TestNG.java:1274)
at org.testng.TestNG.runSuitesLocally(TestNG.java:1208)
at org.testng.TestNG.runSuites(TestNG.java:1112)
at org.testng.TestNG.run(TestNG.java:1079)
at org.apache.maven.surefire.testng.TestNGExecutor.run(TestNGExecutor.java:308)
at org.apache.maven.surefire.testng.TestNGXmlTestSuite.execute(TestNGXmlTestSuite.java:71)
at org.apache.maven.surefire.testng.TestNGProvider.invoke(TestNGProvider.java:113)
at org.apache.maven.surefire.booter.ForkedBooter.runSuitesInProcess(ForkedBooter.java:385)
at org.apache.maven.surefire.booter.ForkedBooter.execute(ForkedBooter.java:162)
at org.apache.maven.surefire.booter.ForkedBooter.run(ForkedBooter.java:507)
at org.apache.maven.surefire.booter.ForkedBooter.main(ForkedBooter.java:495)
]]>
            </full-stacktrace>
          </exception> <!-- org.openqa.selenium.ElementClickInterceptedException -->
          <reporter-output>
          </reporter-output>
        </test-method> <!-- assignParkerToParkingArea -->
        <test-method is-config="true" signature="tearDown()[pri:0, instance:automation.AdminTest.ConfigurationModuleTest@4f8969b0]" started-at="2024-05-04T10:27:32 CST" name="tearDown" finished-at="2024-05-04T10:27:35 CST" duration-ms="2687" status="PASS">
          <reporter-output>
          </reporter-output>
        </test-method> <!-- tearDown -->
        <test-method is-config="true" signature="launchApplication()[pri:0, instance:automation.AdminTest.ConfigurationModuleTest@4f8969b0]" started-at="2024-05-04T10:27:35 CST" name="launchApplication" finished-at="2024-05-04T10:27:49 CST" duration-ms="14207" status="PASS">
          <reporter-output>
          </reporter-output>
        </test-method> <!-- launchApplication -->
        <test-method signature="duplicateParkerTypeName()[pri:6, instance:automation.AdminTest.ConfigurationModuleTest@4f8969b0]" started-at="2024-05-04T10:27:49 CST" name="duplicateParkerTypeName" finished-at="2024-05-04T10:28:10 CST" duration-ms="20394" status="FAIL">
          <exception class="org.openqa.selenium.NoSuchElementException">
            <message>
              <![CDATA[no such element: Unable to locate element: {"method":"xpath","selector":"//input[@id='name']"}
  (Session info: chrome=124.0.6367.92)
For documentation on this error, please visit: https://www.selenium.dev/documentation/webdriver/troubleshooting/errors#no-such-element-exception
Build info: version: '4.17.0', revision: 'e52b1be057*'
System info: os.name: 'Windows 10', os.arch: 'amd64', os.version: '10.0', java.version: '21.0.1'
Driver info: org.openqa.selenium.chrome.ChromeDriver
Command: [c4a1848fa4a9b3c94e30ed12fdfd7f3d, findElement {value=//input[@id='name'], using=xpath}]
Capabilities {acceptInsecureCerts: false, browserName: chrome, browserVersion: 124.0.6367.92, chrome: {chromedriverVersion: 124.0.6367.91 (51df0e5e17a8..., userDataDir: C:\Users\LOCAL_~1.CAS\AppDa...}, fedcm:accounts: true, goog:chromeOptions: {debuggerAddress: localhost:52645}, networkConnectionEnabled: false, pageLoadStrategy: normal, platformName: windows, proxy: Proxy(), se:cdp: ws://localhost:52645/devtoo..., se:cdpVersion: 124.0.6367.92, setWindowRect: true, strictFileInteractability: false, timeouts: {implicit: 0, pageLoad: 300000, script: 30000}, unhandledPromptBehavior: dismiss and notify, webauthn:extension:credBlob: true, webauthn:extension:largeBlob: true, webauthn:extension:minPinLength: true, webauthn:extension:prf: true, webauthn:virtualAuthenticators: true}
Session ID: c4a1848fa4a9b3c94e30ed12fdfd7f3d]]>
            </message>
            <full-stacktrace>
              <![CDATA[org.openqa.selenium.NoSuchElementException: no such element: Unable to locate element: {"method":"xpath","selector":"//input[@id='name']"}
  (Session info: chrome=124.0.6367.92)
For documentation on this error, please visit: https://www.selenium.dev/documentation/webdriver/troubleshooting/errors#no-such-element-exception
Build info: version: '4.17.0', revision: 'e52b1be057*'
System info: os.name: 'Windows 10', os.arch: 'amd64', os.version: '10.0', java.version: '21.0.1'
Driver info: org.openqa.selenium.chrome.ChromeDriver
Command: [c4a1848fa4a9b3c94e30ed12fdfd7f3d, findElement {value=//input[@id='name'], using=xpath}]
Capabilities {acceptInsecureCerts: false, browserName: chrome, browserVersion: 124.0.6367.92, chrome: {chromedriverVersion: 124.0.6367.91 (51df0e5e17a8..., userDataDir: C:\Users\LOCAL_~1.CAS\AppDa...}, fedcm:accounts: true, goog:chromeOptions: {debuggerAddress: localhost:52645}, networkConnectionEnabled: false, pageLoadStrategy: normal, platformName: windows, proxy: Proxy(), se:cdp: ws://localhost:52645/devtoo..., se:cdpVersion: 124.0.6367.92, setWindowRect: true, strictFileInteractability: false, timeouts: {implicit: 0, pageLoad: 300000, script: 30000}, unhandledPromptBehavior: dismiss and notify, webauthn:extension:credBlob: true, webauthn:extension:largeBlob: true, webauthn:extension:minPinLength: true, webauthn:extension:prf: true, webauthn:virtualAuthenticators: true}
Session ID: c4a1848fa4a9b3c94e30ed12fdfd7f3d
at java.base/jdk.internal.reflect.DirectConstructorHandleAccessor.newInstance(DirectConstructorHandleAccessor.java:62)
at java.base/java.lang.reflect.Constructor.newInstanceWithCaller(Constructor.java:502)
at java.base/java.lang.reflect.Constructor.newInstance(Constructor.java:486)
at org.openqa.selenium.remote.codec.w3c.W3CHttpResponseCodec.createException(W3CHttpResponseCodec.java:185)
at org.openqa.selenium.remote.codec.w3c.W3CHttpResponseCodec.decode(W3CHttpResponseCodec.java:134)
at org.openqa.selenium.remote.codec.w3c.W3CHttpResponseCodec.decode(W3CHttpResponseCodec.java:51)
at org.openqa.selenium.remote.HttpCommandExecutor.execute(HttpCommandExecutor.java:190)
at org.openqa.selenium.remote.service.DriverCommandExecutor.invokeExecute(DriverCommandExecutor.java:216)
at org.openqa.selenium.remote.service.DriverCommandExecutor.execute(DriverCommandExecutor.java:174)
at org.openqa.selenium.remote.RemoteWebDriver.execute(RemoteWebDriver.java:519)
at org.openqa.selenium.remote.ElementLocation$ElementFinder$2.findElement(ElementLocation.java:165)
at org.openqa.selenium.remote.ElementLocation.findElement(ElementLocation.java:59)
at org.openqa.selenium.remote.RemoteWebDriver.findElement(RemoteWebDriver.java:356)
at org.openqa.selenium.remote.RemoteWebDriver.findElement(RemoteWebDriver.java:350)
at org.openqa.selenium.support.pagefactory.DefaultElementLocator.findElement(DefaultElementLocator.java:68)
at org.openqa.selenium.support.pagefactory.internal.LocatingElementHandler.invoke(LocatingElementHandler.java:38)
at jdk.proxy2/jdk.proxy2.$Proxy15.clear(Unknown Source)
at automation.PageObject.ConfigurationModule.getParkerTypeName(ConfigurationModule.java:224)
at automation.AdminTest.ConfigurationModuleTest.duplicateParkerTypeName(ConfigurationModuleTest.java:85)
at java.base/jdk.internal.reflect.DirectMethodHandleAccessor.invoke(DirectMethodHandleAccessor.java:103)
at java.base/java.lang.reflect.Method.invoke(Method.java:580)
at org.testng.internal.invokers.MethodInvocationHelper.invokeMethod(MethodInvocationHelper.java:141)
at org.testng.internal.invokers.TestInvoker.invokeMethod(TestInvoker.java:686)
at org.testng.internal.invokers.TestInvoker.invokeTestMethod(TestInvoker.java:230)
at org.testng.internal.invokers.MethodRunner.runInSequence(MethodRunner.java:63)
at org.testng.internal.invokers.TestInvoker$MethodInvocationAgent.invoke(TestInvoker.java:992)
at org.testng.internal.invokers.TestInvoker.invokeTestMethods(TestInvoker.java:203)
at org.testng.internal.invokers.TestMethodWorker.invokeTestMethods(TestMethodWorker.java:154)
at org.testng.internal.invokers.TestMethodWorker.run(TestMethodWorker.java:134)
at java.base/java.util.ArrayList.forEach(ArrayList.java:1596)
at org.testng.TestRunner.privateRun(TestRunner.java:739)
at org.testng.TestRunner.run(TestRunner.java:614)
at org.testng.SuiteRunner.runTest(SuiteRunner.java:421)
at org.testng.SuiteRunner.runSequentially(SuiteRunner.java:413)
at org.testng.SuiteRunner.privateRun(SuiteRunner.java:373)
at org.testng.SuiteRunner.run(SuiteRunner.java:312)
at org.testng.SuiteRunnerWorker.runSuite(SuiteRunnerWorker.java:52)
at org.testng.SuiteRunnerWorker.run(SuiteRunnerWorker.java:95)
at org.testng.TestNG.runSuitesSequentially(TestNG.java:1274)
at org.testng.TestNG.runSuitesLocally(TestNG.java:1208)
at org.testng.TestNG.runSuites(TestNG.java:1112)
at org.testng.TestNG.run(TestNG.java:1079)
at org.apache.maven.surefire.testng.TestNGExecutor.run(TestNGExecutor.java:308)
at org.apache.maven.surefire.testng.TestNGXmlTestSuite.execute(TestNGXmlTestSuite.java:71)
at org.apache.maven.surefire.testng.TestNGProvider.invoke(TestNGProvider.java:113)
at org.apache.maven.surefire.booter.ForkedBooter.runSuitesInProcess(ForkedBooter.java:385)
at org.apache.maven.surefire.booter.ForkedBooter.execute(ForkedBooter.java:162)
at org.apache.maven.surefire.booter.ForkedBooter.run(ForkedBooter.java:507)
at org.apache.maven.surefire.booter.ForkedBooter.main(ForkedBooter.java:495)
]]>
            </full-stacktrace>
          </exception> <!-- org.openqa.selenium.NoSuchElementException -->
          <reporter-output>
          </reporter-output>
        </test-method> <!-- duplicateParkerTypeName -->
        <test-method is-config="true" signature="tearDown()[pri:0, instance:automation.AdminTest.ConfigurationModuleTest@4f8969b0]" started-at="2024-05-04T10:28:11 CST" name="tearDown" finished-at="2024-05-04T10:28:14 CST" duration-ms="2671" status="PASS">
          <reporter-output>
          </reporter-output>
        </test-method> <!-- tearDown -->
        <test-method is-config="true" signature="launchApplication()[pri:0, instance:automation.AdminTest.ConfigurationModuleTest@4f8969b0]" started-at="2024-05-04T10:28:14 CST" name="launchApplication" finished-at="2024-05-04T10:28:25 CST" duration-ms="11753" status="PASS">
          <reporter-output>
          </reporter-output>
        </test-method> <!-- launchApplication -->
        <test-method signature="duplicateParketTypeCode()[pri:7, instance:automation.AdminTest.ConfigurationModuleTest@4f8969b0]" started-at="2024-05-04T10:28:25 CST" name="duplicateParketTypeCode" finished-at="2024-05-04T10:28:37 CST" duration-ms="11857" status="PASS">
          <reporter-output>
          </reporter-output>
        </test-method> <!-- duplicateParketTypeCode -->
        <test-method is-config="true" signature="tearDown()[pri:0, instance:automation.AdminTest.ConfigurationModuleTest@4f8969b0]" started-at="2024-05-04T10:28:37 CST" name="tearDown" finished-at="2024-05-04T10:28:39 CST" duration-ms="1848" status="PASS">
          <reporter-output>
          </reporter-output>
        </test-method> <!-- tearDown -->
        <test-method is-config="true" signature="launchApplication()[pri:0, instance:automation.AdminTest.ConfigurationModuleTest@4f8969b0]" started-at="2024-05-04T10:28:39 CST" name="launchApplication" finished-at="2024-05-04T10:28:58 CST" duration-ms="19155" status="PASS">
          <reporter-output>
          </reporter-output>
        </test-method> <!-- launchApplication -->
        <test-method signature="createPricingPackage()[pri:8, instance:automation.AdminTest.ConfigurationModuleTest@4f8969b0]" started-at="2024-05-04T10:28:58 CST" name="createPricingPackage" finished-at="2024-05-04T10:29:17 CST" duration-ms="18646" status="PASS">
          <reporter-output>
          </reporter-output>
        </test-method> <!-- createPricingPackage -->
        <test-method is-config="true" signature="tearDown()[pri:0, instance:automation.AdminTest.ConfigurationModuleTest@4f8969b0]" started-at="2024-05-04T10:29:17 CST" name="tearDown" finished-at="2024-05-04T10:29:19 CST" duration-ms="2435" status="PASS">
          <reporter-output>
          </reporter-output>
        </test-method> <!-- tearDown -->
        <test-method is-config="true" signature="launchApplication()[pri:0, instance:automation.AdminTest.ConfigurationModuleTest@4f8969b0]" started-at="2024-05-04T10:29:19 CST" name="launchApplication" finished-at="2024-05-04T10:29:34 CST" duration-ms="14999" status="PASS">
          <reporter-output>
          </reporter-output>
        </test-method> <!-- launchApplication -->
        <test-method signature="updatePricingPackageWithoutChange()[pri:9, instance:automation.AdminTest.ConfigurationModuleTest@4f8969b0]" started-at="2024-05-04T10:29:34 CST" name="updatePricingPackageWithoutChange" finished-at="2024-05-04T10:30:00 CST" duration-ms="25513" status="PASS">
          <reporter-output>
          </reporter-output>
        </test-method> <!-- updatePricingPackageWithoutChange -->
        <test-method is-config="true" signature="tearDown()[pri:0, instance:automation.AdminTest.ConfigurationModuleTest@4f8969b0]" started-at="2024-05-04T10:30:00 CST" name="tearDown" finished-at="2024-05-04T10:30:02 CST" duration-ms="1732" status="PASS">
          <reporter-output>
          </reporter-output>
        </test-method> <!-- tearDown -->
        <test-method is-config="true" signature="launchApplication()[pri:0, instance:automation.AdminTest.ConfigurationModuleTest@4f8969b0]" started-at="2024-05-04T10:30:02 CST" name="launchApplication" finished-at="2024-05-04T10:30:06 CST" duration-ms="4584" status="PASS">
          <reporter-output>
          </reporter-output>
        </test-method> <!-- launchApplication -->
        <test-method signature="updatePricingFeePackage()[pri:10, instance:automation.AdminTest.ConfigurationModuleTest@4f8969b0]" started-at="2024-05-04T10:30:06 CST" name="updatePricingFeePackage" finished-at="2024-05-04T10:30:19 CST" duration-ms="12976" status="PASS">
          <reporter-output>
          </reporter-output>
        </test-method> <!-- updatePricingFeePackage -->
        <test-method is-config="true" signature="tearDown()[pri:0, instance:automation.AdminTest.ConfigurationModuleTest@4f8969b0]" started-at="2024-05-04T10:30:19 CST" name="tearDown" finished-at="2024-05-04T10:30:20 CST" duration-ms="1331" status="PASS">
          <reporter-output>
          </reporter-output>
        </test-method> <!-- tearDown -->
        <test-method is-config="true" signature="launchApplication()[pri:0, instance:automation.AdminTest.ConfigurationModuleTest@4f8969b0]" started-at="2024-05-04T10:30:20 CST" name="launchApplication" finished-at="2024-05-04T10:30:24 CST" duration-ms="3105" status="PASS">
          <reporter-output>
          </reporter-output>
        </test-method> <!-- launchApplication -->
        <test-method signature="assignPricingToParkingArea()[pri:11, instance:automation.AdminTest.ConfigurationModuleTest@4f8969b0]" started-at="2024-05-04T10:30:24 CST" name="assignPricingToParkingArea" finished-at="2024-05-04T10:30:32 CST" duration-ms="8125" status="PASS">
          <reporter-output>
          </reporter-output>
        </test-method> <!-- assignPricingToParkingArea -->
        <test-method is-config="true" signature="tearDown()[pri:0, instance:automation.AdminTest.ConfigurationModuleTest@4f8969b0]" started-at="2024-05-04T10:30:32 CST" name="tearDown" finished-at="2024-05-04T10:30:33 CST" duration-ms="1282" status="PASS">
          <reporter-output>
          </reporter-output>
        </test-method> <!-- tearDown -->
        <test-method is-config="true" signature="launchApplication()[pri:0, instance:automation.AdminTest.ConfigurationModuleTest@4f8969b0]" started-at="2024-05-04T10:30:33 CST" name="launchApplication" finished-at="2024-05-04T10:30:36 CST" duration-ms="3050" status="PASS">
          <reporter-output>
          </reporter-output>
        </test-method> <!-- launchApplication -->
        <test-method signature="deletePricingPackage()[pri:12, instance:automation.AdminTest.ConfigurationModuleTest@4f8969b0]" started-at="2024-05-04T10:30:36 CST" name="deletePricingPackage" finished-at="2024-05-04T10:30:46 CST" duration-ms="9999" status="PASS">
          <reporter-output>
          </reporter-output>
        </test-method> <!-- deletePricingPackage -->
        <test-method is-config="true" signature="tearDown()[pri:0, instance:automation.AdminTest.ConfigurationModuleTest@4f8969b0]" started-at="2024-05-04T10:30:46 CST" name="tearDown" finished-at="2024-05-04T10:30:47 CST" duration-ms="1230" status="PASS">
          <reporter-output>
          </reporter-output>
        </test-method> <!-- tearDown -->
      </class> <!-- automation.AdminTest.ConfigurationModuleTest -->
    </test> <!-- Configuration Module Test -->
  </suite> <!-- Suite -->
</testng-results>
