<?xml version="1.0" encoding="UTF-8"?>
<testng-results ignored="0" total="40" passed="40" failed="0" skipped="0">
  <reporter-output>
  </reporter-output>
  <suite started-at="2024-02-05T21:09:44 CST" name="Suite" finished-at="2024-02-05T21:27:03 CST" duration-ms="1039638">
    <groups>
      <group name="ErrorHandling">
        <method signature="AllLoginTest.loginWithInvalidPassword()[pri:0, instance:automation.AdminTest.AllLoginTest@4082ba93]" name="loginWithInvalidPassword" class="automation.AdminTest.AllLoginTest"/>
        <method signature="AllLoginTest.loginWithInvalidUserName()[pri:0, instance:automation.AdminTest.AllLoginTest@4082ba93]" name="loginWithInvalidUserName" class="automation.AdminTest.AllLoginTest"/>
        <method signature="AllLoginTest.loginWithoutAccess()[pri:0, instance:automation.AdminTest.AllLoginTest@4082ba93]" name="loginWithoutAccess" class="automation.AdminTest.AllLoginTest"/>
        <method signature="AreaModuleTest.areaCodeDupValidation()[pri:0, instance:automation.AdminTest.AreaModuleTest@6933b6c6]" name="areaCodeDupValidation" class="automation.AdminTest.AreaModuleTest"/>
        <method signature="AreaModuleTest.areaNameDupValidation(java.util.HashMap)[pri:0, instance:automation.AdminTest.AreaModuleTest@6933b6c6]" name="areaNameDupValidation" class="automation.AdminTest.AreaModuleTest"/>
        <method signature="AreaModuleTest.fixedRateMaxLimit()[pri:0, instance:automation.AdminTest.AreaModuleTest@6933b6c6]" name="fixedRateMaxLimit" class="automation.AdminTest.AreaModuleTest"/>
        <method signature="UserModuleTest.userEmailDupValidation()[pri:0, instance:automation.AdminTest.UserModuleTest@6cd24612]" name="userEmailDupValidation" class="automation.AdminTest.UserModuleTest"/>
      </group> <!-- ErrorHandling -->
      <group name="Creation">
        <method signature="AreaModuleTest.areaCreation()[pri:0, instance:automation.AdminTest.AreaModuleTest@6933b6c6]" name="areaCreation" class="automation.AdminTest.AreaModuleTest"/>
        <method signature="UserModuleTest.adminEnrollment()[pri:1, instance:automation.AdminTest.UserModuleTest@6cd24612]" name="adminEnrollment" class="automation.AdminTest.UserModuleTest"/>
        <method signature="UserModuleTest.encoderEnrollment()[pri:2, instance:automation.AdminTest.UserModuleTest@6cd24612]" name="encoderEnrollment" class="automation.AdminTest.UserModuleTest"/>
      </group> <!-- Creation -->
    </groups>
    <test started-at="2024-02-05T21:09:44 CST" name="Login Test" finished-at="2024-02-05T21:10:47 CST" duration-ms="62715">
      <class name="automation.AdminTest.AllLoginTest">
        <test-method is-config="true" signature="launchApplication()[pri:0, instance:automation.AdminTest.AllLoginTest@4082ba93]" started-at="2024-02-05T21:09:44 CST" name="launchApplication" finished-at="2024-02-05T21:09:59 CST" duration-ms="15299" status="PASS">
          <reporter-output>
          </reporter-output>
        </test-method> <!-- launchApplication -->
        <test-method signature="loginWithAccess()[pri:0, instance:automation.AdminTest.AllLoginTest@4082ba93]" started-at="2024-02-05T21:09:59 CST" name="loginWithAccess" finished-at="2024-02-05T21:10:24 CST" duration-ms="24561" status="PASS">
          <reporter-output>
          </reporter-output>
        </test-method> <!-- loginWithAccess -->
        <test-method is-config="true" signature="tearDown()[pri:0, instance:automation.AdminTest.AllLoginTest@4082ba93]" started-at="2024-02-05T21:10:24 CST" name="tearDown" finished-at="2024-02-05T21:10:25 CST" duration-ms="978" status="PASS">
          <reporter-output>
          </reporter-output>
        </test-method> <!-- tearDown -->
        <test-method is-config="true" signature="launchApplication()[pri:0, instance:automation.AdminTest.AllLoginTest@4082ba93]" started-at="2024-02-05T21:10:25 CST" name="launchApplication" finished-at="2024-02-05T21:10:28 CST" duration-ms="2767" status="PASS">
          <reporter-output>
          </reporter-output>
        </test-method> <!-- launchApplication -->
        <test-method signature="loginWithInvalidPassword()[pri:0, instance:automation.AdminTest.AllLoginTest@4082ba93]" started-at="2024-02-05T21:10:28 CST" name="loginWithInvalidPassword" finished-at="2024-02-05T21:10:32 CST" duration-ms="4806" status="PASS">
          <reporter-output>
          </reporter-output>
        </test-method> <!-- loginWithInvalidPassword -->
        <test-method is-config="true" signature="tearDown()[pri:0, instance:automation.AdminTest.AllLoginTest@4082ba93]" started-at="2024-02-05T21:10:32 CST" name="tearDown" finished-at="2024-02-05T21:10:33 CST" duration-ms="814" status="PASS">
          <reporter-output>
          </reporter-output>
        </test-method> <!-- tearDown -->
        <test-method is-config="true" signature="launchApplication()[pri:0, instance:automation.AdminTest.AllLoginTest@4082ba93]" started-at="2024-02-05T21:10:33 CST" name="launchApplication" finished-at="2024-02-05T21:10:36 CST" duration-ms="2879" status="PASS">
          <reporter-output>
          </reporter-output>
        </test-method> <!-- launchApplication -->
        <test-method signature="loginWithInvalidUserName()[pri:0, instance:automation.AdminTest.AllLoginTest@4082ba93]" started-at="2024-02-05T21:10:36 CST" name="loginWithInvalidUserName" finished-at="2024-02-05T21:10:39 CST" duration-ms="2866" status="PASS">
          <reporter-output>
          </reporter-output>
        </test-method> <!-- loginWithInvalidUserName -->
        <test-method is-config="true" signature="tearDown()[pri:0, instance:automation.AdminTest.AllLoginTest@4082ba93]" started-at="2024-02-05T21:10:39 CST" name="tearDown" finished-at="2024-02-05T21:10:40 CST" duration-ms="936" status="PASS">
          <reporter-output>
          </reporter-output>
        </test-method> <!-- tearDown -->
        <test-method is-config="true" signature="launchApplication()[pri:0, instance:automation.AdminTest.AllLoginTest@4082ba93]" started-at="2024-02-05T21:10:40 CST" name="launchApplication" finished-at="2024-02-05T21:10:43 CST" duration-ms="2979" status="PASS">
          <reporter-output>
          </reporter-output>
        </test-method> <!-- launchApplication -->
        <test-method signature="loginWithoutAccess()[pri:0, instance:automation.AdminTest.AllLoginTest@4082ba93]" started-at="2024-02-05T21:10:43 CST" name="loginWithoutAccess" finished-at="2024-02-05T21:10:46 CST" duration-ms="2835" status="PASS">
          <reporter-output>
          </reporter-output>
        </test-method> <!-- loginWithoutAccess -->
        <test-method is-config="true" signature="tearDown()[pri:0, instance:automation.AdminTest.AllLoginTest@4082ba93]" started-at="2024-02-05T21:10:46 CST" name="tearDown" finished-at="2024-02-05T21:10:47 CST" duration-ms="897" status="PASS">
          <reporter-output>
          </reporter-output>
        </test-method> <!-- tearDown -->
      </class> <!-- automation.AdminTest.AllLoginTest -->
    </test> <!-- Login Test -->
    <test started-at="2024-02-05T21:10:47 CST" name="Parking Area Module Test" finished-at="2024-02-05T21:17:20 CST" duration-ms="393013">
      <class name="automation.AdminTest.AreaModuleTest">
        <test-method is-config="true" signature="launchApplication()[pri:0, instance:automation.AdminTest.AreaModuleTest@6933b6c6]" started-at="2024-02-05T21:10:47 CST" name="launchApplication" finished-at="2024-02-05T21:10:50 CST" duration-ms="2959" status="PASS">
          <reporter-output>
          </reporter-output>
        </test-method> <!-- launchApplication -->
        <test-method signature="areaCodeDupValidation()[pri:0, instance:automation.AdminTest.AreaModuleTest@6933b6c6]" started-at="2024-02-05T21:10:50 CST" name="areaCodeDupValidation" finished-at="2024-02-05T21:11:14 CST" duration-ms="23908" status="PASS">
          <reporter-output>
          </reporter-output>
        </test-method> <!-- areaCodeDupValidation -->
        <test-method is-config="true" signature="tearDown()[pri:0, instance:automation.AdminTest.AreaModuleTest@6933b6c6]" started-at="2024-02-05T21:11:14 CST" name="tearDown" finished-at="2024-02-05T21:11:15 CST" duration-ms="962" status="PASS">
          <reporter-output>
          </reporter-output>
        </test-method> <!-- tearDown -->
        <test-method is-config="true" signature="launchApplication()[pri:0, instance:automation.AdminTest.AreaModuleTest@6933b6c6]" started-at="2024-02-05T21:11:15 CST" name="launchApplication" finished-at="2024-02-05T21:11:17 CST" duration-ms="2696" status="PASS">
          <reporter-output>
          </reporter-output>
        </test-method> <!-- launchApplication -->
        <test-method signature="areaCreation()[pri:0, instance:automation.AdminTest.AreaModuleTest@6933b6c6]" started-at="2024-02-05T21:11:17 CST" name="areaCreation" finished-at="2024-02-05T21:12:02 CST" duration-ms="44277" status="PASS">
          <reporter-output>
          </reporter-output>
        </test-method> <!-- areaCreation -->
        <test-method is-config="true" signature="tearDown()[pri:0, instance:automation.AdminTest.AreaModuleTest@6933b6c6]" started-at="2024-02-05T21:12:02 CST" name="tearDown" finished-at="2024-02-05T21:12:03 CST" duration-ms="1043" status="PASS">
          <reporter-output>
          </reporter-output>
        </test-method> <!-- tearDown -->
        <test-method is-config="true" signature="launchApplication()[pri:0, instance:automation.AdminTest.AreaModuleTest@6933b6c6]" started-at="2024-02-05T21:12:03 CST" name="launchApplication" finished-at="2024-02-05T21:12:06 CST" duration-ms="3078" status="PASS">
          <reporter-output>
          </reporter-output>
        </test-method> <!-- launchApplication -->
        <test-method signature="areaNameDupValidation(java.util.HashMap)[pri:0, instance:automation.AdminTest.AreaModuleTest@6933b6c6]" started-at="2024-02-05T21:12:06 CST" name="areaNameDupValidation" data-provider="getData" finished-at="2024-02-05T21:12:32 CST" duration-ms="26165" status="PASS">
          <params>
            <param index="0">
              <value>
                <![CDATA[{password=Password1!, mobileNumber=987654321, username=renAdmin}]]>
              </value>
            </param>
          </params>
          <reporter-output>
          </reporter-output>
        </test-method> <!-- areaNameDupValidation -->
        <test-method is-config="true" signature="tearDown()[pri:0, instance:automation.AdminTest.AreaModuleTest@6933b6c6]" started-at="2024-02-05T21:12:32 CST" name="tearDown" finished-at="2024-02-05T21:12:33 CST" duration-ms="943" status="PASS">
          <reporter-output>
          </reporter-output>
        </test-method> <!-- tearDown -->
        <test-method is-config="true" signature="launchApplication()[pri:0, instance:automation.AdminTest.AreaModuleTest@6933b6c6]" started-at="2024-02-05T21:12:33 CST" name="launchApplication" finished-at="2024-02-05T21:12:38 CST" duration-ms="4355" status="PASS">
          <reporter-output>
          </reporter-output>
        </test-method> <!-- launchApplication -->
        <test-method signature="areaPagePagenation()[pri:0, instance:automation.AdminTest.AreaModuleTest@6933b6c6]" started-at="2024-02-05T21:12:38 CST" name="areaPagePagenation" finished-at="2024-02-05T21:13:02 CST" duration-ms="24350" status="PASS">
          <reporter-output>
          </reporter-output>
        </test-method> <!-- areaPagePagenation -->
        <test-method is-config="true" signature="tearDown()[pri:0, instance:automation.AdminTest.AreaModuleTest@6933b6c6]" started-at="2024-02-05T21:13:02 CST" name="tearDown" finished-at="2024-02-05T21:13:03 CST" duration-ms="893" status="PASS">
          <reporter-output>
          </reporter-output>
        </test-method> <!-- tearDown -->
        <test-method is-config="true" signature="launchApplication()[pri:0, instance:automation.AdminTest.AreaModuleTest@6933b6c6]" started-at="2024-02-05T21:13:03 CST" name="launchApplication" finished-at="2024-02-05T21:13:05 CST" duration-ms="2417" status="PASS">
          <reporter-output>
          </reporter-output>
        </test-method> <!-- launchApplication -->
        <test-method signature="areaPageSelectRow()[pri:0, instance:automation.AdminTest.AreaModuleTest@6933b6c6]" started-at="2024-02-05T21:13:05 CST" name="areaPageSelectRow" finished-at="2024-02-05T21:13:32 CST" duration-ms="26427" status="PASS">
          <reporter-output>
          </reporter-output>
        </test-method> <!-- areaPageSelectRow -->
        <test-method is-config="true" signature="tearDown()[pri:0, instance:automation.AdminTest.AreaModuleTest@6933b6c6]" started-at="2024-02-05T21:13:32 CST" name="tearDown" finished-at="2024-02-05T21:13:33 CST" duration-ms="905" status="PASS">
          <reporter-output>
          </reporter-output>
        </test-method> <!-- tearDown -->
        <test-method is-config="true" signature="launchApplication()[pri:0, instance:automation.AdminTest.AreaModuleTest@6933b6c6]" started-at="2024-02-05T21:13:33 CST" name="launchApplication" finished-at="2024-02-05T21:13:36 CST" duration-ms="2851" status="PASS">
          <reporter-output>
          </reporter-output>
        </test-method> <!-- launchApplication -->
        <test-method signature="carCapacityInputValidation()[pri:0, instance:automation.AdminTest.AreaModuleTest@6933b6c6]" started-at="2024-02-05T21:13:36 CST" name="carCapacityInputValidation" finished-at="2024-02-05T21:13:54 CST" duration-ms="18105" status="PASS">
          <reporter-output>
          </reporter-output>
        </test-method> <!-- carCapacityInputValidation -->
        <test-method is-config="true" signature="tearDown()[pri:0, instance:automation.AdminTest.AreaModuleTest@6933b6c6]" started-at="2024-02-05T21:13:54 CST" name="tearDown" finished-at="2024-02-05T21:13:55 CST" duration-ms="854" status="PASS">
          <reporter-output>
          </reporter-output>
        </test-method> <!-- tearDown -->
        <test-method is-config="true" signature="launchApplication()[pri:0, instance:automation.AdminTest.AreaModuleTest@6933b6c6]" started-at="2024-02-05T21:13:55 CST" name="launchApplication" finished-at="2024-02-05T21:13:57 CST" duration-ms="2756" status="PASS">
          <reporter-output>
          </reporter-output>
        </test-method> <!-- launchApplication -->
        <test-method signature="exitCreationAlert()[pri:0, instance:automation.AdminTest.AreaModuleTest@6933b6c6]" started-at="2024-02-05T21:13:57 CST" name="exitCreationAlert" finished-at="2024-02-05T21:14:17 CST" duration-ms="19392" status="PASS">
          <reporter-output>
          </reporter-output>
        </test-method> <!-- exitCreationAlert -->
        <test-method is-config="true" signature="tearDown()[pri:0, instance:automation.AdminTest.AreaModuleTest@6933b6c6]" started-at="2024-02-05T21:14:17 CST" name="tearDown" finished-at="2024-02-05T21:14:18 CST" duration-ms="996" status="PASS">
          <reporter-output>
          </reporter-output>
        </test-method> <!-- tearDown -->
        <test-method is-config="true" signature="launchApplication()[pri:0, instance:automation.AdminTest.AreaModuleTest@6933b6c6]" started-at="2024-02-05T21:14:18 CST" name="launchApplication" finished-at="2024-02-05T21:14:21 CST" duration-ms="2856" status="PASS">
          <reporter-output>
          </reporter-output>
        </test-method> <!-- launchApplication -->
        <test-method signature="fixedRateMaxLimit()[pri:0, instance:automation.AdminTest.AreaModuleTest@6933b6c6]" started-at="2024-02-05T21:14:21 CST" name="fixedRateMaxLimit" finished-at="2024-02-05T21:14:47 CST" duration-ms="26279" status="PASS">
          <reporter-output>
          </reporter-output>
        </test-method> <!-- fixedRateMaxLimit -->
        <test-method is-config="true" signature="tearDown()[pri:0, instance:automation.AdminTest.AreaModuleTest@6933b6c6]" started-at="2024-02-05T21:14:47 CST" name="tearDown" finished-at="2024-02-05T21:14:48 CST" duration-ms="953" status="PASS">
          <reporter-output>
          </reporter-output>
        </test-method> <!-- tearDown -->
        <test-method is-config="true" signature="launchApplication()[pri:0, instance:automation.AdminTest.AreaModuleTest@6933b6c6]" started-at="2024-02-05T21:14:48 CST" name="launchApplication" finished-at="2024-02-05T21:14:51 CST" duration-ms="3021" status="PASS">
          <reporter-output>
          </reporter-output>
        </test-method> <!-- launchApplication -->
        <test-method signature="motorcycleCapacityInputValidation()[pri:0, instance:automation.AdminTest.AreaModuleTest@6933b6c6]" started-at="2024-02-05T21:14:51 CST" name="motorcycleCapacityInputValidation" finished-at="2024-02-05T21:15:09 CST" duration-ms="17889" status="PASS">
          <reporter-output>
          </reporter-output>
        </test-method> <!-- motorcycleCapacityInputValidation -->
        <test-method is-config="true" signature="tearDown()[pri:0, instance:automation.AdminTest.AreaModuleTest@6933b6c6]" started-at="2024-02-05T21:15:09 CST" name="tearDown" finished-at="2024-02-05T21:15:10 CST" duration-ms="1045" status="PASS">
          <reporter-output>
          </reporter-output>
        </test-method> <!-- tearDown -->
        <test-method is-config="true" signature="launchApplication()[pri:0, instance:automation.AdminTest.AreaModuleTest@6933b6c6]" started-at="2024-02-05T21:15:10 CST" name="launchApplication" finished-at="2024-02-05T21:15:18 CST" duration-ms="8227" status="PASS">
          <reporter-output>
          </reporter-output>
        </test-method> <!-- launchApplication -->
        <test-method signature="setCMotorcycleCapacityPlusButtonToDisable()[pri:0, instance:automation.AdminTest.AreaModuleTest@6933b6c6]" started-at="2024-02-05T21:15:18 CST" name="setCMotorcycleCapacityPlusButtonToDisable" finished-at="2024-02-05T21:15:44 CST" duration-ms="26036" status="PASS">
          <reporter-output>
          </reporter-output>
        </test-method> <!-- setCMotorcycleCapacityPlusButtonToDisable -->
        <test-method is-config="true" signature="tearDown()[pri:0, instance:automation.AdminTest.AreaModuleTest@6933b6c6]" started-at="2024-02-05T21:15:44 CST" name="tearDown" finished-at="2024-02-05T21:15:45 CST" duration-ms="919" status="PASS">
          <reporter-output>
          </reporter-output>
        </test-method> <!-- tearDown -->
        <test-method is-config="true" signature="launchApplication()[pri:0, instance:automation.AdminTest.AreaModuleTest@6933b6c6]" started-at="2024-02-05T21:15:45 CST" name="launchApplication" finished-at="2024-02-05T21:15:48 CST" duration-ms="2569" status="PASS">
          <reporter-output>
          </reporter-output>
        </test-method> <!-- launchApplication -->
        <test-method signature="setCarCapacityMinusButtonToDisable()[pri:0, instance:automation.AdminTest.AreaModuleTest@6933b6c6]" started-at="2024-02-05T21:15:48 CST" name="setCarCapacityMinusButtonToDisable" finished-at="2024-02-05T21:16:05 CST" duration-ms="17947" status="PASS">
          <reporter-output>
          </reporter-output>
        </test-method> <!-- setCarCapacityMinusButtonToDisable -->
        <test-method is-config="true" signature="tearDown()[pri:0, instance:automation.AdminTest.AreaModuleTest@6933b6c6]" started-at="2024-02-05T21:16:06 CST" name="tearDown" finished-at="2024-02-05T21:16:07 CST" duration-ms="1083" status="PASS">
          <reporter-output>
          </reporter-output>
        </test-method> <!-- tearDown -->
        <test-method is-config="true" signature="launchApplication()[pri:0, instance:automation.AdminTest.AreaModuleTest@6933b6c6]" started-at="2024-02-05T21:16:07 CST" name="launchApplication" finished-at="2024-02-05T21:16:09 CST" duration-ms="2618" status="PASS">
          <reporter-output>
          </reporter-output>
        </test-method> <!-- launchApplication -->
        <test-method signature="setCarCapacityPlusButtonToDisable()[pri:0, instance:automation.AdminTest.AreaModuleTest@6933b6c6]" started-at="2024-02-05T21:16:09 CST" name="setCarCapacityPlusButtonToDisable" finished-at="2024-02-05T21:16:28 CST" duration-ms="18573" status="PASS">
          <reporter-output>
          </reporter-output>
        </test-method> <!-- setCarCapacityPlusButtonToDisable -->
        <test-method is-config="true" signature="tearDown()[pri:0, instance:automation.AdminTest.AreaModuleTest@6933b6c6]" started-at="2024-02-05T21:16:28 CST" name="tearDown" finished-at="2024-02-05T21:16:29 CST" duration-ms="944" status="PASS">
          <reporter-output>
          </reporter-output>
        </test-method> <!-- tearDown -->
        <test-method is-config="true" signature="launchApplication()[pri:0, instance:automation.AdminTest.AreaModuleTest@6933b6c6]" started-at="2024-02-05T21:16:29 CST" name="launchApplication" finished-at="2024-02-05T21:16:31 CST" duration-ms="2763" status="PASS">
          <reporter-output>
          </reporter-output>
        </test-method> <!-- launchApplication -->
        <test-method signature="setMotorcycleCapacityPlusButtonToDisable()[pri:0, instance:automation.AdminTest.AreaModuleTest@6933b6c6]" started-at="2024-02-05T21:16:31 CST" name="setMotorcycleCapacityPlusButtonToDisable" finished-at="2024-02-05T21:16:50 CST" duration-ms="18275" status="PASS">
          <reporter-output>
          </reporter-output>
        </test-method> <!-- setMotorcycleCapacityPlusButtonToDisable -->
        <test-method is-config="true" signature="tearDown()[pri:0, instance:automation.AdminTest.AreaModuleTest@6933b6c6]" started-at="2024-02-05T21:16:50 CST" name="tearDown" finished-at="2024-02-05T21:16:51 CST" duration-ms="893" status="PASS">
          <reporter-output>
          </reporter-output>
        </test-method> <!-- tearDown -->
        <test-method is-config="true" signature="launchApplication()[pri:0, instance:automation.AdminTest.AreaModuleTest@6933b6c6]" started-at="2024-02-05T21:16:51 CST" name="launchApplication" finished-at="2024-02-05T21:16:53 CST" duration-ms="2801" status="PASS">
          <reporter-output>
          </reporter-output>
        </test-method> <!-- launchApplication -->
        <test-method signature="validateUpdateParkingArea()[pri:0, instance:automation.AdminTest.AreaModuleTest@6933b6c6]" started-at="2024-02-05T21:16:53 CST" name="validateUpdateParkingArea" finished-at="2024-02-05T21:17:19 CST" duration-ms="25312" status="PASS">
          <reporter-output>
          </reporter-output>
        </test-method> <!-- validateUpdateParkingArea -->
        <test-method is-config="true" signature="tearDown()[pri:0, instance:automation.AdminTest.AreaModuleTest@6933b6c6]" started-at="2024-02-05T21:17:19 CST" name="tearDown" finished-at="2024-02-05T21:17:20 CST" duration-ms="1014" status="PASS">
          <reporter-output>
          </reporter-output>
        </test-method> <!-- tearDown -->
      </class> <!-- automation.AdminTest.AreaModuleTest -->
    </test> <!-- Parking Area Module Test -->
    <test started-at="2024-02-05T21:17:20 CST" name="User Module Test" finished-at="2024-02-05T21:21:29 CST" duration-ms="249210">
      <class name="automation.AdminTest.UserModuleTest">
        <test-method is-config="true" signature="launchApplication()[pri:0, instance:automation.AdminTest.UserModuleTest@6cd24612]" started-at="2024-02-05T21:17:20 CST" name="launchApplication" finished-at="2024-02-05T21:17:23 CST" duration-ms="2744" status="PASS">
          <reporter-output>
          </reporter-output>
        </test-method> <!-- launchApplication -->
        <test-method signature="exitEnrollmentAlert()[pri:0, instance:automation.AdminTest.UserModuleTest@6cd24612]" started-at="2024-02-05T21:17:23 CST" name="exitEnrollmentAlert" finished-at="2024-02-05T21:17:38 CST" duration-ms="15539" status="PASS">
          <reporter-output>
          </reporter-output>
        </test-method> <!-- exitEnrollmentAlert -->
        <test-method is-config="true" signature="tearDown()[pri:0, instance:automation.AdminTest.UserModuleTest@6cd24612]" started-at="2024-02-05T21:17:38 CST" name="tearDown" finished-at="2024-02-05T21:17:39 CST" duration-ms="990" status="PASS">
          <reporter-output>
          </reporter-output>
        </test-method> <!-- tearDown -->
        <test-method is-config="true" signature="launchApplication()[pri:0, instance:automation.AdminTest.UserModuleTest@6cd24612]" started-at="2024-02-05T21:17:39 CST" name="launchApplication" finished-at="2024-02-05T21:17:42 CST" duration-ms="2584" status="PASS">
          <reporter-output>
          </reporter-output>
        </test-method> <!-- launchApplication -->
        <test-method signature="getCopyUserName()[pri:0, instance:automation.AdminTest.UserModuleTest@6cd24612]" started-at="2024-02-05T21:17:42 CST" name="getCopyUserName" finished-at="2024-02-05T21:17:59 CST" duration-ms="16987" status="PASS">
          <reporter-output>
          </reporter-output>
        </test-method> <!-- getCopyUserName -->
        <test-method is-config="true" signature="tearDown()[pri:0, instance:automation.AdminTest.UserModuleTest@6cd24612]" started-at="2024-02-05T21:17:59 CST" name="tearDown" finished-at="2024-02-05T21:18:00 CST" duration-ms="993" status="PASS">
          <reporter-output>
          </reporter-output>
        </test-method> <!-- tearDown -->
        <test-method is-config="true" signature="launchApplication()[pri:0, instance:automation.AdminTest.UserModuleTest@6cd24612]" started-at="2024-02-05T21:18:00 CST" name="launchApplication" finished-at="2024-02-05T21:18:02 CST" duration-ms="2500" status="PASS">
          <reporter-output>
          </reporter-output>
        </test-method> <!-- launchApplication -->
        <test-method signature="getCopyUserPassword()[pri:0, instance:automation.AdminTest.UserModuleTest@6cd24612]" started-at="2024-02-05T21:18:02 CST" name="getCopyUserPassword" finished-at="2024-02-05T21:18:19 CST" duration-ms="16411" status="PASS">
          <reporter-output>
          </reporter-output>
        </test-method> <!-- getCopyUserPassword -->
        <test-method is-config="true" signature="tearDown()[pri:0, instance:automation.AdminTest.UserModuleTest@6cd24612]" started-at="2024-02-05T21:18:19 CST" name="tearDown" finished-at="2024-02-05T21:18:20 CST" duration-ms="937" status="PASS">
          <reporter-output>
          </reporter-output>
        </test-method> <!-- tearDown -->
        <test-method is-config="true" signature="launchApplication()[pri:0, instance:automation.AdminTest.UserModuleTest@6cd24612]" started-at="2024-02-05T21:18:20 CST" name="launchApplication" finished-at="2024-02-05T21:18:22 CST" duration-ms="2679" status="PASS">
          <reporter-output>
          </reporter-output>
        </test-method> <!-- launchApplication -->
        <test-method signature="userEmailDupValidation()[pri:0, instance:automation.AdminTest.UserModuleTest@6cd24612]" started-at="2024-02-05T21:18:22 CST" name="userEmailDupValidation" finished-at="2024-02-05T21:18:40 CST" duration-ms="17763" status="PASS">
          <reporter-output>
          </reporter-output>
        </test-method> <!-- userEmailDupValidation -->
        <test-method is-config="true" signature="tearDown()[pri:0, instance:automation.AdminTest.UserModuleTest@6cd24612]" started-at="2024-02-05T21:18:40 CST" name="tearDown" finished-at="2024-02-05T21:18:41 CST" duration-ms="961" status="PASS">
          <reporter-output>
          </reporter-output>
        </test-method> <!-- tearDown -->
        <test-method is-config="true" signature="launchApplication()[pri:0, instance:automation.AdminTest.UserModuleTest@6cd24612]" started-at="2024-02-05T21:18:41 CST" name="launchApplication" finished-at="2024-02-05T21:18:44 CST" duration-ms="2614" status="PASS">
          <reporter-output>
          </reporter-output>
        </test-method> <!-- launchApplication -->
        <test-method signature="userPagePagenation()[pri:0, instance:automation.AdminTest.UserModuleTest@6cd24612]" started-at="2024-02-05T21:18:44 CST" name="userPagePagenation" finished-at="2024-02-05T21:19:07 CST" duration-ms="23695" status="PASS">
          <reporter-output>
          </reporter-output>
        </test-method> <!-- userPagePagenation -->
        <test-method is-config="true" signature="tearDown()[pri:0, instance:automation.AdminTest.UserModuleTest@6cd24612]" started-at="2024-02-05T21:19:07 CST" name="tearDown" finished-at="2024-02-05T21:19:08 CST" duration-ms="913" status="PASS">
          <reporter-output>
          </reporter-output>
        </test-method> <!-- tearDown -->
        <test-method is-config="true" signature="launchApplication()[pri:0, instance:automation.AdminTest.UserModuleTest@6cd24612]" started-at="2024-02-05T21:19:08 CST" name="launchApplication" finished-at="2024-02-05T21:19:11 CST" duration-ms="2732" status="PASS">
          <reporter-output>
          </reporter-output>
        </test-method> <!-- launchApplication -->
        <test-method signature="userPageSelectRow()[pri:0, instance:automation.AdminTest.UserModuleTest@6cd24612]" started-at="2024-02-05T21:19:11 CST" name="userPageSelectRow" finished-at="2024-02-05T21:19:37 CST" duration-ms="26412" status="PASS">
          <reporter-output>
          </reporter-output>
        </test-method> <!-- userPageSelectRow -->
        <test-method is-config="true" signature="tearDown()[pri:0, instance:automation.AdminTest.UserModuleTest@6cd24612]" started-at="2024-02-05T21:19:37 CST" name="tearDown" finished-at="2024-02-05T21:19:38 CST" duration-ms="891" status="PASS">
          <reporter-output>
          </reporter-output>
        </test-method> <!-- tearDown -->
        <test-method is-config="true" signature="launchApplication()[pri:0, instance:automation.AdminTest.UserModuleTest@6cd24612]" started-at="2024-02-05T21:19:38 CST" name="launchApplication" finished-at="2024-02-05T21:19:41 CST" duration-ms="2628" status="PASS">
          <reporter-output>
          </reporter-output>
        </test-method> <!-- launchApplication -->
        <test-method signature="adminEnrollment()[pri:1, instance:automation.AdminTest.UserModuleTest@6cd24612]" started-at="2024-02-05T21:19:41 CST" name="adminEnrollment" finished-at="2024-02-05T21:20:11 CST" duration-ms="29911" status="PASS">
          <reporter-output>
          </reporter-output>
        </test-method> <!-- adminEnrollment -->
        <test-method is-config="true" signature="tearDown()[pri:0, instance:automation.AdminTest.UserModuleTest@6cd24612]" started-at="2024-02-05T21:20:11 CST" name="tearDown" finished-at="2024-02-05T21:20:12 CST" duration-ms="935" status="PASS">
          <reporter-output>
          </reporter-output>
        </test-method> <!-- tearDown -->
        <test-method is-config="true" signature="launchApplication()[pri:0, instance:automation.AdminTest.UserModuleTest@6cd24612]" started-at="2024-02-05T21:20:12 CST" name="launchApplication" finished-at="2024-02-05T21:20:21 CST" duration-ms="9498" status="PASS">
          <reporter-output>
          </reporter-output>
        </test-method> <!-- launchApplication -->
        <test-method signature="encoderEnrollment()[pri:2, instance:automation.AdminTest.UserModuleTest@6cd24612]" started-at="2024-02-05T21:20:21 CST" name="encoderEnrollment" finished-at="2024-02-05T21:21:09 CST" duration-ms="47916" status="PASS">
          <reporter-output>
          </reporter-output>
        </test-method> <!-- encoderEnrollment -->
        <test-method is-config="true" signature="tearDown()[pri:0, instance:automation.AdminTest.UserModuleTest@6cd24612]" started-at="2024-02-05T21:21:09 CST" name="tearDown" finished-at="2024-02-05T21:21:10 CST" duration-ms="946" status="PASS">
          <reporter-output>
          </reporter-output>
        </test-method> <!-- tearDown -->
        <test-method is-config="true" signature="launchApplication()[pri:0, instance:automation.AdminTest.UserModuleTest@6cd24612]" started-at="2024-02-05T21:21:10 CST" name="launchApplication" finished-at="2024-02-05T21:21:13 CST" duration-ms="2780" status="PASS">
          <reporter-output>
          </reporter-output>
        </test-method> <!-- launchApplication -->
        <test-method signature="editUserAccount()[pri:3, instance:automation.AdminTest.UserModuleTest@6cd24612]" started-at="2024-02-05T21:21:13 CST" name="editUserAccount" finished-at="2024-02-05T21:21:28 CST" duration-ms="15316" status="PASS">
          <reporter-output>
          </reporter-output>
        </test-method> <!-- editUserAccount -->
        <test-method is-config="true" signature="tearDown()[pri:0, instance:automation.AdminTest.UserModuleTest@6cd24612]" started-at="2024-02-05T21:21:28 CST" name="tearDown" finished-at="2024-02-05T21:21:29 CST" duration-ms="910" status="PASS">
          <reporter-output>
          </reporter-output>
        </test-method> <!-- tearDown -->
      </class> <!-- automation.AdminTest.UserModuleTest -->
    </test> <!-- User Module Test -->
    <test started-at="2024-02-05T21:21:29 CST" name="Filter And Search Test" finished-at="2024-02-05T21:23:16 CST" duration-ms="107034">
      <class name="automation.AdminTest.FilterAndSearchTest">
        <test-method is-config="true" signature="launchApplication()[pri:0, instance:automation.AdminTest.FilterAndSearchTest@41330d4f]" started-at="2024-02-05T21:21:29 CST" name="launchApplication" finished-at="2024-02-05T21:21:32 CST" duration-ms="2647" status="PASS">
          <reporter-output>
          </reporter-output>
        </test-method> <!-- launchApplication -->
        <test-method signature="filterByAdminRole()[pri:0, instance:automation.AdminTest.FilterAndSearchTest@41330d4f]" started-at="2024-02-05T21:21:32 CST" name="filterByAdminRole" finished-at="2024-02-05T21:21:44 CST" duration-ms="11864" status="PASS">
          <reporter-output>
          </reporter-output>
        </test-method> <!-- filterByAdminRole -->
        <test-method is-config="true" signature="tearDown()[pri:0, instance:automation.AdminTest.FilterAndSearchTest@41330d4f]" started-at="2024-02-05T21:21:44 CST" name="tearDown" finished-at="2024-02-05T21:21:45 CST" duration-ms="995" status="PASS">
          <reporter-output>
          </reporter-output>
        </test-method> <!-- tearDown -->
        <test-method is-config="true" signature="launchApplication()[pri:0, instance:automation.AdminTest.FilterAndSearchTest@41330d4f]" started-at="2024-02-05T21:21:45 CST" name="launchApplication" finished-at="2024-02-05T21:21:47 CST" duration-ms="2681" status="PASS">
          <reporter-output>
          </reporter-output>
        </test-method> <!-- launchApplication -->
        <test-method signature="filterByEncoderRole()[pri:0, instance:automation.AdminTest.FilterAndSearchTest@41330d4f]" started-at="2024-02-05T21:21:47 CST" name="filterByEncoderRole" finished-at="2024-02-05T21:21:59 CST" duration-ms="11737" status="PASS">
          <reporter-output>
          </reporter-output>
        </test-method> <!-- filterByEncoderRole -->
        <test-method is-config="true" signature="tearDown()[pri:0, instance:automation.AdminTest.FilterAndSearchTest@41330d4f]" started-at="2024-02-05T21:21:59 CST" name="tearDown" finished-at="2024-02-05T21:22:00 CST" duration-ms="937" status="PASS">
          <reporter-output>
          </reporter-output>
        </test-method> <!-- tearDown -->
        <test-method is-config="true" signature="launchApplication()[pri:0, instance:automation.AdminTest.FilterAndSearchTest@41330d4f]" started-at="2024-02-05T21:22:00 CST" name="launchApplication" finished-at="2024-02-05T21:22:03 CST" duration-ms="2858" status="PASS">
          <reporter-output>
          </reporter-output>
        </test-method> <!-- launchApplication -->
        <test-method signature="parkingAreaCodeSearch(java.util.HashMap)[pri:0, instance:automation.AdminTest.FilterAndSearchTest@41330d4f]" started-at="2024-02-05T21:22:03 CST" name="parkingAreaCodeSearch" data-provider="getData" finished-at="2024-02-05T21:22:17 CST" duration-ms="14329" status="PASS">
          <params>
            <param index="0">
              <value>
                <![CDATA[{password=Password1!, mobileNumber=987654321, username=renAdmin}]]>
              </value>
            </param>
          </params>
          <reporter-output>
          </reporter-output>
        </test-method> <!-- parkingAreaCodeSearch -->
        <test-method is-config="true" signature="tearDown()[pri:0, instance:automation.AdminTest.FilterAndSearchTest@41330d4f]" started-at="2024-02-05T21:22:17 CST" name="tearDown" finished-at="2024-02-05T21:22:18 CST" duration-ms="883" status="PASS">
          <reporter-output>
          </reporter-output>
        </test-method> <!-- tearDown -->
        <test-method is-config="true" signature="launchApplication()[pri:0, instance:automation.AdminTest.FilterAndSearchTest@41330d4f]" started-at="2024-02-05T21:22:18 CST" name="launchApplication" finished-at="2024-02-05T21:22:21 CST" duration-ms="2613" status="PASS">
          <reporter-output>
          </reporter-output>
        </test-method> <!-- launchApplication -->
        <test-method signature="parkingNameSearch(java.util.HashMap)[pri:0, instance:automation.AdminTest.FilterAndSearchTest@41330d4f]" started-at="2024-02-05T21:22:21 CST" name="parkingNameSearch" data-provider="getData" finished-at="2024-02-05T21:22:35 CST" duration-ms="14289" status="PASS">
          <params>
            <param index="0">
              <value>
                <![CDATA[{password=Password1!, mobileNumber=987654321, username=renAdmin}]]>
              </value>
            </param>
          </params>
          <reporter-output>
          </reporter-output>
        </test-method> <!-- parkingNameSearch -->
        <test-method is-config="true" signature="tearDown()[pri:0, instance:automation.AdminTest.FilterAndSearchTest@41330d4f]" started-at="2024-02-05T21:22:35 CST" name="tearDown" finished-at="2024-02-05T21:22:36 CST" duration-ms="903" status="PASS">
          <reporter-output>
          </reporter-output>
        </test-method> <!-- tearDown -->
        <test-method is-config="true" signature="launchApplication()[pri:0, instance:automation.AdminTest.FilterAndSearchTest@41330d4f]" started-at="2024-02-05T21:22:36 CST" name="launchApplication" finished-at="2024-02-05T21:22:39 CST" duration-ms="2801" status="PASS">
          <reporter-output>
          </reporter-output>
        </test-method> <!-- launchApplication -->
        <test-method signature="userEmailSearch()[pri:0, instance:automation.AdminTest.FilterAndSearchTest@41330d4f]" started-at="2024-02-05T21:22:39 CST" name="userEmailSearch" finished-at="2024-02-05T21:22:49 CST" duration-ms="9813" status="PASS">
          <reporter-output>
          </reporter-output>
        </test-method> <!-- userEmailSearch -->
        <test-method is-config="true" signature="tearDown()[pri:0, instance:automation.AdminTest.FilterAndSearchTest@41330d4f]" started-at="2024-02-05T21:22:49 CST" name="tearDown" finished-at="2024-02-05T21:22:49 CST" duration-ms="919" status="PASS">
          <reporter-output>
          </reporter-output>
        </test-method> <!-- tearDown -->
        <test-method is-config="true" signature="launchApplication()[pri:0, instance:automation.AdminTest.FilterAndSearchTest@41330d4f]" started-at="2024-02-05T21:22:49 CST" name="launchApplication" finished-at="2024-02-05T21:22:52 CST" duration-ms="2632" status="PASS">
          <reporter-output>
          </reporter-output>
        </test-method> <!-- launchApplication -->
        <test-method signature="userFirstNameSearch()[pri:0, instance:automation.AdminTest.FilterAndSearchTest@41330d4f]" started-at="2024-02-05T21:22:52 CST" name="userFirstNameSearch" finished-at="2024-02-05T21:23:02 CST" duration-ms="10193" status="PASS">
          <reporter-output>
          </reporter-output>
        </test-method> <!-- userFirstNameSearch -->
        <test-method is-config="true" signature="tearDown()[pri:0, instance:automation.AdminTest.FilterAndSearchTest@41330d4f]" started-at="2024-02-05T21:23:02 CST" name="tearDown" finished-at="2024-02-05T21:23:03 CST" duration-ms="875" status="PASS">
          <reporter-output>
          </reporter-output>
        </test-method> <!-- tearDown -->
        <test-method is-config="true" signature="launchApplication()[pri:0, instance:automation.AdminTest.FilterAndSearchTest@41330d4f]" started-at="2024-02-05T21:23:03 CST" name="launchApplication" finished-at="2024-02-05T21:23:06 CST" duration-ms="2529" status="PASS">
          <reporter-output>
          </reporter-output>
        </test-method> <!-- launchApplication -->
        <test-method signature="userLastNameSearch()[pri:0, instance:automation.AdminTest.FilterAndSearchTest@41330d4f]" started-at="2024-02-05T21:23:06 CST" name="userLastNameSearch" finished-at="2024-02-05T21:23:15 CST" duration-ms="9460" status="PASS">
          <reporter-output>
          </reporter-output>
        </test-method> <!-- userLastNameSearch -->
        <test-method is-config="true" signature="tearDown()[pri:0, instance:automation.AdminTest.FilterAndSearchTest@41330d4f]" started-at="2024-02-05T21:23:15 CST" name="tearDown" finished-at="2024-02-05T21:23:16 CST" duration-ms="1049" status="PASS">
          <reporter-output>
          </reporter-output>
        </test-method> <!-- tearDown -->
      </class> <!-- automation.AdminTest.FilterAndSearchTest -->
    </test> <!-- Filter And Search Test -->
    <test started-at="2024-02-05T21:23:16 CST" name="Permission Test" finished-at="2024-02-05T21:27:03 CST" duration-ms="227260">
      <class name="automation.AdminTest.PermissionTest">
        <test-method is-config="true" signature="launchApplication()[pri:0, instance:automation.AdminTest.PermissionTest@1df8da7a]" started-at="2024-02-05T21:23:16 CST" name="launchApplication" finished-at="2024-02-05T21:23:22 CST" duration-ms="5887" status="PASS">
          <reporter-output>
          </reporter-output>
        </test-method> <!-- launchApplication -->
        <test-method signature="setAllowExitToFalse()[pri:0, instance:automation.AdminTest.PermissionTest@1df8da7a]" started-at="2024-02-05T21:23:22 CST" name="setAllowExitToFalse" finished-at="2024-02-05T21:24:24 CST" duration-ms="62033" status="PASS">
          <reporter-output>
          </reporter-output>
        </test-method> <!-- setAllowExitToFalse -->
        <test-method is-config="true" signature="tearDown()[pri:0, instance:automation.AdminTest.PermissionTest@1df8da7a]" started-at="2024-02-05T21:24:24 CST" name="tearDown" finished-at="2024-02-05T21:24:25 CST" duration-ms="1118" status="PASS">
          <reporter-output>
          </reporter-output>
        </test-method> <!-- tearDown -->
        <test-method is-config="true" signature="launchApplication()[pri:0, instance:automation.AdminTest.PermissionTest@1df8da7a]" started-at="2024-02-05T21:24:25 CST" name="launchApplication" finished-at="2024-02-05T21:24:28 CST" duration-ms="2616" status="PASS">
          <reporter-output>
          </reporter-output>
        </test-method> <!-- launchApplication -->
        <test-method signature="setAllowExitToTrue()[pri:0, instance:automation.AdminTest.PermissionTest@1df8da7a]" started-at="2024-02-05T21:24:28 CST" name="setAllowExitToTrue" finished-at="2024-02-05T21:24:54 CST" duration-ms="26055" status="PASS">
          <reporter-output>
          </reporter-output>
        </test-method> <!-- setAllowExitToTrue -->
        <test-method is-config="true" signature="tearDown()[pri:0, instance:automation.AdminTest.PermissionTest@1df8da7a]" started-at="2024-02-05T21:24:54 CST" name="tearDown" finished-at="2024-02-05T21:24:55 CST" duration-ms="1066" status="PASS">
          <reporter-output>
          </reporter-output>
        </test-method> <!-- tearDown -->
        <test-method is-config="true" signature="launchApplication()[pri:0, instance:automation.AdminTest.PermissionTest@1df8da7a]" started-at="2024-02-05T21:24:55 CST" name="launchApplication" finished-at="2024-02-05T21:24:58 CST" duration-ms="2607" status="PASS">
          <reporter-output>
          </reporter-output>
        </test-method> <!-- launchApplication -->
        <test-method signature="userWithActiveStatus()[pri:0, instance:automation.AdminTest.PermissionTest@1df8da7a]" started-at="2024-02-05T21:24:58 CST" name="userWithActiveStatus" finished-at="2024-02-05T21:25:21 CST" duration-ms="23799" status="PASS">
          <reporter-output>
          </reporter-output>
        </test-method> <!-- userWithActiveStatus -->
        <test-method is-config="true" signature="tearDown()[pri:0, instance:automation.AdminTest.PermissionTest@1df8da7a]" started-at="2024-02-05T21:25:21 CST" name="tearDown" finished-at="2024-02-05T21:25:22 CST" duration-ms="1081" status="PASS">
          <reporter-output>
          </reporter-output>
        </test-method> <!-- tearDown -->
        <test-method is-config="true" signature="launchApplication()[pri:0, instance:automation.AdminTest.PermissionTest@1df8da7a]" started-at="2024-02-05T21:25:22 CST" name="launchApplication" finished-at="2024-02-05T21:25:30 CST" duration-ms="7995" status="PASS">
          <reporter-output>
          </reporter-output>
        </test-method> <!-- launchApplication -->
        <test-method signature="userWithPaymentAcceptanceSetToFalse()[pri:0, instance:automation.AdminTest.PermissionTest@1df8da7a]" started-at="2024-02-05T21:25:30 CST" name="userWithPaymentAcceptanceSetToFalse" finished-at="2024-02-05T21:26:05 CST" duration-ms="34269" status="PASS">
          <reporter-output>
          </reporter-output>
        </test-method> <!-- userWithPaymentAcceptanceSetToFalse -->
        <test-method is-config="true" signature="tearDown()[pri:0, instance:automation.AdminTest.PermissionTest@1df8da7a]" started-at="2024-02-05T21:26:05 CST" name="tearDown" finished-at="2024-02-05T21:26:06 CST" duration-ms="1053" status="PASS">
          <reporter-output>
          </reporter-output>
        </test-method> <!-- tearDown -->
        <test-method is-config="true" signature="launchApplication()[pri:0, instance:automation.AdminTest.PermissionTest@1df8da7a]" started-at="2024-02-05T21:26:06 CST" name="launchApplication" finished-at="2024-02-05T21:26:09 CST" duration-ms="2724" status="PASS">
          <reporter-output>
          </reporter-output>
        </test-method> <!-- launchApplication -->
        <test-method signature="userWithPaymentAcceptanceSetToTrue()[pri:0, instance:automation.AdminTest.PermissionTest@1df8da7a]" started-at="2024-02-05T21:26:09 CST" name="userWithPaymentAcceptanceSetToTrue" finished-at="2024-02-05T21:26:38 CST" duration-ms="29634" status="PASS">
          <reporter-output>
          </reporter-output>
        </test-method> <!-- userWithPaymentAcceptanceSetToTrue -->
        <test-method is-config="true" signature="tearDown()[pri:0, instance:automation.AdminTest.PermissionTest@1df8da7a]" started-at="2024-02-05T21:26:38 CST" name="tearDown" finished-at="2024-02-05T21:26:39 CST" duration-ms="1074" status="PASS">
          <reporter-output>
          </reporter-output>
        </test-method> <!-- tearDown -->
        <test-method is-config="true" signature="launchApplication()[pri:0, instance:automation.AdminTest.PermissionTest@1df8da7a]" started-at="2024-02-05T21:26:39 CST" name="launchApplication" finished-at="2024-02-05T21:26:42 CST" duration-ms="2417" status="PASS">
          <reporter-output>
          </reporter-output>
        </test-method> <!-- launchApplication -->
        <test-method signature="userWithRestrictedStatus()[pri:0, instance:automation.AdminTest.PermissionTest@1df8da7a]" started-at="2024-02-05T21:26:42 CST" name="userWithRestrictedStatus" finished-at="2024-02-05T21:27:02 CST" duration-ms="20750" status="PASS">
          <reporter-output>
          </reporter-output>
        </test-method> <!-- userWithRestrictedStatus -->
        <test-method is-config="true" signature="tearDown()[pri:0, instance:automation.AdminTest.PermissionTest@1df8da7a]" started-at="2024-02-05T21:27:02 CST" name="tearDown" finished-at="2024-02-05T21:27:03 CST" duration-ms="1067" status="PASS">
          <reporter-output>
          </reporter-output>
        </test-method> <!-- tearDown -->
      </class> <!-- automation.AdminTest.PermissionTest -->
    </test> <!-- Permission Test -->
  </suite> <!-- Suite -->
</testng-results>
