<?xml version="1.0" encoding="UTF-8"?>
<testng-results ignored="0" total="37" passed="37" failed="0" skipped="0">
  <reporter-output>
  </reporter-output>
  <suite started-at="2024-01-31T23:11:24 CST" name="Suite" finished-at="2024-01-31T23:28:05 CST" duration-ms="1001357">
    <groups>
      <group name="ErrorHandling">
        <method signature="AllLoginTest.loginWithInvalidPassword()[pri:0, instance:automation.AdminTest.AllLoginTest@76494737]" name="loginWithInvalidPassword" class="automation.AdminTest.AllLoginTest"/>
        <method signature="AllLoginTest.loginWithInvalidUserName()[pri:0, instance:automation.AdminTest.AllLoginTest@76494737]" name="loginWithInvalidUserName" class="automation.AdminTest.AllLoginTest"/>
        <method signature="AllLoginTest.loginWithoutAccess()[pri:0, instance:automation.AdminTest.AllLoginTest@76494737]" name="loginWithoutAccess" class="automation.AdminTest.AllLoginTest"/>
        <method signature="AreaCreationTest.areaCodeDupValidation()[pri:0, instance:automation.AdminTest.AreaCreationTest@2584b82d]" name="areaCodeDupValidation" class="automation.AdminTest.AreaCreationTest"/>
        <method signature="AreaCreationTest.areaNameDupValidation(java.util.HashMap)[pri:0, instance:automation.AdminTest.AreaCreationTest@2584b82d]" name="areaNameDupValidation" class="automation.AdminTest.AreaCreationTest"/>
        <method signature="AreaCreationTest.fixedRateMaxLimit()[pri:0, instance:automation.AdminTest.AreaCreationTest@2584b82d]" name="fixedRateMaxLimit" class="automation.AdminTest.AreaCreationTest"/>
        <method signature="UserEnrollmentTest.userEmailDupValidation(java.util.HashMap)[pri:0, instance:automation.AdminTest.UserEnrollmentTest@d23e042]" name="userEmailDupValidation" class="automation.AdminTest.UserEnrollmentTest"/>
      </group> <!-- ErrorHandling -->
      <group name="Creation">
        <method signature="AreaCreationTest.areaCreation()[pri:0, instance:automation.AdminTest.AreaCreationTest@2584b82d]" name="areaCreation" class="automation.AdminTest.AreaCreationTest"/>
        <method signature="UserEnrollmentTest.userEnrollment()[pri:1, instance:automation.AdminTest.UserEnrollmentTest@d23e042]" name="userEnrollment" class="automation.AdminTest.UserEnrollmentTest"/>
      </group> <!-- Creation -->
    </groups>
    <test started-at="2024-01-31T23:11:24 CST" name="Login Test" finished-at="2024-01-31T23:12:04 CST" duration-ms="39947">
      <class name="automation.AdminTest.AllLoginTest">
        <test-method is-config="true" signature="launchApplication()[pri:0, instance:automation.AdminTest.AllLoginTest@76494737]" started-at="2024-01-31T23:11:24 CST" name="launchApplication" finished-at="2024-01-31T23:11:29 CST" duration-ms="4863" status="PASS">
          <reporter-output>
          </reporter-output>
        </test-method> <!-- launchApplication -->
        <test-method signature="loginWithAccess()[pri:0, instance:automation.AdminTest.AllLoginTest@76494737]" started-at="2024-01-31T23:11:29 CST" name="loginWithAccess" finished-at="2024-01-31T23:11:41 CST" duration-ms="12568" status="PASS">
          <reporter-output>
          </reporter-output>
        </test-method> <!-- loginWithAccess -->
        <test-method is-config="true" signature="tearDown()[pri:0, instance:automation.AdminTest.AllLoginTest@76494737]" started-at="2024-01-31T23:11:41 CST" name="tearDown" finished-at="2024-01-31T23:11:42 CST" duration-ms="832" status="PASS">
          <reporter-output>
          </reporter-output>
        </test-method> <!-- tearDown -->
        <test-method is-config="true" signature="launchApplication()[pri:0, instance:automation.AdminTest.AllLoginTest@76494737]" started-at="2024-01-31T23:11:42 CST" name="launchApplication" finished-at="2024-01-31T23:11:45 CST" duration-ms="3201" status="PASS">
          <reporter-output>
          </reporter-output>
        </test-method> <!-- launchApplication -->
        <test-method signature="loginWithInvalidPassword()[pri:0, instance:automation.AdminTest.AllLoginTest@76494737]" started-at="2024-01-31T23:11:45 CST" name="loginWithInvalidPassword" finished-at="2024-01-31T23:11:50 CST" duration-ms="4850" status="PASS">
          <reporter-output>
          </reporter-output>
        </test-method> <!-- loginWithInvalidPassword -->
        <test-method is-config="true" signature="tearDown()[pri:0, instance:automation.AdminTest.AllLoginTest@76494737]" started-at="2024-01-31T23:11:50 CST" name="tearDown" finished-at="2024-01-31T23:11:51 CST" duration-ms="764" status="PASS">
          <reporter-output>
          </reporter-output>
        </test-method> <!-- tearDown -->
        <test-method is-config="true" signature="launchApplication()[pri:0, instance:automation.AdminTest.AllLoginTest@76494737]" started-at="2024-01-31T23:11:51 CST" name="launchApplication" finished-at="2024-01-31T23:11:53 CST" duration-ms="2711" status="PASS">
          <reporter-output>
          </reporter-output>
        </test-method> <!-- launchApplication -->
        <test-method signature="loginWithInvalidUserName()[pri:0, instance:automation.AdminTest.AllLoginTest@76494737]" started-at="2024-01-31T23:11:53 CST" name="loginWithInvalidUserName" finished-at="2024-01-31T23:11:56 CST" duration-ms="2718" status="PASS">
          <reporter-output>
          </reporter-output>
        </test-method> <!-- loginWithInvalidUserName -->
        <test-method is-config="true" signature="tearDown()[pri:0, instance:automation.AdminTest.AllLoginTest@76494737]" started-at="2024-01-31T23:11:56 CST" name="tearDown" finished-at="2024-01-31T23:11:57 CST" duration-ms="836" status="PASS">
          <reporter-output>
          </reporter-output>
        </test-method> <!-- tearDown -->
        <test-method is-config="true" signature="launchApplication()[pri:0, instance:automation.AdminTest.AllLoginTest@76494737]" started-at="2024-01-31T23:11:57 CST" name="launchApplication" finished-at="2024-01-31T23:12:00 CST" duration-ms="2622" status="PASS">
          <reporter-output>
          </reporter-output>
        </test-method> <!-- launchApplication -->
        <test-method signature="loginWithoutAccess()[pri:0, instance:automation.AdminTest.AllLoginTest@76494737]" started-at="2024-01-31T23:12:00 CST" name="loginWithoutAccess" finished-at="2024-01-31T23:12:03 CST" duration-ms="3000" status="PASS">
          <reporter-output>
          </reporter-output>
        </test-method> <!-- loginWithoutAccess -->
        <test-method is-config="true" signature="tearDown()[pri:0, instance:automation.AdminTest.AllLoginTest@76494737]" started-at="2024-01-31T23:12:03 CST" name="tearDown" finished-at="2024-01-31T23:12:04 CST" duration-ms="921" status="PASS">
          <reporter-output>
          </reporter-output>
        </test-method> <!-- tearDown -->
      </class> <!-- automation.AdminTest.AllLoginTest -->
    </test> <!-- Login Test -->
    <test started-at="2024-01-31T23:12:05 CST" name="Parking Area Ceation Test" finished-at="2024-01-31T23:19:47 CST" duration-ms="462946">
      <class name="automation.AdminTest.AreaCreationTest">
        <test-method is-config="true" signature="launchApplication()[pri:0, instance:automation.AdminTest.AreaCreationTest@2584b82d]" started-at="2024-01-31T23:12:05 CST" name="launchApplication" finished-at="2024-01-31T23:12:07 CST" duration-ms="2327" status="PASS">
          <reporter-output>
          </reporter-output>
        </test-method> <!-- launchApplication -->
        <test-method signature="areaCodeDupValidation()[pri:0, instance:automation.AdminTest.AreaCreationTest@2584b82d]" started-at="2024-01-31T23:12:07 CST" name="areaCodeDupValidation" finished-at="2024-01-31T23:12:33 CST" duration-ms="25792" status="PASS">
          <reporter-output>
          </reporter-output>
        </test-method> <!-- areaCodeDupValidation -->
        <test-method is-config="true" signature="tearDown()[pri:0, instance:automation.AdminTest.AreaCreationTest@2584b82d]" started-at="2024-01-31T23:12:33 CST" name="tearDown" finished-at="2024-01-31T23:12:34 CST" duration-ms="877" status="PASS">
          <reporter-output>
          </reporter-output>
        </test-method> <!-- tearDown -->
        <test-method is-config="true" signature="launchApplication()[pri:0, instance:automation.AdminTest.AreaCreationTest@2584b82d]" started-at="2024-01-31T23:12:34 CST" name="launchApplication" finished-at="2024-01-31T23:12:36 CST" duration-ms="2590" status="PASS">
          <reporter-output>
          </reporter-output>
        </test-method> <!-- launchApplication -->
        <test-method signature="areaCreation()[pri:0, instance:automation.AdminTest.AreaCreationTest@2584b82d]" started-at="2024-01-31T23:12:36 CST" name="areaCreation" finished-at="2024-01-31T23:13:11 CST" duration-ms="35315" status="PASS">
          <reporter-output>
          </reporter-output>
        </test-method> <!-- areaCreation -->
        <test-method is-config="true" signature="tearDown()[pri:0, instance:automation.AdminTest.AreaCreationTest@2584b82d]" started-at="2024-01-31T23:13:11 CST" name="tearDown" finished-at="2024-01-31T23:13:12 CST" duration-ms="1004" status="PASS">
          <reporter-output>
          </reporter-output>
        </test-method> <!-- tearDown -->
        <test-method is-config="true" signature="launchApplication()[pri:0, instance:automation.AdminTest.AreaCreationTest@2584b82d]" started-at="2024-01-31T23:13:13 CST" name="launchApplication" finished-at="2024-01-31T23:13:16 CST" duration-ms="2676" status="PASS">
          <reporter-output>
          </reporter-output>
        </test-method> <!-- launchApplication -->
        <test-method signature="areaNameDupValidation(java.util.HashMap)[pri:0, instance:automation.AdminTest.AreaCreationTest@2584b82d]" started-at="2024-01-31T23:13:16 CST" name="areaNameDupValidation" data-provider="getData" finished-at="2024-01-31T23:13:47 CST" duration-ms="31462" status="PASS">
          <params>
            <param index="0">
              <value>
                <![CDATA[{password=Password1!, mobileNumber=987654321, username=renAdmin}]]>
              </value>
            </param>
          </params>
          <reporter-output>
          </reporter-output>
        </test-method> <!-- areaNameDupValidation -->
        <test-method is-config="true" signature="tearDown()[pri:0, instance:automation.AdminTest.AreaCreationTest@2584b82d]" started-at="2024-01-31T23:13:47 CST" name="tearDown" finished-at="2024-01-31T23:13:48 CST" duration-ms="819" status="PASS">
          <reporter-output>
          </reporter-output>
        </test-method> <!-- tearDown -->
        <test-method is-config="true" signature="launchApplication()[pri:0, instance:automation.AdminTest.AreaCreationTest@2584b82d]" started-at="2024-01-31T23:13:48 CST" name="launchApplication" finished-at="2024-01-31T23:13:56 CST" duration-ms="7708" status="PASS">
          <reporter-output>
          </reporter-output>
        </test-method> <!-- launchApplication -->
        <test-method signature="areaPagePagenation()[pri:0, instance:automation.AdminTest.AreaCreationTest@2584b82d]" started-at="2024-01-31T23:13:56 CST" name="areaPagePagenation" finished-at="2024-01-31T23:15:05 CST" duration-ms="69045" status="PASS">
          <reporter-output>
          </reporter-output>
        </test-method> <!-- areaPagePagenation -->
        <test-method is-config="true" signature="tearDown()[pri:0, instance:automation.AdminTest.AreaCreationTest@2584b82d]" started-at="2024-01-31T23:15:05 CST" name="tearDown" finished-at="2024-01-31T23:15:06 CST" duration-ms="798" status="PASS">
          <reporter-output>
          </reporter-output>
        </test-method> <!-- tearDown -->
        <test-method is-config="true" signature="launchApplication()[pri:0, instance:automation.AdminTest.AreaCreationTest@2584b82d]" started-at="2024-01-31T23:15:06 CST" name="launchApplication" finished-at="2024-01-31T23:15:08 CST" duration-ms="2883" status="PASS">
          <reporter-output>
          </reporter-output>
        </test-method> <!-- launchApplication -->
        <test-method signature="areaPageSelectRow()[pri:0, instance:automation.AdminTest.AreaCreationTest@2584b82d]" started-at="2024-01-31T23:15:08 CST" name="areaPageSelectRow" finished-at="2024-01-31T23:15:35 CST" duration-ms="26883" status="PASS">
          <reporter-output>
          </reporter-output>
        </test-method> <!-- areaPageSelectRow -->
        <test-method is-config="true" signature="tearDown()[pri:0, instance:automation.AdminTest.AreaCreationTest@2584b82d]" started-at="2024-01-31T23:15:35 CST" name="tearDown" finished-at="2024-01-31T23:15:36 CST" duration-ms="808" status="PASS">
          <reporter-output>
          </reporter-output>
        </test-method> <!-- tearDown -->
        <test-method is-config="true" signature="launchApplication()[pri:0, instance:automation.AdminTest.AreaCreationTest@2584b82d]" started-at="2024-01-31T23:15:36 CST" name="launchApplication" finished-at="2024-01-31T23:15:39 CST" duration-ms="2585" status="PASS">
          <reporter-output>
          </reporter-output>
        </test-method> <!-- launchApplication -->
        <test-method signature="carCapacityInpuValidation()[pri:0, instance:automation.AdminTest.AreaCreationTest@2584b82d]" started-at="2024-01-31T23:15:39 CST" name="carCapacityInpuValidation" finished-at="2024-01-31T23:16:00 CST" duration-ms="21172" status="PASS">
          <reporter-output>
          </reporter-output>
        </test-method> <!-- carCapacityInpuValidation -->
        <test-method is-config="true" signature="tearDown()[pri:0, instance:automation.AdminTest.AreaCreationTest@2584b82d]" started-at="2024-01-31T23:16:00 CST" name="tearDown" finished-at="2024-01-31T23:16:01 CST" duration-ms="875" status="PASS">
          <reporter-output>
          </reporter-output>
        </test-method> <!-- tearDown -->
        <test-method is-config="true" signature="launchApplication()[pri:0, instance:automation.AdminTest.AreaCreationTest@2584b82d]" started-at="2024-01-31T23:16:01 CST" name="launchApplication" finished-at="2024-01-31T23:16:04 CST" duration-ms="2852" status="PASS">
          <reporter-output>
          </reporter-output>
        </test-method> <!-- launchApplication -->
        <test-method signature="editParkingArea()[pri:0, instance:automation.AdminTest.AreaCreationTest@2584b82d]" started-at="2024-01-31T23:16:04 CST" name="editParkingArea" finished-at="2024-01-31T23:16:32 CST" duration-ms="28456" status="PASS">
          <reporter-output>
          </reporter-output>
        </test-method> <!-- editParkingArea -->
        <test-method is-config="true" signature="tearDown()[pri:0, instance:automation.AdminTest.AreaCreationTest@2584b82d]" started-at="2024-01-31T23:16:32 CST" name="tearDown" finished-at="2024-01-31T23:16:33 CST" duration-ms="753" status="PASS">
          <reporter-output>
          </reporter-output>
        </test-method> <!-- tearDown -->
        <test-method is-config="true" signature="launchApplication()[pri:0, instance:automation.AdminTest.AreaCreationTest@2584b82d]" started-at="2024-01-31T23:16:33 CST" name="launchApplication" finished-at="2024-01-31T23:16:35 CST" duration-ms="2623" status="PASS">
          <reporter-output>
          </reporter-output>
        </test-method> <!-- launchApplication -->
        <test-method signature="exitCreationAlert()[pri:0, instance:automation.AdminTest.AreaCreationTest@2584b82d]" started-at="2024-01-31T23:16:35 CST" name="exitCreationAlert" finished-at="2024-01-31T23:16:57 CST" duration-ms="21082" status="PASS">
          <reporter-output>
          </reporter-output>
        </test-method> <!-- exitCreationAlert -->
        <test-method is-config="true" signature="tearDown()[pri:0, instance:automation.AdminTest.AreaCreationTest@2584b82d]" started-at="2024-01-31T23:16:57 CST" name="tearDown" finished-at="2024-01-31T23:16:57 CST" duration-ms="939" status="PASS">
          <reporter-output>
          </reporter-output>
        </test-method> <!-- tearDown -->
        <test-method is-config="true" signature="launchApplication()[pri:0, instance:automation.AdminTest.AreaCreationTest@2584b82d]" started-at="2024-01-31T23:16:57 CST" name="launchApplication" finished-at="2024-01-31T23:17:01 CST" duration-ms="3031" status="PASS">
          <reporter-output>
          </reporter-output>
        </test-method> <!-- launchApplication -->
        <test-method signature="fixedRateMaxLimit()[pri:0, instance:automation.AdminTest.AreaCreationTest@2584b82d]" started-at="2024-01-31T23:17:01 CST" name="fixedRateMaxLimit" finished-at="2024-01-31T23:17:28 CST" duration-ms="27333" status="PASS">
          <reporter-output>
          </reporter-output>
        </test-method> <!-- fixedRateMaxLimit -->
        <test-method is-config="true" signature="tearDown()[pri:0, instance:automation.AdminTest.AreaCreationTest@2584b82d]" started-at="2024-01-31T23:17:28 CST" name="tearDown" finished-at="2024-01-31T23:17:29 CST" duration-ms="862" status="PASS">
          <reporter-output>
          </reporter-output>
        </test-method> <!-- tearDown -->
        <test-method is-config="true" signature="launchApplication()[pri:0, instance:automation.AdminTest.AreaCreationTest@2584b82d]" started-at="2024-01-31T23:17:29 CST" name="launchApplication" finished-at="2024-01-31T23:17:32 CST" duration-ms="2854" status="PASS">
          <reporter-output>
          </reporter-output>
        </test-method> <!-- launchApplication -->
        <test-method signature="motorcycleCapacityInpuValidation()[pri:0, instance:automation.AdminTest.AreaCreationTest@2584b82d]" started-at="2024-01-31T23:17:32 CST" name="motorcycleCapacityInpuValidation" finished-at="2024-01-31T23:17:52 CST" duration-ms="20549" status="PASS">
          <reporter-output>
          </reporter-output>
        </test-method> <!-- motorcycleCapacityInpuValidation -->
        <test-method is-config="true" signature="tearDown()[pri:0, instance:automation.AdminTest.AreaCreationTest@2584b82d]" started-at="2024-01-31T23:17:52 CST" name="tearDown" finished-at="2024-01-31T23:17:53 CST" duration-ms="869" status="PASS">
          <reporter-output>
          </reporter-output>
        </test-method> <!-- tearDown -->
        <test-method is-config="true" signature="launchApplication()[pri:0, instance:automation.AdminTest.AreaCreationTest@2584b82d]" started-at="2024-01-31T23:17:53 CST" name="launchApplication" finished-at="2024-01-31T23:17:56 CST" duration-ms="2747" status="PASS">
          <reporter-output>
          </reporter-output>
        </test-method> <!-- launchApplication -->
        <test-method signature="setCMotorcycleCapacityPlusButtonToDisable()[pri:0, instance:automation.AdminTest.AreaCreationTest@2584b82d]" started-at="2024-01-31T23:17:56 CST" name="setCMotorcycleCapacityPlusButtonToDisable" finished-at="2024-01-31T23:18:17 CST" duration-ms="21390" status="PASS">
          <reporter-output>
          </reporter-output>
        </test-method> <!-- setCMotorcycleCapacityPlusButtonToDisable -->
        <test-method is-config="true" signature="tearDown()[pri:0, instance:automation.AdminTest.AreaCreationTest@2584b82d]" started-at="2024-01-31T23:18:17 CST" name="tearDown" finished-at="2024-01-31T23:18:18 CST" duration-ms="991" status="PASS">
          <reporter-output>
          </reporter-output>
        </test-method> <!-- tearDown -->
        <test-method is-config="true" signature="launchApplication()[pri:0, instance:automation.AdminTest.AreaCreationTest@2584b82d]" started-at="2024-01-31T23:18:18 CST" name="launchApplication" finished-at="2024-01-31T23:18:21 CST" duration-ms="2987" status="PASS">
          <reporter-output>
          </reporter-output>
        </test-method> <!-- launchApplication -->
        <test-method signature="setCarCapacityMinusButtonToDisable()[pri:0, instance:automation.AdminTest.AreaCreationTest@2584b82d]" started-at="2024-01-31T23:18:21 CST" name="setCarCapacityMinusButtonToDisable" finished-at="2024-01-31T23:18:42 CST" duration-ms="21150" status="PASS">
          <reporter-output>
          </reporter-output>
        </test-method> <!-- setCarCapacityMinusButtonToDisable -->
        <test-method is-config="true" signature="tearDown()[pri:0, instance:automation.AdminTest.AreaCreationTest@2584b82d]" started-at="2024-01-31T23:18:42 CST" name="tearDown" finished-at="2024-01-31T23:18:43 CST" duration-ms="895" status="PASS">
          <reporter-output>
          </reporter-output>
        </test-method> <!-- tearDown -->
        <test-method is-config="true" signature="launchApplication()[pri:0, instance:automation.AdminTest.AreaCreationTest@2584b82d]" started-at="2024-01-31T23:18:43 CST" name="launchApplication" finished-at="2024-01-31T23:18:46 CST" duration-ms="2653" status="PASS">
          <reporter-output>
          </reporter-output>
        </test-method> <!-- launchApplication -->
        <test-method signature="setCarCapacityPlusButtonToDisable()[pri:0, instance:automation.AdminTest.AreaCreationTest@2584b82d]" started-at="2024-01-31T23:18:46 CST" name="setCarCapacityPlusButtonToDisable" finished-at="2024-01-31T23:19:07 CST" duration-ms="21108" status="PASS">
          <reporter-output>
          </reporter-output>
        </test-method> <!-- setCarCapacityPlusButtonToDisable -->
        <test-method is-config="true" signature="tearDown()[pri:0, instance:automation.AdminTest.AreaCreationTest@2584b82d]" started-at="2024-01-31T23:19:07 CST" name="tearDown" finished-at="2024-01-31T23:19:08 CST" duration-ms="873" status="PASS">
          <reporter-output>
          </reporter-output>
        </test-method> <!-- tearDown -->
        <test-method is-config="true" signature="launchApplication()[pri:0, instance:automation.AdminTest.AreaCreationTest@2584b82d]" started-at="2024-01-31T23:19:08 CST" name="launchApplication" finished-at="2024-01-31T23:19:16 CST" duration-ms="7824" status="PASS">
          <reporter-output>
          </reporter-output>
        </test-method> <!-- launchApplication -->
        <test-method signature="setMotorcycleCapacityPlusButtonToDisable()[pri:0, instance:automation.AdminTest.AreaCreationTest@2584b82d]" started-at="2024-01-31T23:19:16 CST" name="setMotorcycleCapacityPlusButtonToDisable" finished-at="2024-01-31T23:19:47 CST" duration-ms="30959" status="PASS">
          <reporter-output>
          </reporter-output>
        </test-method> <!-- setMotorcycleCapacityPlusButtonToDisable -->
        <test-method is-config="true" signature="tearDown()[pri:0, instance:automation.AdminTest.AreaCreationTest@2584b82d]" started-at="2024-01-31T23:19:47 CST" name="tearDown" finished-at="2024-01-31T23:19:47 CST" duration-ms="893" status="PASS">
          <reporter-output>
          </reporter-output>
        </test-method> <!-- tearDown -->
      </class> <!-- automation.AdminTest.AreaCreationTest -->
    </test> <!-- Parking Area Ceation Test -->
    <test started-at="2024-01-31T23:19:48 CST" name="User Enrollment Test" finished-at="2024-01-31T23:22:23 CST" duration-ms="155625">
      <class name="automation.AdminTest.UserEnrollmentTest">
        <test-method is-config="true" signature="launchApplication()[pri:0, instance:automation.AdminTest.UserEnrollmentTest@d23e042]" started-at="2024-01-31T23:19:48 CST" name="launchApplication" finished-at="2024-01-31T23:19:51 CST" duration-ms="3029" status="PASS">
          <reporter-output>
          </reporter-output>
        </test-method> <!-- launchApplication -->
        <test-method signature="exitEnrollmentAlert()[pri:0, instance:automation.AdminTest.UserEnrollmentTest@d23e042]" started-at="2024-01-31T23:19:51 CST" name="exitEnrollmentAlert" finished-at="2024-01-31T23:20:14 CST" duration-ms="23233" status="PASS">
          <reporter-output>
          </reporter-output>
        </test-method> <!-- exitEnrollmentAlert -->
        <test-method is-config="true" signature="tearDown()[pri:0, instance:automation.AdminTest.UserEnrollmentTest@d23e042]" started-at="2024-01-31T23:20:14 CST" name="tearDown" finished-at="2024-01-31T23:20:15 CST" duration-ms="791" status="PASS">
          <reporter-output>
          </reporter-output>
        </test-method> <!-- tearDown -->
        <test-method is-config="true" signature="launchApplication()[pri:0, instance:automation.AdminTest.UserEnrollmentTest@d23e042]" started-at="2024-01-31T23:20:15 CST" name="launchApplication" finished-at="2024-01-31T23:20:18 CST" duration-ms="2787" status="PASS">
          <reporter-output>
          </reporter-output>
        </test-method> <!-- launchApplication -->
        <test-method signature="userEmailDupValidation(java.util.HashMap)[pri:0, instance:automation.AdminTest.UserEnrollmentTest@d23e042]" started-at="2024-01-31T23:20:18 CST" name="userEmailDupValidation" data-provider="getData" finished-at="2024-01-31T23:20:34 CST" duration-ms="16516" status="PASS">
          <params>
            <param index="0">
              <value>
                <![CDATA[{password=Password1!, mobileNumber=987654321, username=renAdmin}]]>
              </value>
            </param>
          </params>
          <reporter-output>
          </reporter-output>
        </test-method> <!-- userEmailDupValidation -->
        <test-method is-config="true" signature="tearDown()[pri:0, instance:automation.AdminTest.UserEnrollmentTest@d23e042]" started-at="2024-01-31T23:20:34 CST" name="tearDown" finished-at="2024-01-31T23:20:35 CST" duration-ms="1122" status="PASS">
          <reporter-output>
          </reporter-output>
        </test-method> <!-- tearDown -->
        <test-method is-config="true" signature="launchApplication()[pri:0, instance:automation.AdminTest.UserEnrollmentTest@d23e042]" started-at="2024-01-31T23:20:35 CST" name="launchApplication" finished-at="2024-01-31T23:20:38 CST" duration-ms="2848" status="PASS">
          <reporter-output>
          </reporter-output>
        </test-method> <!-- launchApplication -->
        <test-method signature="userPagePagenation()[pri:0, instance:automation.AdminTest.UserEnrollmentTest@d23e042]" started-at="2024-01-31T23:20:38 CST" name="userPagePagenation" finished-at="2024-01-31T23:21:03 CST" duration-ms="25035" status="PASS">
          <reporter-output>
          </reporter-output>
        </test-method> <!-- userPagePagenation -->
        <test-method is-config="true" signature="tearDown()[pri:0, instance:automation.AdminTest.UserEnrollmentTest@d23e042]" started-at="2024-01-31T23:21:03 CST" name="tearDown" finished-at="2024-01-31T23:21:04 CST" duration-ms="897" status="PASS">
          <reporter-output>
          </reporter-output>
        </test-method> <!-- tearDown -->
        <test-method is-config="true" signature="launchApplication()[pri:0, instance:automation.AdminTest.UserEnrollmentTest@d23e042]" started-at="2024-01-31T23:21:04 CST" name="launchApplication" finished-at="2024-01-31T23:21:07 CST" duration-ms="2836" status="PASS">
          <reporter-output>
          </reporter-output>
        </test-method> <!-- launchApplication -->
        <test-method signature="userPageSelectRow()[pri:0, instance:automation.AdminTest.UserEnrollmentTest@d23e042]" started-at="2024-01-31T23:21:07 CST" name="userPageSelectRow" finished-at="2024-01-31T23:21:33 CST" duration-ms="26621" status="PASS">
          <reporter-output>
          </reporter-output>
        </test-method> <!-- userPageSelectRow -->
        <test-method is-config="true" signature="tearDown()[pri:0, instance:automation.AdminTest.UserEnrollmentTest@d23e042]" started-at="2024-01-31T23:21:33 CST" name="tearDown" finished-at="2024-01-31T23:21:34 CST" duration-ms="927" status="PASS">
          <reporter-output>
          </reporter-output>
        </test-method> <!-- tearDown -->
        <test-method is-config="true" signature="launchApplication()[pri:0, instance:automation.AdminTest.UserEnrollmentTest@d23e042]" started-at="2024-01-31T23:21:34 CST" name="launchApplication" finished-at="2024-01-31T23:21:37 CST" duration-ms="2842" status="PASS">
          <reporter-output>
          </reporter-output>
        </test-method> <!-- launchApplication -->
        <test-method signature="userEnrollment()[pri:1, instance:automation.AdminTest.UserEnrollmentTest@d23e042]" started-at="2024-01-31T23:21:37 CST" name="userEnrollment" finished-at="2024-01-31T23:21:56 CST" duration-ms="18657" status="PASS">
          <reporter-output>
          </reporter-output>
        </test-method> <!-- userEnrollment -->
        <test-method is-config="true" signature="tearDown()[pri:0, instance:automation.AdminTest.UserEnrollmentTest@d23e042]" started-at="2024-01-31T23:21:56 CST" name="tearDown" finished-at="2024-01-31T23:21:57 CST" duration-ms="991" status="PASS">
          <reporter-output>
          </reporter-output>
        </test-method> <!-- tearDown -->
        <test-method is-config="true" signature="launchApplication()[pri:0, instance:automation.AdminTest.UserEnrollmentTest@d23e042]" started-at="2024-01-31T23:21:57 CST" name="launchApplication" finished-at="2024-01-31T23:22:00 CST" duration-ms="2757" status="PASS">
          <reporter-output>
          </reporter-output>
        </test-method> <!-- launchApplication -->
        <test-method signature="editUserAccount()[pri:2, instance:automation.AdminTest.UserEnrollmentTest@d23e042]" started-at="2024-01-31T23:22:00 CST" name="editUserAccount" finished-at="2024-01-31T23:22:22 CST" duration-ms="22617" status="PASS">
          <reporter-output>
          </reporter-output>
        </test-method> <!-- editUserAccount -->
        <test-method is-config="true" signature="tearDown()[pri:0, instance:automation.AdminTest.UserEnrollmentTest@d23e042]" started-at="2024-01-31T23:22:22 CST" name="tearDown" finished-at="2024-01-31T23:22:23 CST" duration-ms="1095" status="PASS">
          <reporter-output>
          </reporter-output>
        </test-method> <!-- tearDown -->
      </class> <!-- automation.AdminTest.UserEnrollmentTest -->
    </test> <!-- User Enrollment Test -->
    <test started-at="2024-01-31T23:22:23 CST" name="Filter And Search Test" finished-at="2024-01-31T23:24:21 CST" duration-ms="117495">
      <class name="automation.AdminTest.FilterAndSearchTest">
        <test-method is-config="true" signature="launchApplication()[pri:0, instance:automation.AdminTest.FilterAndSearchTest@d2de489]" started-at="2024-01-31T23:22:23 CST" name="launchApplication" finished-at="2024-01-31T23:22:27 CST" duration-ms="3380" status="PASS">
          <reporter-output>
          </reporter-output>
        </test-method> <!-- launchApplication -->
        <test-method signature="filterByAdminRole()[pri:0, instance:automation.AdminTest.FilterAndSearchTest@d2de489]" started-at="2024-01-31T23:22:27 CST" name="filterByAdminRole" finished-at="2024-01-31T23:22:40 CST" duration-ms="12643" status="PASS">
          <reporter-output>
          </reporter-output>
        </test-method> <!-- filterByAdminRole -->
        <test-method is-config="true" signature="tearDown()[pri:0, instance:automation.AdminTest.FilterAndSearchTest@d2de489]" started-at="2024-01-31T23:22:40 CST" name="tearDown" finished-at="2024-01-31T23:22:40 CST" duration-ms="796" status="PASS">
          <reporter-output>
          </reporter-output>
        </test-method> <!-- tearDown -->
        <test-method is-config="true" signature="launchApplication()[pri:0, instance:automation.AdminTest.FilterAndSearchTest@d2de489]" started-at="2024-01-31T23:22:40 CST" name="launchApplication" finished-at="2024-01-31T23:22:43 CST" duration-ms="2392" status="PASS">
          <reporter-output>
          </reporter-output>
        </test-method> <!-- launchApplication -->
        <test-method signature="filterByEncoderRole()[pri:0, instance:automation.AdminTest.FilterAndSearchTest@d2de489]" started-at="2024-01-31T23:22:43 CST" name="filterByEncoderRole" finished-at="2024-01-31T23:22:55 CST" duration-ms="12135" status="PASS">
          <reporter-output>
          </reporter-output>
        </test-method> <!-- filterByEncoderRole -->
        <test-method is-config="true" signature="tearDown()[pri:0, instance:automation.AdminTest.FilterAndSearchTest@d2de489]" started-at="2024-01-31T23:22:55 CST" name="tearDown" finished-at="2024-01-31T23:22:56 CST" duration-ms="866" status="PASS">
          <reporter-output>
          </reporter-output>
        </test-method> <!-- tearDown -->
        <test-method is-config="true" signature="launchApplication()[pri:0, instance:automation.AdminTest.FilterAndSearchTest@d2de489]" started-at="2024-01-31T23:22:56 CST" name="launchApplication" finished-at="2024-01-31T23:22:58 CST" duration-ms="2500" status="PASS">
          <reporter-output>
          </reporter-output>
        </test-method> <!-- launchApplication -->
        <test-method signature="parkingAreaCodeSearch()[pri:0, instance:automation.AdminTest.FilterAndSearchTest@d2de489]" started-at="2024-01-31T23:22:58 CST" name="parkingAreaCodeSearch" finished-at="2024-01-31T23:23:13 CST" duration-ms="14566" status="PASS">
          <reporter-output>
          </reporter-output>
        </test-method> <!-- parkingAreaCodeSearch -->
        <test-method is-config="true" signature="tearDown()[pri:0, instance:automation.AdminTest.FilterAndSearchTest@d2de489]" started-at="2024-01-31T23:23:13 CST" name="tearDown" finished-at="2024-01-31T23:23:14 CST" duration-ms="833" status="PASS">
          <reporter-output>
          </reporter-output>
        </test-method> <!-- tearDown -->
        <test-method is-config="true" signature="launchApplication()[pri:0, instance:automation.AdminTest.FilterAndSearchTest@d2de489]" started-at="2024-01-31T23:23:14 CST" name="launchApplication" finished-at="2024-01-31T23:23:16 CST" duration-ms="2403" status="PASS">
          <reporter-output>
          </reporter-output>
        </test-method> <!-- launchApplication -->
        <test-method signature="parkingNameSearch()[pri:0, instance:automation.AdminTest.FilterAndSearchTest@d2de489]" started-at="2024-01-31T23:23:16 CST" name="parkingNameSearch" finished-at="2024-01-31T23:23:30 CST" duration-ms="14458" status="PASS">
          <reporter-output>
          </reporter-output>
        </test-method> <!-- parkingNameSearch -->
        <test-method is-config="true" signature="tearDown()[pri:0, instance:automation.AdminTest.FilterAndSearchTest@d2de489]" started-at="2024-01-31T23:23:30 CST" name="tearDown" finished-at="2024-01-31T23:23:32 CST" duration-ms="1252" status="PASS">
          <reporter-output>
          </reporter-output>
        </test-method> <!-- tearDown -->
        <test-method is-config="true" signature="launchApplication()[pri:0, instance:automation.AdminTest.FilterAndSearchTest@d2de489]" started-at="2024-01-31T23:23:32 CST" name="launchApplication" finished-at="2024-01-31T23:23:35 CST" duration-ms="2971" status="PASS">
          <reporter-output>
          </reporter-output>
        </test-method> <!-- launchApplication -->
        <test-method signature="userEmailSearch()[pri:0, instance:automation.AdminTest.FilterAndSearchTest@d2de489]" started-at="2024-01-31T23:23:35 CST" name="userEmailSearch" finished-at="2024-01-31T23:23:46 CST" duration-ms="11267" status="PASS">
          <reporter-output>
          </reporter-output>
        </test-method> <!-- userEmailSearch -->
        <test-method is-config="true" signature="tearDown()[pri:0, instance:automation.AdminTest.FilterAndSearchTest@d2de489]" started-at="2024-01-31T23:23:46 CST" name="tearDown" finished-at="2024-01-31T23:23:47 CST" duration-ms="1138" status="PASS">
          <reporter-output>
          </reporter-output>
        </test-method> <!-- tearDown -->
        <test-method is-config="true" signature="launchApplication()[pri:0, instance:automation.AdminTest.FilterAndSearchTest@d2de489]" started-at="2024-01-31T23:23:47 CST" name="launchApplication" finished-at="2024-01-31T23:23:50 CST" duration-ms="2994" status="PASS">
          <reporter-output>
          </reporter-output>
        </test-method> <!-- launchApplication -->
        <test-method signature="userLastNameSearch()[pri:0, instance:automation.AdminTest.FilterAndSearchTest@d2de489]" started-at="2024-01-31T23:23:50 CST" name="userLastNameSearch" finished-at="2024-01-31T23:24:01 CST" duration-ms="11191" status="PASS">
          <reporter-output>
          </reporter-output>
        </test-method> <!-- userLastNameSearch -->
        <test-method is-config="true" signature="tearDown()[pri:0, instance:automation.AdminTest.FilterAndSearchTest@d2de489]" started-at="2024-01-31T23:24:01 CST" name="tearDown" finished-at="2024-01-31T23:24:02 CST" duration-ms="849" status="PASS">
          <reporter-output>
          </reporter-output>
        </test-method> <!-- tearDown -->
        <test-method is-config="true" signature="launchApplication()[pri:0, instance:automation.AdminTest.FilterAndSearchTest@d2de489]" started-at="2024-01-31T23:24:02 CST" name="launchApplication" finished-at="2024-01-31T23:24:09 CST" duration-ms="6550" status="PASS">
          <reporter-output>
          </reporter-output>
        </test-method> <!-- launchApplication -->
        <test-method signature="userNameSearch()[pri:0, instance:automation.AdminTest.FilterAndSearchTest@d2de489]" started-at="2024-01-31T23:24:09 CST" name="userNameSearch" finished-at="2024-01-31T23:24:20 CST" duration-ms="11343" status="PASS">
          <reporter-output>
          </reporter-output>
        </test-method> <!-- userNameSearch -->
        <test-method is-config="true" signature="tearDown()[pri:0, instance:automation.AdminTest.FilterAndSearchTest@d2de489]" started-at="2024-01-31T23:24:20 CST" name="tearDown" finished-at="2024-01-31T23:24:21 CST" duration-ms="952" status="PASS">
          <reporter-output>
          </reporter-output>
        </test-method> <!-- tearDown -->
      </class> <!-- automation.AdminTest.FilterAndSearchTest -->
    </test> <!-- Filter And Search Test -->
    <test started-at="2024-01-31T23:24:21 CST" name="Permission Test" finished-at="2024-01-31T23:28:05 CST" duration-ms="223793">
      <class name="automation.AdminTest.PermissionTest">
        <test-method is-config="true" signature="launchApplication()[pri:0, instance:automation.AdminTest.PermissionTest@508dec2b]" started-at="2024-01-31T23:24:21 CST" name="launchApplication" finished-at="2024-01-31T23:24:30 CST" duration-ms="8629" status="PASS">
          <reporter-output>
          </reporter-output>
        </test-method> <!-- launchApplication -->
        <test-method signature="setAllowExitToFalse()[pri:0, instance:automation.AdminTest.PermissionTest@508dec2b]" started-at="2024-01-31T23:24:30 CST" name="setAllowExitToFalse" finished-at="2024-01-31T23:25:38 CST" duration-ms="67793" status="PASS">
          <reporter-output>
          </reporter-output>
        </test-method> <!-- setAllowExitToFalse -->
        <test-method is-config="true" signature="tearDown()[pri:0, instance:automation.AdminTest.PermissionTest@508dec2b]" started-at="2024-01-31T23:25:38 CST" name="tearDown" finished-at="2024-01-31T23:25:39 CST" duration-ms="1095" status="PASS">
          <reporter-output>
          </reporter-output>
        </test-method> <!-- tearDown -->
        <test-method is-config="true" signature="launchApplication()[pri:0, instance:automation.AdminTest.PermissionTest@508dec2b]" started-at="2024-01-31T23:25:39 CST" name="launchApplication" finished-at="2024-01-31T23:25:42 CST" duration-ms="3088" status="PASS">
          <reporter-output>
          </reporter-output>
        </test-method> <!-- launchApplication -->
        <test-method signature="setAllowExitToTrue()[pri:0, instance:automation.AdminTest.PermissionTest@508dec2b]" started-at="2024-01-31T23:25:42 CST" name="setAllowExitToTrue" finished-at="2024-01-31T23:26:10 CST" duration-ms="27811" status="PASS">
          <reporter-output>
          </reporter-output>
        </test-method> <!-- setAllowExitToTrue -->
        <test-method is-config="true" signature="tearDown()[pri:0, instance:automation.AdminTest.PermissionTest@508dec2b]" started-at="2024-01-31T23:26:10 CST" name="tearDown" finished-at="2024-01-31T23:26:11 CST" duration-ms="1083" status="PASS">
          <reporter-output>
          </reporter-output>
        </test-method> <!-- tearDown -->
        <test-method is-config="true" signature="launchApplication()[pri:0, instance:automation.AdminTest.PermissionTest@508dec2b]" started-at="2024-01-31T23:26:11 CST" name="launchApplication" finished-at="2024-01-31T23:26:14 CST" duration-ms="2927" status="PASS">
          <reporter-output>
          </reporter-output>
        </test-method> <!-- launchApplication -->
        <test-method signature="userWithActiveStatus()[pri:0, instance:automation.AdminTest.PermissionTest@508dec2b]" started-at="2024-01-31T23:26:14 CST" name="userWithActiveStatus" finished-at="2024-01-31T23:26:38 CST" duration-ms="24694" status="PASS">
          <reporter-output>
          </reporter-output>
        </test-method> <!-- userWithActiveStatus -->
        <test-method is-config="true" signature="tearDown()[pri:0, instance:automation.AdminTest.PermissionTest@508dec2b]" started-at="2024-01-31T23:26:38 CST" name="tearDown" finished-at="2024-01-31T23:26:39 CST" duration-ms="1130" status="PASS">
          <reporter-output>
          </reporter-output>
        </test-method> <!-- tearDown -->
        <test-method is-config="true" signature="launchApplication()[pri:0, instance:automation.AdminTest.PermissionTest@508dec2b]" started-at="2024-01-31T23:26:39 CST" name="launchApplication" finished-at="2024-01-31T23:26:42 CST" duration-ms="3057" status="PASS">
          <reporter-output>
          </reporter-output>
        </test-method> <!-- launchApplication -->
        <test-method signature="userWithPaymentAcceptanceSetToFalse()[pri:0, instance:automation.AdminTest.PermissionTest@508dec2b]" started-at="2024-01-31T23:26:42 CST" name="userWithPaymentAcceptanceSetToFalse" finished-at="2024-01-31T23:27:06 CST" duration-ms="23101" status="PASS">
          <reporter-output>
          </reporter-output>
        </test-method> <!-- userWithPaymentAcceptanceSetToFalse -->
        <test-method is-config="true" signature="tearDown()[pri:0, instance:automation.AdminTest.PermissionTest@508dec2b]" started-at="2024-01-31T23:27:06 CST" name="tearDown" finished-at="2024-01-31T23:27:07 CST" duration-ms="1083" status="PASS">
          <reporter-output>
          </reporter-output>
        </test-method> <!-- tearDown -->
        <test-method is-config="true" signature="launchApplication()[pri:0, instance:automation.AdminTest.PermissionTest@508dec2b]" started-at="2024-01-31T23:27:07 CST" name="launchApplication" finished-at="2024-01-31T23:27:09 CST" duration-ms="2674" status="PASS">
          <reporter-output>
          </reporter-output>
        </test-method> <!-- launchApplication -->
        <test-method signature="userWithPaymentAcceptanceSetToTrue()[pri:0, instance:automation.AdminTest.PermissionTest@508dec2b]" started-at="2024-01-31T23:27:09 CST" name="userWithPaymentAcceptanceSetToTrue" finished-at="2024-01-31T23:27:38 CST" duration-ms="28965" status="PASS">
          <reporter-output>
          </reporter-output>
        </test-method> <!-- userWithPaymentAcceptanceSetToTrue -->
        <test-method is-config="true" signature="tearDown()[pri:0, instance:automation.AdminTest.PermissionTest@508dec2b]" started-at="2024-01-31T23:27:38 CST" name="tearDown" finished-at="2024-01-31T23:27:39 CST" duration-ms="1089" status="PASS">
          <reporter-output>
          </reporter-output>
        </test-method> <!-- tearDown -->
        <test-method is-config="true" signature="launchApplication()[pri:0, instance:automation.AdminTest.PermissionTest@508dec2b]" started-at="2024-01-31T23:27:39 CST" name="launchApplication" finished-at="2024-01-31T23:27:43 CST" duration-ms="3572" status="PASS">
          <reporter-output>
          </reporter-output>
        </test-method> <!-- launchApplication -->
        <test-method signature="userWithRestrictedStatus()[pri:0, instance:automation.AdminTest.PermissionTest@508dec2b]" started-at="2024-01-31T23:27:43 CST" name="userWithRestrictedStatus" finished-at="2024-01-31T23:28:04 CST" duration-ms="20917" status="PASS">
          <reporter-output>
          </reporter-output>
        </test-method> <!-- userWithRestrictedStatus -->
        <test-method is-config="true" signature="tearDown()[pri:0, instance:automation.AdminTest.PermissionTest@508dec2b]" started-at="2024-01-31T23:28:04 CST" name="tearDown" finished-at="2024-01-31T23:28:05 CST" duration-ms="1072" status="PASS">
          <reporter-output>
          </reporter-output>
        </test-method> <!-- tearDown -->
      </class> <!-- automation.AdminTest.PermissionTest -->
    </test> <!-- Permission Test -->
  </suite> <!-- Suite -->
</testng-results>
