<?xml version="1.0" encoding="UTF-8"?>
<testng-results ignored="0" total="13" passed="13" failed="0" skipped="0">
  <reporter-output>
  </reporter-output>
  <suite started-at="2024-05-06T15:53:32 CST" name="Suite" finished-at="2024-05-06T15:57:30 CST" duration-ms="238493">
    <groups>
    </groups>
    <test started-at="2024-05-06T15:53:32 CST" name="Configuration Module Test" finished-at="2024-05-06T15:57:30 CST" duration-ms="238493">
      <class name="automation.AdminTest.ConfigurationModuleTest">
        <test-method is-config="true" signature="launchApplication()[pri:0, instance:automation.AdminTest.ConfigurationModuleTest@2cf92cc7]" started-at="2024-05-06T15:53:32 CST" name="launchApplication" finished-at="2024-05-06T15:53:47 CST" duration-ms="14981" status="PASS">
          <reporter-output>
          </reporter-output>
        </test-method> <!-- launchApplication -->
        <test-method signature="parkerTypeEnrollment(java.util.HashMap)[pri:1, instance:automation.AdminTest.ConfigurationModuleTest@2cf92cc7]" started-at="2024-05-06T15:53:47 CST" name="parkerTypeEnrollment" data-provider="getData" finished-at="2024-05-06T15:54:26 CST" duration-ms="39405" status="PASS">
          <params>
            <param index="0">
              <value>
                <![CDATA[{password=SuperUser123!?, username=superuser}]]>
              </value>
            </param>
          </params>
          <reporter-output>
          </reporter-output>
        </test-method> <!-- parkerTypeEnrollment -->
        <test-method is-config="true" signature="tearDown()[pri:0, instance:automation.AdminTest.ConfigurationModuleTest@2cf92cc7]" started-at="2024-05-06T15:54:26 CST" name="tearDown" finished-at="2024-05-06T15:54:28 CST" duration-ms="1326" status="PASS">
          <reporter-output>
          </reporter-output>
        </test-method> <!-- tearDown -->
        <test-method is-config="true" signature="launchApplication()[pri:0, instance:automation.AdminTest.ConfigurationModuleTest@2cf92cc7]" started-at="2024-05-06T15:54:28 CST" name="launchApplication" finished-at="2024-05-06T15:54:31 CST" duration-ms="3370" status="PASS">
          <reporter-output>
          </reporter-output>
        </test-method> <!-- launchApplication -->
        <test-method signature="editParkerType(java.util.HashMap)[pri:2, instance:automation.AdminTest.ConfigurationModuleTest@2cf92cc7]" started-at="2024-05-06T15:54:31 CST" name="editParkerType" data-provider="getData" finished-at="2024-05-06T15:54:39 CST" duration-ms="7821" status="PASS">
          <params>
            <param index="0">
              <value>
                <![CDATA[{password=SuperUser123!?, username=superuser}]]>
              </value>
            </param>
          </params>
          <reporter-output>
          </reporter-output>
        </test-method> <!-- editParkerType -->
        <test-method is-config="true" signature="tearDown()[pri:0, instance:automation.AdminTest.ConfigurationModuleTest@2cf92cc7]" started-at="2024-05-06T15:54:39 CST" name="tearDown" finished-at="2024-05-06T15:54:40 CST" duration-ms="1261" status="PASS">
          <reporter-output>
          </reporter-output>
        </test-method> <!-- tearDown -->
        <test-method is-config="true" signature="launchApplication()[pri:0, instance:automation.AdminTest.ConfigurationModuleTest@2cf92cc7]" started-at="2024-05-06T15:54:40 CST" name="launchApplication" finished-at="2024-05-06T15:54:44 CST" duration-ms="3446" status="PASS">
          <reporter-output>
          </reporter-output>
        </test-method> <!-- launchApplication -->
        <test-method signature="deleteParkerType(java.util.HashMap)[pri:3, instance:automation.AdminTest.ConfigurationModuleTest@2cf92cc7]" started-at="2024-05-06T15:54:44 CST" name="deleteParkerType" data-provider="getData" finished-at="2024-05-06T15:54:51 CST" duration-ms="7468" status="PASS">
          <params>
            <param index="0">
              <value>
                <![CDATA[{password=SuperUser123!?, username=superuser}]]>
              </value>
            </param>
          </params>
          <reporter-output>
          </reporter-output>
        </test-method> <!-- deleteParkerType -->
        <test-method is-config="true" signature="tearDown()[pri:0, instance:automation.AdminTest.ConfigurationModuleTest@2cf92cc7]" started-at="2024-05-06T15:54:51 CST" name="tearDown" finished-at="2024-05-06T15:54:52 CST" duration-ms="1294" status="PASS">
          <reporter-output>
          </reporter-output>
        </test-method> <!-- tearDown -->
        <test-method is-config="true" signature="launchApplication()[pri:0, instance:automation.AdminTest.ConfigurationModuleTest@2cf92cc7]" started-at="2024-05-06T15:54:52 CST" name="launchApplication" finished-at="2024-05-06T15:54:55 CST" duration-ms="3217" status="PASS">
          <reporter-output>
          </reporter-output>
        </test-method> <!-- launchApplication -->
        <test-method signature="deleteParkerTypeWithPricingPackage(java.util.HashMap)[pri:4, instance:automation.AdminTest.ConfigurationModuleTest@2cf92cc7]" started-at="2024-05-06T15:54:55 CST" name="deleteParkerTypeWithPricingPackage" data-provider="getData" finished-at="2024-05-06T15:55:03 CST" duration-ms="7221" status="PASS">
          <params>
            <param index="0">
              <value>
                <![CDATA[{password=SuperUser123!?, username=superuser}]]>
              </value>
            </param>
          </params>
          <reporter-output>
          </reporter-output>
        </test-method> <!-- deleteParkerTypeWithPricingPackage -->
        <test-method is-config="true" signature="tearDown()[pri:0, instance:automation.AdminTest.ConfigurationModuleTest@2cf92cc7]" started-at="2024-05-06T15:55:03 CST" name="tearDown" finished-at="2024-05-06T15:55:04 CST" duration-ms="1252" status="PASS">
          <reporter-output>
          </reporter-output>
        </test-method> <!-- tearDown -->
        <test-method is-config="true" signature="launchApplication()[pri:0, instance:automation.AdminTest.ConfigurationModuleTest@2cf92cc7]" started-at="2024-05-06T15:55:04 CST" name="launchApplication" finished-at="2024-05-06T15:55:08 CST" duration-ms="4437" status="PASS">
          <reporter-output>
          </reporter-output>
        </test-method> <!-- launchApplication -->
        <test-method signature="assignParkerToParkingArea(java.util.HashMap)[pri:5, instance:automation.AdminTest.ConfigurationModuleTest@2cf92cc7]" started-at="2024-05-06T15:55:08 CST" name="assignParkerToParkingArea" data-provider="getData" finished-at="2024-05-06T15:55:22 CST" duration-ms="13309" status="PASS">
          <params>
            <param index="0">
              <value>
                <![CDATA[{password=SuperUser123!?, username=superuser}]]>
              </value>
            </param>
          </params>
          <reporter-output>
          </reporter-output>
        </test-method> <!-- assignParkerToParkingArea -->
        <test-method is-config="true" signature="tearDown()[pri:0, instance:automation.AdminTest.ConfigurationModuleTest@2cf92cc7]" started-at="2024-05-06T15:55:22 CST" name="tearDown" finished-at="2024-05-06T15:55:23 CST" duration-ms="1326" status="PASS">
          <reporter-output>
          </reporter-output>
        </test-method> <!-- tearDown -->
        <test-method is-config="true" signature="launchApplication()[pri:0, instance:automation.AdminTest.ConfigurationModuleTest@2cf92cc7]" started-at="2024-05-06T15:55:23 CST" name="launchApplication" finished-at="2024-05-06T15:55:26 CST" duration-ms="3428" status="PASS">
          <reporter-output>
          </reporter-output>
        </test-method> <!-- launchApplication -->
        <test-method signature="assignParkerToParkingAreaWithMisMatchParkingArea(java.util.HashMap)[pri:6, instance:automation.AdminTest.ConfigurationModuleTest@2cf92cc7]" started-at="2024-05-06T15:55:26 CST" name="assignParkerToParkingAreaWithMisMatchParkingArea" data-provider="getData" finished-at="2024-05-06T15:55:36 CST" duration-ms="9534" status="PASS">
          <params>
            <param index="0">
              <value>
                <![CDATA[{password=SuperUser123!?, username=superuser}]]>
              </value>
            </param>
          </params>
          <reporter-output>
          </reporter-output>
        </test-method> <!-- assignParkerToParkingAreaWithMisMatchParkingArea -->
        <test-method is-config="true" signature="tearDown()[pri:0, instance:automation.AdminTest.ConfigurationModuleTest@2cf92cc7]" started-at="2024-05-06T15:55:36 CST" name="tearDown" finished-at="2024-05-06T15:55:37 CST" duration-ms="1286" status="PASS">
          <reporter-output>
          </reporter-output>
        </test-method> <!-- tearDown -->
        <test-method is-config="true" signature="launchApplication()[pri:0, instance:automation.AdminTest.ConfigurationModuleTest@2cf92cc7]" started-at="2024-05-06T15:55:37 CST" name="launchApplication" finished-at="2024-05-06T15:55:41 CST" duration-ms="3248" status="PASS">
          <reporter-output>
          </reporter-output>
        </test-method> <!-- launchApplication -->
        <test-method signature="duplicateParkerTypeName(java.util.HashMap)[pri:7, instance:automation.AdminTest.ConfigurationModuleTest@2cf92cc7]" started-at="2024-05-06T15:55:41 CST" name="duplicateParkerTypeName" data-provider="getData" finished-at="2024-05-06T15:55:50 CST" duration-ms="9880" status="PASS">
          <params>
            <param index="0">
              <value>
                <![CDATA[{password=SuperUser123!?, username=superuser}]]>
              </value>
            </param>
          </params>
          <reporter-output>
          </reporter-output>
        </test-method> <!-- duplicateParkerTypeName -->
        <test-method is-config="true" signature="tearDown()[pri:0, instance:automation.AdminTest.ConfigurationModuleTest@2cf92cc7]" started-at="2024-05-06T15:55:50 CST" name="tearDown" finished-at="2024-05-06T15:55:52 CST" duration-ms="1224" status="PASS">
          <reporter-output>
          </reporter-output>
        </test-method> <!-- tearDown -->
        <test-method is-config="true" signature="launchApplication()[pri:0, instance:automation.AdminTest.ConfigurationModuleTest@2cf92cc7]" started-at="2024-05-06T15:55:52 CST" name="launchApplication" finished-at="2024-05-06T15:55:55 CST" duration-ms="3625" status="PASS">
          <reporter-output>
          </reporter-output>
        </test-method> <!-- launchApplication -->
        <test-method signature="duplicateParketTypeCode(java.util.HashMap)[pri:8, instance:automation.AdminTest.ConfigurationModuleTest@2cf92cc7]" started-at="2024-05-06T15:55:55 CST" name="duplicateParketTypeCode" data-provider="getData" finished-at="2024-05-06T15:56:05 CST" duration-ms="10061" status="PASS">
          <params>
            <param index="0">
              <value>
                <![CDATA[{password=SuperUser123!?, username=superuser}]]>
              </value>
            </param>
          </params>
          <reporter-output>
          </reporter-output>
        </test-method> <!-- duplicateParketTypeCode -->
        <test-method is-config="true" signature="tearDown()[pri:0, instance:automation.AdminTest.ConfigurationModuleTest@2cf92cc7]" started-at="2024-05-06T15:56:05 CST" name="tearDown" finished-at="2024-05-06T15:56:07 CST" duration-ms="1269" status="PASS">
          <reporter-output>
          </reporter-output>
        </test-method> <!-- tearDown -->
        <test-method is-config="true" signature="launchApplication()[pri:0, instance:automation.AdminTest.ConfigurationModuleTest@2cf92cc7]" started-at="2024-05-06T15:56:07 CST" name="launchApplication" finished-at="2024-05-06T15:56:10 CST" duration-ms="3239" status="PASS">
          <reporter-output>
          </reporter-output>
        </test-method> <!-- launchApplication -->
        <test-method signature="createPricingPackage(java.util.HashMap)[pri:9, instance:automation.AdminTest.ConfigurationModuleTest@2cf92cc7]" started-at="2024-05-06T15:56:10 CST" name="createPricingPackage" data-provider="getData" finished-at="2024-05-06T15:56:23 CST" duration-ms="13339" status="PASS">
          <params>
            <param index="0">
              <value>
                <![CDATA[{password=SuperUser123!?, username=superuser}]]>
              </value>
            </param>
          </params>
          <reporter-output>
          </reporter-output>
        </test-method> <!-- createPricingPackage -->
        <test-method is-config="true" signature="tearDown()[pri:0, instance:automation.AdminTest.ConfigurationModuleTest@2cf92cc7]" started-at="2024-05-06T15:56:23 CST" name="tearDown" finished-at="2024-05-06T15:56:24 CST" duration-ms="1213" status="PASS">
          <reporter-output>
          </reporter-output>
        </test-method> <!-- tearDown -->
        <test-method is-config="true" signature="launchApplication()[pri:0, instance:automation.AdminTest.ConfigurationModuleTest@2cf92cc7]" started-at="2024-05-06T15:56:24 CST" name="launchApplication" finished-at="2024-05-06T15:56:28 CST" duration-ms="3220" status="PASS">
          <reporter-output>
          </reporter-output>
        </test-method> <!-- launchApplication -->
        <test-method signature="updatePricingPackageWithoutChange(java.util.HashMap)[pri:10, instance:automation.AdminTest.ConfigurationModuleTest@2cf92cc7]" started-at="2024-05-06T15:56:28 CST" name="updatePricingPackageWithoutChange" data-provider="getData" finished-at="2024-05-06T15:56:41 CST" duration-ms="13660" status="PASS">
          <params>
            <param index="0">
              <value>
                <![CDATA[{password=SuperUser123!?, username=superuser}]]>
              </value>
            </param>
          </params>
          <reporter-output>
          </reporter-output>
        </test-method> <!-- updatePricingPackageWithoutChange -->
        <test-method is-config="true" signature="tearDown()[pri:0, instance:automation.AdminTest.ConfigurationModuleTest@2cf92cc7]" started-at="2024-05-06T15:56:41 CST" name="tearDown" finished-at="2024-05-06T15:56:42 CST" duration-ms="1100" status="PASS">
          <reporter-output>
          </reporter-output>
        </test-method> <!-- tearDown -->
        <test-method is-config="true" signature="launchApplication()[pri:0, instance:automation.AdminTest.ConfigurationModuleTest@2cf92cc7]" started-at="2024-05-06T15:56:42 CST" name="launchApplication" finished-at="2024-05-06T15:56:46 CST" duration-ms="3221" status="PASS">
          <reporter-output>
          </reporter-output>
        </test-method> <!-- launchApplication -->
        <test-method signature="updatePricingFeePackage(java.util.HashMap)[pri:11, instance:automation.AdminTest.ConfigurationModuleTest@2cf92cc7]" started-at="2024-05-06T15:56:46 CST" name="updatePricingFeePackage" data-provider="getData" finished-at="2024-05-06T15:57:00 CST" duration-ms="13945" status="PASS">
          <params>
            <param index="0">
              <value>
                <![CDATA[{password=SuperUser123!?, username=superuser}]]>
              </value>
            </param>
          </params>
          <reporter-output>
          </reporter-output>
        </test-method> <!-- updatePricingFeePackage -->
        <test-method is-config="true" signature="tearDown()[pri:0, instance:automation.AdminTest.ConfigurationModuleTest@2cf92cc7]" started-at="2024-05-06T15:57:00 CST" name="tearDown" finished-at="2024-05-06T15:57:01 CST" duration-ms="1230" status="PASS">
          <reporter-output>
          </reporter-output>
        </test-method> <!-- tearDown -->
        <test-method is-config="true" signature="launchApplication()[pri:0, instance:automation.AdminTest.ConfigurationModuleTest@2cf92cc7]" started-at="2024-05-06T15:57:01 CST" name="launchApplication" finished-at="2024-05-06T15:57:04 CST" duration-ms="3318" status="PASS">
          <reporter-output>
          </reporter-output>
        </test-method> <!-- launchApplication -->
        <test-method signature="assignPricingFeeToParkingArea(java.util.HashMap)[pri:12, instance:automation.AdminTest.ConfigurationModuleTest@2cf92cc7]" started-at="2024-05-06T15:57:04 CST" name="assignPricingFeeToParkingArea" data-provider="getData" finished-at="2024-05-06T15:57:14 CST" duration-ms="9975" status="PASS">
          <params>
            <param index="0">
              <value>
                <![CDATA[{password=SuperUser123!?, username=superuser}]]>
              </value>
            </param>
          </params>
          <reporter-output>
          </reporter-output>
        </test-method> <!-- assignPricingFeeToParkingArea -->
        <test-method is-config="true" signature="tearDown()[pri:0, instance:automation.AdminTest.ConfigurationModuleTest@2cf92cc7]" started-at="2024-05-06T15:57:14 CST" name="tearDown" finished-at="2024-05-06T15:57:15 CST" duration-ms="1364" status="PASS">
          <reporter-output>
          </reporter-output>
        </test-method> <!-- tearDown -->
        <test-method is-config="true" signature="launchApplication()[pri:0, instance:automation.AdminTest.ConfigurationModuleTest@2cf92cc7]" started-at="2024-05-06T15:57:15 CST" name="launchApplication" finished-at="2024-05-06T15:57:19 CST" duration-ms="3230" status="PASS">
          <reporter-output>
          </reporter-output>
        </test-method> <!-- launchApplication -->
        <test-method signature="deletePricingPackage(java.util.HashMap)[pri:13, instance:automation.AdminTest.ConfigurationModuleTest@2cf92cc7]" started-at="2024-05-06T15:57:19 CST" name="deletePricingPackage" data-provider="getData" finished-at="2024-05-06T15:57:29 CST" duration-ms="10183" status="PASS">
          <params>
            <param index="0">
              <value>
                <![CDATA[{password=SuperUser123!?, username=superuser}]]>
              </value>
            </param>
          </params>
          <reporter-output>
          </reporter-output>
        </test-method> <!-- deletePricingPackage -->
        <test-method is-config="true" signature="tearDown()[pri:0, instance:automation.AdminTest.ConfigurationModuleTest@2cf92cc7]" started-at="2024-05-06T15:57:29 CST" name="tearDown" finished-at="2024-05-06T15:57:30 CST" duration-ms="1308" status="PASS">
          <reporter-output>
          </reporter-output>
        </test-method> <!-- tearDown -->
      </class> <!-- automation.AdminTest.ConfigurationModuleTest -->
    </test> <!-- Configuration Module Test -->
  </suite> <!-- Suite -->
</testng-results>
