<?xml version="1.0" encoding="UTF-8"?>
<testng-results ignored="0" total="1" passed="1" failed="0" skipped="0">
  <reporter-output>
  </reporter-output>
  <suite started-at="2024-05-05T13:06:38 CST" name="Default suite" finished-at="2024-05-05T13:07:16 CST" duration-ms="37653">
    <groups>
    </groups>
    <test started-at="2024-05-05T13:06:38 CST" name="Default test" finished-at="2024-05-05T13:07:16 CST" duration-ms="37653">
      <class name="automation.AdminTest.ConfigurationModuleTest">
        <test-method is-config="true" signature="launchApplication()[pri:0, instance:automation.AdminTest.ConfigurationModuleTest@8c11eee]" started-at="2024-05-05T13:06:39 CST" name="launchApplication" finished-at="2024-05-05T13:06:53 CST" duration-ms="14599" status="PASS">
          <reporter-output>
          </reporter-output>
        </test-method> <!-- launchApplication -->
        <test-method signature="deleteParkerTypeWithPricingPackage()[pri:4, instance:automation.AdminTest.ConfigurationModuleTest@8c11eee]" started-at="2024-05-05T13:06:53 CST" name="deleteParkerTypeWithPricingPackage" finished-at="2024-05-05T13:07:16 CST" duration-ms="22991" status="PASS">
          <reporter-output>
          </reporter-output>
        </test-method> <!-- deleteParkerTypeWithPricingPackage -->
      </class> <!-- automation.AdminTest.ConfigurationModuleTest -->
    </test> <!-- Default test -->
  </suite> <!-- Default suite -->
</testng-results>
